<?xml version="1.0" encoding="UTF-8"?>
<testsuite xmlns:xsi="http://www.w3.org/2001/XMLSchema-instance" xsi:noNamespaceSchemaLocation="https://maven.apache.org/surefire/maven-surefire-plugin/xsd/surefire-test-report-3.0.xsd" version="3.0" name="TestSuite" time="80.181" tests="4" errors="0" skipped="0" failures="0">
  <properties>
    <property name="gopherProxySet" value="false"/>
    <property name="awt.toolkit" value="sun.lwawt.macosx.LWCToolkit"/>
    <property name="java.specification.version" value="11"/>
    <property name="sun.cpu.isalist" value=""/>
    <property name="sun.jnu.encoding" value="UTF-8"/>
    <property name="java.class.path" value="/Users/AshishSrivastava/Automation/SampleProject/target/test-classes:/Users/AshishSrivastava/Automation/SampleProject/target/classes:/Users/AshishSrivastava/.m2/repository/io/appium/java-client/7.3.0/java-client-7.3.0.jar:/Users/AshishSrivastava/.m2/repository/org/seleniumhq/selenium/selenium-java/3.141.59/selenium-java-3.141.59.jar:/Users/AshishSrivastava/.m2/repository/org/seleniumhq/selenium/selenium-chrome-driver/3.141.59/selenium-chrome-driver-3.141.59.jar:/Users/AshishSrivastava/.m2/repository/org/seleniumhq/selenium/selenium-edge-driver/3.141.59/selenium-edge-driver-3.141.59.jar:/Users/AshishSrivastava/.m2/repository/org/seleniumhq/selenium/selenium-firefox-driver/3.141.59/selenium-firefox-driver-3.141.59.jar:/Users/AshishSrivastava/.m2/repository/org/seleniumhq/selenium/selenium-ie-driver/3.141.59/selenium-ie-driver-3.141.59.jar:/Users/AshishSrivastava/.m2/repository/org/seleniumhq/selenium/selenium-opera-driver/3.141.59/selenium-opera-driver-3.141.59.jar:/Users/AshishSrivastava/.m2/repository/org/seleniumhq/selenium/selenium-remote-driver/3.141.59/selenium-remote-driver-3.141.59.jar:/Users/AshishSrivastava/.m2/repository/org/seleniumhq/selenium/selenium-safari-driver/3.141.59/selenium-safari-driver-3.141.59.jar:/Users/AshishSrivastava/.m2/repository/net/bytebuddy/byte-buddy/1.8.15/byte-buddy-1.8.15.jar:/Users/AshishSrivastava/.m2/repository/org/apache/commons/commons-exec/1.3/commons-exec-1.3.jar:/Users/AshishSrivastava/.m2/repository/com/google/guava/guava/25.0-jre/guava-25.0-jre.jar:/Users/AshishSrivastava/.m2/repository/com/google/code/findbugs/jsr305/1.3.9/jsr305-1.3.9.jar:/Users/AshishSrivastava/.m2/repository/org/checkerframework/checker-compat-qual/2.0.0/checker-compat-qual-2.0.0.jar:/Users/AshishSrivastava/.m2/repository/com/google/errorprone/error_prone_annotations/2.1.3/error_prone_annotations-2.1.3.jar:/Users/AshishSrivastava/.m2/repository/com/google/j2objc/j2objc-annotations/1.1/j2objc-annotations-1.1.jar:/Users/AshishSrivastava/.m2/repository/org/codehaus/mojo/animal-sniffer-annotations/1.14/animal-sniffer-annotations-1.14.jar:/Users/AshishSrivastava/.m2/repository/com/squareup/okhttp3/okhttp/3.11.0/okhttp-3.11.0.jar:/Users/AshishSrivastava/.m2/repository/com/squareup/okio/okio/1.14.0/okio-1.14.0.jar:/Users/AshishSrivastava/.m2/repository/org/seleniumhq/selenium/selenium-support/3.141.59/selenium-support-3.141.59.jar:/Users/AshishSrivastava/.m2/repository/org/seleniumhq/selenium/selenium-api/3.141.59/selenium-api-3.141.59.jar:/Users/AshishSrivastava/.m2/repository/com/google/code/gson/gson/2.8.5/gson-2.8.5.jar:/Users/AshishSrivastava/.m2/repository/org/apache/httpcomponents/httpclient/4.5.9/httpclient-4.5.9.jar:/Users/AshishSrivastava/.m2/repository/org/apache/httpcomponents/httpcore/4.4.11/httpcore-4.4.11.jar:/Users/AshishSrivastava/.m2/repository/commons-logging/commons-logging/1.2/commons-logging-1.2.jar:/Users/AshishSrivastava/.m2/repository/commons-codec/commons-codec/1.11/commons-codec-1.11.jar:/Users/AshishSrivastava/.m2/repository/cglib/cglib/3.2.12/cglib-3.2.12.jar:/Users/AshishSrivastava/.m2/repository/org/ow2/asm/asm/7.1/asm-7.1.jar:/Users/AshishSrivastava/.m2/repository/commons-validator/commons-validator/1.6/commons-validator-1.6.jar:/Users/AshishSrivastava/.m2/repository/commons-digester/commons-digester/1.8.1/commons-digester-1.8.1.jar:/Users/AshishSrivastava/.m2/repository/commons-collections/commons-collections/3.2.2/commons-collections-3.2.2.jar:/Users/AshishSrivastava/.m2/repository/org/apache/commons/commons-lang3/3.9/commons-lang3-3.9.jar:/Users/AshishSrivastava/.m2/repository/commons-io/commons-io/2.6/commons-io-2.6.jar:/Users/AshishSrivastava/.m2/repository/org/springframework/spring-context/5.1.8.RELEASE/spring-context-5.1.8.RELEASE.jar:/Users/AshishSrivastava/.m2/repository/org/springframework/spring-aop/5.1.8.RELEASE/spring-aop-5.1.8.RELEASE.jar:/Users/AshishSrivastava/.m2/repository/org/springframework/spring-beans/5.1.8.RELEASE/spring-beans-5.1.8.RELEASE.jar:/Users/AshishSrivastava/.m2/repository/org/springframework/spring-core/5.1.8.RELEASE/spring-core-5.1.8.RELEASE.jar:/Users/AshishSrivastava/.m2/repository/org/springframework/spring-jcl/5.1.8.RELEASE/spring-jcl-5.1.8.RELEASE.jar:/Users/AshishSrivastava/.m2/repository/org/springframework/spring-expression/5.1.8.RELEASE/spring-expression-5.1.8.RELEASE.jar:/Users/AshishSrivastava/.m2/repository/org/aspectj/aspectjweaver/1.9.4/aspectjweaver-1.9.4.jar:/Users/AshishSrivastava/.m2/repository/org/slf4j/slf4j-api/1.7.26/slf4j-api-1.7.26.jar:/Users/AshishSrivastava/.m2/repository/org/testng/testng/7.7.0/testng-7.7.0.jar:/Users/AshishSrivastava/.m2/repository/com/beust/jcommander/1.82/jcommander-1.82.jar:/Users/AshishSrivastava/.m2/repository/org/webjars/jquery/3.6.1/jquery-3.6.1.jar:/Users/AshishSrivastava/.m2/repository/com/googlecode/json-simple/json-simple/1.1.1/json-simple-1.1.1.jar:/Users/AshishSrivastava/.m2/repository/junit/junit/4.10/junit-4.10.jar:/Users/AshishSrivastava/.m2/repository/org/hamcrest/hamcrest-core/1.1/hamcrest-core-1.1.jar:/Users/AshishSrivastava/.m2/repository/com/fasterxml/jackson/core/jackson-databind/2.14.1/jackson-databind-2.14.1.jar:/Users/AshishSrivastava/.m2/repository/com/fasterxml/jackson/core/jackson-annotations/2.14.1/jackson-annotations-2.14.1.jar:/Users/AshishSrivastava/.m2/repository/com/fasterxml/jackson/core/jackson-core/2.14.1/jackson-core-2.14.1.jar:/Users/AshishSrivastava/.m2/repository/com/opencsv/opencsv/5.7.1/opencsv-5.7.1.jar:/Users/AshishSrivastava/.m2/repository/org/apache/commons/commons-text/1.10.0/commons-text-1.10.0.jar:/Users/AshishSrivastava/.m2/repository/commons-beanutils/commons-beanutils/1.9.4/commons-beanutils-1.9.4.jar:/Users/AshishSrivastava/.m2/repository/org/apache/commons/commons-collections4/4.4/commons-collections4-4.4.jar:/Users/AshishSrivastava/.m2/repository/org/apache/logging/log4j/log4j-api/2.17.2/log4j-api-2.17.2.jar:/Users/AshishSrivastava/.m2/repository/org/apache/logging/log4j/log4j-core/2.17.2/log4j-core-2.17.2.jar:"/>
    <property name="java.vm.vendor" value="Oracle Corporation"/>
    <property name="sun.arch.data.model" value="64"/>
    <property name="java.vendor.url" value="https://openjdk.java.net/"/>
    <property name="user.timezone" value="Asia/Kolkata"/>
    <property name="java.vm.specification.version" value="11"/>
    <property name="os.name" value="Mac OS X"/>
    <property name="sun.java.launcher" value="SUN_STANDARD"/>
    <property name="user.country" value="IN"/>
    <property name="sun.boot.library.path" value="/Library/Java/JavaVirtualMachines/jdk-11.0.12.jdk/Contents/Home/lib"/>
    <property name="sun.java.command" value="/Users/AshishSrivastava/Automation/SampleProject/target/surefire/surefirebooter9132315082573914296.jar /Users/AshishSrivastava/Automation/SampleProject/target/surefire 2023-01-12T02-10-28_997-jvmRun1 surefire3470076175917120459tmp surefire_08078931619516707432tmp"/>
    <property name="jdk.debug" value="release"/>
    <property name="surefire.test.class.path" value="/Users/AshishSrivastava/Automation/SampleProject/target/test-classes:/Users/AshishSrivastava/Automation/SampleProject/target/classes:/Users/AshishSrivastava/.m2/repository/io/appium/java-client/7.3.0/java-client-7.3.0.jar:/Users/AshishSrivastava/.m2/repository/org/seleniumhq/selenium/selenium-java/3.141.59/selenium-java-3.141.59.jar:/Users/AshishSrivastava/.m2/repository/org/seleniumhq/selenium/selenium-chrome-driver/3.141.59/selenium-chrome-driver-3.141.59.jar:/Users/AshishSrivastava/.m2/repository/org/seleniumhq/selenium/selenium-edge-driver/3.141.59/selenium-edge-driver-3.141.59.jar:/Users/AshishSrivastava/.m2/repository/org/seleniumhq/selenium/selenium-firefox-driver/3.141.59/selenium-firefox-driver-3.141.59.jar:/Users/AshishSrivastava/.m2/repository/org/seleniumhq/selenium/selenium-ie-driver/3.141.59/selenium-ie-driver-3.141.59.jar:/Users/AshishSrivastava/.m2/repository/org/seleniumhq/selenium/selenium-opera-driver/3.141.59/selenium-opera-driver-3.141.59.jar:/Users/AshishSrivastava/.m2/repository/org/seleniumhq/selenium/selenium-remote-driver/3.141.59/selenium-remote-driver-3.141.59.jar:/Users/AshishSrivastava/.m2/repository/org/seleniumhq/selenium/selenium-safari-driver/3.141.59/selenium-safari-driver-3.141.59.jar:/Users/AshishSrivastava/.m2/repository/net/bytebuddy/byte-buddy/1.8.15/byte-buddy-1.8.15.jar:/Users/AshishSrivastava/.m2/repository/org/apache/commons/commons-exec/1.3/commons-exec-1.3.jar:/Users/AshishSrivastava/.m2/repository/com/google/guava/guava/25.0-jre/guava-25.0-jre.jar:/Users/AshishSrivastava/.m2/repository/com/google/code/findbugs/jsr305/1.3.9/jsr305-1.3.9.jar:/Users/AshishSrivastava/.m2/repository/org/checkerframework/checker-compat-qual/2.0.0/checker-compat-qual-2.0.0.jar:/Users/AshishSrivastava/.m2/repository/com/google/errorprone/error_prone_annotations/2.1.3/error_prone_annotations-2.1.3.jar:/Users/AshishSrivastava/.m2/repository/com/google/j2objc/j2objc-annotations/1.1/j2objc-annotations-1.1.jar:/Users/AshishSrivastava/.m2/repository/org/codehaus/mojo/animal-sniffer-annotations/1.14/animal-sniffer-annotations-1.14.jar:/Users/AshishSrivastava/.m2/repository/com/squareup/okhttp3/okhttp/3.11.0/okhttp-3.11.0.jar:/Users/AshishSrivastava/.m2/repository/com/squareup/okio/okio/1.14.0/okio-1.14.0.jar:/Users/AshishSrivastava/.m2/repository/org/seleniumhq/selenium/selenium-support/3.141.59/selenium-support-3.141.59.jar:/Users/AshishSrivastava/.m2/repository/org/seleniumhq/selenium/selenium-api/3.141.59/selenium-api-3.141.59.jar:/Users/AshishSrivastava/.m2/repository/com/google/code/gson/gson/2.8.5/gson-2.8.5.jar:/Users/AshishSrivastava/.m2/repository/org/apache/httpcomponents/httpclient/4.5.9/httpclient-4.5.9.jar:/Users/AshishSrivastava/.m2/repository/org/apache/httpcomponents/httpcore/4.4.11/httpcore-4.4.11.jar:/Users/AshishSrivastava/.m2/repository/commons-logging/commons-logging/1.2/commons-logging-1.2.jar:/Users/AshishSrivastava/.m2/repository/commons-codec/commons-codec/1.11/commons-codec-1.11.jar:/Users/AshishSrivastava/.m2/repository/cglib/cglib/3.2.12/cglib-3.2.12.jar:/Users/AshishSrivastava/.m2/repository/org/ow2/asm/asm/7.1/asm-7.1.jar:/Users/AshishSrivastava/.m2/repository/commons-validator/commons-validator/1.6/commons-validator-1.6.jar:/Users/AshishSrivastava/.m2/repository/commons-digester/commons-digester/1.8.1/commons-digester-1.8.1.jar:/Users/AshishSrivastava/.m2/repository/commons-collections/commons-collections/3.2.2/commons-collections-3.2.2.jar:/Users/AshishSrivastava/.m2/repository/org/apache/commons/commons-lang3/3.9/commons-lang3-3.9.jar:/Users/AshishSrivastava/.m2/repository/commons-io/commons-io/2.6/commons-io-2.6.jar:/Users/AshishSrivastava/.m2/repository/org/springframework/spring-context/5.1.8.RELEASE/spring-context-5.1.8.RELEASE.jar:/Users/AshishSrivastava/.m2/repository/org/springframework/spring-aop/5.1.8.RELEASE/spring-aop-5.1.8.RELEASE.jar:/Users/AshishSrivastava/.m2/repository/org/springframework/spring-beans/5.1.8.RELEASE/spring-beans-5.1.8.RELEASE.jar:/Users/AshishSrivastava/.m2/repository/org/springframework/spring-core/5.1.8.RELEASE/spring-core-5.1.8.RELEASE.jar:/Users/AshishSrivastava/.m2/repository/org/springframework/spring-jcl/5.1.8.RELEASE/spring-jcl-5.1.8.RELEASE.jar:/Users/AshishSrivastava/.m2/repository/org/springframework/spring-expression/5.1.8.RELEASE/spring-expression-5.1.8.RELEASE.jar:/Users/AshishSrivastava/.m2/repository/org/aspectj/aspectjweaver/1.9.4/aspectjweaver-1.9.4.jar:/Users/AshishSrivastava/.m2/repository/org/slf4j/slf4j-api/1.7.26/slf4j-api-1.7.26.jar:/Users/AshishSrivastava/.m2/repository/org/testng/testng/7.7.0/testng-7.7.0.jar:/Users/AshishSrivastava/.m2/repository/com/beust/jcommander/1.82/jcommander-1.82.jar:/Users/AshishSrivastava/.m2/repository/org/webjars/jquery/3.6.1/jquery-3.6.1.jar:/Users/AshishSrivastava/.m2/repository/com/googlecode/json-simple/json-simple/1.1.1/json-simple-1.1.1.jar:/Users/AshishSrivastava/.m2/repository/junit/junit/4.10/junit-4.10.jar:/Users/AshishSrivastava/.m2/repository/org/hamcrest/hamcrest-core/1.1/hamcrest-core-1.1.jar:/Users/AshishSrivastava/.m2/repository/com/fasterxml/jackson/core/jackson-databind/2.14.1/jackson-databind-2.14.1.jar:/Users/AshishSrivastava/.m2/repository/com/fasterxml/jackson/core/jackson-annotations/2.14.1/jackson-annotations-2.14.1.jar:/Users/AshishSrivastava/.m2/repository/com/fasterxml/jackson/core/jackson-core/2.14.1/jackson-core-2.14.1.jar:/Users/AshishSrivastava/.m2/repository/com/opencsv/opencsv/5.7.1/opencsv-5.7.1.jar:/Users/AshishSrivastava/.m2/repository/org/apache/commons/commons-text/1.10.0/commons-text-1.10.0.jar:/Users/AshishSrivastava/.m2/repository/commons-beanutils/commons-beanutils/1.9.4/commons-beanutils-1.9.4.jar:/Users/AshishSrivastava/.m2/repository/org/apache/commons/commons-collections4/4.4/commons-collections4-4.4.jar:/Users/AshishSrivastava/.m2/repository/org/apache/logging/log4j/log4j-api/2.17.2/log4j-api-2.17.2.jar:/Users/AshishSrivastava/.m2/repository/org/apache/logging/log4j/log4j-core/2.17.2/log4j-core-2.17.2.jar:"/>
    <property name="sun.cpu.endian" value="little"/>
    <property name="user.home" value="/Users/AshishSrivastava"/>
    <property name="user.language" value="en"/>
    <property name="java.specification.vendor" value="Oracle Corporation"/>
    <property name="java.version.date" value="2021-07-20"/>
    <property name="java.home" value="/Library/Java/JavaVirtualMachines/jdk-11.0.12.jdk/Contents/Home"/>
    <property name="file.separator" value="/"/>
    <property name="basedir" value="/Users/AshishSrivastava/Automation/SampleProject"/>
    <property name="java.vm.compressedOopsMode" value="Zero based"/>
    <property name="line.separator" value="&#10;"/>
    <property name="java.specification.name" value="Java Platform API Specification"/>
    <property name="java.vm.specification.vendor" value="Oracle Corporation"/>
    <property name="java.awt.graphicsenv" value="sun.awt.CGraphicsEnvironment"/>
    <property name="surefire.real.class.path" value="/Users/AshishSrivastava/Automation/SampleProject/target/surefire/surefirebooter9132315082573914296.jar"/>
    <property name="sun.management.compiler" value="HotSpot 64-Bit Tiered Compilers"/>
    <property name="java.runtime.version" value="11.0.12+8-LTS-237"/>
    <property name="user.name" value="AshishSrivastava"/>
    <property name="path.separator" value=":"/>
    <property name="os.version" value="10.16"/>
    <property name="java.runtime.name" value="Java(TM) SE Runtime Environment"/>
    <property name="file.encoding" value="UTF-8"/>
    <property name="java.vm.name" value="Java HotSpot(TM) 64-Bit Server VM"/>
    <property name="java.vendor.version" value="18.9"/>
    <property name="localRepository" value="/Users/AshishSrivastava/.m2/repository"/>
    <property name="java.vendor.url.bug" value="https://bugreport.java.com/bugreport/"/>
    <property name="java.io.tmpdir" value="/var/folders/w3/73mythhn32jdydz80rctybr00000gp/T/"/>
    <property name="java.version" value="11.0.12"/>
    <property name="user.dir" value="/Users/AshishSrivastava/Automation/SampleProject"/>
    <property name="os.arch" value="x86_64"/>
    <property name="java.vm.specification.name" value="Java Virtual Machine Specification"/>
    <property name="java.awt.printerjob" value="sun.lwawt.macosx.CPrinterJob"/>
    <property name="sun.os.patch.level" value="unknown"/>
    <property name="java.library.path" value="/Users/AshishSrivastava/Library/Java/Extensions:/Library/Java/Extensions:/Network/Library/Java/Extensions:/System/Library/Java/Extensions:/usr/lib/java:."/>
    <property name="java.vendor" value="Oracle Corporation"/>
    <property name="java.vm.info" value="mixed mode"/>
    <property name="java.vm.version" value="11.0.12+8-LTS-237"/>
    <property name="sun.io.unicode.encoding" value="UnicodeBig"/>
    <property name="java.class.version" value="55.0"/>
  </properties>
  <testcase name="verifyAllElementsOnHomePage" classname="com.sample.testScript.Scripts" time="1.628">
    <system-out><![CDATA[&amp#27;[35m[Appium]&amp#27;[39m Welcome to Appium v2.0.0-beta.46
&amp#27;[35m[Appium]&amp#27;[39m Non-default server args:
&amp#27;[35m[Appium]&amp#27;[39m { address: &amp#27;[32m'127.0.0.1'&amp#27;[39m, basePath: &amp#27;[32m'/wd/hub'&amp#27;[39m, localTimezone: &amp#27;[33mtrue&amp#27;[39m, port: &amp#27;[33m13753&amp#27;[39m }
&amp#27;[35m[Appium]&amp#27;[39m Attempting to load driver uiautomator2...
[debug] &amp#27;[35m[Appium]&amp#27;[39m Requiring driver at /Users/AshishSrivastava/.appium/node_modules/appium-uiautomator2-driver
&amp#27;[35m[Appium]&amp#27;[39m Attempting to load driver xcuitest...
[debug] &amp#27;[35m[Appium]&amp#27;[39m Requiring driver at /Users/AshishSrivastava/.appium/node_modules/appium-xcuitest-driver
&amp#27;[35m[Appium]&amp#27;[39m Appium REST http interface listener started on 127.0.0.1:13753
&amp#27;[35m[Appium]&amp#27;[39m Available drivers:
&amp#27;[35m[Appium]&amp#27;[39m   - uiautomator2@2.10.2 (automationName 'UiAutomator2')
&amp#27;[35m[Appium]&amp#27;[39m   - xcuitest@4.12.2 (automationName 'XCUITest')
&amp#27;[35m[Appium]&amp#27;[39m No plugins have been installed. Use the "appium plugin" command to install the one(s) you want to use.
&amp#27;[35m[HTTP]&amp#27;[39m &amp#27;[37m-->&amp#27;[39m &amp#27;[37mGET&amp#27;[39m &amp#27;[37m/wd/hub/status&amp#27;[39m
&amp#27;[35m[HTTP]&amp#27;[39m &amp#27;[90m{}&amp#27;[39m
[debug] &amp#27;[35m[AppiumDriver@3610]&amp#27;[39m Calling AppiumDriver.getStatus() with args: []
[debug] &amp#27;[35m[AppiumDriver@3610]&amp#27;[39m Responding to client with driver.getStatus() result: {"build":{"version":"2.0.0-beta.46"}}
&amp#27;[35m[HTTP]&amp#27;[39m &amp#27;[37m<-- GET /wd/hub/status &amp#27;[39m&amp#27;[32m200&amp#27;[39m &amp#27;[90m7 ms - 47&amp#27;[39m
&amp#27;[35m[HTTP]&amp#27;[39m &amp#27;[90m&amp#27;[39m
&amp#27;[35m[HTTP]&amp#27;[39m &amp#27;[37m-->&amp#27;[39m &amp#27;[37mPOST&amp#27;[39m &amp#27;[37m/wd/hub/session&amp#27;[39m
&amp#27;[35m[HTTP]&amp#27;[39m &amp#27;[90m{"desiredCapabilities":{"app":"src/main/resources/testApp.apk","appActivity":"io.selendroid.testapp.HomeScreenActivity","appPackage":"io.selendroid.testapp","noReset":false,"platformVersion":"11.0","automationName":"UiAutomator2","autoGrantPermissions":true,"platformName":"android","deviceName":"Emulator_Pixel_5","fullReset":false},"capabilities":{"firstMatch":[{"appium:app":"src/main/resources/testApp.apk","appium:appActivity":"io.selendroid.testapp.HomeScreenActivity","appium:appPackage":"io.selendroid.testapp","appium:autoGrantPermissions":true,"appium:automationName":"UiAutomator2","appium:deviceName":"Emulator_Pixel_5","appium:fullReset":false,"appium:noReset":false,"platformName":"android","appium:platformVersion":"11.0"}]}}&amp#27;[39m
[debug] &amp#27;[35m[AppiumDriver@3610]&amp#27;[39m Calling AppiumDriver.createSession() with args: [{"app":"src/main/resources/testApp.apk","appActivity":"io.selendroid.testapp.HomeScreenActivity","appPackage":"io.selendroid.testapp","noReset":false,"platformVersion":"11.0","automationName":"UiAutomator2","autoGrantPermissions":true,"platformName":"android","deviceName":"Emulator_Pixel_5","fullReset":false},null,{"firstMatch":[{"appium:app":"src/main/resources/testApp.apk","appium:appActivity":"io.selendroid.testapp.HomeScreenActivity","appium:appPackage":"io.selendroid.testapp","appium:autoGrantPermissions":true,"appium:automationName":"UiAutomator2","appium:deviceName":"Emulator_Pixel_5","appium:fullReset":false,"appium:noReset":false,"platformName":"android","appium:platformVersion":"11.0"}]}]
[debug] &amp#27;[35m[AppiumDriver@3610]&amp#27;[39m Event 'newSessionRequested' logged at 1673469635362 (02:10:35 GMT+0530 (India Standard Time))
&amp#27;[35m[Appium]&amp#27;[39m Attempting to find matching driver for automationName 'UiAutomator2' and platformName 'android'
&amp#27;[35m[Appium]&amp#27;[39m The 'uiautomator2' driver was installed and matched caps.
&amp#27;[35m[Appium]&amp#27;[39m Will require it at /Users/AshishSrivastava/.appium/node_modules/appium-uiautomator2-driver
[debug] &amp#27;[35m[Appium]&amp#27;[39m Requiring driver at /Users/AshishSrivastava/.appium/node_modules/appium-uiautomator2-driver
&amp#27;[35m[AppiumDriver@3610]&amp#27;[39m Appium v2.0.0-beta.46 creating new AndroidUiautomator2Driver (v2.10.2) session
&amp#27;[35m[AppiumDriver@3610]&amp#27;[39m Checking BaseDriver versions for Appium and AndroidUiautomator2Driver
&amp#27;[35m[AppiumDriver@3610]&amp#27;[39m Appium's BaseDriver version is 8.7.3
&amp#27;[35m[AppiumDriver@3610]&amp#27;[39m AndroidUiautomator2Driver's BaseDriver version is 8.7.3
[debug] &amp#27;[35m[AndroidUiautomator2Driver@08d9]&amp#27;[39m Creating session with W3C capabilities: {
[debug] &amp#27;[35m[AndroidUiautomator2Driver@08d9]&amp#27;[39m   "alwaysMatch": {
[debug] &amp#27;[35m[AndroidUiautomator2Driver@08d9]&amp#27;[39m     "platformName": "android",
[debug] &amp#27;[35m[AndroidUiautomator2Driver@08d9]&amp#27;[39m     "appium:app": "src/main/resources/testApp.apk",
[debug] &amp#27;[35m[AndroidUiautomator2Driver@08d9]&amp#27;[39m     "appium:appActivity": "io.selendroid.testapp.HomeScreenActivity",
[debug] &amp#27;[35m[AndroidUiautomator2Driver@08d9]&amp#27;[39m     "appium:appPackage": "io.selendroid.testapp",
[debug] &amp#27;[35m[AndroidUiautomator2Driver@08d9]&amp#27;[39m     "appium:autoGrantPermissions": true,
[debug] &amp#27;[35m[AndroidUiautomator2Driver@08d9]&amp#27;[39m     "appium:automationName": "UiAutomator2",
[debug] &amp#27;[35m[AndroidUiautomator2Driver@08d9]&amp#27;[39m     "appium:deviceName": "Emulator_Pixel_5",
[debug] &amp#27;[35m[AndroidUiautomator2Driver@08d9]&amp#27;[39m     "appium:fullReset": false,
[debug] &amp#27;[35m[AndroidUiautomator2Driver@08d9]&amp#27;[39m     "appium:noReset": false,
[debug] &amp#27;[35m[AndroidUiautomator2Driver@08d9]&amp#27;[39m     "appium:platformVersion": "11.0"
[debug] &amp#27;[35m[AndroidUiautomator2Driver@08d9]&amp#27;[39m   },
[debug] &amp#27;[35m[AndroidUiautomator2Driver@08d9]&amp#27;[39m   "firstMatch": [
[debug] &amp#27;[35m[AndroidUiautomator2Driver@08d9]&amp#27;[39m     {}
[debug] &amp#27;[35m[AndroidUiautomator2Driver@08d9]&amp#27;[39m   ]
[debug] &amp#27;[35m[AndroidUiautomator2Driver@08d9]&amp#27;[39m }
&amp#27;[35m[AndroidUiautomator2Driver@08d9 (1900ec2c)]&amp#27;[39m Session created with session id: 1900ec2c-416d-476d-9ebe-0795afa97fa8
&amp#27;[35m[BaseDriver]&amp#27;[39m Using local app 'src/main/resources/testApp.apk'
&amp#27;[35m[BaseDriver]&amp#27;[39m The current application path 'src/main/resources/testApp.apk' is not absolute and has been rewritten to '/Users/AshishSrivastava/Automation/SampleProject/src/main/resources/testApp.apk'. Consider using absolute paths rather than relative
[debug] &amp#27;[35m[AndroidUiautomator2Driver@08d9 (1900ec2c)]&amp#27;[39m Checking whether app is actually present
&amp#27;[35m[ADB]&amp#27;[39m Found 2 'build-tools' folders under '/Users/AshishSrivastava/Library/Android/sdk' (newest first):
&amp#27;[35m[ADB]&amp#27;[39m     /Users/AshishSrivastava/Library/Android/sdk/build-tools/31.0.0
&amp#27;[35m[ADB]&amp#27;[39m     /Users/AshishSrivastava/Library/Android/sdk/build-tools/30.0.3
&amp#27;[35m[ADB]&amp#27;[39m Using 'adb' from '/Users/AshishSrivastava/Library/Android/sdk/platform-tools/adb'
[debug] &amp#27;[35m[ADB]&amp#27;[39m Running '/Users/AshishSrivastava/Library/Android/sdk/platform-tools/adb -P 5037 start-server'
&amp#27;[35m[AndroidDriver]&amp#27;[39m Retrieving device list
[debug] &amp#27;[35m[ADB]&amp#27;[39m Trying to find a connected android device
[debug] &amp#27;[35m[ADB]&amp#27;[39m Getting connected devices
[debug] &amp#27;[35m[ADB]&amp#27;[39m Connected devices: [{"udid":"emulator-5554","state":"device"}]
&amp#27;[35m[AndroidDriver]&amp#27;[39m Looking for a device with Android '11.0.0'
[debug] &amp#27;[35m[ADB]&amp#27;[39m Setting device id to emulator-5554
&amp#27;[35m[ADB]&amp#27;[39m Getting device platform version
[debug] &amp#27;[35m[ADB]&amp#27;[39m Running '/Users/AshishSrivastava/Library/Android/sdk/platform-tools/adb -P 5037 -s emulator-5554 shell getprop ro.build.version.release'
[debug] &amp#27;[35m[ADB]&amp#27;[39m Current device property 'ro.build.version.release': 11
&amp#27;[35m[AndroidDriver]&amp#27;[39m Using device: emulator-5554
&amp#27;[35m[ADB]&amp#27;[39m Using 'adb' from '/Users/AshishSrivastava/Library/Android/sdk/platform-tools/adb'
[debug] &amp#27;[35m[ADB]&amp#27;[39m Running '/Users/AshishSrivastava/Library/Android/sdk/platform-tools/adb -P 5037 start-server'
[debug] &amp#27;[35m[ADB]&amp#27;[39m Setting device id to emulator-5554
[debug] &amp#27;[35m[ADB]&amp#27;[39m Running '/Users/AshishSrivastava/Library/Android/sdk/platform-tools/adb -P 5037 -s emulator-5554 shell getprop ro.build.version.sdk'
[debug] &amp#27;[35m[ADB]&amp#27;[39m Current device property 'ro.build.version.sdk': 30
&amp#27;[35m[ADB]&amp#27;[39m Getting device platform version
[debug] &amp#27;[35m[ADB]&amp#27;[39m Running '/Users/AshishSrivastava/Library/Android/sdk/platform-tools/adb -P 5037 -s emulator-5554 shell getprop ro.build.version.release'
[debug] &amp#27;[35m[ADB]&amp#27;[39m Current device property 'ro.build.version.release': 11
[debug] &amp#27;[35m[ADB]&amp#27;[39m Device API level: 30
&amp#27;[35m[AndroidUiautomator2Driver@08d9 (1900ec2c)]&amp#27;[39m Relaxing hidden api policy
[debug] &amp#27;[35m[ADB]&amp#27;[39m Running '/Users/AshishSrivastava/Library/Android/sdk/platform-tools/adb -P 5037 -s emulator-5554 shell 'settings put global hidden_api_policy_pre_p_apps 1;settings put global hidden_api_policy_p_apps 1;settings put global hidden_api_policy 1''
[debug] &amp#27;[35m[ADB]&amp#27;[39m Running '/Users/AshishSrivastava/Library/Android/sdk/platform-tools/adb -P 5037 -s emulator-5554 wait-for-device'
[debug] &amp#27;[35m[ADB]&amp#27;[39m Running '/Users/AshishSrivastava/Library/Android/sdk/platform-tools/adb -P 5037 -s emulator-5554 shell echo ping'
[debug] &amp#27;[35m[AndroidDriver]&amp#27;[39m Pushing settings apk to device...
[debug] &amp#27;[35m[ADB]&amp#27;[39m Getting install status for io.appium.settings
[debug] &amp#27;[35m[ADB]&amp#27;[39m Running '/Users/AshishSrivastava/Library/Android/sdk/platform-tools/adb -P 5037 -s emulator-5554 shell dumpsys package io.appium.settings'
[debug] &amp#27;[35m[ADB]&amp#27;[39m 'io.appium.settings' is installed
[debug] &amp#27;[35m[ADB]&amp#27;[39m Getting package info for 'io.appium.settings'
[debug] &amp#27;[35m[ADB]&amp#27;[39m Running '/Users/AshishSrivastava/Library/Android/sdk/platform-tools/adb -P 5037 -s emulator-5554 shell dumpsys package io.appium.settings'
[debug] &amp#27;[35m[ADB]&amp#27;[39m The version name of the installed 'io.appium.settings' is greater or equal to the application version name ('4.2.3' >= '4.2.3')
[debug] &amp#27;[35m[ADB]&amp#27;[39m There is no need to install/upgrade '/Users/AshishSrivastava/.appium/node_modules/appium-uiautomator2-driver/node_modules/io.appium.settings/apks/settings_apk-debug.apk'
[debug] &amp#27;[35m[ADB]&amp#27;[39m Getting IDs of all 'io.appium.settings' processes
[debug] &amp#27;[35m[ADB]&amp#27;[39m Running '/Users/AshishSrivastava/Library/Android/sdk/platform-tools/adb -P 5037 -s emulator-5554 shell 'pgrep --help; echo $?''
[debug] &amp#27;[35m[ADB]&amp#27;[39m Running '/Users/AshishSrivastava/Library/Android/sdk/platform-tools/adb -P 5037 -s emulator-5554 shell pgrep -f \(\[\[:blank:\]\]\|\^\)io\.appium\.settings\(\[\[:blank:\]\]\|\$\)'
[debug] &amp#27;[35m[AndroidDriver]&amp#27;[39m io.appium.settings is already running. There is no need to reset its permissions.
[debug] &amp#27;[35m[Logcat]&amp#27;[39m Starting logs capture with command: /Users/AshishSrivastava/Library/Android/sdk/platform-tools/adb -P 5037 -s emulator-5554 logcat -v threadtime
[debug] &amp#27;[35m[AndroidUiautomator2Driver@08d9 (1900ec2c)]&amp#27;[39m Forwarding UiAutomator2 Server port 6790 to local port 8200
[debug] &amp#27;[35m[ADB]&amp#27;[39m Forwarding system: 8200 to device: 6790
[debug] &amp#27;[35m[ADB]&amp#27;[39m Running '/Users/AshishSrivastava/Library/Android/sdk/platform-tools/adb -P 5037 -s emulator-5554 forward tcp:8200 tcp:6790'
[debug] &amp#27;[35m[ADB]&amp#27;[39m Getting install status for io.appium.uiautomator2.server
[debug] &amp#27;[35m[ADB]&amp#27;[39m Running '/Users/AshishSrivastava/Library/Android/sdk/platform-tools/adb -P 5037 -s emulator-5554 shell dumpsys package io.appium.uiautomator2.server'
[debug] &amp#27;[35m[ADB]&amp#27;[39m 'io.appium.uiautomator2.server' is installed
[debug] &amp#27;[35m[ADB]&amp#27;[39m Getting package info for 'io.appium.uiautomator2.server'
[debug] &amp#27;[35m[ADB]&amp#27;[39m Running '/Users/AshishSrivastava/Library/Android/sdk/platform-tools/adb -P 5037 -s emulator-5554 shell dumpsys package io.appium.uiautomator2.server'
[debug] &amp#27;[35m[ADB]&amp#27;[39m The version name of the installed 'io.appium.uiautomator2.server' is greater or equal to the application version name ('5.7.4' >= '5.7.4')
[debug] &amp#27;[35m[AndroidUiautomator2Driver@08d9 (1900ec2c)]&amp#27;[39m io.appium.uiautomator2.server installation state: sameVersionInstalled
[debug] &amp#27;[35m[ADB]&amp#27;[39m Checking app cert for /Users/AshishSrivastava/.appium/node_modules/appium-uiautomator2-driver/node_modules/appium-uiautomator2-server/apks/appium-uiautomator2-server-v5.7.4.apk
&amp#27;[35m[ADB]&amp#27;[39m Using 'apksigner.jar' from '/Users/AshishSrivastava/Library/Android/sdk/build-tools/31.0.0/lib/apksigner.jar'
[debug] &amp#27;[35m[ADB]&amp#27;[39m Starting apksigner: /Library/Java/JavaVirtualMachines/jdk-11.0.12.jdk/Contents/Home/bin/java -Xmx1024M -Xss1m -jar /Users/AshishSrivastava/Library/Android/sdk/build-tools/31.0.0/lib/apksigner.jar verify --print-certs /Users/AshishSrivastava/.appium/node_modules/appium-uiautomator2-driver/node_modules/appium-uiautomator2-server/apks/appium-uiautomator2-server-v5.7.4.apk
[debug] &amp#27;[35m[ADB]&amp#27;[39m apksigner stdout: Signer #1 certificate DN: EMAILADDRESS=android@android.com, CN=Android, OU=Android, O=Android, L=Mountain View, ST=California, C=US
[debug] &amp#27;[35m[ADB]&amp#27;[39m Signer #1 certificate SHA-256 digest: a40da80a59d170caa950cf15c18c454d47a39b26989d8b640ecd745ba71bf5dc
[debug] &amp#27;[35m[ADB]&amp#27;[39m Signer #1 certificate SHA-1 digest: 61ed377e85d386a8dfee6b864bd85b0bfaa5af81
[debug] &amp#27;[35m[ADB]&amp#27;[39m Signer #1 certificate MD5 digest: e89b158e4bcf988ebd09eb83f5378e87
[debug] &amp#27;[35m[ADB]&amp#27;[39m 
[debug] &amp#27;[35m[ADB]&amp#27;[39m sha256 hash did match for 'appium-uiautomator2-server-v5.7.4.apk'
&amp#27;[35m[ADB]&amp#27;[39m '/Users/AshishSrivastava/.appium/node_modules/appium-uiautomator2-driver/node_modules/appium-uiautomator2-server/apks/appium-uiautomator2-server-v5.7.4.apk' is signed with the default certificate
[debug] &amp#27;[35m[ADB]&amp#27;[39m Getting install status for io.appium.uiautomator2.server.test
[debug] &amp#27;[35m[ADB]&amp#27;[39m Running '/Users/AshishSrivastava/Library/Android/sdk/platform-tools/adb -P 5037 -s emulator-5554 shell dumpsys package io.appium.uiautomator2.server.test'
[debug] &amp#27;[35m[ADB]&amp#27;[39m 'io.appium.uiautomator2.server.test' is installed
[debug] &amp#27;[35m[ADB]&amp#27;[39m Checking app cert for /Users/AshishSrivastava/.appium/node_modules/appium-uiautomator2-driver/node_modules/appium-uiautomator2-server/apks/appium-uiautomator2-server-debug-androidTest.apk
[debug] &amp#27;[35m[ADB]&amp#27;[39m Starting apksigner: /Library/Java/JavaVirtualMachines/jdk-11.0.12.jdk/Contents/Home/bin/java -Xmx1024M -Xss1m -jar /Users/AshishSrivastava/Library/Android/sdk/build-tools/31.0.0/lib/apksigner.jar verify --print-certs /Users/AshishSrivastava/.appium/node_modules/appium-uiautomator2-driver/node_modules/appium-uiautomator2-server/apks/appium-uiautomator2-server-debug-androidTest.apk
[debug] &amp#27;[35m[ADB]&amp#27;[39m apksigner stdout: Signer #1 certificate DN: EMAILADDRESS=android@android.com, CN=Android, OU=Android, O=Android, L=Mountain View, ST=California, C=US
[debug] &amp#27;[35m[ADB]&amp#27;[39m Signer #1 certificate SHA-256 digest: a40da80a59d170caa950cf15c18c454d47a39b26989d8b640ecd745ba71bf5dc
[debug] &amp#27;[35m[ADB]&amp#27;[39m Signer #1 certificate SHA-1 digest: 61ed377e85d386a8dfee6b864bd85b0bfaa5af81
[debug] &amp#27;[35m[ADB]&amp#27;[39m Signer #1 certificate MD5 digest: e89b158e4bcf988ebd09eb83f5378e87
[debug] &amp#27;[35m[ADB]&amp#27;[39m 
[debug] &amp#27;[35m[ADB]&amp#27;[39m sha256 hash did match for 'appium-uiautomator2-server-debug-androidTest.apk'
&amp#27;[35m[ADB]&amp#27;[39m '/Users/AshishSrivastava/.appium/node_modules/appium-uiautomator2-driver/node_modules/appium-uiautomator2-server/apks/appium-uiautomator2-server-debug-androidTest.apk' is signed with the default certificate
&amp#27;[35m[AndroidUiautomator2Driver@08d9 (1900ec2c)]&amp#27;[39m Server packages are not going to be (re)installed
[debug] &amp#27;[35m[AndroidUiautomator2Driver@08d9 (1900ec2c)]&amp#27;[39m Waiting up to 30000ms for services to be available
[debug] &amp#27;[35m[ADB]&amp#27;[39m Running '/Users/AshishSrivastava/Library/Android/sdk/platform-tools/adb -P 5037 -s emulator-5554 shell pm list instrumentation'
[debug] &amp#27;[35m[AndroidUiautomator2Driver@08d9 (1900ec2c)]&amp#27;[39m Instrumentation target 'io.appium.uiautomator2.server.test/androidx.test.runner.AndroidJUnitRunner' is available
&amp#27;[35m[ADB]&amp#27;[39m Adding packages ["io.appium.settings","io.appium.uiautomator2.server","io.appium.uiautomator2.server.test"] to Doze whitelist
[debug] &amp#27;[35m[ADB]&amp#27;[39m Got the following command chunks to execute: [["dumpsys","deviceidle","whitelist","+io.appium.settings",";","dumpsys","deviceidle","whitelist","+io.appium.uiautomator2.server",";","dumpsys","deviceidle","whitelist","+io.appium.uiautomator2.server.test",";"]]
[debug] &amp#27;[35m[ADB]&amp#27;[39m Running '/Users/AshishSrivastava/Library/Android/sdk/platform-tools/adb -P 5037 -s emulator-5554 shell dumpsys deviceidle whitelist +io.appium.settings ; dumpsys deviceidle whitelist +io.appium.uiautomator2.server ; dumpsys deviceidle whitelist +io.appium.uiautomator2.server.test ;'
[debug] &amp#27;[35m[ADB]&amp#27;[39m Checking app cert for /Users/AshishSrivastava/Automation/SampleProject/src/main/resources/testApp.apk
[debug] &amp#27;[35m[ADB]&amp#27;[39m Starting apksigner: /Library/Java/JavaVirtualMachines/jdk-11.0.12.jdk/Contents/Home/bin/java -Xmx1024M -Xss1m -jar /Users/AshishSrivastava/Library/Android/sdk/build-tools/31.0.0/lib/apksigner.jar verify --print-certs /Users/AshishSrivastava/Automation/SampleProject/src/main/resources/testApp.apk
[debug] &amp#27;[35m[ADB]&amp#27;[39m apksigner stdout: Signer #1 certificate DN: CN=Android Debug, O=Android, C=US
[debug] &amp#27;[35m[ADB]&amp#27;[39m Signer #1 certificate SHA-256 digest: 63b2894fec0a525b35d117ea5426a36294ddaa82fe4d468ce771160db3259c70
[debug] &amp#27;[35m[ADB]&amp#27;[39m Signer #1 certificate SHA-1 digest: 4432aa54c71cb964c4b39a666fe9c44dbd796d00
[debug] &amp#27;[35m[ADB]&amp#27;[39m Signer #1 certificate MD5 digest: e353ebe9dec9698a98cbc202e86010a6
[debug] &amp#27;[35m[ADB]&amp#27;[39m 
&amp#27;[35m[ADB]&amp#27;[39m '/Users/AshishSrivastava/Automation/SampleProject/src/main/resources/testApp.apk' is signed with a non-default certificate
[debug] &amp#27;[35m[ADB]&amp#27;[39m Getting install status for io.selendroid.testapp
[debug] &amp#27;[35m[ADB]&amp#27;[39m Running '/Users/AshishSrivastava/Library/Android/sdk/platform-tools/adb -P 5037 -s emulator-5554 shell dumpsys package io.selendroid.testapp'
[debug] &amp#27;[35m[ADB]&amp#27;[39m 'io.selendroid.testapp' is not installed
[debug] &amp#27;[35m[ADB]&amp#27;[39m App '/Users/AshishSrivastava/Automation/SampleProject/src/main/resources/testApp.apk' is not installed
[debug] &amp#27;[35m[ADB]&amp#27;[39m Installing '/Users/AshishSrivastava/Automation/SampleProject/src/main/resources/testApp.apk'
[debug] &amp#27;[35m[ADB]&amp#27;[39m Running '/Users/AshishSrivastava/Library/Android/sdk/platform-tools/adb -P 5037 -s emulator-5554 help'
[debug] &amp#27;[35m[ADB]&amp#27;[39m Running '/Users/AshishSrivastava/Library/Android/sdk/platform-tools/adb -P 5037 -s emulator-5554 features'
&amp#27;[35m[ADB]&amp#27;[39m The application at '/Users/AshishSrivastava/Automation/SampleProject/src/main/resources/testApp.apk' will not be cached, because the device under test has confirmed the support of streamed installs
[debug] &amp#27;[35m[ADB]&amp#27;[39m Running '/Users/AshishSrivastava/Library/Android/sdk/platform-tools/adb -P 5037 -s emulator-5554 install -g /Users/AshishSrivastava/Automation/SampleProject/src/main/resources/testApp.apk'
&amp#27;[35m[ADB]&amp#27;[39m The installation of 'testApp.apk' took 378ms
[debug] &amp#27;[35m[ADB]&amp#27;[39m Install command stdout: Performing Streamed Install
[debug] &amp#27;[35m[ADB]&amp#27;[39m Success
[debug] &amp#27;[35m[AndroidUiautomator2Driver@08d9 (1900ec2c)]&amp#27;[39m Performing shallow cleanup of automation leftovers
[debug] &amp#27;[35m[AndroidUiautomator2Driver@08d9 (1900ec2c)]&amp#27;[39m No obsolete sessions have been detected (socket hang up)
[debug] &amp#27;[35m[ADB]&amp#27;[39m Running '/Users/AshishSrivastava/Library/Android/sdk/platform-tools/adb -P 5037 -s emulator-5554 shell am force-stop io.appium.uiautomator2.server.test'
&amp#27;[35m[AndroidUiautomator2Driver@08d9 (1900ec2c)]&amp#27;[39m Starting UIAutomator2 server 5.7.4
&amp#27;[35m[AndroidUiautomator2Driver@08d9 (1900ec2c)]&amp#27;[39m Using UIAutomator2 server from '/Users/AshishSrivastava/.appium/node_modules/appium-uiautomator2-driver/node_modules/appium-uiautomator2-server/apks/appium-uiautomator2-server-v5.7.4.apk' and test from '/Users/AshishSrivastava/.appium/node_modules/appium-uiautomator2-driver/node_modules/appium-uiautomator2-server/apks/appium-uiautomator2-server-debug-androidTest.apk'
&amp#27;[35m[AndroidUiautomator2Driver@08d9 (1900ec2c)]&amp#27;[39m Waiting up to 30000ms for UiAutomator2 to be online...
[debug] &amp#27;[35m[ADB]&amp#27;[39m Creating ADB subprocess with args: ["-P",5037,"-s","emulator-5554","shell","am","instrument","-w","-e","disableAnalytics",true,"io.appium.uiautomator2.server.test/androidx.test.runner.AndroidJUnitRunner"]
[debug] &amp#27;[35m[AndroidUiautomator2Driver@08d9 (1900ec2c)]&amp#27;[39m Matched '/status' to command name 'getStatus'
[debug] &amp#27;[35m[AndroidUiautomator2Driver@08d9 (1900ec2c)]&amp#27;[39m Proxying [GET /status] to [GET http://127.0.0.1:8200/status] with no body
&amp#27;[35m[AndroidUiautomator2Driver@08d9 (1900ec2c)]&amp#27;[39m socket hang up
[debug] &amp#27;[35m[AndroidUiautomator2Driver@08d9 (1900ec2c)]&amp#27;[39m Matched '/status' to command name 'getStatus'
[debug] &amp#27;[35m[AndroidUiautomator2Driver@08d9 (1900ec2c)]&amp#27;[39m Proxying [GET /status] to [GET http://127.0.0.1:8200/status] with no body
&amp#27;[35m[AndroidUiautomator2Driver@08d9 (1900ec2c)]&amp#27;[39m socket hang up
[debug] &amp#27;[35m[Instrumentation]&amp#27;[39m io.appium.uiautomator2.server.test.AppiumUiAutomator2Server:
[debug] &amp#27;[35m[AndroidUiautomator2Driver@08d9 (1900ec2c)]&amp#27;[39m Matched '/status' to command name 'getStatus'
[debug] &amp#27;[35m[AndroidUiautomator2Driver@08d9 (1900ec2c)]&amp#27;[39m Proxying [GET /status] to [GET http://127.0.0.1:8200/status] with no body
&amp#27;[35m[AndroidUiautomator2Driver@08d9 (1900ec2c)]&amp#27;[39m socket hang up
[debug] &amp#27;[35m[AndroidUiautomator2Driver@08d9 (1900ec2c)]&amp#27;[39m Matched '/status' to command name 'getStatus'
[debug] &amp#27;[35m[AndroidUiautomator2Driver@08d9 (1900ec2c)]&amp#27;[39m Proxying [GET /status] to [GET http://127.0.0.1:8200/status] with no body
&amp#27;[35m[AndroidUiautomator2Driver@08d9 (1900ec2c)]&amp#27;[39m socket hang up
[debug] &amp#27;[35m[AndroidUiautomator2Driver@08d9 (1900ec2c)]&amp#27;[39m Matched '/status' to command name 'getStatus'
[debug] &amp#27;[35m[AndroidUiautomator2Driver@08d9 (1900ec2c)]&amp#27;[39m Proxying [GET /status] to [GET http://127.0.0.1:8200/status] with no body
[debug] &amp#27;[35m[AndroidUiautomator2Driver@08d9 (1900ec2c)]&amp#27;[39m Got response with status 200: {"sessionId":"None","value":{"message":"UiAutomator2 Server is ready to accept commands","ready":true}}
[debug] &amp#27;[35m[AndroidUiautomator2Driver@08d9 (1900ec2c)]&amp#27;[39m The initialization of the instrumentation process took 4213ms
[debug] &amp#27;[35m[AndroidUiautomator2Driver@08d9 (1900ec2c)]&amp#27;[39m Matched '/session' to command name 'createSession'
[debug] &amp#27;[35m[AndroidUiautomator2Driver@08d9 (1900ec2c)]&amp#27;[39m Proxying [POST /session] to [POST http://127.0.0.1:8200/session] with body: {"capabilities":{"firstMatch":[{"platform":"LINUX","webStorageEnabled":false,"takesScreenshot":true,"javascriptEnabled":true,"databaseEnabled":false,"networkConnectionEnabled":true,"locationContextEnabled":false,"warnings":{},"desired":{"platformName":"android","app":"src/main/resources/testApp.apk","appActivity":"io.selendroid.testapp.HomeScreenActivity","appPackage":"io.selendroid.testapp","autoGrantPermissions":true,"automationName":"UiAutomator2","deviceName":"Emulator_Pixel_5","fullReset":false,"noReset":false,"platformVersion":"11.0"},"platformName":"android","app":"src/main/resources/testApp.apk","appActivity":"io.selendroid.testapp.HomeScreenActivity","appPackage":"io.selendroid.testapp","autoGrantPermissions":true,"automationName":"UiAutomator2","deviceName":"emulator-5554","fullReset":false,"noReset":false,"platformVersion":"11.0","deviceUDID":"emulator-5554"}],"alwaysMatch":{}}}
[debug] &amp#27;[35m[AndroidUiautomator2Driver@08d9 (1900ec2c)]&amp#27;[39m Got response with status 200: {"sessionId":"db22a7c0-2320-4369-8011-1dc9eb44d7d6","value":{"capabilities":{"firstMatch":[{"platform":"LINUX","webStorageEnabled":false,"takesScreenshot":true,"javascriptEnabled":true,"databaseEnabled":false,"networkConnectionEnabled":true,"locationContextEnabled":false,"warnings":{},"desired":{"platformName":"android","app":"src/main/resources/testApp.apk","appActivity":"io.selendroid.testapp.HomeScreenActivity","appPackage":"io.selendroid.testapp","autoGrantPermissions":true,"automationName":"UiAutomator2","deviceName":"Emulator_Pixel_5","fullReset":false,"noReset":false,"platformVersion":"11.0"},"platformName":"android","app":"src/main/resources/testApp.apk","appActivity":"io.selendroid.testapp.HomeScreenActivity","appPackage":"io.selendroid.testapp","autoGrantPermissions":true,"automationName":"UiAutomator2","deviceName":"emulator-5554","fullReset":false,"noReset":false,"platformVersion":"11.0","deviceUDID":"emulator-5554"}],"alwaysMatch":{}},"sessionId":"db22a7c0-2320-4369-8011-1dc9eb44d7d6"}}
&amp#27;[35m[AndroidUiautomator2Driver@08d9 (1900ec2c)]&amp#27;[39m Determined the downstream protocol as 'W3C'
[debug] &amp#27;[35m[AndroidUiautomator2Driver@08d9 (1900ec2c)]&amp#27;[39m Proxying [GET /appium/device/info] to [GET http://127.0.0.1:8200/session/db22a7c0-2320-4369-8011-1dc9eb44d7d6/appium/device/info] with no body
[debug] &amp#27;[35m[AndroidUiautomator2Driver@08d9 (1900ec2c)]&amp#27;[39m Got response with status 200: {"sessionId":"db22a7c0-2320-4369-8011-1dc9eb44d7d6","value":{"androidId":"ba81be7a41d4ffca","apiVersion":"30","bluetooth":{"state":"ON"},"brand":"Android","carrierName":"Android","displayDensity":440,"locale":"en_US","manufacturer":"unknown","model":"Android SDK built for x86","networks":[{"capabilities":{"SSID":null,"linkDownBandwidthKbps":30000,"linkUpstreamBandwidthKbps":15000,"networkCapabilities":"NET_CAPABILITY_MMS,NET_CAPABILITY_SUPL,NET_CAPABILITY_DUN,NET_CAPABILITY_FOTA,NET_CAPABILITY_IMS,NET_CAPABILITY_CBS,NET_CAPABILITY_INTERNET,NET_CAPABILITY_NOT_RESTRICTED,NET_CAPABILITY_TRUSTED,NET_CAPABILITY_NOT_VPN,NET_CAPABILITY_VALIDATED,NET_CAPABILITY_NOT_ROAMING,NET_CAPABILITY_NOT_CONGESTED,NET_CAPABILITY_NOT_SUSPENDED","signalStrength":-2147483648,"transportTypes":"TRANSPORT_CELLULAR"},"detailedState":"CONNECTED","extraInfo":"epc.tmobile.com","isAvailable":true,"isConnected":true,"isFailover":false,"isRoaming":false,"state":"CONNECTED","subtype":13,"subtypeName":"LTE","type":0,"typeName":"MOBILE"},{"ca...
[debug] &amp#27;[35m[ADB]&amp#27;[39m Running '/Users/AshishSrivastava/Library/Android/sdk/platform-tools/adb -P 5037 -s emulator-5554 shell dumpsys window'
&amp#27;[35m[AndroidDriver]&amp#27;[39m Screen already unlocked, doing nothing
&amp#27;[35m[AndroidUiautomator2Driver@08d9 (1900ec2c)]&amp#27;[39m Starting 'io.selendroid.testapp/io.selendroid.testapp.HomeScreenActivity and waiting for 'io.selendroid.testapp/io.selendroid.testapp.HomeScreenActivity'
[debug] &amp#27;[35m[ADB]&amp#27;[39m Running '/Users/AshishSrivastava/Library/Android/sdk/platform-tools/adb -P 5037 -s emulator-5554 shell am start -W -n io.selendroid.testapp/io.selendroid.testapp.HomeScreenActivity -S -a android.intent.action.MAIN -c android.intent.category.LAUNCHER -f 0x10200000'
[debug] &amp#27;[35m[AndroidUiautomator2Driver@08d9 (1900ec2c)]&amp#27;[39m Proxying [GET /appium/device/pixel_ratio] to [GET http://127.0.0.1:8200/session/db22a7c0-2320-4369-8011-1dc9eb44d7d6/appium/device/pixel_ratio] with no body
[debug] &amp#27;[35m[AndroidUiautomator2Driver@08d9 (1900ec2c)]&amp#27;[39m Got response with status 200: {"sessionId":"db22a7c0-2320-4369-8011-1dc9eb44d7d6","value":2.75}
[debug] &amp#27;[35m[AndroidUiautomator2Driver@08d9 (1900ec2c)]&amp#27;[39m Matched '/appium/device/system_bars' to command name 'getSystemBars'
[debug] &amp#27;[35m[AndroidUiautomator2Driver@08d9 (1900ec2c)]&amp#27;[39m Proxying [GET /appium/device/system_bars] to [GET http://127.0.0.1:8200/session/db22a7c0-2320-4369-8011-1dc9eb44d7d6/appium/device/system_bars] with no body
[debug] &amp#27;[35m[AndroidUiautomator2Driver@08d9 (1900ec2c)]&amp#27;[39m Got response with status 200: {"sessionId":"db22a7c0-2320-4369-8011-1dc9eb44d7d6","value":{"statusBar":135}}
[debug] &amp#27;[35m[AndroidUiautomator2Driver@08d9 (1900ec2c)]&amp#27;[39m Matched '/window/current/size' to command name 'getWindowSize'
[debug] &amp#27;[35m[AndroidUiautomator2Driver@08d9 (1900ec2c)]&amp#27;[39m Proxying [GET /window/current/size] to [GET http://127.0.0.1:8200/session/db22a7c0-2320-4369-8011-1dc9eb44d7d6/window/current/size] with no body
[debug] &amp#27;[35m[AndroidUiautomator2Driver@08d9 (1900ec2c)]&amp#27;[39m Got response with status 200: {"sessionId":"db22a7c0-2320-4369-8011-1dc9eb44d7d6","value":{"height":1977,"width":1080}}
&amp#27;[35m[AppiumDriver@3610]&amp#27;[39m New AndroidUiautomator2Driver session created successfully, session 1900ec2c-416d-476d-9ebe-0795afa97fa8 added to master session list
[debug] &amp#27;[35m[AppiumDriver@3610]&amp#27;[39m Event 'newSessionStarted' logged at 1673469645634 (02:10:45 GMT+0530 (India Standard Time))
[debug] &amp#27;[35m[AndroidUiautomator2Driver@08d9 (1900ec2c)]&amp#27;[39m Cached the protocol value 'W3C' for the new session 1900ec2c-416d-476d-9ebe-0795afa97fa8
[debug] &amp#27;[35m[AndroidUiautomator2Driver@08d9 (1900ec2c)]&amp#27;[39m Responding to client with driver.createSession() result: {"capabilities":{"platform":"LINUX","webStorageEnabled":false,"takesScreenshot":true,"javascriptEnabled":true,"databaseEnabled":false,"networkConnectionEnabled":true,"locationContextEnabled":false,"warnings":{},"desired":{"platformName":"android","app":"src/main/resources/testApp.apk","appActivity":"io.selendroid.testapp.HomeScreenActivity","appPackage":"io.selendroid.testapp","autoGrantPermissions":true,"automationName":"UiAutomator2","deviceName":"Emulator_Pixel_5","fullReset":false,"noReset":false,"platformVersion":"11.0"},"platformName":"android","app":"src/main/resources/testApp.apk","appActivity":"io.selendroid.testapp.HomeScreenActivity","appPackage":"io.selendroid.testapp","autoGrantPermissions":true,"automationName":"UiAutomator2","deviceName":"emulator-5554","fullReset":false,"noReset":false,"platformVersion":"11","deviceUDID":"emulator-5554","deviceApiLevel":30,"deviceScreenSize":"1080x2280","deviceScreenDensity":440,"deviceModel":"Android SDK built for x86","deviceManufacturer":"unknown","pixel...
&amp#27;[35m[HTTP]&amp#27;[39m &amp#27;[37m<-- POST /wd/hub/session &amp#27;[39m&amp#27;[32m200&amp#27;[39m &amp#27;[90m10275 ms - 1178&amp#27;[39m
&amp#27;[35m[HTTP]&amp#27;[39m &amp#27;[90m&amp#27;[39m
&amp#27;[35m[HTTP]&amp#27;[39m &amp#27;[37m-->&amp#27;[39m &amp#27;[37mPOST&amp#27;[39m &amp#27;[37m/wd/hub/session/1900ec2c-416d-476d-9ebe-0795afa97fa8/timeouts&amp#27;[39m
&amp#27;[35m[HTTP]&amp#27;[39m &amp#27;[90m{"implicit":5000}&amp#27;[39m
[debug] &amp#27;[35m[AndroidUiautomator2Driver@08d9 (1900ec2c)]&amp#27;[39m Calling AppiumDriver.timeouts() with args: [null,null,null,null,5000,"1900ec2c-416d-476d-9ebe-0795afa97fa8"]
[debug] &amp#27;[35m[AndroidUiautomator2Driver@08d9 (1900ec2c)]&amp#27;[39m W3C timeout argument: {"implicit":5000}}
[debug] &amp#27;[35m[AndroidUiautomator2Driver@08d9 (1900ec2c)]&amp#27;[39m Set implicit wait to 5000ms
[debug] &amp#27;[35m[AndroidUiautomator2Driver@08d9 (1900ec2c)]&amp#27;[39m Responding to client with driver.timeouts() result: null
&amp#27;[35m[HTTP]&amp#27;[39m &amp#27;[37m<-- POST /wd/hub/session/1900ec2c-416d-476d-9ebe-0795afa97fa8/timeouts &amp#27;[39m&amp#27;[32m200&amp#27;[39m &amp#27;[90m6 ms - 14&amp#27;[39m
&amp#27;[35m[HTTP]&amp#27;[39m &amp#27;[90m&amp#27;[39m
&amp#27;[35m[HTTP]&amp#27;[39m &amp#27;[37m-->&amp#27;[39m &amp#27;[37mGET&amp#27;[39m &amp#27;[37m/wd/hub/session/1900ec2c-416d-476d-9ebe-0795afa97fa8/context&amp#27;[39m
&amp#27;[35m[HTTP]&amp#27;[39m &amp#27;[90m{}&amp#27;[39m
[debug] &amp#27;[35m[AndroidUiautomator2Driver@08d9 (1900ec2c)]&amp#27;[39m Calling AppiumDriver.getCurrentContext() with args: ["1900ec2c-416d-476d-9ebe-0795afa97fa8"]
[debug] &amp#27;[35m[AndroidUiautomator2Driver@08d9 (1900ec2c)]&amp#27;[39m Responding to client with driver.getCurrentContext() result: "NATIVE_APP"
&amp#27;[35m[HTTP]&amp#27;[39m &amp#27;[37m<-- GET /wd/hub/session/1900ec2c-416d-476d-9ebe-0795afa97fa8/context &amp#27;[39m&amp#27;[32m200&amp#27;[39m &amp#27;[90m6 ms - 22&amp#27;[39m
&amp#27;[35m[HTTP]&amp#27;[39m &amp#27;[90m&amp#27;[39m
&amp#27;[35m[HTTP]&amp#27;[39m &amp#27;[37m-->&amp#27;[39m &amp#27;[37mPOST&amp#27;[39m &amp#27;[37m/wd/hub/session/1900ec2c-416d-476d-9ebe-0795afa97fa8/element&amp#27;[39m
&amp#27;[35m[HTTP]&amp#27;[39m &amp#27;[90m{"using":"xpath","value":"//android.widget.TextView[contains(@resource-id,'permissions_message')]"}&amp#27;[39m
[debug] &amp#27;[35m[AndroidUiautomator2Driver@08d9 (1900ec2c)]&amp#27;[39m Calling AppiumDriver.findElement() with args: ["xpath","//android.widget.TextView[contains(@resource-id,'permissions_message')]","1900ec2c-416d-476d-9ebe-0795afa97fa8"]
[debug] &amp#27;[35m[AndroidUiautomator2Driver@08d9 (1900ec2c)]&amp#27;[39m Valid locator strategies for this request: xpath, id, class name, accessibility id, css selector, -android uiautomator
[debug] &amp#27;[35m[AndroidUiautomator2Driver@08d9 (1900ec2c)]&amp#27;[39m Waiting up to 5000 ms for condition
[debug] &amp#27;[35m[AndroidUiautomator2Driver@08d9 (1900ec2c)]&amp#27;[39m Matched '/element' to command name 'findElement'
[debug] &amp#27;[35m[AndroidUiautomator2Driver@08d9 (1900ec2c)]&amp#27;[39m Proxying [POST /element] to [POST http://127.0.0.1:8200/session/db22a7c0-2320-4369-8011-1dc9eb44d7d6/element] with body: {"strategy":"xpath","selector":"//android.widget.TextView[contains(@resource-id,'permissions_message')]","context":"","multiple":false}
&amp#27;[35m[AndroidUiautomator2Driver@08d9 (1900ec2c)]&amp#27;[39m Got response with status 404: {"sessionId":"db22a7c0-2320-4369-8011-1dc9eb44d7d6","value":{"error":"no such element","message":"An element could not be located on the page using the given search parameters","stacktrace":"io.appium.uiautomator2.common.exceptions.ElementNotFoundException: An element could not be located on the page using the given search parameters\n\tat io.appium.uiautomator2.handler.FindElement.findElement(FindElement.java:90)\n\tat io.appium.uiautomator2.handler.FindElement.safeHandle(FindElement.java:67)\n\tat io.appium.uiautomator2.handler.request.SafeRequestHandler.handle(SafeRequestHandler.java:59)\n\tat io.appium.uiautomator2.server.AppiumServlet.handleRequest(AppiumServlet.java:267)\n\tat io.appium.uiautomator2.server.AppiumServlet.handleHttpRequest(AppiumServlet.java:261)\n\tat io.appium.uiautomator2.http.ServerHandler.channelRead(ServerHandler.java:68)\n\tat io.netty.channel.AbstractChannelHandlerContext.invokeChannelRead(AbstractChannelHandlerContext.java:366)\n\tat io.netty.channel.AbstractChannelHandlerCont...
[debug] &amp#27;[35m[W3C]&amp#27;[39m Matched W3C error code 'no such element' to NoSuchElementError
[debug] &amp#27;[35m[AndroidUiautomator2Driver@08d9 (1900ec2c)]&amp#27;[39m Waited for 596 ms so far
[debug] &amp#27;[35m[AndroidUiautomator2Driver@08d9 (1900ec2c)]&amp#27;[39m Matched '/element' to command name 'findElement'
[debug] &amp#27;[35m[AndroidUiautomator2Driver@08d9 (1900ec2c)]&amp#27;[39m Proxying [POST /element] to [POST http://127.0.0.1:8200/session/db22a7c0-2320-4369-8011-1dc9eb44d7d6/element] with body: {"strategy":"xpath","selector":"//android.widget.TextView[contains(@resource-id,'permissions_message')]","context":"","multiple":false}
&amp#27;[35m[AndroidUiautomator2Driver@08d9 (1900ec2c)]&amp#27;[39m Got response with status 404: {"sessionId":"db22a7c0-2320-4369-8011-1dc9eb44d7d6","value":{"error":"no such element","message":"An element could not be located on the page using the given search parameters","stacktrace":"io.appium.uiautomator2.common.exceptions.ElementNotFoundException: An element could not be located on the page using the given search parameters\n\tat io.appium.uiautomator2.handler.FindElement.findElement(FindElement.java:90)\n\tat io.appium.uiautomator2.handler.FindElement.safeHandle(FindElement.java:67)\n\tat io.appium.uiautomator2.handler.request.SafeRequestHandler.handle(SafeRequestHandler.java:59)\n\tat io.appium.uiautomator2.server.AppiumServlet.handleRequest(AppiumServlet.java:267)\n\tat io.appium.uiautomator2.server.AppiumServlet.handleHttpRequest(AppiumServlet.java:261)\n\tat io.appium.uiautomator2.http.ServerHandler.channelRead(ServerHandler.java:68)\n\tat io.netty.channel.AbstractChannelHandlerContext.invokeChannelRead(AbstractChannelHandlerContext.java:366)\n\tat io.netty.channel.AbstractChannelHandlerCont...
[debug] &amp#27;[35m[W3C]&amp#27;[39m Matched W3C error code 'no such element' to NoSuchElementError
[debug] &amp#27;[35m[AndroidUiautomator2Driver@08d9 (1900ec2c)]&amp#27;[39m Waited for 1140 ms so far
[debug] &amp#27;[35m[AndroidUiautomator2Driver@08d9 (1900ec2c)]&amp#27;[39m Matched '/element' to command name 'findElement'
[debug] &amp#27;[35m[AndroidUiautomator2Driver@08d9 (1900ec2c)]&amp#27;[39m Proxying [POST /element] to [POST http://127.0.0.1:8200/session/db22a7c0-2320-4369-8011-1dc9eb44d7d6/element] with body: {"strategy":"xpath","selector":"//android.widget.TextView[contains(@resource-id,'permissions_message')]","context":"","multiple":false}
&amp#27;[35m[AndroidUiautomator2Driver@08d9 (1900ec2c)]&amp#27;[39m Got response with status 404: {"sessionId":"db22a7c0-2320-4369-8011-1dc9eb44d7d6","value":{"error":"no such element","message":"An element could not be located on the page using the given search parameters","stacktrace":"io.appium.uiautomator2.common.exceptions.ElementNotFoundException: An element could not be located on the page using the given search parameters\n\tat io.appium.uiautomator2.handler.FindElement.findElement(FindElement.java:90)\n\tat io.appium.uiautomator2.handler.FindElement.safeHandle(FindElement.java:67)\n\tat io.appium.uiautomator2.handler.request.SafeRequestHandler.handle(SafeRequestHandler.java:59)\n\tat io.appium.uiautomator2.server.AppiumServlet.handleRequest(AppiumServlet.java:267)\n\tat io.appium.uiautomator2.server.AppiumServlet.handleHttpRequest(AppiumServlet.java:261)\n\tat io.appium.uiautomator2.http.ServerHandler.channelRead(ServerHandler.java:68)\n\tat io.netty.channel.AbstractChannelHandlerContext.invokeChannelRead(AbstractChannelHandlerContext.java:366)\n\tat io.netty.channel.AbstractChannelHandlerCont...
[debug] &amp#27;[35m[W3C]&amp#27;[39m Matched W3C error code 'no such element' to NoSuchElementError
[debug] &amp#27;[35m[AndroidUiautomator2Driver@08d9 (1900ec2c)]&amp#27;[39m Waited for 1687 ms so far
[debug] &amp#27;[35m[AndroidUiautomator2Driver@08d9 (1900ec2c)]&amp#27;[39m Matched '/element' to command name 'findElement'
[debug] &amp#27;[35m[AndroidUiautomator2Driver@08d9 (1900ec2c)]&amp#27;[39m Proxying [POST /element] to [POST http://127.0.0.1:8200/session/db22a7c0-2320-4369-8011-1dc9eb44d7d6/element] with body: {"strategy":"xpath","selector":"//android.widget.TextView[contains(@resource-id,'permissions_message')]","context":"","multiple":false}
&amp#27;[35m[AndroidUiautomator2Driver@08d9 (1900ec2c)]&amp#27;[39m Got response with status 404: {"sessionId":"db22a7c0-2320-4369-8011-1dc9eb44d7d6","value":{"error":"no such element","message":"An element could not be located on the page using the given search parameters","stacktrace":"io.appium.uiautomator2.common.exceptions.ElementNotFoundException: An element could not be located on the page using the given search parameters\n\tat io.appium.uiautomator2.handler.FindElement.findElement(FindElement.java:90)\n\tat io.appium.uiautomator2.handler.FindElement.safeHandle(FindElement.java:67)\n\tat io.appium.uiautomator2.handler.request.SafeRequestHandler.handle(SafeRequestHandler.java:59)\n\tat io.appium.uiautomator2.server.AppiumServlet.handleRequest(AppiumServlet.java:267)\n\tat io.appium.uiautomator2.server.AppiumServlet.handleHttpRequest(AppiumServlet.java:261)\n\tat io.appium.uiautomator2.http.ServerHandler.channelRead(ServerHandler.java:68)\n\tat io.netty.channel.AbstractChannelHandlerContext.invokeChannelRead(AbstractChannelHandlerContext.java:366)\n\tat io.netty.channel.AbstractChannelHandlerCont...
[debug] &amp#27;[35m[W3C]&amp#27;[39m Matched W3C error code 'no such element' to NoSuchElementError
[debug] &amp#27;[35m[AndroidUiautomator2Driver@08d9 (1900ec2c)]&amp#27;[39m Waited for 2235 ms so far
[debug] &amp#27;[35m[AndroidUiautomator2Driver@08d9 (1900ec2c)]&amp#27;[39m Matched '/element' to command name 'findElement'
[debug] &amp#27;[35m[AndroidUiautomator2Driver@08d9 (1900ec2c)]&amp#27;[39m Proxying [POST /element] to [POST http://127.0.0.1:8200/session/db22a7c0-2320-4369-8011-1dc9eb44d7d6/element] with body: {"strategy":"xpath","selector":"//android.widget.TextView[contains(@resource-id,'permissions_message')]","context":"","multiple":false}
&amp#27;[35m[AndroidUiautomator2Driver@08d9 (1900ec2c)]&amp#27;[39m Got response with status 404: {"sessionId":"db22a7c0-2320-4369-8011-1dc9eb44d7d6","value":{"error":"no such element","message":"An element could not be located on the page using the given search parameters","stacktrace":"io.appium.uiautomator2.common.exceptions.ElementNotFoundException: An element could not be located on the page using the given search parameters\n\tat io.appium.uiautomator2.handler.FindElement.findElement(FindElement.java:90)\n\tat io.appium.uiautomator2.handler.FindElement.safeHandle(FindElement.java:67)\n\tat io.appium.uiautomator2.handler.request.SafeRequestHandler.handle(SafeRequestHandler.java:59)\n\tat io.appium.uiautomator2.server.AppiumServlet.handleRequest(AppiumServlet.java:267)\n\tat io.appium.uiautomator2.server.AppiumServlet.handleHttpRequest(AppiumServlet.java:261)\n\tat io.appium.uiautomator2.http.ServerHandler.channelRead(ServerHandler.java:68)\n\tat io.netty.channel.AbstractChannelHandlerContext.invokeChannelRead(AbstractChannelHandlerContext.java:366)\n\tat io.netty.channel.AbstractChannelHandlerCont...
[debug] &amp#27;[35m[W3C]&amp#27;[39m Matched W3C error code 'no such element' to NoSuchElementError
[debug] &amp#27;[35m[AndroidUiautomator2Driver@08d9 (1900ec2c)]&amp#27;[39m Waited for 2791 ms so far
[debug] &amp#27;[35m[AndroidUiautomator2Driver@08d9 (1900ec2c)]&amp#27;[39m Matched '/element' to command name 'findElement'
[debug] &amp#27;[35m[AndroidUiautomator2Driver@08d9 (1900ec2c)]&amp#27;[39m Proxying [POST /element] to [POST http://127.0.0.1:8200/session/db22a7c0-2320-4369-8011-1dc9eb44d7d6/element] with body: {"strategy":"xpath","selector":"//android.widget.TextView[contains(@resource-id,'permissions_message')]","context":"","multiple":false}
&amp#27;[35m[AndroidUiautomator2Driver@08d9 (1900ec2c)]&amp#27;[39m Got response with status 404: {"sessionId":"db22a7c0-2320-4369-8011-1dc9eb44d7d6","value":{"error":"no such element","message":"An element could not be located on the page using the given search parameters","stacktrace":"io.appium.uiautomator2.common.exceptions.ElementNotFoundException: An element could not be located on the page using the given search parameters\n\tat io.appium.uiautomator2.handler.FindElement.findElement(FindElement.java:90)\n\tat io.appium.uiautomator2.handler.FindElement.safeHandle(FindElement.java:67)\n\tat io.appium.uiautomator2.handler.request.SafeRequestHandler.handle(SafeRequestHandler.java:59)\n\tat io.appium.uiautomator2.server.AppiumServlet.handleRequest(AppiumServlet.java:267)\n\tat io.appium.uiautomator2.server.AppiumServlet.handleHttpRequest(AppiumServlet.java:261)\n\tat io.appium.uiautomator2.http.ServerHandler.channelRead(ServerHandler.java:68)\n\tat io.netty.channel.AbstractChannelHandlerContext.invokeChannelRead(AbstractChannelHandlerContext.java:366)\n\tat io.netty.channel.AbstractChannelHandlerCont...
[debug] &amp#27;[35m[W3C]&amp#27;[39m Matched W3C error code 'no such element' to NoSuchElementError
[debug] &amp#27;[35m[AndroidUiautomator2Driver@08d9 (1900ec2c)]&amp#27;[39m Waited for 3338 ms so far
[debug] &amp#27;[35m[AndroidUiautomator2Driver@08d9 (1900ec2c)]&amp#27;[39m Matched '/element' to command name 'findElement'
[debug] &amp#27;[35m[AndroidUiautomator2Driver@08d9 (1900ec2c)]&amp#27;[39m Proxying [POST /element] to [POST http://127.0.0.1:8200/session/db22a7c0-2320-4369-8011-1dc9eb44d7d6/element] with body: {"strategy":"xpath","selector":"//android.widget.TextView[contains(@resource-id,'permissions_message')]","context":"","multiple":false}
&amp#27;[35m[AndroidUiautomator2Driver@08d9 (1900ec2c)]&amp#27;[39m Got response with status 404: {"sessionId":"db22a7c0-2320-4369-8011-1dc9eb44d7d6","value":{"error":"no such element","message":"An element could not be located on the page using the given search parameters","stacktrace":"io.appium.uiautomator2.common.exceptions.ElementNotFoundException: An element could not be located on the page using the given search parameters\n\tat io.appium.uiautomator2.handler.FindElement.findElement(FindElement.java:90)\n\tat io.appium.uiautomator2.handler.FindElement.safeHandle(FindElement.java:67)\n\tat io.appium.uiautomator2.handler.request.SafeRequestHandler.handle(SafeRequestHandler.java:59)\n\tat io.appium.uiautomator2.server.AppiumServlet.handleRequest(AppiumServlet.java:267)\n\tat io.appium.uiautomator2.server.AppiumServlet.handleHttpRequest(AppiumServlet.java:261)\n\tat io.appium.uiautomator2.http.ServerHandler.channelRead(ServerHandler.java:68)\n\tat io.netty.channel.AbstractChannelHandlerContext.invokeChannelRead(AbstractChannelHandlerContext.java:366)\n\tat io.netty.channel.AbstractChannelHandlerCont...
[debug] &amp#27;[35m[W3C]&amp#27;[39m Matched W3C error code 'no such element' to NoSuchElementError
[debug] &amp#27;[35m[AndroidUiautomator2Driver@08d9 (1900ec2c)]&amp#27;[39m Waited for 3881 ms so far
[debug] &amp#27;[35m[AndroidUiautomator2Driver@08d9 (1900ec2c)]&amp#27;[39m Matched '/element' to command name 'findElement'
[debug] &amp#27;[35m[AndroidUiautomator2Driver@08d9 (1900ec2c)]&amp#27;[39m Proxying [POST /element] to [POST http://127.0.0.1:8200/session/db22a7c0-2320-4369-8011-1dc9eb44d7d6/element] with body: {"strategy":"xpath","selector":"//android.widget.TextView[contains(@resource-id,'permissions_message')]","context":"","multiple":false}
&amp#27;[35m[AndroidUiautomator2Driver@08d9 (1900ec2c)]&amp#27;[39m Got response with status 404: {"sessionId":"db22a7c0-2320-4369-8011-1dc9eb44d7d6","value":{"error":"no such element","message":"An element could not be located on the page using the given search parameters","stacktrace":"io.appium.uiautomator2.common.exceptions.ElementNotFoundException: An element could not be located on the page using the given search parameters\n\tat io.appium.uiautomator2.handler.FindElement.findElement(FindElement.java:90)\n\tat io.appium.uiautomator2.handler.FindElement.safeHandle(FindElement.java:67)\n\tat io.appium.uiautomator2.handler.request.SafeRequestHandler.handle(SafeRequestHandler.java:59)\n\tat io.appium.uiautomator2.server.AppiumServlet.handleRequest(AppiumServlet.java:267)\n\tat io.appium.uiautomator2.server.AppiumServlet.handleHttpRequest(AppiumServlet.java:261)\n\tat io.appium.uiautomator2.http.ServerHandler.channelRead(ServerHandler.java:68)\n\tat io.netty.channel.AbstractChannelHandlerContext.invokeChannelRead(AbstractChannelHandlerContext.java:366)\n\tat io.netty.channel.AbstractChannelHandlerCont...
[debug] &amp#27;[35m[W3C]&amp#27;[39m Matched W3C error code 'no such element' to NoSuchElementError
[debug] &amp#27;[35m[AndroidUiautomator2Driver@08d9 (1900ec2c)]&amp#27;[39m Waited for 4425 ms so far
[debug] &amp#27;[35m[AndroidUiautomator2Driver@08d9 (1900ec2c)]&amp#27;[39m Matched '/element' to command name 'findElement'
[debug] &amp#27;[35m[AndroidUiautomator2Driver@08d9 (1900ec2c)]&amp#27;[39m Proxying [POST /element] to [POST http://127.0.0.1:8200/session/db22a7c0-2320-4369-8011-1dc9eb44d7d6/element] with body: {"strategy":"xpath","selector":"//android.widget.TextView[contains(@resource-id,'permissions_message')]","context":"","multiple":false}
&amp#27;[35m[AndroidUiautomator2Driver@08d9 (1900ec2c)]&amp#27;[39m Got response with status 404: {"sessionId":"db22a7c0-2320-4369-8011-1dc9eb44d7d6","value":{"error":"no such element","message":"An element could not be located on the page using the given search parameters","stacktrace":"io.appium.uiautomator2.common.exceptions.ElementNotFoundException: An element could not be located on the page using the given search parameters\n\tat io.appium.uiautomator2.handler.FindElement.findElement(FindElement.java:90)\n\tat io.appium.uiautomator2.handler.FindElement.safeHandle(FindElement.java:67)\n\tat io.appium.uiautomator2.handler.request.SafeRequestHandler.handle(SafeRequestHandler.java:59)\n\tat io.appium.uiautomator2.server.AppiumServlet.handleRequest(AppiumServlet.java:267)\n\tat io.appium.uiautomator2.server.AppiumServlet.handleHttpRequest(AppiumServlet.java:261)\n\tat io.appium.uiautomator2.http.ServerHandler.channelRead(ServerHandler.java:68)\n\tat io.netty.channel.AbstractChannelHandlerContext.invokeChannelRead(AbstractChannelHandlerContext.java:366)\n\tat io.netty.channel.AbstractChannelHandlerCont...
[debug] &amp#27;[35m[W3C]&amp#27;[39m Matched W3C error code 'no such element' to NoSuchElementError
[debug] &amp#27;[35m[AndroidUiautomator2Driver@08d9 (1900ec2c)]&amp#27;[39m Waited for 4966 ms so far
[debug] &amp#27;[35m[AndroidUiautomator2Driver@08d9 (1900ec2c)]&amp#27;[39m Matched '/element' to command name 'findElement'
[debug] &amp#27;[35m[AndroidUiautomator2Driver@08d9 (1900ec2c)]&amp#27;[39m Proxying [POST /element] to [POST http://127.0.0.1:8200/session/db22a7c0-2320-4369-8011-1dc9eb44d7d6/element] with body: {"strategy":"xpath","selector":"//android.widget.TextView[contains(@resource-id,'permissions_message')]","context":"","multiple":false}
&amp#27;[35m[AndroidUiautomator2Driver@08d9 (1900ec2c)]&amp#27;[39m Got response with status 404: {"sessionId":"db22a7c0-2320-4369-8011-1dc9eb44d7d6","value":{"error":"no such element","message":"An element could not be located on the page using the given search parameters","stacktrace":"io.appium.uiautomator2.common.exceptions.ElementNotFoundException: An element could not be located on the page using the given search parameters\n\tat io.appium.uiautomator2.handler.FindElement.findElement(FindElement.java:90)\n\tat io.appium.uiautomator2.handler.FindElement.safeHandle(FindElement.java:67)\n\tat io.appium.uiautomator2.handler.request.SafeRequestHandler.handle(SafeRequestHandler.java:59)\n\tat io.appium.uiautomator2.server.AppiumServlet.handleRequest(AppiumServlet.java:267)\n\tat io.appium.uiautomator2.server.AppiumServlet.handleHttpRequest(AppiumServlet.java:261)\n\tat io.appium.uiautomator2.http.ServerHandler.channelRead(ServerHandler.java:68)\n\tat io.netty.channel.AbstractChannelHandlerContext.invokeChannelRead(AbstractChannelHandlerContext.java:366)\n\tat io.netty.channel.AbstractChannelHandlerCont...
[debug] &amp#27;[35m[W3C]&amp#27;[39m Matched W3C error code 'no such element' to NoSuchElementError
[debug] &amp#27;[35m[AndroidUiautomator2Driver@08d9 (1900ec2c)]&amp#27;[39m Encountered internal error running command: NoSuchElementError: An element could not be located on the page using the given search parameters.
[debug] &amp#27;[35m[AndroidUiautomator2Driver@08d9 (1900ec2c)]&amp#27;[39m     at AndroidUiautomator2Driver.findElOrEls (/Users/AshishSrivastava/.appium/node_modules/appium-uiautomator2-driver/node_modules/appium-android-driver/lib/commands/find.js:75:11)
[debug] &amp#27;[35m[AndroidUiautomator2Driver@08d9 (1900ec2c)]&amp#27;[39m     at processTicksAndRejections (node:internal/process/task_queues:96:5)
[debug] &amp#27;[35m[AndroidUiautomator2Driver@08d9 (1900ec2c)]&amp#27;[39m     at AndroidUiautomator2Driver.findElOrElsWithProcessing (/usr/local/lib/node_modules/appium/node_modules/@appium/base-driver/lib/basedriver/commands/find.js:80:16)
[debug] &amp#27;[35m[AndroidUiautomator2Driver@08d9 (1900ec2c)]&amp#27;[39m     at AndroidUiautomator2Driver.findElement (/usr/local/lib/node_modules/appium/node_modules/@appium/base-driver/lib/basedriver/commands/find.js:21:14)
&amp#27;[35m[HTTP]&amp#27;[39m &amp#27;[37m<-- POST /wd/hub/session/1900ec2c-416d-476d-9ebe-0795afa97fa8/element &amp#27;[39m&amp#27;[33m404&amp#27;[39m &amp#27;[90m5051 ms - 821&amp#27;[39m
&amp#27;[35m[HTTP]&amp#27;[39m &amp#27;[90m&amp#27;[39m
02:10:51.575 [main] ERROR util.ElementUtil - Element [Permission Message] is NOT displayed in Current Screen
&amp#27;[35m[HTTP]&amp#27;[39m &amp#27;[37m-->&amp#27;[39m &amp#27;[37mPOST&amp#27;[39m &amp#27;[37m/wd/hub/session/1900ec2c-416d-476d-9ebe-0795afa97fa8/timeouts&amp#27;[39m
&amp#27;[35m[HTTP]&amp#27;[39m &amp#27;[90m{"implicit":5000}&amp#27;[39m
[debug] &amp#27;[35m[AndroidUiautomator2Driver@08d9 (1900ec2c)]&amp#27;[39m Calling AppiumDriver.timeouts() with args: [null,null,null,null,5000,"1900ec2c-416d-476d-9ebe-0795afa97fa8"]
[debug] &amp#27;[35m[AndroidUiautomator2Driver@08d9 (1900ec2c)]&amp#27;[39m W3C timeout argument: {"implicit":5000}}
[debug] &amp#27;[35m[AndroidUiautomator2Driver@08d9 (1900ec2c)]&amp#27;[39m Set implicit wait to 5000ms
[debug] &amp#27;[35m[AndroidUiautomator2Driver@08d9 (1900ec2c)]&amp#27;[39m Responding to client with driver.timeouts() result: null
&amp#27;[35m[HTTP]&amp#27;[39m &amp#27;[37m<-- POST /wd/hub/session/1900ec2c-416d-476d-9ebe-0795afa97fa8/timeouts &amp#27;[39m&amp#27;[32m200&amp#27;[39m &amp#27;[90m2 ms - 14&amp#27;[39m
&amp#27;[35m[HTTP]&amp#27;[39m &amp#27;[90m&amp#27;[39m
&amp#27;[35m[HTTP]&amp#27;[39m &amp#27;[37m-->&amp#27;[39m &amp#27;[37mGET&amp#27;[39m &amp#27;[37m/wd/hub/session/1900ec2c-416d-476d-9ebe-0795afa97fa8/context&amp#27;[39m
&amp#27;[35m[HTTP]&amp#27;[39m &amp#27;[90m{}&amp#27;[39m
[debug] &amp#27;[35m[AndroidUiautomator2Driver@08d9 (1900ec2c)]&amp#27;[39m Calling AppiumDriver.getCurrentContext() with args: ["1900ec2c-416d-476d-9ebe-0795afa97fa8"]
[debug] &amp#27;[35m[AndroidUiautomator2Driver@08d9 (1900ec2c)]&amp#27;[39m Responding to client with driver.getCurrentContext() result: "NATIVE_APP"
&amp#27;[35m[HTTP]&amp#27;[39m &amp#27;[37m<-- GET /wd/hub/session/1900ec2c-416d-476d-9ebe-0795afa97fa8/context &amp#27;[39m&amp#27;[32m200&amp#27;[39m &amp#27;[90m3 ms - 22&amp#27;[39m
&amp#27;[35m[HTTP]&amp#27;[39m &amp#27;[90m&amp#27;[39m
&amp#27;[35m[HTTP]&amp#27;[39m &amp#27;[37m-->&amp#27;[39m &amp#27;[37mPOST&amp#27;[39m &amp#27;[37m/wd/hub/session/1900ec2c-416d-476d-9ebe-0795afa97fa8/element&amp#27;[39m
&amp#27;[35m[HTTP]&amp#27;[39m &amp#27;[90m{"using":"id","value":"android:id/alertTitle"}&amp#27;[39m
[debug] &amp#27;[35m[AndroidUiautomator2Driver@08d9 (1900ec2c)]&amp#27;[39m Calling AppiumDriver.findElement() with args: ["id","android:id/alertTitle","1900ec2c-416d-476d-9ebe-0795afa97fa8"]
[debug] &amp#27;[35m[AndroidUiautomator2Driver@08d9 (1900ec2c)]&amp#27;[39m Valid locator strategies for this request: xpath, id, class name, accessibility id, css selector, -android uiautomator
[debug] &amp#27;[35m[AndroidUiautomator2Driver@08d9 (1900ec2c)]&amp#27;[39m Waiting up to 5000 ms for condition
[debug] &amp#27;[35m[AndroidUiautomator2Driver@08d9 (1900ec2c)]&amp#27;[39m Matched '/element' to command name 'findElement'
[debug] &amp#27;[35m[AndroidUiautomator2Driver@08d9 (1900ec2c)]&amp#27;[39m Proxying [POST /element] to [POST http://127.0.0.1:8200/session/db22a7c0-2320-4369-8011-1dc9eb44d7d6/element] with body: {"strategy":"id","selector":"android:id/alertTitle","context":"","multiple":false}
[debug] &amp#27;[35m[AndroidUiautomator2Driver@08d9 (1900ec2c)]&amp#27;[39m Got response with status 200: {"sessionId":"db22a7c0-2320-4369-8011-1dc9eb44d7d6","value":{"ELEMENT":"00000000-0000-009f-ffff-ffff000001a6","element-6066-11e4-a52e-4f735466cecf":"00000000-0000-009f-ffff-ffff000001a6"}}
[debug] &amp#27;[35m[AndroidUiautomator2Driver@08d9 (1900ec2c)]&amp#27;[39m Responding to client with driver.findElement() result: {"element-6066-11e4-a52e-4f735466cecf":"00000000-0000-009f-ffff-ffff000001a6","ELEMENT":"00000000-0000-009f-ffff-ffff000001a6"}
&amp#27;[35m[HTTP]&amp#27;[39m &amp#27;[37m<-- POST /wd/hub/session/1900ec2c-416d-476d-9ebe-0795afa97fa8/element &amp#27;[39m&amp#27;[32m200&amp#27;[39m &amp#27;[90m41 ms - 137&amp#27;[39m
&amp#27;[35m[HTTP]&amp#27;[39m &amp#27;[90m&amp#27;[39m
&amp#27;[35m[HTTP]&amp#27;[39m &amp#27;[37m-->&amp#27;[39m &amp#27;[37mGET&amp#27;[39m &amp#27;[37m/wd/hub/session/1900ec2c-416d-476d-9ebe-0795afa97fa8/element/00000000-0000-009f-ffff-ffff000001a6/displayed&amp#27;[39m
&amp#27;[35m[HTTP]&amp#27;[39m &amp#27;[90m{}&amp#27;[39m
[debug] &amp#27;[35m[AndroidUiautomator2Driver@08d9 (1900ec2c)]&amp#27;[39m Calling AppiumDriver.elementDisplayed() with args: ["00000000-0000-009f-ffff-ffff000001a6","1900ec2c-416d-476d-9ebe-0795afa97fa8"]
[debug] &amp#27;[35m[AndroidUiautomator2Driver@08d9 (1900ec2c)]&amp#27;[39m Matched '/element/00000000-0000-009f-ffff-ffff000001a6/attribute/displayed' to command name 'getAttribute'
[debug] &amp#27;[35m[AndroidUiautomator2Driver@08d9 (1900ec2c)]&amp#27;[39m Proxying [GET /element/00000000-0000-009f-ffff-ffff000001a6/attribute/displayed] to [GET http://127.0.0.1:8200/session/db22a7c0-2320-4369-8011-1dc9eb44d7d6/element/00000000-0000-009f-ffff-ffff000001a6/attribute/displayed] with no body
[debug] &amp#27;[35m[AndroidUiautomator2Driver@08d9 (1900ec2c)]&amp#27;[39m Got response with status 200: {"sessionId":"db22a7c0-2320-4369-8011-1dc9eb44d7d6","value":"true"}
[debug] &amp#27;[35m[AndroidUiautomator2Driver@08d9 (1900ec2c)]&amp#27;[39m Responding to client with driver.elementDisplayed() result: true
&amp#27;[35m[HTTP]&amp#27;[39m &amp#27;[37m<-- GET /wd/hub/session/1900ec2c-416d-476d-9ebe-0795afa97fa8/element/00000000-0000-009f-ffff-ffff000001a6/displayed &amp#27;[39m&amp#27;[32m200&amp#27;[39m &amp#27;[90m14 ms - 14&amp#27;[39m
&amp#27;[35m[HTTP]&amp#27;[39m &amp#27;[90m&amp#27;[39m
&amp#27;[35m[HTTP]&amp#27;[39m &amp#27;[37m-->&amp#27;[39m &amp#27;[37mPOST&amp#27;[39m &amp#27;[37m/wd/hub/session/1900ec2c-416d-476d-9ebe-0795afa97fa8/timeouts&amp#27;[39m
&amp#27;[35m[HTTP]&amp#27;[39m &amp#27;[90m{"implicit":5000}&amp#27;[39m
[debug] &amp#27;[35m[AndroidUiautomator2Driver@08d9 (1900ec2c)]&amp#27;[39m Calling AppiumDriver.timeouts() with args: [null,null,null,null,5000,"1900ec2c-416d-476d-9ebe-0795afa97fa8"]
[debug] &amp#27;[35m[AndroidUiautomator2Driver@08d9 (1900ec2c)]&amp#27;[39m W3C timeout argument: {"implicit":5000}}
[debug] &amp#27;[35m[AndroidUiautomator2Driver@08d9 (1900ec2c)]&amp#27;[39m Set implicit wait to 5000ms
[debug] &amp#27;[35m[AndroidUiautomator2Driver@08d9 (1900ec2c)]&amp#27;[39m Responding to client with driver.timeouts() result: null
&amp#27;[35m[HTTP]&amp#27;[39m &amp#27;[37m<-- POST /wd/hub/session/1900ec2c-416d-476d-9ebe-0795afa97fa8/timeouts &amp#27;[39m&amp#27;[32m200&amp#27;[39m &amp#27;[90m2 ms - 14&amp#27;[39m
&amp#27;[35m[HTTP]&amp#27;[39m &amp#27;[90m&amp#27;[39m
&amp#27;[35m[HTTP]&amp#27;[39m &amp#27;[37m-->&amp#27;[39m &amp#27;[37mGET&amp#27;[39m &amp#27;[37m/wd/hub/session/1900ec2c-416d-476d-9ebe-0795afa97fa8/context&amp#27;[39m
&amp#27;[35m[HTTP]&amp#27;[39m &amp#27;[90m{}&amp#27;[39m
[debug] &amp#27;[35m[AndroidUiautomator2Driver@08d9 (1900ec2c)]&amp#27;[39m Calling AppiumDriver.getCurrentContext() with args: ["1900ec2c-416d-476d-9ebe-0795afa97fa8"]
[debug] &amp#27;[35m[AndroidUiautomator2Driver@08d9 (1900ec2c)]&amp#27;[39m Responding to client with driver.getCurrentContext() result: "NATIVE_APP"
&amp#27;[35m[HTTP]&amp#27;[39m &amp#27;[37m<-- GET /wd/hub/session/1900ec2c-416d-476d-9ebe-0795afa97fa8/context &amp#27;[39m&amp#27;[32m200&amp#27;[39m &amp#27;[90m1 ms - 22&amp#27;[39m
&amp#27;[35m[HTTP]&amp#27;[39m &amp#27;[90m&amp#27;[39m
&amp#27;[35m[HTTP]&amp#27;[39m &amp#27;[37m-->&amp#27;[39m &amp#27;[37mPOST&amp#27;[39m &amp#27;[37m/wd/hub/session/1900ec2c-416d-476d-9ebe-0795afa97fa8/element&amp#27;[39m
&amp#27;[35m[HTTP]&amp#27;[39m &amp#27;[90m{"using":"xpath","value":"//android.widget.Button[@text='OK']"}&amp#27;[39m
[debug] &amp#27;[35m[AndroidUiautomator2Driver@08d9 (1900ec2c)]&amp#27;[39m Calling AppiumDriver.findElement() with args: ["xpath","//android.widget.Button[@text='OK']","1900ec2c-416d-476d-9ebe-0795afa97fa8"]
[debug] &amp#27;[35m[AndroidUiautomator2Driver@08d9 (1900ec2c)]&amp#27;[39m Valid locator strategies for this request: xpath, id, class name, accessibility id, css selector, -android uiautomator
[debug] &amp#27;[35m[AndroidUiautomator2Driver@08d9 (1900ec2c)]&amp#27;[39m Waiting up to 5000 ms for condition
[debug] &amp#27;[35m[AndroidUiautomator2Driver@08d9 (1900ec2c)]&amp#27;[39m Matched '/element' to command name 'findElement'
[debug] &amp#27;[35m[AndroidUiautomator2Driver@08d9 (1900ec2c)]&amp#27;[39m Proxying [POST /element] to [POST http://127.0.0.1:8200/session/db22a7c0-2320-4369-8011-1dc9eb44d7d6/element] with body: {"strategy":"xpath","selector":"//android.widget.Button[@text='OK']","context":"","multiple":false}
[debug] &amp#27;[35m[AndroidUiautomator2Driver@08d9 (1900ec2c)]&amp#27;[39m Got response with status 200: {"sessionId":"db22a7c0-2320-4369-8011-1dc9eb44d7d6","value":{"ELEMENT":"00000000-0000-009f-ffff-ffff000001b5","element-6066-11e4-a52e-4f735466cecf":"00000000-0000-009f-ffff-ffff000001b5"}}
[debug] &amp#27;[35m[AndroidUiautomator2Driver@08d9 (1900ec2c)]&amp#27;[39m Responding to client with driver.findElement() result: {"element-6066-11e4-a52e-4f735466cecf":"00000000-0000-009f-ffff-ffff000001b5","ELEMENT":"00000000-0000-009f-ffff-ffff000001b5"}
&amp#27;[35m[HTTP]&amp#27;[39m &amp#27;[37m<-- POST /wd/hub/session/1900ec2c-416d-476d-9ebe-0795afa97fa8/element &amp#27;[39m&amp#27;[32m200&amp#27;[39m &amp#27;[90m41 ms - 137&amp#27;[39m
&amp#27;[35m[HTTP]&amp#27;[39m &amp#27;[90m&amp#27;[39m
&amp#27;[35m[HTTP]&amp#27;[39m &amp#27;[37m-->&amp#27;[39m &amp#27;[37mPOST&amp#27;[39m &amp#27;[37m/wd/hub/session/1900ec2c-416d-476d-9ebe-0795afa97fa8/element/00000000-0000-009f-ffff-ffff000001b5/click&amp#27;[39m
&amp#27;[35m[HTTP]&amp#27;[39m &amp#27;[90m{"id":"00000000-0000-009f-ffff-ffff000001b5"}&amp#27;[39m
[debug] &amp#27;[35m[AndroidUiautomator2Driver@08d9 (1900ec2c)]&amp#27;[39m Calling AppiumDriver.click() with args: ["00000000-0000-009f-ffff-ffff000001b5","1900ec2c-416d-476d-9ebe-0795afa97fa8"]
[debug] &amp#27;[35m[AndroidUiautomator2Driver@08d9 (1900ec2c)]&amp#27;[39m Matched '/element/00000000-0000-009f-ffff-ffff000001b5/click' to command name 'click'
[debug] &amp#27;[35m[AndroidUiautomator2Driver@08d9 (1900ec2c)]&amp#27;[39m Proxying [POST /element/00000000-0000-009f-ffff-ffff000001b5/click] to [POST http://127.0.0.1:8200/session/db22a7c0-2320-4369-8011-1dc9eb44d7d6/element/00000000-0000-009f-ffff-ffff000001b5/click] with body: {"element":"00000000-0000-009f-ffff-ffff000001b5"}
[debug] &amp#27;[35m[AndroidUiautomator2Driver@08d9 (1900ec2c)]&amp#27;[39m Got response with status 200: {"sessionId":"db22a7c0-2320-4369-8011-1dc9eb44d7d6","value":null}
[debug] &amp#27;[35m[AndroidUiautomator2Driver@08d9 (1900ec2c)]&amp#27;[39m Responding to client with driver.click() result: null
&amp#27;[35m[HTTP]&amp#27;[39m &amp#27;[37m<-- POST /wd/hub/session/1900ec2c-416d-476d-9ebe-0795afa97fa8/element/00000000-0000-009f-ffff-ffff000001b5/click &amp#27;[39m&amp#27;[32m200&amp#27;[39m &amp#27;[90m60 ms - 14&amp#27;[39m
&amp#27;[35m[HTTP]&amp#27;[39m &amp#27;[90m&amp#27;[39m
&amp#27;[35m[HTTP]&amp#27;[39m &amp#27;[37m-->&amp#27;[39m &amp#27;[37mGET&amp#27;[39m &amp#27;[37m/wd/hub/session/1900ec2c-416d-476d-9ebe-0795afa97fa8/context&amp#27;[39m
&amp#27;[35m[HTTP]&amp#27;[39m &amp#27;[90m{}&amp#27;[39m
[debug] &amp#27;[35m[AndroidUiautomator2Driver@08d9 (1900ec2c)]&amp#27;[39m Calling AppiumDriver.getCurrentContext() with args: ["1900ec2c-416d-476d-9ebe-0795afa97fa8"]
[debug] &amp#27;[35m[AndroidUiautomator2Driver@08d9 (1900ec2c)]&amp#27;[39m Responding to client with driver.getCurrentContext() result: "NATIVE_APP"
&amp#27;[35m[HTTP]&amp#27;[39m &amp#27;[37m<-- GET /wd/hub/session/1900ec2c-416d-476d-9ebe-0795afa97fa8/context &amp#27;[39m&amp#27;[32m200&amp#27;[39m &amp#27;[90m1 ms - 22&amp#27;[39m
&amp#27;[35m[HTTP]&amp#27;[39m &amp#27;[90m&amp#27;[39m
&amp#27;[35m[HTTP]&amp#27;[39m &amp#27;[37m-->&amp#27;[39m &amp#27;[37mPOST&amp#27;[39m &amp#27;[37m/wd/hub/session/1900ec2c-416d-476d-9ebe-0795afa97fa8/element&amp#27;[39m
&amp#27;[35m[HTTP]&amp#27;[39m &amp#27;[90m{"using":"id","value":"android:id/title"}&amp#27;[39m
[debug] &amp#27;[35m[AndroidUiautomator2Driver@08d9 (1900ec2c)]&amp#27;[39m Calling AppiumDriver.findElement() with args: ["id","android:id/title","1900ec2c-416d-476d-9ebe-0795afa97fa8"]
[debug] &amp#27;[35m[AndroidUiautomator2Driver@08d9 (1900ec2c)]&amp#27;[39m Valid locator strategies for this request: xpath, id, class name, accessibility id, css selector, -android uiautomator
[debug] &amp#27;[35m[AndroidUiautomator2Driver@08d9 (1900ec2c)]&amp#27;[39m Waiting up to 5000 ms for condition
[debug] &amp#27;[35m[AndroidUiautomator2Driver@08d9 (1900ec2c)]&amp#27;[39m Matched '/element' to command name 'findElement'
[debug] &amp#27;[35m[AndroidUiautomator2Driver@08d9 (1900ec2c)]&amp#27;[39m Proxying [POST /element] to [POST http://127.0.0.1:8200/session/db22a7c0-2320-4369-8011-1dc9eb44d7d6/element] with body: {"strategy":"id","selector":"android:id/title","context":"","multiple":false}
[debug] &amp#27;[35m[AndroidUiautomator2Driver@08d9 (1900ec2c)]&amp#27;[39m Got response with status 200: {"sessionId":"db22a7c0-2320-4369-8011-1dc9eb44d7d6","value":{"ELEMENT":"00000000-0000-00a0-ffff-ffff00000003","element-6066-11e4-a52e-4f735466cecf":"00000000-0000-00a0-ffff-ffff00000003"}}
[debug] &amp#27;[35m[AndroidUiautomator2Driver@08d9 (1900ec2c)]&amp#27;[39m Responding to client with driver.findElement() result: {"element-6066-11e4-a52e-4f735466cecf":"00000000-0000-00a0-ffff-ffff00000003","ELEMENT":"00000000-0000-00a0-ffff-ffff00000003"}
&amp#27;[35m[HTTP]&amp#27;[39m &amp#27;[37m<-- POST /wd/hub/session/1900ec2c-416d-476d-9ebe-0795afa97fa8/element &amp#27;[39m&amp#27;[32m200&amp#27;[39m &amp#27;[90m721 ms - 137&amp#27;[39m
&amp#27;[35m[HTTP]&amp#27;[39m &amp#27;[90m&amp#27;[39m
&amp#27;[35m[HTTP]&amp#27;[39m &amp#27;[37m-->&amp#27;[39m &amp#27;[37mGET&amp#27;[39m &amp#27;[37m/wd/hub/session/1900ec2c-416d-476d-9ebe-0795afa97fa8/element/00000000-0000-00a0-ffff-ffff00000003/text&amp#27;[39m
&amp#27;[35m[HTTP]&amp#27;[39m &amp#27;[90m{}&amp#27;[39m
&amp#27;[35m[AndroidUiautomator2Driver@08d9 (1900ec2c)]&amp#27;[39m Driver proxy active, passing request on via HTTP proxy
[debug] &amp#27;[35m[AndroidUiautomator2Driver@08d9 (1900ec2c)]&amp#27;[39m Matched '/wd/hub/session/1900ec2c-416d-476d-9ebe-0795afa97fa8/element/00000000-0000-00a0-ffff-ffff00000003/text' to command name 'getText'
[debug] &amp#27;[35m[AndroidUiautomator2Driver@08d9 (1900ec2c)]&amp#27;[39m Proxying [GET /wd/hub/session/1900ec2c-416d-476d-9ebe-0795afa97fa8/element/00000000-0000-00a0-ffff-ffff00000003/text] to [GET http://127.0.0.1:8200/session/db22a7c0-2320-4369-8011-1dc9eb44d7d6/element/00000000-0000-00a0-ffff-ffff00000003/text] with no body
[debug] &amp#27;[35m[AndroidUiautomator2Driver@08d9 (1900ec2c)]&amp#27;[39m Got response with status 200: {"sessionId":"db22a7c0-2320-4369-8011-1dc9eb44d7d6","value":"selendroid-test-app"}
&amp#27;[35m[AndroidUiautomator2Driver@08d9 (1900ec2c)]&amp#27;[39m Replacing sessionId db22a7c0-2320-4369-8011-1dc9eb44d7d6 with 1900ec2c-416d-476d-9ebe-0795afa97fa8
&amp#27;[35m[HTTP]&amp#27;[39m &amp#27;[37m<-- GET /wd/hub/session/1900ec2c-416d-476d-9ebe-0795afa97fa8/element/00000000-0000-00a0-ffff-ffff00000003/text &amp#27;[39m&amp#27;[32m200&amp#27;[39m &amp#27;[90m29 ms - 82&amp#27;[39m
&amp#27;[35m[HTTP]&amp#27;[39m &amp#27;[90m&amp#27;[39m
&amp#27;[35m[HTTP]&amp#27;[39m &amp#27;[37m-->&amp#27;[39m &amp#27;[37mGET&amp#27;[39m &amp#27;[37m/wd/hub/session/1900ec2c-416d-476d-9ebe-0795afa97fa8/context&amp#27;[39m
&amp#27;[35m[HTTP]&amp#27;[39m &amp#27;[90m{}&amp#27;[39m
[debug] &amp#27;[35m[AndroidUiautomator2Driver@08d9 (1900ec2c)]&amp#27;[39m Calling AppiumDriver.getCurrentContext() with args: ["1900ec2c-416d-476d-9ebe-0795afa97fa8"]
[debug] &amp#27;[35m[AndroidUiautomator2Driver@08d9 (1900ec2c)]&amp#27;[39m Responding to client with driver.getCurrentContext() result: "NATIVE_APP"
&amp#27;[35m[HTTP]&amp#27;[39m &amp#27;[37m<-- GET /wd/hub/session/1900ec2c-416d-476d-9ebe-0795afa97fa8/context &amp#27;[39m&amp#27;[32m200&amp#27;[39m &amp#27;[90m3 ms - 22&amp#27;[39m
&amp#27;[35m[HTTP]&amp#27;[39m &amp#27;[90m&amp#27;[39m
&amp#27;[35m[HTTP]&amp#27;[39m &amp#27;[37m-->&amp#27;[39m &amp#27;[37mPOST&amp#27;[39m &amp#27;[37m/wd/hub/session/1900ec2c-416d-476d-9ebe-0795afa97fa8/element&amp#27;[39m
&amp#27;[35m[HTTP]&amp#27;[39m &amp#27;[90m{"using":"accessibility id","value":"l10nCD"}&amp#27;[39m
[debug] &amp#27;[35m[AndroidUiautomator2Driver@08d9 (1900ec2c)]&amp#27;[39m Calling AppiumDriver.findElement() with args: ["accessibility id","l10nCD","1900ec2c-416d-476d-9ebe-0795afa97fa8"]
[debug] &amp#27;[35m[AndroidUiautomator2Driver@08d9 (1900ec2c)]&amp#27;[39m Valid locator strategies for this request: xpath, id, class name, accessibility id, css selector, -android uiautomator
[debug] &amp#27;[35m[AndroidUiautomator2Driver@08d9 (1900ec2c)]&amp#27;[39m Waiting up to 5000 ms for condition
[debug] &amp#27;[35m[AndroidUiautomator2Driver@08d9 (1900ec2c)]&amp#27;[39m Matched '/element' to command name 'findElement'
[debug] &amp#27;[35m[AndroidUiautomator2Driver@08d9 (1900ec2c)]&amp#27;[39m Proxying [POST /element] to [POST http://127.0.0.1:8200/session/db22a7c0-2320-4369-8011-1dc9eb44d7d6/element] with body: {"strategy":"accessibility id","selector":"l10nCD","context":"","multiple":false}
[debug] &amp#27;[35m[AndroidUiautomator2Driver@08d9 (1900ec2c)]&amp#27;[39m Got response with status 200: {"sessionId":"db22a7c0-2320-4369-8011-1dc9eb44d7d6","value":{"ELEMENT":"00000000-0000-00a0-ffff-ffff00000007","element-6066-11e4-a52e-4f735466cecf":"00000000-0000-00a0-ffff-ffff00000007"}}
[debug] &amp#27;[35m[AndroidUiautomator2Driver@08d9 (1900ec2c)]&amp#27;[39m Responding to client with driver.findElement() result: {"element-6066-11e4-a52e-4f735466cecf":"00000000-0000-00a0-ffff-ffff00000007","ELEMENT":"00000000-0000-00a0-ffff-ffff00000007"}
&amp#27;[35m[HTTP]&amp#27;[39m &amp#27;[37m<-- POST /wd/hub/session/1900ec2c-416d-476d-9ebe-0795afa97fa8/element &amp#27;[39m&amp#27;[32m200&amp#27;[39m &amp#27;[90m32 ms - 137&amp#27;[39m
&amp#27;[35m[HTTP]&amp#27;[39m &amp#27;[90m&amp#27;[39m
&amp#27;[35m[HTTP]&amp#27;[39m &amp#27;[37m-->&amp#27;[39m &amp#27;[37mGET&amp#27;[39m &amp#27;[37m/wd/hub/session/1900ec2c-416d-476d-9ebe-0795afa97fa8/element/00000000-0000-00a0-ffff-ffff00000007/displayed&amp#27;[39m
&amp#27;[35m[HTTP]&amp#27;[39m &amp#27;[90m{}&amp#27;[39m
[debug] &amp#27;[35m[AndroidUiautomator2Driver@08d9 (1900ec2c)]&amp#27;[39m Calling AppiumDriver.elementDisplayed() with args: ["00000000-0000-00a0-ffff-ffff00000007","1900ec2c-416d-476d-9ebe-0795afa97fa8"]
[debug] &amp#27;[35m[AndroidUiautomator2Driver@08d9 (1900ec2c)]&amp#27;[39m Matched '/element/00000000-0000-00a0-ffff-ffff00000007/attribute/displayed' to command name 'getAttribute'
[debug] &amp#27;[35m[AndroidUiautomator2Driver@08d9 (1900ec2c)]&amp#27;[39m Proxying [GET /element/00000000-0000-00a0-ffff-ffff00000007/attribute/displayed] to [GET http://127.0.0.1:8200/session/db22a7c0-2320-4369-8011-1dc9eb44d7d6/element/00000000-0000-00a0-ffff-ffff00000007/attribute/displayed] with no body
[debug] &amp#27;[35m[AndroidUiautomator2Driver@08d9 (1900ec2c)]&amp#27;[39m Got response with status 200: {"sessionId":"db22a7c0-2320-4369-8011-1dc9eb44d7d6","value":"true"}
[debug] &amp#27;[35m[AndroidUiautomator2Driver@08d9 (1900ec2c)]&amp#27;[39m Responding to client with driver.elementDisplayed() result: true
&amp#27;[35m[HTTP]&amp#27;[39m &amp#27;[37m<-- GET /wd/hub/session/1900ec2c-416d-476d-9ebe-0795afa97fa8/element/00000000-0000-00a0-ffff-ffff00000007/displayed &amp#27;[39m&amp#27;[32m200&amp#27;[39m &amp#27;[90m20 ms - 14&amp#27;[39m
&amp#27;[35m[HTTP]&amp#27;[39m &amp#27;[90m&amp#27;[39m
&amp#27;[35m[HTTP]&amp#27;[39m &amp#27;[37m-->&amp#27;[39m &amp#27;[37mPOST&amp#27;[39m &amp#27;[37m/wd/hub/session/1900ec2c-416d-476d-9ebe-0795afa97fa8/timeouts&amp#27;[39m
&amp#27;[35m[HTTP]&amp#27;[39m &amp#27;[90m{"implicit":5000}&amp#27;[39m
[debug] &amp#27;[35m[AndroidUiautomator2Driver@08d9 (1900ec2c)]&amp#27;[39m Calling AppiumDriver.timeouts() with args: [null,null,null,null,5000,"1900ec2c-416d-476d-9ebe-0795afa97fa8"]
[debug] &amp#27;[35m[AndroidUiautomator2Driver@08d9 (1900ec2c)]&amp#27;[39m W3C timeout argument: {"implicit":5000}}
[debug] &amp#27;[35m[AndroidUiautomator2Driver@08d9 (1900ec2c)]&amp#27;[39m Set implicit wait to 5000ms
[debug] &amp#27;[35m[AndroidUiautomator2Driver@08d9 (1900ec2c)]&amp#27;[39m Responding to client with driver.timeouts() result: null
&amp#27;[35m[HTTP]&amp#27;[39m &amp#27;[37m<-- POST /wd/hub/session/1900ec2c-416d-476d-9ebe-0795afa97fa8/timeouts &amp#27;[39m&amp#27;[32m200&amp#27;[39m &amp#27;[90m2 ms - 14&amp#27;[39m
&amp#27;[35m[HTTP]&amp#27;[39m &amp#27;[90m&amp#27;[39m
&amp#27;[35m[HTTP]&amp#27;[39m &amp#27;[37m-->&amp#27;[39m &amp#27;[37mGET&amp#27;[39m &amp#27;[37m/wd/hub/session/1900ec2c-416d-476d-9ebe-0795afa97fa8/context&amp#27;[39m
&amp#27;[35m[HTTP]&amp#27;[39m &amp#27;[90m{}&amp#27;[39m
[debug] &amp#27;[35m[AndroidUiautomator2Driver@08d9 (1900ec2c)]&amp#27;[39m Calling AppiumDriver.getCurrentContext() with args: ["1900ec2c-416d-476d-9ebe-0795afa97fa8"]
[debug] &amp#27;[35m[AndroidUiautomator2Driver@08d9 (1900ec2c)]&amp#27;[39m Responding to client with driver.getCurrentContext() result: "NATIVE_APP"
&amp#27;[35m[HTTP]&amp#27;[39m &amp#27;[37m<-- GET /wd/hub/session/1900ec2c-416d-476d-9ebe-0795afa97fa8/context &amp#27;[39m&amp#27;[32m200&amp#27;[39m &amp#27;[90m2 ms - 22&amp#27;[39m
&amp#27;[35m[HTTP]&amp#27;[39m &amp#27;[90m&amp#27;[39m
&amp#27;[35m[HTTP]&amp#27;[39m &amp#27;[37m-->&amp#27;[39m &amp#27;[37mPOST&amp#27;[39m &amp#27;[37m/wd/hub/session/1900ec2c-416d-476d-9ebe-0795afa97fa8/element&amp#27;[39m
&amp#27;[35m[HTTP]&amp#27;[39m &amp#27;[90m{"using":"accessibility id","value":"buttonTestCD"}&amp#27;[39m
[debug] &amp#27;[35m[AndroidUiautomator2Driver@08d9 (1900ec2c)]&amp#27;[39m Calling AppiumDriver.findElement() with args: ["accessibility id","buttonTestCD","1900ec2c-416d-476d-9ebe-0795afa97fa8"]
[debug] &amp#27;[35m[AndroidUiautomator2Driver@08d9 (1900ec2c)]&amp#27;[39m Valid locator strategies for this request: xpath, id, class name, accessibility id, css selector, -android uiautomator
[debug] &amp#27;[35m[AndroidUiautomator2Driver@08d9 (1900ec2c)]&amp#27;[39m Waiting up to 5000 ms for condition
[debug] &amp#27;[35m[AndroidUiautomator2Driver@08d9 (1900ec2c)]&amp#27;[39m Matched '/element' to command name 'findElement'
[debug] &amp#27;[35m[AndroidUiautomator2Driver@08d9 (1900ec2c)]&amp#27;[39m Proxying [POST /element] to [POST http://127.0.0.1:8200/session/db22a7c0-2320-4369-8011-1dc9eb44d7d6/element] with body: {"strategy":"accessibility id","selector":"buttonTestCD","context":"","multiple":false}
[debug] &amp#27;[35m[AndroidUiautomator2Driver@08d9 (1900ec2c)]&amp#27;[39m Got response with status 200: {"sessionId":"db22a7c0-2320-4369-8011-1dc9eb44d7d6","value":{"ELEMENT":"00000000-0000-00a0-ffff-ffff00000009","element-6066-11e4-a52e-4f735466cecf":"00000000-0000-00a0-ffff-ffff00000009"}}
[debug] &amp#27;[35m[AndroidUiautomator2Driver@08d9 (1900ec2c)]&amp#27;[39m Responding to client with driver.findElement() result: {"element-6066-11e4-a52e-4f735466cecf":"00000000-0000-00a0-ffff-ffff00000009","ELEMENT":"00000000-0000-00a0-ffff-ffff00000009"}
&amp#27;[35m[HTTP]&amp#27;[39m &amp#27;[37m<-- POST /wd/hub/session/1900ec2c-416d-476d-9ebe-0795afa97fa8/element &amp#27;[39m&amp#27;[32m200&amp#27;[39m &amp#27;[90m38 ms - 137&amp#27;[39m
&amp#27;[35m[HTTP]&amp#27;[39m &amp#27;[90m&amp#27;[39m
&amp#27;[35m[HTTP]&amp#27;[39m &amp#27;[37m-->&amp#27;[39m &amp#27;[37mGET&amp#27;[39m &amp#27;[37m/wd/hub/session/1900ec2c-416d-476d-9ebe-0795afa97fa8/element/00000000-0000-00a0-ffff-ffff00000009/text&amp#27;[39m
&amp#27;[35m[HTTP]&amp#27;[39m &amp#27;[90m{}&amp#27;[39m
&amp#27;[35m[AndroidUiautomator2Driver@08d9 (1900ec2c)]&amp#27;[39m Driver proxy active, passing request on via HTTP proxy
[debug] &amp#27;[35m[AndroidUiautomator2Driver@08d9 (1900ec2c)]&amp#27;[39m Matched '/wd/hub/session/1900ec2c-416d-476d-9ebe-0795afa97fa8/element/00000000-0000-00a0-ffff-ffff00000009/text' to command name 'getText'
[debug] &amp#27;[35m[AndroidUiautomator2Driver@08d9 (1900ec2c)]&amp#27;[39m Proxying [GET /wd/hub/session/1900ec2c-416d-476d-9ebe-0795afa97fa8/element/00000000-0000-00a0-ffff-ffff00000009/text] to [GET http://127.0.0.1:8200/session/db22a7c0-2320-4369-8011-1dc9eb44d7d6/element/00000000-0000-00a0-ffff-ffff00000009/text] with no body
[debug] &amp#27;[35m[AndroidUiautomator2Driver@08d9 (1900ec2c)]&amp#27;[39m Got response with status 200: {"sessionId":"db22a7c0-2320-4369-8011-1dc9eb44d7d6","value":"EN Button"}
&amp#27;[35m[AndroidUiautomator2Driver@08d9 (1900ec2c)]&amp#27;[39m Replacing sessionId db22a7c0-2320-4369-8011-1dc9eb44d7d6 with 1900ec2c-416d-476d-9ebe-0795afa97fa8
&amp#27;[35m[HTTP]&amp#27;[39m &amp#27;[37m<-- GET /wd/hub/session/1900ec2c-416d-476d-9ebe-0795afa97fa8/element/00000000-0000-00a0-ffff-ffff00000009/text &amp#27;[39m&amp#27;[32m200&amp#27;[39m &amp#27;[90m15 ms - 72&amp#27;[39m
&amp#27;[35m[HTTP]&amp#27;[39m &amp#27;[90m&amp#27;[39m
&amp#27;[35m[HTTP]&amp#27;[39m &amp#27;[37m-->&amp#27;[39m &amp#27;[37mGET&amp#27;[39m &amp#27;[37m/wd/hub/session/1900ec2c-416d-476d-9ebe-0795afa97fa8/context&amp#27;[39m
&amp#27;[35m[HTTP]&amp#27;[39m &amp#27;[90m{}&amp#27;[39m
[debug] &amp#27;[35m[AndroidUiautomator2Driver@08d9 (1900ec2c)]&amp#27;[39m Calling AppiumDriver.getCurrentContext() with args: ["1900ec2c-416d-476d-9ebe-0795afa97fa8"]
[debug] &amp#27;[35m[AndroidUiautomator2Driver@08d9 (1900ec2c)]&amp#27;[39m Responding to client with driver.getCurrentContext() result: "NATIVE_APP"
&amp#27;[35m[HTTP]&amp#27;[39m &amp#27;[37m<-- GET /wd/hub/session/1900ec2c-416d-476d-9ebe-0795afa97fa8/context &amp#27;[39m&amp#27;[32m200&amp#27;[39m &amp#27;[90m1 ms - 22&amp#27;[39m
&amp#27;[35m[HTTP]&amp#27;[39m &amp#27;[90m&amp#27;[39m
&amp#27;[35m[HTTP]&amp#27;[39m &amp#27;[37m-->&amp#27;[39m &amp#27;[37mPOST&amp#27;[39m &amp#27;[37m/wd/hub/session/1900ec2c-416d-476d-9ebe-0795afa97fa8/element&amp#27;[39m
&amp#27;[35m[HTTP]&amp#27;[39m &amp#27;[90m{"using":"id","value":"buttonStartWebview"}&amp#27;[39m
[debug] &amp#27;[35m[AndroidUiautomator2Driver@08d9 (1900ec2c)]&amp#27;[39m Calling AppiumDriver.findElement() with args: ["id","buttonStartWebview","1900ec2c-416d-476d-9ebe-0795afa97fa8"]
[debug] &amp#27;[35m[AndroidUiautomator2Driver@08d9 (1900ec2c)]&amp#27;[39m Valid locator strategies for this request: xpath, id, class name, accessibility id, css selector, -android uiautomator
[debug] &amp#27;[35m[AndroidUiautomator2Driver@08d9 (1900ec2c)]&amp#27;[39m Waiting up to 5000 ms for condition
[debug] &amp#27;[35m[AndroidUiautomator2Driver@08d9 (1900ec2c)]&amp#27;[39m Matched '/element' to command name 'findElement'
[debug] &amp#27;[35m[AndroidUiautomator2Driver@08d9 (1900ec2c)]&amp#27;[39m Proxying [POST /element] to [POST http://127.0.0.1:8200/session/db22a7c0-2320-4369-8011-1dc9eb44d7d6/element] with body: {"strategy":"id","selector":"buttonStartWebview","context":"","multiple":false}
[debug] &amp#27;[35m[AndroidUiautomator2Driver@08d9 (1900ec2c)]&amp#27;[39m Got response with status 200: {"sessionId":"db22a7c0-2320-4369-8011-1dc9eb44d7d6","value":{"ELEMENT":"00000000-0000-00a0-ffff-ffff0000000b","element-6066-11e4-a52e-4f735466cecf":"00000000-0000-00a0-ffff-ffff0000000b"}}
[debug] &amp#27;[35m[AndroidUiautomator2Driver@08d9 (1900ec2c)]&amp#27;[39m Responding to client with driver.findElement() result: {"element-6066-11e4-a52e-4f735466cecf":"00000000-0000-00a0-ffff-ffff0000000b","ELEMENT":"00000000-0000-00a0-ffff-ffff0000000b"}
&amp#27;[35m[HTTP]&amp#27;[39m &amp#27;[37m<-- POST /wd/hub/session/1900ec2c-416d-476d-9ebe-0795afa97fa8/element &amp#27;[39m&amp#27;[32m200&amp#27;[39m &amp#27;[90m30 ms - 137&amp#27;[39m
&amp#27;[35m[HTTP]&amp#27;[39m &amp#27;[90m&amp#27;[39m
&amp#27;[35m[HTTP]&amp#27;[39m &amp#27;[37m-->&amp#27;[39m &amp#27;[37mGET&amp#27;[39m &amp#27;[37m/wd/hub/session/1900ec2c-416d-476d-9ebe-0795afa97fa8/element/00000000-0000-00a0-ffff-ffff0000000b/displayed&amp#27;[39m
&amp#27;[35m[HTTP]&amp#27;[39m &amp#27;[90m{}&amp#27;[39m
[debug] &amp#27;[35m[AndroidUiautomator2Driver@08d9 (1900ec2c)]&amp#27;[39m Calling AppiumDriver.elementDisplayed() with args: ["00000000-0000-00a0-ffff-ffff0000000b","1900ec2c-416d-476d-9ebe-0795afa97fa8"]
[debug] &amp#27;[35m[AndroidUiautomator2Driver@08d9 (1900ec2c)]&amp#27;[39m Matched '/element/00000000-0000-00a0-ffff-ffff0000000b/attribute/displayed' to command name 'getAttribute'
[debug] &amp#27;[35m[AndroidUiautomator2Driver@08d9 (1900ec2c)]&amp#27;[39m Proxying [GET /element/00000000-0000-00a0-ffff-ffff0000000b/attribute/displayed] to [GET http://127.0.0.1:8200/session/db22a7c0-2320-4369-8011-1dc9eb44d7d6/element/00000000-0000-00a0-ffff-ffff0000000b/attribute/displayed] with no body
[debug] &amp#27;[35m[AndroidUiautomator2Driver@08d9 (1900ec2c)]&amp#27;[39m Got response with status 200: {"sessionId":"db22a7c0-2320-4369-8011-1dc9eb44d7d6","value":"true"}
[debug] &amp#27;[35m[AndroidUiautomator2Driver@08d9 (1900ec2c)]&amp#27;[39m Responding to client with driver.elementDisplayed() result: true
&amp#27;[35m[HTTP]&amp#27;[39m &amp#27;[37m<-- GET /wd/hub/session/1900ec2c-416d-476d-9ebe-0795afa97fa8/element/00000000-0000-00a0-ffff-ffff0000000b/displayed &amp#27;[39m&amp#27;[32m200&amp#27;[39m &amp#27;[90m12 ms - 14&amp#27;[39m
&amp#27;[35m[HTTP]&amp#27;[39m &amp#27;[90m&amp#27;[39m
&amp#27;[35m[HTTP]&amp#27;[39m &amp#27;[37m-->&amp#27;[39m &amp#27;[37mPOST&amp#27;[39m &amp#27;[37m/wd/hub/session/1900ec2c-416d-476d-9ebe-0795afa97fa8/timeouts&amp#27;[39m
&amp#27;[35m[HTTP]&amp#27;[39m &amp#27;[90m{"implicit":5000}&amp#27;[39m
[debug] &amp#27;[35m[AndroidUiautomator2Driver@08d9 (1900ec2c)]&amp#27;[39m Calling AppiumDriver.timeouts() with args: [null,null,null,null,5000,"1900ec2c-416d-476d-9ebe-0795afa97fa8"]
[debug] &amp#27;[35m[AndroidUiautomator2Driver@08d9 (1900ec2c)]&amp#27;[39m W3C timeout argument: {"implicit":5000}}
[debug] &amp#27;[35m[AndroidUiautomator2Driver@08d9 (1900ec2c)]&amp#27;[39m Set implicit wait to 5000ms
[debug] &amp#27;[35m[AndroidUiautomator2Driver@08d9 (1900ec2c)]&amp#27;[39m Responding to client with driver.timeouts() result: null
&amp#27;[35m[HTTP]&amp#27;[39m &amp#27;[37m<-- POST /wd/hub/session/1900ec2c-416d-476d-9ebe-0795afa97fa8/timeouts &amp#27;[39m&amp#27;[32m200&amp#27;[39m &amp#27;[90m2 ms - 14&amp#27;[39m
&amp#27;[35m[HTTP]&amp#27;[39m &amp#27;[90m&amp#27;[39m
&amp#27;[35m[HTTP]&amp#27;[39m &amp#27;[37m-->&amp#27;[39m &amp#27;[37mGET&amp#27;[39m &amp#27;[37m/wd/hub/session/1900ec2c-416d-476d-9ebe-0795afa97fa8/context&amp#27;[39m
&amp#27;[35m[HTTP]&amp#27;[39m &amp#27;[90m{}&amp#27;[39m
[debug] &amp#27;[35m[AndroidUiautomator2Driver@08d9 (1900ec2c)]&amp#27;[39m Calling AppiumDriver.getCurrentContext() with args: ["1900ec2c-416d-476d-9ebe-0795afa97fa8"]
[debug] &amp#27;[35m[AndroidUiautomator2Driver@08d9 (1900ec2c)]&amp#27;[39m Responding to client with driver.getCurrentContext() result: "NATIVE_APP"
&amp#27;[35m[HTTP]&amp#27;[39m &amp#27;[37m<-- GET /wd/hub/session/1900ec2c-416d-476d-9ebe-0795afa97fa8/context &amp#27;[39m&amp#27;[32m200&amp#27;[39m &amp#27;[90m1 ms - 22&amp#27;[39m
&amp#27;[35m[HTTP]&amp#27;[39m &amp#27;[90m&amp#27;[39m
&amp#27;[35m[HTTP]&amp#27;[39m &amp#27;[37m-->&amp#27;[39m &amp#27;[37mPOST&amp#27;[39m &amp#27;[37m/wd/hub/session/1900ec2c-416d-476d-9ebe-0795afa97fa8/element&amp#27;[39m
&amp#27;[35m[HTTP]&amp#27;[39m &amp#27;[90m{"using":"id","value":"startUserRegistration"}&amp#27;[39m
[debug] &amp#27;[35m[AndroidUiautomator2Driver@08d9 (1900ec2c)]&amp#27;[39m Calling AppiumDriver.findElement() with args: ["id","startUserRegistration","1900ec2c-416d-476d-9ebe-0795afa97fa8"]
[debug] &amp#27;[35m[AndroidUiautomator2Driver@08d9 (1900ec2c)]&amp#27;[39m Valid locator strategies for this request: xpath, id, class name, accessibility id, css selector, -android uiautomator
[debug] &amp#27;[35m[AndroidUiautomator2Driver@08d9 (1900ec2c)]&amp#27;[39m Waiting up to 5000 ms for condition
[debug] &amp#27;[35m[AndroidUiautomator2Driver@08d9 (1900ec2c)]&amp#27;[39m Matched '/element' to command name 'findElement'
[debug] &amp#27;[35m[AndroidUiautomator2Driver@08d9 (1900ec2c)]&amp#27;[39m Proxying [POST /element] to [POST http://127.0.0.1:8200/session/db22a7c0-2320-4369-8011-1dc9eb44d7d6/element] with body: {"strategy":"id","selector":"startUserRegistration","context":"","multiple":false}
[debug] &amp#27;[35m[AndroidUiautomator2Driver@08d9 (1900ec2c)]&amp#27;[39m Got response with status 200: {"sessionId":"db22a7c0-2320-4369-8011-1dc9eb44d7d6","value":{"ELEMENT":"00000000-0000-00a0-ffff-ffff0000000c","element-6066-11e4-a52e-4f735466cecf":"00000000-0000-00a0-ffff-ffff0000000c"}}
[debug] &amp#27;[35m[AndroidUiautomator2Driver@08d9 (1900ec2c)]&amp#27;[39m Responding to client with driver.findElement() result: {"element-6066-11e4-a52e-4f735466cecf":"00000000-0000-00a0-ffff-ffff0000000c","ELEMENT":"00000000-0000-00a0-ffff-ffff0000000c"}
&amp#27;[35m[HTTP]&amp#27;[39m &amp#27;[37m<-- POST /wd/hub/session/1900ec2c-416d-476d-9ebe-0795afa97fa8/element &amp#27;[39m&amp#27;[32m200&amp#27;[39m &amp#27;[90m27 ms - 137&amp#27;[39m
&amp#27;[35m[HTTP]&amp#27;[39m &amp#27;[90m&amp#27;[39m
&amp#27;[35m[HTTP]&amp#27;[39m &amp#27;[37m-->&amp#27;[39m &amp#27;[37mGET&amp#27;[39m &amp#27;[37m/wd/hub/session/1900ec2c-416d-476d-9ebe-0795afa97fa8/element/00000000-0000-00a0-ffff-ffff0000000c/displayed&amp#27;[39m
&amp#27;[35m[HTTP]&amp#27;[39m &amp#27;[90m{}&amp#27;[39m
[debug] &amp#27;[35m[AndroidUiautomator2Driver@08d9 (1900ec2c)]&amp#27;[39m Calling AppiumDriver.elementDisplayed() with args: ["00000000-0000-00a0-ffff-ffff0000000c","1900ec2c-416d-476d-9ebe-0795afa97fa8"]
[debug] &amp#27;[35m[AndroidUiautomator2Driver@08d9 (1900ec2c)]&amp#27;[39m Matched '/element/00000000-0000-00a0-ffff-ffff0000000c/attribute/displayed' to command name 'getAttribute'
[debug] &amp#27;[35m[AndroidUiautomator2Driver@08d9 (1900ec2c)]&amp#27;[39m Proxying [GET /element/00000000-0000-00a0-ffff-ffff0000000c/attribute/displayed] to [GET http://127.0.0.1:8200/session/db22a7c0-2320-4369-8011-1dc9eb44d7d6/element/00000000-0000-00a0-ffff-ffff0000000c/attribute/displayed] with no body
[debug] &amp#27;[35m[AndroidUiautomator2Driver@08d9 (1900ec2c)]&amp#27;[39m Got response with status 200: {"sessionId":"db22a7c0-2320-4369-8011-1dc9eb44d7d6","value":"true"}
[debug] &amp#27;[35m[AndroidUiautomator2Driver@08d9 (1900ec2c)]&amp#27;[39m Responding to client with driver.elementDisplayed() result: true
&amp#27;[35m[HTTP]&amp#27;[39m &amp#27;[37m<-- GET /wd/hub/session/1900ec2c-416d-476d-9ebe-0795afa97fa8/element/00000000-0000-00a0-ffff-ffff0000000c/displayed &amp#27;[39m&amp#27;[32m200&amp#27;[39m &amp#27;[90m14 ms - 14&amp#27;[39m
&amp#27;[35m[HTTP]&amp#27;[39m &amp#27;[90m&amp#27;[39m
&amp#27;[35m[HTTP]&amp#27;[39m &amp#27;[37m-->&amp#27;[39m &amp#27;[37mPOST&amp#27;[39m &amp#27;[37m/wd/hub/session/1900ec2c-416d-476d-9ebe-0795afa97fa8/timeouts&amp#27;[39m
&amp#27;[35m[HTTP]&amp#27;[39m &amp#27;[90m{"implicit":5000}&amp#27;[39m
[debug] &amp#27;[35m[AndroidUiautomator2Driver@08d9 (1900ec2c)]&amp#27;[39m Calling AppiumDriver.timeouts() with args: [null,null,null,null,5000,"1900ec2c-416d-476d-9ebe-0795afa97fa8"]
[debug] &amp#27;[35m[AndroidUiautomator2Driver@08d9 (1900ec2c)]&amp#27;[39m W3C timeout argument: {"implicit":5000}}
[debug] &amp#27;[35m[AndroidUiautomator2Driver@08d9 (1900ec2c)]&amp#27;[39m Set implicit wait to 5000ms
[debug] &amp#27;[35m[AndroidUiautomator2Driver@08d9 (1900ec2c)]&amp#27;[39m Responding to client with driver.timeouts() result: null
&amp#27;[35m[HTTP]&amp#27;[39m &amp#27;[37m<-- POST /wd/hub/session/1900ec2c-416d-476d-9ebe-0795afa97fa8/timeouts &amp#27;[39m&amp#27;[32m200&amp#27;[39m &amp#27;[90m1 ms - 14&amp#27;[39m
&amp#27;[35m[HTTP]&amp#27;[39m &amp#27;[90m&amp#27;[39m
&amp#27;[35m[HTTP]&amp#27;[39m &amp#27;[37m-->&amp#27;[39m &amp#27;[37mGET&amp#27;[39m &amp#27;[37m/wd/hub/session/1900ec2c-416d-476d-9ebe-0795afa97fa8/context&amp#27;[39m
&amp#27;[35m[HTTP]&amp#27;[39m &amp#27;[90m{}&amp#27;[39m
[debug] &amp#27;[35m[AndroidUiautomator2Driver@08d9 (1900ec2c)]&amp#27;[39m Calling AppiumDriver.getCurrentContext() with args: ["1900ec2c-416d-476d-9ebe-0795afa97fa8"]
[debug] &amp#27;[35m[AndroidUiautomator2Driver@08d9 (1900ec2c)]&amp#27;[39m Responding to client with driver.getCurrentContext() result: "NATIVE_APP"
&amp#27;[35m[HTTP]&amp#27;[39m &amp#27;[37m<-- GET /wd/hub/session/1900ec2c-416d-476d-9ebe-0795afa97fa8/context &amp#27;[39m&amp#27;[32m200&amp#27;[39m &amp#27;[90m1 ms - 22&amp#27;[39m
&amp#27;[35m[HTTP]&amp#27;[39m &amp#27;[90m&amp#27;[39m
&amp#27;[35m[HTTP]&amp#27;[39m &amp#27;[37m-->&amp#27;[39m &amp#27;[37mPOST&amp#27;[39m &amp#27;[37m/wd/hub/session/1900ec2c-416d-476d-9ebe-0795afa97fa8/element&amp#27;[39m
&amp#27;[35m[HTTP]&amp#27;[39m &amp#27;[90m{"using":"accessibility id","value":"my_text_fieldCD"}&amp#27;[39m
[debug] &amp#27;[35m[AndroidUiautomator2Driver@08d9 (1900ec2c)]&amp#27;[39m Calling AppiumDriver.findElement() with args: ["accessibility id","my_text_fieldCD","1900ec2c-416d-476d-9ebe-0795afa97fa8"]
[debug] &amp#27;[35m[AndroidUiautomator2Driver@08d9 (1900ec2c)]&amp#27;[39m Valid locator strategies for this request: xpath, id, class name, accessibility id, css selector, -android uiautomator
[debug] &amp#27;[35m[AndroidUiautomator2Driver@08d9 (1900ec2c)]&amp#27;[39m Waiting up to 5000 ms for condition
[debug] &amp#27;[35m[AndroidUiautomator2Driver@08d9 (1900ec2c)]&amp#27;[39m Matched '/element' to command name 'findElement'
[debug] &amp#27;[35m[AndroidUiautomator2Driver@08d9 (1900ec2c)]&amp#27;[39m Proxying [POST /element] to [POST http://127.0.0.1:8200/session/db22a7c0-2320-4369-8011-1dc9eb44d7d6/element] with body: {"strategy":"accessibility id","selector":"my_text_fieldCD","context":"","multiple":false}
[debug] &amp#27;[35m[AndroidUiautomator2Driver@08d9 (1900ec2c)]&amp#27;[39m Got response with status 200: {"sessionId":"db22a7c0-2320-4369-8011-1dc9eb44d7d6","value":{"ELEMENT":"00000000-0000-00a0-ffff-ffff0000000d","element-6066-11e4-a52e-4f735466cecf":"00000000-0000-00a0-ffff-ffff0000000d"}}
[debug] &amp#27;[35m[AndroidUiautomator2Driver@08d9 (1900ec2c)]&amp#27;[39m Responding to client with driver.findElement() result: {"element-6066-11e4-a52e-4f735466cecf":"00000000-0000-00a0-ffff-ffff0000000d","ELEMENT":"00000000-0000-00a0-ffff-ffff0000000d"}
&amp#27;[35m[HTTP]&amp#27;[39m &amp#27;[37m<-- POST /wd/hub/session/1900ec2c-416d-476d-9ebe-0795afa97fa8/element &amp#27;[39m&amp#27;[32m200&amp#27;[39m &amp#27;[90m29 ms - 137&amp#27;[39m
&amp#27;[35m[HTTP]&amp#27;[39m &amp#27;[90m&amp#27;[39m
&amp#27;[35m[HTTP]&amp#27;[39m &amp#27;[37m-->&amp#27;[39m &amp#27;[37mGET&amp#27;[39m &amp#27;[37m/wd/hub/session/1900ec2c-416d-476d-9ebe-0795afa97fa8/element/00000000-0000-00a0-ffff-ffff0000000d/displayed&amp#27;[39m
&amp#27;[35m[HTTP]&amp#27;[39m &amp#27;[90m{}&amp#27;[39m
[debug] &amp#27;[35m[AndroidUiautomator2Driver@08d9 (1900ec2c)]&amp#27;[39m Calling AppiumDriver.elementDisplayed() with args: ["00000000-0000-00a0-ffff-ffff0000000d","1900ec2c-416d-476d-9ebe-0795afa97fa8"]
[debug] &amp#27;[35m[AndroidUiautomator2Driver@08d9 (1900ec2c)]&amp#27;[39m Matched '/element/00000000-0000-00a0-ffff-ffff0000000d/attribute/displayed' to command name 'getAttribute'
[debug] &amp#27;[35m[AndroidUiautomator2Driver@08d9 (1900ec2c)]&amp#27;[39m Proxying [GET /element/00000000-0000-00a0-ffff-ffff0000000d/attribute/displayed] to [GET http://127.0.0.1:8200/session/db22a7c0-2320-4369-8011-1dc9eb44d7d6/element/00000000-0000-00a0-ffff-ffff0000000d/attribute/displayed] with no body
[debug] &amp#27;[35m[AndroidUiautomator2Driver@08d9 (1900ec2c)]&amp#27;[39m Got response with status 200: {"sessionId":"db22a7c0-2320-4369-8011-1dc9eb44d7d6","value":"true"}
[debug] &amp#27;[35m[AndroidUiautomator2Driver@08d9 (1900ec2c)]&amp#27;[39m Responding to client with driver.elementDisplayed() result: true
&amp#27;[35m[HTTP]&amp#27;[39m &amp#27;[37m<-- GET /wd/hub/session/1900ec2c-416d-476d-9ebe-0795afa97fa8/element/00000000-0000-00a0-ffff-ffff0000000d/displayed &amp#27;[39m&amp#27;[32m200&amp#27;[39m &amp#27;[90m18 ms - 14&amp#27;[39m
&amp#27;[35m[HTTP]&amp#27;[39m &amp#27;[90m&amp#27;[39m
&amp#27;[35m[HTTP]&amp#27;[39m &amp#27;[37m-->&amp#27;[39m &amp#27;[37mPOST&amp#27;[39m &amp#27;[37m/wd/hub/session/1900ec2c-416d-476d-9ebe-0795afa97fa8/timeouts&amp#27;[39m
&amp#27;[35m[HTTP]&amp#27;[39m &amp#27;[90m{"implicit":5000}&amp#27;[39m
[debug] &amp#27;[35m[AndroidUiautomator2Driver@08d9 (1900ec2c)]&amp#27;[39m Calling AppiumDriver.timeouts() with args: [null,null,null,null,5000,"1900ec2c-416d-476d-9ebe-0795afa97fa8"]
[debug] &amp#27;[35m[AndroidUiautomator2Driver@08d9 (1900ec2c)]&amp#27;[39m W3C timeout argument: {"implicit":5000}}
[debug] &amp#27;[35m[AndroidUiautomator2Driver@08d9 (1900ec2c)]&amp#27;[39m Set implicit wait to 5000ms
[debug] &amp#27;[35m[AndroidUiautomator2Driver@08d9 (1900ec2c)]&amp#27;[39m Responding to client with driver.timeouts() result: null
&amp#27;[35m[HTTP]&amp#27;[39m &amp#27;[37m<-- POST /wd/hub/session/1900ec2c-416d-476d-9ebe-0795afa97fa8/timeouts &amp#27;[39m&amp#27;[32m200&amp#27;[39m &amp#27;[90m1 ms - 14&amp#27;[39m
&amp#27;[35m[HTTP]&amp#27;[39m &amp#27;[90m&amp#27;[39m
&amp#27;[35m[HTTP]&amp#27;[39m &amp#27;[37m-->&amp#27;[39m &amp#27;[37mGET&amp#27;[39m &amp#27;[37m/wd/hub/session/1900ec2c-416d-476d-9ebe-0795afa97fa8/context&amp#27;[39m
&amp#27;[35m[HTTP]&amp#27;[39m &amp#27;[90m{}&amp#27;[39m
[debug] &amp#27;[35m[AndroidUiautomator2Driver@08d9 (1900ec2c)]&amp#27;[39m Calling AppiumDriver.getCurrentContext() with args: ["1900ec2c-416d-476d-9ebe-0795afa97fa8"]
[debug] &amp#27;[35m[AndroidUiautomator2Driver@08d9 (1900ec2c)]&amp#27;[39m Responding to client with driver.getCurrentContext() result: "NATIVE_APP"
&amp#27;[35m[HTTP]&amp#27;[39m &amp#27;[37m<-- GET /wd/hub/session/1900ec2c-416d-476d-9ebe-0795afa97fa8/context &amp#27;[39m&amp#27;[32m200&amp#27;[39m &amp#27;[90m1 ms - 22&amp#27;[39m
&amp#27;[35m[HTTP]&amp#27;[39m &amp#27;[90m&amp#27;[39m
&amp#27;[35m[HTTP]&amp#27;[39m &amp#27;[37m-->&amp#27;[39m &amp#27;[37mPOST&amp#27;[39m &amp#27;[37m/wd/hub/session/1900ec2c-416d-476d-9ebe-0795afa97fa8/element&amp#27;[39m
&amp#27;[35m[HTTP]&amp#27;[39m &amp#27;[90m{"using":"id","value":"waitingButtonTest"}&amp#27;[39m
[debug] &amp#27;[35m[AndroidUiautomator2Driver@08d9 (1900ec2c)]&amp#27;[39m Calling AppiumDriver.findElement() with args: ["id","waitingButtonTest","1900ec2c-416d-476d-9ebe-0795afa97fa8"]
[debug] &amp#27;[35m[AndroidUiautomator2Driver@08d9 (1900ec2c)]&amp#27;[39m Valid locator strategies for this request: xpath, id, class name, accessibility id, css selector, -android uiautomator
[debug] &amp#27;[35m[AndroidUiautomator2Driver@08d9 (1900ec2c)]&amp#27;[39m Waiting up to 5000 ms for condition
[debug] &amp#27;[35m[AndroidUiautomator2Driver@08d9 (1900ec2c)]&amp#27;[39m Matched '/element' to command name 'findElement'
[debug] &amp#27;[35m[AndroidUiautomator2Driver@08d9 (1900ec2c)]&amp#27;[39m Proxying [POST /element] to [POST http://127.0.0.1:8200/session/db22a7c0-2320-4369-8011-1dc9eb44d7d6/element] with body: {"strategy":"id","selector":"waitingButtonTest","context":"","multiple":false}
[debug] &amp#27;[35m[AndroidUiautomator2Driver@08d9 (1900ec2c)]&amp#27;[39m Got response with status 200: {"sessionId":"db22a7c0-2320-4369-8011-1dc9eb44d7d6","value":{"ELEMENT":"00000000-0000-00a0-ffff-ffff0000000f","element-6066-11e4-a52e-4f735466cecf":"00000000-0000-00a0-ffff-ffff0000000f"}}
[debug] &amp#27;[35m[AndroidUiautomator2Driver@08d9 (1900ec2c)]&amp#27;[39m Responding to client with driver.findElement() result: {"element-6066-11e4-a52e-4f735466cecf":"00000000-0000-00a0-ffff-ffff0000000f","ELEMENT":"00000000-0000-00a0-ffff-ffff0000000f"}
&amp#27;[35m[HTTP]&amp#27;[39m &amp#27;[37m<-- POST /wd/hub/session/1900ec2c-416d-476d-9ebe-0795afa97fa8/element &amp#27;[39m&amp#27;[32m200&amp#27;[39m &amp#27;[90m34 ms - 137&amp#27;[39m
&amp#27;[35m[HTTP]&amp#27;[39m &amp#27;[90m&amp#27;[39m
&amp#27;[35m[HTTP]&amp#27;[39m &amp#27;[37m-->&amp#27;[39m &amp#27;[37mGET&amp#27;[39m &amp#27;[37m/wd/hub/session/1900ec2c-416d-476d-9ebe-0795afa97fa8/element/00000000-0000-00a0-ffff-ffff0000000f/text&amp#27;[39m
&amp#27;[35m[HTTP]&amp#27;[39m &amp#27;[90m{}&amp#27;[39m
&amp#27;[35m[AndroidUiautomator2Driver@08d9 (1900ec2c)]&amp#27;[39m Driver proxy active, passing request on via HTTP proxy
[debug] &amp#27;[35m[AndroidUiautomator2Driver@08d9 (1900ec2c)]&amp#27;[39m Matched '/wd/hub/session/1900ec2c-416d-476d-9ebe-0795afa97fa8/element/00000000-0000-00a0-ffff-ffff0000000f/text' to command name 'getText'
[debug] &amp#27;[35m[AndroidUiautomator2Driver@08d9 (1900ec2c)]&amp#27;[39m Proxying [GET /wd/hub/session/1900ec2c-416d-476d-9ebe-0795afa97fa8/element/00000000-0000-00a0-ffff-ffff0000000f/text] to [GET http://127.0.0.1:8200/session/db22a7c0-2320-4369-8011-1dc9eb44d7d6/element/00000000-0000-00a0-ffff-ffff0000000f/text] with no body
[debug] &amp#27;[35m[AndroidUiautomator2Driver@08d9 (1900ec2c)]&amp#27;[39m Got response with status 200: {"sessionId":"db22a7c0-2320-4369-8011-1dc9eb44d7d6","value":"Show Progress Bar for a while"}
&amp#27;[35m[AndroidUiautomator2Driver@08d9 (1900ec2c)]&amp#27;[39m Replacing sessionId db22a7c0-2320-4369-8011-1dc9eb44d7d6 with 1900ec2c-416d-476d-9ebe-0795afa97fa8
&amp#27;[35m[HTTP]&amp#27;[39m &amp#27;[37m<-- GET /wd/hub/session/1900ec2c-416d-476d-9ebe-0795afa97fa8/element/00000000-0000-00a0-ffff-ffff0000000f/text &amp#27;[39m&amp#27;[32m200&amp#27;[39m &amp#27;[90m73 ms - 92&amp#27;[39m
&amp#27;[35m[HTTP]&amp#27;[39m &amp#27;[90m&amp#27;[39m
&amp#27;[35m[HTTP]&amp#27;[39m &amp#27;[37m-->&amp#27;[39m &amp#27;[37mGET&amp#27;[39m &amp#27;[37m/wd/hub/session/1900ec2c-416d-476d-9ebe-0795afa97fa8/context&amp#27;[39m
&amp#27;[35m[HTTP]&amp#27;[39m &amp#27;[90m{}&amp#27;[39m
[debug] &amp#27;[35m[AndroidUiautomator2Driver@08d9 (1900ec2c)]&amp#27;[39m Calling AppiumDriver.getCurrentContext() with args: ["1900ec2c-416d-476d-9ebe-0795afa97fa8"]
[debug] &amp#27;[35m[AndroidUiautomator2Driver@08d9 (1900ec2c)]&amp#27;[39m Responding to client with driver.getCurrentContext() result: "NATIVE_APP"
&amp#27;[35m[HTTP]&amp#27;[39m &amp#27;[37m<-- GET /wd/hub/session/1900ec2c-416d-476d-9ebe-0795afa97fa8/context &amp#27;[39m&amp#27;[32m200&amp#27;[39m &amp#27;[90m1 ms - 22&amp#27;[39m
&amp#27;[35m[HTTP]&amp#27;[39m &amp#27;[90m&amp#27;[39m
&amp#27;[35m[HTTP]&amp#27;[39m &amp#27;[37m-->&amp#27;[39m &amp#27;[37mPOST&amp#27;[39m &amp#27;[37m/wd/hub/session/1900ec2c-416d-476d-9ebe-0795afa97fa8/element&amp#27;[39m
&amp#27;[35m[HTTP]&amp#27;[39m &amp#27;[90m{"using":"id","value":"input_adds_check_box"}&amp#27;[39m
[debug] &amp#27;[35m[AndroidUiautomator2Driver@08d9 (1900ec2c)]&amp#27;[39m Calling AppiumDriver.findElement() with args: ["id","input_adds_check_box","1900ec2c-416d-476d-9ebe-0795afa97fa8"]
[debug] &amp#27;[35m[AndroidUiautomator2Driver@08d9 (1900ec2c)]&amp#27;[39m Valid locator strategies for this request: xpath, id, class name, accessibility id, css selector, -android uiautomator
[debug] &amp#27;[35m[AndroidUiautomator2Driver@08d9 (1900ec2c)]&amp#27;[39m Waiting up to 5000 ms for condition
[debug] &amp#27;[35m[AndroidUiautomator2Driver@08d9 (1900ec2c)]&amp#27;[39m Matched '/element' to command name 'findElement'
[debug] &amp#27;[35m[AndroidUiautomator2Driver@08d9 (1900ec2c)]&amp#27;[39m Proxying [POST /element] to [POST http://127.0.0.1:8200/session/db22a7c0-2320-4369-8011-1dc9eb44d7d6/element] with body: {"strategy":"id","selector":"input_adds_check_box","context":"","multiple":false}
[debug] &amp#27;[35m[AndroidUiautomator2Driver@08d9 (1900ec2c)]&amp#27;[39m Got response with status 200: {"sessionId":"db22a7c0-2320-4369-8011-1dc9eb44d7d6","value":{"ELEMENT":"00000000-0000-00a0-ffff-ffff00000010","element-6066-11e4-a52e-4f735466cecf":"00000000-0000-00a0-ffff-ffff00000010"}}
[debug] &amp#27;[35m[AndroidUiautomator2Driver@08d9 (1900ec2c)]&amp#27;[39m Responding to client with driver.findElement() result: {"element-6066-11e4-a52e-4f735466cecf":"00000000-0000-00a0-ffff-ffff00000010","ELEMENT":"00000000-0000-00a0-ffff-ffff00000010"}
&amp#27;[35m[HTTP]&amp#27;[39m &amp#27;[37m<-- POST /wd/hub/session/1900ec2c-416d-476d-9ebe-0795afa97fa8/element &amp#27;[39m&amp#27;[32m200&amp#27;[39m &amp#27;[90m28 ms - 137&amp#27;[39m
&amp#27;[35m[HTTP]&amp#27;[39m &amp#27;[90m&amp#27;[39m
&amp#27;[35m[HTTP]&amp#27;[39m &amp#27;[37m-->&amp#27;[39m &amp#27;[37mGET&amp#27;[39m &amp#27;[37m/wd/hub/session/1900ec2c-416d-476d-9ebe-0795afa97fa8/element/00000000-0000-00a0-ffff-ffff00000010/displayed&amp#27;[39m
&amp#27;[35m[HTTP]&amp#27;[39m &amp#27;[90m{}&amp#27;[39m
[debug] &amp#27;[35m[AndroidUiautomator2Driver@08d9 (1900ec2c)]&amp#27;[39m Calling AppiumDriver.elementDisplayed() with args: ["00000000-0000-00a0-ffff-ffff00000010","1900ec2c-416d-476d-9ebe-0795afa97fa8"]
[debug] &amp#27;[35m[AndroidUiautomator2Driver@08d9 (1900ec2c)]&amp#27;[39m Matched '/element/00000000-0000-00a0-ffff-ffff00000010/attribute/displayed' to command name 'getAttribute'
[debug] &amp#27;[35m[AndroidUiautomator2Driver@08d9 (1900ec2c)]&amp#27;[39m Proxying [GET /element/00000000-0000-00a0-ffff-ffff00000010/attribute/displayed] to [GET http://127.0.0.1:8200/session/db22a7c0-2320-4369-8011-1dc9eb44d7d6/element/00000000-0000-00a0-ffff-ffff00000010/attribute/displayed] with no body
[debug] &amp#27;[35m[AndroidUiautomator2Driver@08d9 (1900ec2c)]&amp#27;[39m Got response with status 200: {"sessionId":"db22a7c0-2320-4369-8011-1dc9eb44d7d6","value":"true"}
[debug] &amp#27;[35m[AndroidUiautomator2Driver@08d9 (1900ec2c)]&amp#27;[39m Responding to client with driver.elementDisplayed() result: true
&amp#27;[35m[HTTP]&amp#27;[39m &amp#27;[37m<-- GET /wd/hub/session/1900ec2c-416d-476d-9ebe-0795afa97fa8/element/00000000-0000-00a0-ffff-ffff00000010/displayed &amp#27;[39m&amp#27;[32m200&amp#27;[39m &amp#27;[90m19 ms - 14&amp#27;[39m
&amp#27;[35m[HTTP]&amp#27;[39m &amp#27;[90m&amp#27;[39m
&amp#27;[35m[HTTP]&amp#27;[39m &amp#27;[37m-->&amp#27;[39m &amp#27;[37mPOST&amp#27;[39m &amp#27;[37m/wd/hub/session/1900ec2c-416d-476d-9ebe-0795afa97fa8/timeouts&amp#27;[39m
&amp#27;[35m[HTTP]&amp#27;[39m &amp#27;[90m{"implicit":5000}&amp#27;[39m
[debug] &amp#27;[35m[AndroidUiautomator2Driver@08d9 (1900ec2c)]&amp#27;[39m Calling AppiumDriver.timeouts() with args: [null,null,null,null,5000,"1900ec2c-416d-476d-9ebe-0795afa97fa8"]
[debug] &amp#27;[35m[AndroidUiautomator2Driver@08d9 (1900ec2c)]&amp#27;[39m W3C timeout argument: {"implicit":5000}}
[debug] &amp#27;[35m[AndroidUiautomator2Driver@08d9 (1900ec2c)]&amp#27;[39m Set implicit wait to 5000ms
[debug] &amp#27;[35m[AndroidUiautomator2Driver@08d9 (1900ec2c)]&amp#27;[39m Responding to client with driver.timeouts() result: null
&amp#27;[35m[HTTP]&amp#27;[39m &amp#27;[37m<-- POST /wd/hub/session/1900ec2c-416d-476d-9ebe-0795afa97fa8/timeouts &amp#27;[39m&amp#27;[32m200&amp#27;[39m &amp#27;[90m1 ms - 14&amp#27;[39m
&amp#27;[35m[HTTP]&amp#27;[39m &amp#27;[90m&amp#27;[39m
&amp#27;[35m[HTTP]&amp#27;[39m &amp#27;[37m-->&amp#27;[39m &amp#27;[37mGET&amp#27;[39m &amp#27;[37m/wd/hub/session/1900ec2c-416d-476d-9ebe-0795afa97fa8/context&amp#27;[39m
&amp#27;[35m[HTTP]&amp#27;[39m &amp#27;[90m{}&amp#27;[39m
[debug] &amp#27;[35m[AndroidUiautomator2Driver@08d9 (1900ec2c)]&amp#27;[39m Calling AppiumDriver.getCurrentContext() with args: ["1900ec2c-416d-476d-9ebe-0795afa97fa8"]
[debug] &amp#27;[35m[AndroidUiautomator2Driver@08d9 (1900ec2c)]&amp#27;[39m Responding to client with driver.getCurrentContext() result: "NATIVE_APP"
&amp#27;[35m[HTTP]&amp#27;[39m &amp#27;[37m<-- GET /wd/hub/session/1900ec2c-416d-476d-9ebe-0795afa97fa8/context &amp#27;[39m&amp#27;[32m200&amp#27;[39m &amp#27;[90m1 ms - 22&amp#27;[39m
&amp#27;[35m[HTTP]&amp#27;[39m &amp#27;[90m&amp#27;[39m
&amp#27;[35m[HTTP]&amp#27;[39m &amp#27;[37m-->&amp#27;[39m &amp#27;[37mPOST&amp#27;[39m &amp#27;[37m/wd/hub/session/1900ec2c-416d-476d-9ebe-0795afa97fa8/element&amp#27;[39m
&amp#27;[35m[HTTP]&amp#27;[39m &amp#27;[90m{"using":"id","value":"visibleButtonTest"}&amp#27;[39m
[debug] &amp#27;[35m[AndroidUiautomator2Driver@08d9 (1900ec2c)]&amp#27;[39m Calling AppiumDriver.findElement() with args: ["id","visibleButtonTest","1900ec2c-416d-476d-9ebe-0795afa97fa8"]
[debug] &amp#27;[35m[AndroidUiautomator2Driver@08d9 (1900ec2c)]&amp#27;[39m Valid locator strategies for this request: xpath, id, class name, accessibility id, css selector, -android uiautomator
[debug] &amp#27;[35m[AndroidUiautomator2Driver@08d9 (1900ec2c)]&amp#27;[39m Waiting up to 5000 ms for condition
[debug] &amp#27;[35m[AndroidUiautomator2Driver@08d9 (1900ec2c)]&amp#27;[39m Matched '/element' to command name 'findElement'
[debug] &amp#27;[35m[AndroidUiautomator2Driver@08d9 (1900ec2c)]&amp#27;[39m Proxying [POST /element] to [POST http://127.0.0.1:8200/session/db22a7c0-2320-4369-8011-1dc9eb44d7d6/element] with body: {"strategy":"id","selector":"visibleButtonTest","context":"","multiple":false}
[debug] &amp#27;[35m[AndroidUiautomator2Driver@08d9 (1900ec2c)]&amp#27;[39m Got response with status 200: {"sessionId":"db22a7c0-2320-4369-8011-1dc9eb44d7d6","value":{"ELEMENT":"00000000-0000-00a0-ffff-ffff00000012","element-6066-11e4-a52e-4f735466cecf":"00000000-0000-00a0-ffff-ffff00000012"}}
[debug] &amp#27;[35m[AndroidUiautomator2Driver@08d9 (1900ec2c)]&amp#27;[39m Responding to client with driver.findElement() result: {"element-6066-11e4-a52e-4f735466cecf":"00000000-0000-00a0-ffff-ffff00000012","ELEMENT":"00000000-0000-00a0-ffff-ffff00000012"}
&amp#27;[35m[HTTP]&amp#27;[39m &amp#27;[37m<-- POST /wd/hub/session/1900ec2c-416d-476d-9ebe-0795afa97fa8/element &amp#27;[39m&amp#27;[32m200&amp#27;[39m &amp#27;[90m27 ms - 137&amp#27;[39m
&amp#27;[35m[HTTP]&amp#27;[39m &amp#27;[90m&amp#27;[39m
&amp#27;[35m[HTTP]&amp#27;[39m &amp#27;[37m-->&amp#27;[39m &amp#27;[37mGET&amp#27;[39m &amp#27;[37m/wd/hub/session/1900ec2c-416d-476d-9ebe-0795afa97fa8/element/00000000-0000-00a0-ffff-ffff00000012/text&amp#27;[39m
&amp#27;[35m[HTTP]&amp#27;[39m &amp#27;[90m{}&amp#27;[39m
&amp#27;[35m[AndroidUiautomator2Driver@08d9 (1900ec2c)]&amp#27;[39m Driver proxy active, passing request on via HTTP proxy
[debug] &amp#27;[35m[AndroidUiautomator2Driver@08d9 (1900ec2c)]&amp#27;[39m Matched '/wd/hub/session/1900ec2c-416d-476d-9ebe-0795afa97fa8/element/00000000-0000-00a0-ffff-ffff00000012/text' to command name 'getText'
[debug] &amp#27;[35m[AndroidUiautomator2Driver@08d9 (1900ec2c)]&amp#27;[39m Proxying [GET /wd/hub/session/1900ec2c-416d-476d-9ebe-0795afa97fa8/element/00000000-0000-00a0-ffff-ffff00000012/text] to [GET http://127.0.0.1:8200/session/db22a7c0-2320-4369-8011-1dc9eb44d7d6/element/00000000-0000-00a0-ffff-ffff00000012/text] with no body
[debug] &amp#27;[35m[AndroidUiautomator2Driver@08d9 (1900ec2c)]&amp#27;[39m Got response with status 200: {"sessionId":"db22a7c0-2320-4369-8011-1dc9eb44d7d6","value":"Display text view"}
&amp#27;[35m[AndroidUiautomator2Driver@08d9 (1900ec2c)]&amp#27;[39m Replacing sessionId db22a7c0-2320-4369-8011-1dc9eb44d7d6 with 1900ec2c-416d-476d-9ebe-0795afa97fa8
&amp#27;[35m[HTTP]&amp#27;[39m &amp#27;[37m<-- GET /wd/hub/session/1900ec2c-416d-476d-9ebe-0795afa97fa8/element/00000000-0000-00a0-ffff-ffff00000012/text &amp#27;[39m&amp#27;[32m200&amp#27;[39m &amp#27;[90m13 ms - 80&amp#27;[39m
&amp#27;[35m[HTTP]&amp#27;[39m &amp#27;[90m&amp#27;[39m
&amp#27;[35m[HTTP]&amp#27;[39m &amp#27;[37m-->&amp#27;[39m &amp#27;[37mGET&amp#27;[39m &amp#27;[37m/wd/hub/session/1900ec2c-416d-476d-9ebe-0795afa97fa8/context&amp#27;[39m
&amp#27;[35m[HTTP]&amp#27;[39m &amp#27;[90m{}&amp#27;[39m
[debug] &amp#27;[35m[AndroidUiautomator2Driver@08d9 (1900ec2c)]&amp#27;[39m Calling AppiumDriver.getCurrentContext() with args: ["1900ec2c-416d-476d-9ebe-0795afa97fa8"]
[debug] &amp#27;[35m[AndroidUiautomator2Driver@08d9 (1900ec2c)]&amp#27;[39m Responding to client with driver.getCurrentContext() result: "NATIVE_APP"
&amp#27;[35m[HTTP]&amp#27;[39m &amp#27;[37m<-- GET /wd/hub/session/1900ec2c-416d-476d-9ebe-0795afa97fa8/context &amp#27;[39m&amp#27;[32m200&amp#27;[39m &amp#27;[90m3 ms - 22&amp#27;[39m
&amp#27;[35m[HTTP]&amp#27;[39m &amp#27;[90m&amp#27;[39m
&amp#27;[35m[HTTP]&amp#27;[39m &amp#27;[37m-->&amp#27;[39m &amp#27;[37mPOST&amp#27;[39m &amp#27;[37m/wd/hub/session/1900ec2c-416d-476d-9ebe-0795afa97fa8/element&amp#27;[39m
&amp#27;[35m[HTTP]&amp#27;[39m &amp#27;[90m{"using":"id","value":"showToastButton"}&amp#27;[39m
[debug] &amp#27;[35m[AndroidUiautomator2Driver@08d9 (1900ec2c)]&amp#27;[39m Calling AppiumDriver.findElement() with args: ["id","showToastButton","1900ec2c-416d-476d-9ebe-0795afa97fa8"]
[debug] &amp#27;[35m[AndroidUiautomator2Driver@08d9 (1900ec2c)]&amp#27;[39m Valid locator strategies for this request: xpath, id, class name, accessibility id, css selector, -android uiautomator
[debug] &amp#27;[35m[AndroidUiautomator2Driver@08d9 (1900ec2c)]&amp#27;[39m Waiting up to 5000 ms for condition
[debug] &amp#27;[35m[AndroidUiautomator2Driver@08d9 (1900ec2c)]&amp#27;[39m Matched '/element' to command name 'findElement'
[debug] &amp#27;[35m[AndroidUiautomator2Driver@08d9 (1900ec2c)]&amp#27;[39m Proxying [POST /element] to [POST http://127.0.0.1:8200/session/db22a7c0-2320-4369-8011-1dc9eb44d7d6/element] with body: {"strategy":"id","selector":"showToastButton","context":"","multiple":false}
[debug] &amp#27;[35m[AndroidUiautomator2Driver@08d9 (1900ec2c)]&amp#27;[39m Got response with status 200: {"sessionId":"db22a7c0-2320-4369-8011-1dc9eb44d7d6","value":{"ELEMENT":"00000000-0000-00a0-ffff-ffff00000015","element-6066-11e4-a52e-4f735466cecf":"00000000-0000-00a0-ffff-ffff00000015"}}
[debug] &amp#27;[35m[AndroidUiautomator2Driver@08d9 (1900ec2c)]&amp#27;[39m Responding to client with driver.findElement() result: {"element-6066-11e4-a52e-4f735466cecf":"00000000-0000-00a0-ffff-ffff00000015","ELEMENT":"00000000-0000-00a0-ffff-ffff00000015"}
&amp#27;[35m[HTTP]&amp#27;[39m &amp#27;[37m<-- POST /wd/hub/session/1900ec2c-416d-476d-9ebe-0795afa97fa8/element &amp#27;[39m&amp#27;[32m200&amp#27;[39m &amp#27;[90m24 ms - 137&amp#27;[39m
&amp#27;[35m[HTTP]&amp#27;[39m &amp#27;[90m&amp#27;[39m
&amp#27;[35m[HTTP]&amp#27;[39m &amp#27;[37m-->&amp#27;[39m &amp#27;[37mGET&amp#27;[39m &amp#27;[37m/wd/hub/session/1900ec2c-416d-476d-9ebe-0795afa97fa8/element/00000000-0000-00a0-ffff-ffff00000015/text&amp#27;[39m
&amp#27;[35m[HTTP]&amp#27;[39m &amp#27;[90m{}&amp#27;[39m
&amp#27;[35m[AndroidUiautomator2Driver@08d9 (1900ec2c)]&amp#27;[39m Driver proxy active, passing request on via HTTP proxy
[debug] &amp#27;[35m[AndroidUiautomator2Driver@08d9 (1900ec2c)]&amp#27;[39m Matched '/wd/hub/session/1900ec2c-416d-476d-9ebe-0795afa97fa8/element/00000000-0000-00a0-ffff-ffff00000015/text' to command name 'getText'
[debug] &amp#27;[35m[AndroidUiautomator2Driver@08d9 (1900ec2c)]&amp#27;[39m Proxying [GET /wd/hub/session/1900ec2c-416d-476d-9ebe-0795afa97fa8/element/00000000-0000-00a0-ffff-ffff00000015/text] to [GET http://127.0.0.1:8200/session/db22a7c0-2320-4369-8011-1dc9eb44d7d6/element/00000000-0000-00a0-ffff-ffff00000015/text] with no body
[debug] &amp#27;[35m[AndroidUiautomator2Driver@08d9 (1900ec2c)]&amp#27;[39m Got response with status 200: {"sessionId":"db22a7c0-2320-4369-8011-1dc9eb44d7d6","value":"Displays a Toast"}
&amp#27;[35m[AndroidUiautomator2Driver@08d9 (1900ec2c)]&amp#27;[39m Replacing sessionId db22a7c0-2320-4369-8011-1dc9eb44d7d6 with 1900ec2c-416d-476d-9ebe-0795afa97fa8
&amp#27;[35m[HTTP]&amp#27;[39m &amp#27;[37m<-- GET /wd/hub/session/1900ec2c-416d-476d-9ebe-0795afa97fa8/element/00000000-0000-00a0-ffff-ffff00000015/text &amp#27;[39m&amp#27;[32m200&amp#27;[39m &amp#27;[90m12 ms - 79&amp#27;[39m
&amp#27;[35m[HTTP]&amp#27;[39m &amp#27;[90m&amp#27;[39m
&amp#27;[35m[HTTP]&amp#27;[39m &amp#27;[37m-->&amp#27;[39m &amp#27;[37mGET&amp#27;[39m &amp#27;[37m/wd/hub/session/1900ec2c-416d-476d-9ebe-0795afa97fa8/context&amp#27;[39m
&amp#27;[35m[HTTP]&amp#27;[39m &amp#27;[90m{}&amp#27;[39m
[debug] &amp#27;[35m[AndroidUiautomator2Driver@08d9 (1900ec2c)]&amp#27;[39m Calling AppiumDriver.getCurrentContext() with args: ["1900ec2c-416d-476d-9ebe-0795afa97fa8"]
[debug] &amp#27;[35m[AndroidUiautomator2Driver@08d9 (1900ec2c)]&amp#27;[39m Responding to client with driver.getCurrentContext() result: "NATIVE_APP"
&amp#27;[35m[HTTP]&amp#27;[39m &amp#27;[37m<-- GET /wd/hub/session/1900ec2c-416d-476d-9ebe-0795afa97fa8/context &amp#27;[39m&amp#27;[32m200&amp#27;[39m &amp#27;[90m1 ms - 22&amp#27;[39m
&amp#27;[35m[HTTP]&amp#27;[39m &amp#27;[90m&amp#27;[39m
&amp#27;[35m[HTTP]&amp#27;[39m &amp#27;[37m-->&amp#27;[39m &amp#27;[37mPOST&amp#27;[39m &amp#27;[37m/wd/hub/session/1900ec2c-416d-476d-9ebe-0795afa97fa8/element&amp#27;[39m
&amp#27;[35m[HTTP]&amp#27;[39m &amp#27;[90m{"using":"id","value":"showPopupWindowButton"}&amp#27;[39m
[debug] &amp#27;[35m[AndroidUiautomator2Driver@08d9 (1900ec2c)]&amp#27;[39m Calling AppiumDriver.findElement() with args: ["id","showPopupWindowButton","1900ec2c-416d-476d-9ebe-0795afa97fa8"]
[debug] &amp#27;[35m[AndroidUiautomator2Driver@08d9 (1900ec2c)]&amp#27;[39m Valid locator strategies for this request: xpath, id, class name, accessibility id, css selector, -android uiautomator
[debug] &amp#27;[35m[AndroidUiautomator2Driver@08d9 (1900ec2c)]&amp#27;[39m Waiting up to 5000 ms for condition
[debug] &amp#27;[35m[AndroidUiautomator2Driver@08d9 (1900ec2c)]&amp#27;[39m Matched '/element' to command name 'findElement'
[debug] &amp#27;[35m[AndroidUiautomator2Driver@08d9 (1900ec2c)]&amp#27;[39m Proxying [POST /element] to [POST http://127.0.0.1:8200/session/db22a7c0-2320-4369-8011-1dc9eb44d7d6/element] with body: {"strategy":"id","selector":"showPopupWindowButton","context":"","multiple":false}
[debug] &amp#27;[35m[AndroidUiautomator2Driver@08d9 (1900ec2c)]&amp#27;[39m Got response with status 200: {"sessionId":"db22a7c0-2320-4369-8011-1dc9eb44d7d6","value":{"ELEMENT":"00000000-0000-00a0-ffff-ffff00000016","element-6066-11e4-a52e-4f735466cecf":"00000000-0000-00a0-ffff-ffff00000016"}}
[debug] &amp#27;[35m[AndroidUiautomator2Driver@08d9 (1900ec2c)]&amp#27;[39m Responding to client with driver.findElement() result: {"element-6066-11e4-a52e-4f735466cecf":"00000000-0000-00a0-ffff-ffff00000016","ELEMENT":"00000000-0000-00a0-ffff-ffff00000016"}
&amp#27;[35m[HTTP]&amp#27;[39m &amp#27;[37m<-- POST /wd/hub/session/1900ec2c-416d-476d-9ebe-0795afa97fa8/element &amp#27;[39m&amp#27;[32m200&amp#27;[39m &amp#27;[90m25 ms - 137&amp#27;[39m
&amp#27;[35m[HTTP]&amp#27;[39m &amp#27;[90m&amp#27;[39m
&amp#27;[35m[HTTP]&amp#27;[39m &amp#27;[37m-->&amp#27;[39m &amp#27;[37mGET&amp#27;[39m &amp#27;[37m/wd/hub/session/1900ec2c-416d-476d-9ebe-0795afa97fa8/element/00000000-0000-00a0-ffff-ffff00000016/text&amp#27;[39m
&amp#27;[35m[HTTP]&amp#27;[39m &amp#27;[90m{}&amp#27;[39m
&amp#27;[35m[AndroidUiautomator2Driver@08d9 (1900ec2c)]&amp#27;[39m Driver proxy active, passing request on via HTTP proxy
[debug] &amp#27;[35m[AndroidUiautomator2Driver@08d9 (1900ec2c)]&amp#27;[39m Matched '/wd/hub/session/1900ec2c-416d-476d-9ebe-0795afa97fa8/element/00000000-0000-00a0-ffff-ffff00000016/text' to command name 'getText'
[debug] &amp#27;[35m[AndroidUiautomator2Driver@08d9 (1900ec2c)]&amp#27;[39m Proxying [GET /wd/hub/session/1900ec2c-416d-476d-9ebe-0795afa97fa8/element/00000000-0000-00a0-ffff-ffff00000016/text] to [GET http://127.0.0.1:8200/session/db22a7c0-2320-4369-8011-1dc9eb44d7d6/element/00000000-0000-00a0-ffff-ffff00000016/text] with no body
[debug] &amp#27;[35m[AndroidUiautomator2Driver@08d9 (1900ec2c)]&amp#27;[39m Got response with status 200: {"sessionId":"db22a7c0-2320-4369-8011-1dc9eb44d7d6","value":"Display Popup Window"}
&amp#27;[35m[AndroidUiautomator2Driver@08d9 (1900ec2c)]&amp#27;[39m Replacing sessionId db22a7c0-2320-4369-8011-1dc9eb44d7d6 with 1900ec2c-416d-476d-9ebe-0795afa97fa8
&amp#27;[35m[HTTP]&amp#27;[39m &amp#27;[37m<-- GET /wd/hub/session/1900ec2c-416d-476d-9ebe-0795afa97fa8/element/00000000-0000-00a0-ffff-ffff00000016/text &amp#27;[39m&amp#27;[32m200&amp#27;[39m &amp#27;[90m12 ms - 83&amp#27;[39m
&amp#27;[35m[HTTP]&amp#27;[39m &amp#27;[90m&amp#27;[39m
&amp#27;[35m[HTTP]&amp#27;[39m &amp#27;[37m-->&amp#27;[39m &amp#27;[37mGET&amp#27;[39m &amp#27;[37m/wd/hub/session/1900ec2c-416d-476d-9ebe-0795afa97fa8/context&amp#27;[39m
&amp#27;[35m[HTTP]&amp#27;[39m &amp#27;[90m{}&amp#27;[39m
[debug] &amp#27;[35m[AndroidUiautomator2Driver@08d9 (1900ec2c)]&amp#27;[39m Calling AppiumDriver.getCurrentContext() with args: ["1900ec2c-416d-476d-9ebe-0795afa97fa8"]
[debug] &amp#27;[35m[AndroidUiautomator2Driver@08d9 (1900ec2c)]&amp#27;[39m Responding to client with driver.getCurrentContext() result: "NATIVE_APP"
&amp#27;[35m[HTTP]&amp#27;[39m &amp#27;[37m<-- GET /wd/hub/session/1900ec2c-416d-476d-9ebe-0795afa97fa8/context &amp#27;[39m&amp#27;[32m200&amp#27;[39m &amp#27;[90m1 ms - 22&amp#27;[39m
&amp#27;[35m[HTTP]&amp#27;[39m &amp#27;[90m&amp#27;[39m
&amp#27;[35m[HTTP]&amp#27;[39m &amp#27;[37m-->&amp#27;[39m &amp#27;[37mPOST&amp#27;[39m &amp#27;[37m/wd/hub/session/1900ec2c-416d-476d-9ebe-0795afa97fa8/element&amp#27;[39m
&amp#27;[35m[HTTP]&amp#27;[39m &amp#27;[90m{"using":"id","value":"exceptionTestButton"}&amp#27;[39m
[debug] &amp#27;[35m[AndroidUiautomator2Driver@08d9 (1900ec2c)]&amp#27;[39m Calling AppiumDriver.findElement() with args: ["id","exceptionTestButton","1900ec2c-416d-476d-9ebe-0795afa97fa8"]
[debug] &amp#27;[35m[AndroidUiautomator2Driver@08d9 (1900ec2c)]&amp#27;[39m Valid locator strategies for this request: xpath, id, class name, accessibility id, css selector, -android uiautomator
[debug] &amp#27;[35m[AndroidUiautomator2Driver@08d9 (1900ec2c)]&amp#27;[39m Waiting up to 5000 ms for condition
[debug] &amp#27;[35m[AndroidUiautomator2Driver@08d9 (1900ec2c)]&amp#27;[39m Matched '/element' to command name 'findElement'
[debug] &amp#27;[35m[AndroidUiautomator2Driver@08d9 (1900ec2c)]&amp#27;[39m Proxying [POST /element] to [POST http://127.0.0.1:8200/session/db22a7c0-2320-4369-8011-1dc9eb44d7d6/element] with body: {"strategy":"id","selector":"exceptionTestButton","context":"","multiple":false}
[debug] &amp#27;[35m[AndroidUiautomator2Driver@08d9 (1900ec2c)]&amp#27;[39m Got response with status 200: {"sessionId":"db22a7c0-2320-4369-8011-1dc9eb44d7d6","value":{"ELEMENT":"00000000-0000-00a0-ffff-ffff00000017","element-6066-11e4-a52e-4f735466cecf":"00000000-0000-00a0-ffff-ffff00000017"}}
[debug] &amp#27;[35m[AndroidUiautomator2Driver@08d9 (1900ec2c)]&amp#27;[39m Responding to client with driver.findElement() result: {"element-6066-11e4-a52e-4f735466cecf":"00000000-0000-00a0-ffff-ffff00000017","ELEMENT":"00000000-0000-00a0-ffff-ffff00000017"}
&amp#27;[35m[HTTP]&amp#27;[39m &amp#27;[37m<-- POST /wd/hub/session/1900ec2c-416d-476d-9ebe-0795afa97fa8/element &amp#27;[39m&amp#27;[32m200&amp#27;[39m &amp#27;[90m25 ms - 137&amp#27;[39m
&amp#27;[35m[HTTP]&amp#27;[39m &amp#27;[90m&amp#27;[39m
&amp#27;[35m[HTTP]&amp#27;[39m &amp#27;[37m-->&amp#27;[39m &amp#27;[37mGET&amp#27;[39m &amp#27;[37m/wd/hub/session/1900ec2c-416d-476d-9ebe-0795afa97fa8/element/00000000-0000-00a0-ffff-ffff00000017/text&amp#27;[39m
&amp#27;[35m[HTTP]&amp#27;[39m &amp#27;[90m{}&amp#27;[39m
&amp#27;[35m[AndroidUiautomator2Driver@08d9 (1900ec2c)]&amp#27;[39m Driver proxy active, passing request on via HTTP proxy
[debug] &amp#27;[35m[AndroidUiautomator2Driver@08d9 (1900ec2c)]&amp#27;[39m Matched '/wd/hub/session/1900ec2c-416d-476d-9ebe-0795afa97fa8/element/00000000-0000-00a0-ffff-ffff00000017/text' to command name 'getText'
[debug] &amp#27;[35m[AndroidUiautomator2Driver@08d9 (1900ec2c)]&amp#27;[39m Proxying [GET /wd/hub/session/1900ec2c-416d-476d-9ebe-0795afa97fa8/element/00000000-0000-00a0-ffff-ffff00000017/text] to [GET http://127.0.0.1:8200/session/db22a7c0-2320-4369-8011-1dc9eb44d7d6/element/00000000-0000-00a0-ffff-ffff00000017/text] with no body
[debug] &amp#27;[35m[AndroidUiautomator2Driver@08d9 (1900ec2c)]&amp#27;[39m Got response with status 200: {"sessionId":"db22a7c0-2320-4369-8011-1dc9eb44d7d6","value":"Press to throw unhandled exception"}
&amp#27;[35m[AndroidUiautomator2Driver@08d9 (1900ec2c)]&amp#27;[39m Replacing sessionId db22a7c0-2320-4369-8011-1dc9eb44d7d6 with 1900ec2c-416d-476d-9ebe-0795afa97fa8
&amp#27;[35m[HTTP]&amp#27;[39m &amp#27;[37m<-- GET /wd/hub/session/1900ec2c-416d-476d-9ebe-0795afa97fa8/element/00000000-0000-00a0-ffff-ffff00000017/text &amp#27;[39m&amp#27;[32m200&amp#27;[39m &amp#27;[90m13 ms - 97&amp#27;[39m
&amp#27;[35m[HTTP]&amp#27;[39m &amp#27;[90m&amp#27;[39m
&amp#27;[35m[HTTP]&amp#27;[39m &amp#27;[37m-->&amp#27;[39m &amp#27;[37mGET&amp#27;[39m &amp#27;[37m/wd/hub/session/1900ec2c-416d-476d-9ebe-0795afa97fa8/context&amp#27;[39m
&amp#27;[35m[HTTP]&amp#27;[39m &amp#27;[90m{}&amp#27;[39m
[debug] &amp#27;[35m[AndroidUiautomator2Driver@08d9 (1900ec2c)]&amp#27;[39m Calling AppiumDriver.getCurrentContext() with args: ["1900ec2c-416d-476d-9ebe-0795afa97fa8"]
[debug] &amp#27;[35m[AndroidUiautomator2Driver@08d9 (1900ec2c)]&amp#27;[39m Responding to client with driver.getCurrentContext() result: "NATIVE_APP"
&amp#27;[35m[HTTP]&amp#27;[39m &amp#27;[37m<-- GET /wd/hub/session/1900ec2c-416d-476d-9ebe-0795afa97fa8/context &amp#27;[39m&amp#27;[32m200&amp#27;[39m &amp#27;[90m1 ms - 22&amp#27;[39m
&amp#27;[35m[HTTP]&amp#27;[39m &amp#27;[90m&amp#27;[39m
&amp#27;[35m[HTTP]&amp#27;[39m &amp#27;[37m-->&amp#27;[39m &amp#27;[37mPOST&amp#27;[39m &amp#27;[37m/wd/hub/session/1900ec2c-416d-476d-9ebe-0795afa97fa8/element&amp#27;[39m
&amp#27;[35m[HTTP]&amp#27;[39m &amp#27;[90m{"using":"id","value":"exceptionTestField"}&amp#27;[39m
[debug] &amp#27;[35m[AndroidUiautomator2Driver@08d9 (1900ec2c)]&amp#27;[39m Calling AppiumDriver.findElement() with args: ["id","exceptionTestField","1900ec2c-416d-476d-9ebe-0795afa97fa8"]
[debug] &amp#27;[35m[AndroidUiautomator2Driver@08d9 (1900ec2c)]&amp#27;[39m Valid locator strategies for this request: xpath, id, class name, accessibility id, css selector, -android uiautomator
[debug] &amp#27;[35m[AndroidUiautomator2Driver@08d9 (1900ec2c)]&amp#27;[39m Waiting up to 5000 ms for condition
[debug] &amp#27;[35m[AndroidUiautomator2Driver@08d9 (1900ec2c)]&amp#27;[39m Matched '/element' to command name 'findElement'
[debug] &amp#27;[35m[AndroidUiautomator2Driver@08d9 (1900ec2c)]&amp#27;[39m Proxying [POST /element] to [POST http://127.0.0.1:8200/session/db22a7c0-2320-4369-8011-1dc9eb44d7d6/element] with body: {"strategy":"id","selector":"exceptionTestField","context":"","multiple":false}
[debug] &amp#27;[35m[AndroidUiautomator2Driver@08d9 (1900ec2c)]&amp#27;[39m Got response with status 200: {"sessionId":"db22a7c0-2320-4369-8011-1dc9eb44d7d6","value":{"ELEMENT":"00000000-0000-00a0-ffff-ffff00000018","element-6066-11e4-a52e-4f735466cecf":"00000000-0000-00a0-ffff-ffff00000018"}}
[debug] &amp#27;[35m[AndroidUiautomator2Driver@08d9 (1900ec2c)]&amp#27;[39m Responding to client with driver.findElement() result: {"element-6066-11e4-a52e-4f735466cecf":"00000000-0000-00a0-ffff-ffff00000018","ELEMENT":"00000000-0000-00a0-ffff-ffff00000018"}
&amp#27;[35m[HTTP]&amp#27;[39m &amp#27;[37m<-- POST /wd/hub/session/1900ec2c-416d-476d-9ebe-0795afa97fa8/element &amp#27;[39m&amp#27;[32m200&amp#27;[39m &amp#27;[90m26 ms - 137&amp#27;[39m
&amp#27;[35m[HTTP]&amp#27;[39m &amp#27;[90m&amp#27;[39m
&amp#27;[35m[HTTP]&amp#27;[39m &amp#27;[37m-->&amp#27;[39m &amp#27;[37mGET&amp#27;[39m &amp#27;[37m/wd/hub/session/1900ec2c-416d-476d-9ebe-0795afa97fa8/element/00000000-0000-00a0-ffff-ffff00000018/displayed&amp#27;[39m
&amp#27;[35m[HTTP]&amp#27;[39m &amp#27;[90m{}&amp#27;[39m
[debug] &amp#27;[35m[AndroidUiautomator2Driver@08d9 (1900ec2c)]&amp#27;[39m Calling AppiumDriver.elementDisplayed() with args: ["00000000-0000-00a0-ffff-ffff00000018","1900ec2c-416d-476d-9ebe-0795afa97fa8"]
[debug] &amp#27;[35m[AndroidUiautomator2Driver@08d9 (1900ec2c)]&amp#27;[39m Matched '/element/00000000-0000-00a0-ffff-ffff00000018/attribute/displayed' to command name 'getAttribute'
[debug] &amp#27;[35m[AndroidUiautomator2Driver@08d9 (1900ec2c)]&amp#27;[39m Proxying [GET /element/00000000-0000-00a0-ffff-ffff00000018/attribute/displayed] to [GET http://127.0.0.1:8200/session/db22a7c0-2320-4369-8011-1dc9eb44d7d6/element/00000000-0000-00a0-ffff-ffff00000018/attribute/displayed] with no body
[debug] &amp#27;[35m[AndroidUiautomator2Driver@08d9 (1900ec2c)]&amp#27;[39m Got response with status 200: {"sessionId":"db22a7c0-2320-4369-8011-1dc9eb44d7d6","value":"true"}
[debug] &amp#27;[35m[AndroidUiautomator2Driver@08d9 (1900ec2c)]&amp#27;[39m Responding to client with driver.elementDisplayed() result: true
&amp#27;[35m[HTTP]&amp#27;[39m &amp#27;[37m<-- GET /wd/hub/session/1900ec2c-416d-476d-9ebe-0795afa97fa8/element/00000000-0000-00a0-ffff-ffff00000018/displayed &amp#27;[39m&amp#27;[32m200&amp#27;[39m &amp#27;[90m12 ms - 14&amp#27;[39m
&amp#27;[35m[HTTP]&amp#27;[39m &amp#27;[90m&amp#27;[39m
&amp#27;[35m[HTTP]&amp#27;[39m &amp#27;[37m-->&amp#27;[39m &amp#27;[37mPOST&amp#27;[39m &amp#27;[37m/wd/hub/session/1900ec2c-416d-476d-9ebe-0795afa97fa8/timeouts&amp#27;[39m
&amp#27;[35m[HTTP]&amp#27;[39m &amp#27;[90m{"implicit":5000}&amp#27;[39m
[debug] &amp#27;[35m[AndroidUiautomator2Driver@08d9 (1900ec2c)]&amp#27;[39m Calling AppiumDriver.timeouts() with args: [null,null,null,null,5000,"1900ec2c-416d-476d-9ebe-0795afa97fa8"]
[debug] &amp#27;[35m[AndroidUiautomator2Driver@08d9 (1900ec2c)]&amp#27;[39m W3C timeout argument: {"implicit":5000}}
[debug] &amp#27;[35m[AndroidUiautomator2Driver@08d9 (1900ec2c)]&amp#27;[39m Set implicit wait to 5000ms
[debug] &amp#27;[35m[AndroidUiautomator2Driver@08d9 (1900ec2c)]&amp#27;[39m Responding to client with driver.timeouts() result: null
&amp#27;[35m[HTTP]&amp#27;[39m &amp#27;[37m<-- POST /wd/hub/session/1900ec2c-416d-476d-9ebe-0795afa97fa8/timeouts &amp#27;[39m&amp#27;[32m200&amp#27;[39m &amp#27;[90m1 ms - 14&amp#27;[39m
&amp#27;[35m[HTTP]&amp#27;[39m &amp#27;[90m&amp#27;[39m
&amp#27;[35m[HTTP]&amp#27;[39m &amp#27;[37m-->&amp#27;[39m &amp#27;[37mGET&amp#27;[39m &amp#27;[37m/wd/hub/session/1900ec2c-416d-476d-9ebe-0795afa97fa8/context&amp#27;[39m
&amp#27;[35m[HTTP]&amp#27;[39m &amp#27;[90m{}&amp#27;[39m
[debug] &amp#27;[35m[AndroidUiautomator2Driver@08d9 (1900ec2c)]&amp#27;[39m Calling AppiumDriver.getCurrentContext() with args: ["1900ec2c-416d-476d-9ebe-0795afa97fa8"]
[debug] &amp#27;[35m[AndroidUiautomator2Driver@08d9 (1900ec2c)]&amp#27;[39m Responding to client with driver.getCurrentContext() result: "NATIVE_APP"
&amp#27;[35m[HTTP]&amp#27;[39m &amp#27;[37m<-- GET /wd/hub/session/1900ec2c-416d-476d-9ebe-0795afa97fa8/context &amp#27;[39m&amp#27;[32m200&amp#27;[39m &amp#27;[90m1 ms - 22&amp#27;[39m
&amp#27;[35m[HTTP]&amp#27;[39m &amp#27;[90m&amp#27;[39m
&amp#27;[35m[HTTP]&amp#27;[39m &amp#27;[37m-->&amp#27;[39m &amp#27;[37mPOST&amp#27;[39m &amp#27;[37m/wd/hub/session/1900ec2c-416d-476d-9ebe-0795afa97fa8/element&amp#27;[39m
&amp#27;[35m[HTTP]&amp#27;[39m &amp#27;[90m{"using":"id","value":"topLevelElementTest"}&amp#27;[39m
[debug] &amp#27;[35m[AndroidUiautomator2Driver@08d9 (1900ec2c)]&amp#27;[39m Calling AppiumDriver.findElement() with args: ["id","topLevelElementTest","1900ec2c-416d-476d-9ebe-0795afa97fa8"]
[debug] &amp#27;[35m[AndroidUiautomator2Driver@08d9 (1900ec2c)]&amp#27;[39m Valid locator strategies for this request: xpath, id, class name, accessibility id, css selector, -android uiautomator
[debug] &amp#27;[35m[AndroidUiautomator2Driver@08d9 (1900ec2c)]&amp#27;[39m Waiting up to 5000 ms for condition
[debug] &amp#27;[35m[AndroidUiautomator2Driver@08d9 (1900ec2c)]&amp#27;[39m Matched '/element' to command name 'findElement'
[debug] &amp#27;[35m[AndroidUiautomator2Driver@08d9 (1900ec2c)]&amp#27;[39m Proxying [POST /element] to [POST http://127.0.0.1:8200/session/db22a7c0-2320-4369-8011-1dc9eb44d7d6/element] with body: {"strategy":"id","selector":"topLevelElementTest","context":"","multiple":false}
[debug] &amp#27;[35m[AndroidUiautomator2Driver@08d9 (1900ec2c)]&amp#27;[39m Got response with status 200: {"sessionId":"db22a7c0-2320-4369-8011-1dc9eb44d7d6","value":{"ELEMENT":"00000000-0000-00a0-ffff-ffff0000001b","element-6066-11e4-a52e-4f735466cecf":"00000000-0000-00a0-ffff-ffff0000001b"}}
[debug] &amp#27;[35m[AndroidUiautomator2Driver@08d9 (1900ec2c)]&amp#27;[39m Responding to client with driver.findElement() result: {"element-6066-11e4-a52e-4f735466cecf":"00000000-0000-00a0-ffff-ffff0000001b","ELEMENT":"00000000-0000-00a0-ffff-ffff0000001b"}
&amp#27;[35m[HTTP]&amp#27;[39m &amp#27;[37m<-- POST /wd/hub/session/1900ec2c-416d-476d-9ebe-0795afa97fa8/element &amp#27;[39m&amp#27;[32m200&amp#27;[39m &amp#27;[90m21 ms - 137&amp#27;[39m
&amp#27;[35m[HTTP]&amp#27;[39m &amp#27;[90m&amp#27;[39m
&amp#27;[35m[HTTP]&amp#27;[39m &amp#27;[37m-->&amp#27;[39m &amp#27;[37mGET&amp#27;[39m &amp#27;[37m/wd/hub/session/1900ec2c-416d-476d-9ebe-0795afa97fa8/element/00000000-0000-00a0-ffff-ffff0000001b/text&amp#27;[39m
&amp#27;[35m[HTTP]&amp#27;[39m &amp#27;[90m{}&amp#27;[39m
&amp#27;[35m[AndroidUiautomator2Driver@08d9 (1900ec2c)]&amp#27;[39m Driver proxy active, passing request on via HTTP proxy
[debug] &amp#27;[35m[AndroidUiautomator2Driver@08d9 (1900ec2c)]&amp#27;[39m Matched '/wd/hub/session/1900ec2c-416d-476d-9ebe-0795afa97fa8/element/00000000-0000-00a0-ffff-ffff0000001b/text' to command name 'getText'
[debug] &amp#27;[35m[AndroidUiautomator2Driver@08d9 (1900ec2c)]&amp#27;[39m Proxying [GET /wd/hub/session/1900ec2c-416d-476d-9ebe-0795afa97fa8/element/00000000-0000-00a0-ffff-ffff0000001b/text] to [GET http://127.0.0.1:8200/session/db22a7c0-2320-4369-8011-1dc9eb44d7d6/element/00000000-0000-00a0-ffff-ffff0000001b/text] with no body
[debug] &amp#27;[35m[AndroidUiautomator2Driver@08d9 (1900ec2c)]&amp#27;[39m Got response with status 200: {"sessionId":"db22a7c0-2320-4369-8011-1dc9eb44d7d6","value":"Display and focus on layout"}
&amp#27;[35m[AndroidUiautomator2Driver@08d9 (1900ec2c)]&amp#27;[39m Replacing sessionId db22a7c0-2320-4369-8011-1dc9eb44d7d6 with 1900ec2c-416d-476d-9ebe-0795afa97fa8
&amp#27;[35m[HTTP]&amp#27;[39m &amp#27;[37m<-- GET /wd/hub/session/1900ec2c-416d-476d-9ebe-0795afa97fa8/element/00000000-0000-00a0-ffff-ffff0000001b/text &amp#27;[39m&amp#27;[32m200&amp#27;[39m &amp#27;[90m12 ms - 90&amp#27;[39m
&amp#27;[35m[HTTP]&amp#27;[39m &amp#27;[90m&amp#27;[39m
&amp#27;[35m[HTTP]&amp#27;[39m &amp#27;[37m-->&amp#27;[39m &amp#27;[37mGET&amp#27;[39m &amp#27;[37m/wd/hub/session/1900ec2c-416d-476d-9ebe-0795afa97fa8/context&amp#27;[39m
&amp#27;[35m[HTTP]&amp#27;[39m &amp#27;[90m{}&amp#27;[39m
[debug] &amp#27;[35m[AndroidUiautomator2Driver@08d9 (1900ec2c)]&amp#27;[39m Calling AppiumDriver.getCurrentContext() with args: ["1900ec2c-416d-476d-9ebe-0795afa97fa8"]
[debug] &amp#27;[35m[AndroidUiautomator2Driver@08d9 (1900ec2c)]&amp#27;[39m Responding to client with driver.getCurrentContext() result: "NATIVE_APP"
&amp#27;[35m[HTTP]&amp#27;[39m &amp#27;[37m<-- GET /wd/hub/session/1900ec2c-416d-476d-9ebe-0795afa97fa8/context &amp#27;[39m&amp#27;[32m200&amp#27;[39m &amp#27;[90m1 ms - 22&amp#27;[39m
&amp#27;[35m[HTTP]&amp#27;[39m &amp#27;[90m&amp#27;[39m
&amp#27;[35m[HTTP]&amp#27;[39m &amp#27;[37m-->&amp#27;[39m &amp#27;[37mPOST&amp#27;[39m &amp#27;[37m/wd/hub/session/1900ec2c-416d-476d-9ebe-0795afa97fa8/element&amp#27;[39m
&amp#27;[35m[HTTP]&amp#27;[39m &amp#27;[90m{"using":"id","value":"touchTest"}&amp#27;[39m
[debug] &amp#27;[35m[AndroidUiautomator2Driver@08d9 (1900ec2c)]&amp#27;[39m Calling AppiumDriver.findElement() with args: ["id","touchTest","1900ec2c-416d-476d-9ebe-0795afa97fa8"]
[debug] &amp#27;[35m[AndroidUiautomator2Driver@08d9 (1900ec2c)]&amp#27;[39m Valid locator strategies for this request: xpath, id, class name, accessibility id, css selector, -android uiautomator
[debug] &amp#27;[35m[AndroidUiautomator2Driver@08d9 (1900ec2c)]&amp#27;[39m Waiting up to 5000 ms for condition
[debug] &amp#27;[35m[AndroidUiautomator2Driver@08d9 (1900ec2c)]&amp#27;[39m Matched '/element' to command name 'findElement'
[debug] &amp#27;[35m[AndroidUiautomator2Driver@08d9 (1900ec2c)]&amp#27;[39m Proxying [POST /element] to [POST http://127.0.0.1:8200/session/db22a7c0-2320-4369-8011-1dc9eb44d7d6/element] with body: {"strategy":"id","selector":"touchTest","context":"","multiple":false}
[debug] &amp#27;[35m[AndroidUiautomator2Driver@08d9 (1900ec2c)]&amp#27;[39m Got response with status 200: {"sessionId":"db22a7c0-2320-4369-8011-1dc9eb44d7d6","value":{"ELEMENT":"00000000-0000-00a0-ffff-ffff0000001c","element-6066-11e4-a52e-4f735466cecf":"00000000-0000-00a0-ffff-ffff0000001c"}}
[debug] &amp#27;[35m[AndroidUiautomator2Driver@08d9 (1900ec2c)]&amp#27;[39m Responding to client with driver.findElement() result: {"element-6066-11e4-a52e-4f735466cecf":"00000000-0000-00a0-ffff-ffff0000001c","ELEMENT":"00000000-0000-00a0-ffff-ffff0000001c"}
&amp#27;[35m[HTTP]&amp#27;[39m &amp#27;[37m<-- POST /wd/hub/session/1900ec2c-416d-476d-9ebe-0795afa97fa8/element &amp#27;[39m&amp#27;[32m200&amp#27;[39m &amp#27;[90m24 ms - 137&amp#27;[39m
&amp#27;[35m[HTTP]&amp#27;[39m &amp#27;[90m&amp#27;[39m
&amp#27;[35m[HTTP]&amp#27;[39m &amp#27;[37m-->&amp#27;[39m &amp#27;[37mGET&amp#27;[39m &amp#27;[37m/wd/hub/session/1900ec2c-416d-476d-9ebe-0795afa97fa8/element/00000000-0000-00a0-ffff-ffff0000001c/text&amp#27;[39m
&amp#27;[35m[HTTP]&amp#27;[39m &amp#27;[90m{}&amp#27;[39m
&amp#27;[35m[AndroidUiautomator2Driver@08d9 (1900ec2c)]&amp#27;[39m Driver proxy active, passing request on via HTTP proxy
[debug] &amp#27;[35m[AndroidUiautomator2Driver@08d9 (1900ec2c)]&amp#27;[39m Matched '/wd/hub/session/1900ec2c-416d-476d-9ebe-0795afa97fa8/element/00000000-0000-00a0-ffff-ffff0000001c/text' to command name 'getText'
[debug] &amp#27;[35m[AndroidUiautomator2Driver@08d9 (1900ec2c)]&amp#27;[39m Proxying [GET /wd/hub/session/1900ec2c-416d-476d-9ebe-0795afa97fa8/element/00000000-0000-00a0-ffff-ffff0000001c/text] to [GET http://127.0.0.1:8200/session/db22a7c0-2320-4369-8011-1dc9eb44d7d6/element/00000000-0000-00a0-ffff-ffff0000001c/text] with no body
[debug] &amp#27;[35m[AndroidUiautomator2Driver@08d9 (1900ec2c)]&amp#27;[39m Got response with status 200: {"sessionId":"db22a7c0-2320-4369-8011-1dc9eb44d7d6","value":"Touch Actions"}
&amp#27;[35m[AndroidUiautomator2Driver@08d9 (1900ec2c)]&amp#27;[39m Replacing sessionId db22a7c0-2320-4369-8011-1dc9eb44d7d6 with 1900ec2c-416d-476d-9ebe-0795afa97fa8
&amp#27;[35m[HTTP]&amp#27;[39m &amp#27;[37m<-- GET /wd/hub/session/1900ec2c-416d-476d-9ebe-0795afa97fa8/element/00000000-0000-00a0-ffff-ffff0000001c/text &amp#27;[39m&amp#27;[32m200&amp#27;[39m &amp#27;[90m19 ms - 76&amp#27;[39m
&amp#27;[35m[HTTP]&amp#27;[39m &amp#27;[90m&amp#27;[39m
]]></system-out>
    <system-err><![CDATA[SLF4J: Failed to load class "org.slf4j.impl.StaticLoggerBinder".
SLF4J: Defaulting to no-operation (NOP) logger implementation
SLF4J: See http://www.slf4j.org/codes.html#StaticLoggerBinder for further details.
Jan 12, 2023 2:10:45 AM io.appium.java_client.remote.AppiumCommandExecutor$1 lambda$0
INFO: Detected dialect: W3C
]]></system-err>
  </testcase>
  <testcase name="validateAllActionsOnHomePage" classname="com.sample.testScript.Scripts" time="36.148">
    <system-out><![CDATA[&amp#27;[35m[HTTP]&amp#27;[39m &amp#27;[37m-->&amp#27;[39m &amp#27;[37mGET&amp#27;[39m &amp#27;[37m/wd/hub/session/1900ec2c-416d-476d-9ebe-0795afa97fa8/context&amp#27;[39m
&amp#27;[35m[HTTP]&amp#27;[39m &amp#27;[90m{}&amp#27;[39m
[debug] &amp#27;[35m[AndroidUiautomator2Driver@08d9 (1900ec2c)]&amp#27;[39m Calling AppiumDriver.getCurrentContext() with args: ["1900ec2c-416d-476d-9ebe-0795afa97fa8"]
[debug] &amp#27;[35m[AndroidUiautomator2Driver@08d9 (1900ec2c)]&amp#27;[39m Responding to client with driver.getCurrentContext() result: "NATIVE_APP"
&amp#27;[35m[HTTP]&amp#27;[39m &amp#27;[37m<-- GET /wd/hub/session/1900ec2c-416d-476d-9ebe-0795afa97fa8/context &amp#27;[39m&amp#27;[32m200&amp#27;[39m &amp#27;[90m1 ms - 22&amp#27;[39m
&amp#27;[35m[HTTP]&amp#27;[39m &amp#27;[90m&amp#27;[39m
&amp#27;[35m[HTTP]&amp#27;[39m &amp#27;[37m-->&amp#27;[39m &amp#27;[37mPOST&amp#27;[39m &amp#27;[37m/wd/hub/session/1900ec2c-416d-476d-9ebe-0795afa97fa8/element&amp#27;[39m
&amp#27;[35m[HTTP]&amp#27;[39m &amp#27;[90m{"using":"accessibility id","value":"buttonTestCD"}&amp#27;[39m
[debug] &amp#27;[35m[AndroidUiautomator2Driver@08d9 (1900ec2c)]&amp#27;[39m Calling AppiumDriver.findElement() with args: ["accessibility id","buttonTestCD","1900ec2c-416d-476d-9ebe-0795afa97fa8"]
[debug] &amp#27;[35m[AndroidUiautomator2Driver@08d9 (1900ec2c)]&amp#27;[39m Valid locator strategies for this request: xpath, id, class name, accessibility id, css selector, -android uiautomator
[debug] &amp#27;[35m[AndroidUiautomator2Driver@08d9 (1900ec2c)]&amp#27;[39m Waiting up to 5000 ms for condition
[debug] &amp#27;[35m[AndroidUiautomator2Driver@08d9 (1900ec2c)]&amp#27;[39m Matched '/element' to command name 'findElement'
[debug] &amp#27;[35m[AndroidUiautomator2Driver@08d9 (1900ec2c)]&amp#27;[39m Proxying [POST /element] to [POST http://127.0.0.1:8200/session/db22a7c0-2320-4369-8011-1dc9eb44d7d6/element] with body: {"strategy":"accessibility id","selector":"buttonTestCD","context":"","multiple":false}
[debug] &amp#27;[35m[AndroidUiautomator2Driver@08d9 (1900ec2c)]&amp#27;[39m Got response with status 200: {"sessionId":"db22a7c0-2320-4369-8011-1dc9eb44d7d6","value":{"ELEMENT":"00000000-0000-00a0-ffff-ffff00000009","element-6066-11e4-a52e-4f735466cecf":"00000000-0000-00a0-ffff-ffff00000009"}}
[debug] &amp#27;[35m[AndroidUiautomator2Driver@08d9 (1900ec2c)]&amp#27;[39m Responding to client with driver.findElement() result: {"element-6066-11e4-a52e-4f735466cecf":"00000000-0000-00a0-ffff-ffff00000009","ELEMENT":"00000000-0000-00a0-ffff-ffff00000009"}
&amp#27;[35m[HTTP]&amp#27;[39m &amp#27;[37m<-- POST /wd/hub/session/1900ec2c-416d-476d-9ebe-0795afa97fa8/element &amp#27;[39m&amp#27;[32m200&amp#27;[39m &amp#27;[90m90 ms - 137&amp#27;[39m
&amp#27;[35m[HTTP]&amp#27;[39m &amp#27;[90m&amp#27;[39m
&amp#27;[35m[HTTP]&amp#27;[39m &amp#27;[37m-->&amp#27;[39m &amp#27;[37mPOST&amp#27;[39m &amp#27;[37m/wd/hub/session/1900ec2c-416d-476d-9ebe-0795afa97fa8/element/00000000-0000-00a0-ffff-ffff00000009/click&amp#27;[39m
&amp#27;[35m[HTTP]&amp#27;[39m &amp#27;[90m{"id":"00000000-0000-00a0-ffff-ffff00000009"}&amp#27;[39m
[debug] &amp#27;[35m[AndroidUiautomator2Driver@08d9 (1900ec2c)]&amp#27;[39m Calling AppiumDriver.click() with args: ["00000000-0000-00a0-ffff-ffff00000009","1900ec2c-416d-476d-9ebe-0795afa97fa8"]
[debug] &amp#27;[35m[AndroidUiautomator2Driver@08d9 (1900ec2c)]&amp#27;[39m Matched '/element/00000000-0000-00a0-ffff-ffff00000009/click' to command name 'click'
[debug] &amp#27;[35m[AndroidUiautomator2Driver@08d9 (1900ec2c)]&amp#27;[39m Proxying [POST /element/00000000-0000-00a0-ffff-ffff00000009/click] to [POST http://127.0.0.1:8200/session/db22a7c0-2320-4369-8011-1dc9eb44d7d6/element/00000000-0000-00a0-ffff-ffff00000009/click] with body: {"element":"00000000-0000-00a0-ffff-ffff00000009"}
[debug] &amp#27;[35m[AndroidUiautomator2Driver@08d9 (1900ec2c)]&amp#27;[39m Got response with status 200: {"sessionId":"db22a7c0-2320-4369-8011-1dc9eb44d7d6","value":null}
[debug] &amp#27;[35m[AndroidUiautomator2Driver@08d9 (1900ec2c)]&amp#27;[39m Responding to client with driver.click() result: null
&amp#27;[35m[HTTP]&amp#27;[39m &amp#27;[37m<-- POST /wd/hub/session/1900ec2c-416d-476d-9ebe-0795afa97fa8/element/00000000-0000-00a0-ffff-ffff00000009/click &amp#27;[39m&amp#27;[32m200&amp#27;[39m &amp#27;[90m50 ms - 14&amp#27;[39m
&amp#27;[35m[HTTP]&amp#27;[39m &amp#27;[90m&amp#27;[39m
&amp#27;[35m[HTTP]&amp#27;[39m &amp#27;[37m-->&amp#27;[39m &amp#27;[37mGET&amp#27;[39m &amp#27;[37m/wd/hub/session/1900ec2c-416d-476d-9ebe-0795afa97fa8/context&amp#27;[39m
&amp#27;[35m[HTTP]&amp#27;[39m &amp#27;[90m{}&amp#27;[39m
[debug] &amp#27;[35m[AndroidUiautomator2Driver@08d9 (1900ec2c)]&amp#27;[39m Calling AppiumDriver.getCurrentContext() with args: ["1900ec2c-416d-476d-9ebe-0795afa97fa8"]
[debug] &amp#27;[35m[AndroidUiautomator2Driver@08d9 (1900ec2c)]&amp#27;[39m Responding to client with driver.getCurrentContext() result: "NATIVE_APP"
&amp#27;[35m[HTTP]&amp#27;[39m &amp#27;[37m<-- GET /wd/hub/session/1900ec2c-416d-476d-9ebe-0795afa97fa8/context &amp#27;[39m&amp#27;[32m200&amp#27;[39m &amp#27;[90m1 ms - 22&amp#27;[39m
&amp#27;[35m[HTTP]&amp#27;[39m &amp#27;[90m&amp#27;[39m
&amp#27;[35m[HTTP]&amp#27;[39m &amp#27;[37m-->&amp#27;[39m &amp#27;[37mPOST&amp#27;[39m &amp#27;[37m/wd/hub/session/1900ec2c-416d-476d-9ebe-0795afa97fa8/element&amp#27;[39m
&amp#27;[35m[HTTP]&amp#27;[39m &amp#27;[90m{"using":"id","value":"android:id/message"}&amp#27;[39m
[debug] &amp#27;[35m[AndroidUiautomator2Driver@08d9 (1900ec2c)]&amp#27;[39m Calling AppiumDriver.findElement() with args: ["id","android:id/message","1900ec2c-416d-476d-9ebe-0795afa97fa8"]
[debug] &amp#27;[35m[AndroidUiautomator2Driver@08d9 (1900ec2c)]&amp#27;[39m Valid locator strategies for this request: xpath, id, class name, accessibility id, css selector, -android uiautomator
[debug] &amp#27;[35m[AndroidUiautomator2Driver@08d9 (1900ec2c)]&amp#27;[39m Waiting up to 5000 ms for condition
[debug] &amp#27;[35m[AndroidUiautomator2Driver@08d9 (1900ec2c)]&amp#27;[39m Matched '/element' to command name 'findElement'
[debug] &amp#27;[35m[AndroidUiautomator2Driver@08d9 (1900ec2c)]&amp#27;[39m Proxying [POST /element] to [POST http://127.0.0.1:8200/session/db22a7c0-2320-4369-8011-1dc9eb44d7d6/element] with body: {"strategy":"id","selector":"android:id/message","context":"","multiple":false}
&amp#27;[35m[AndroidUiautomator2Driver@08d9 (1900ec2c)]&amp#27;[39m Got response with status 404: {"sessionId":"db22a7c0-2320-4369-8011-1dc9eb44d7d6","value":{"error":"no such element","message":"An element could not be located on the page using the given search parameters","stacktrace":"io.appium.uiautomator2.common.exceptions.ElementNotFoundException: An element could not be located on the page using the given search parameters\n\tat io.appium.uiautomator2.handler.FindElement.safeHandle(FindElement.java:70)\n\tat io.appium.uiautomator2.handler.request.SafeRequestHandler.handle(SafeRequestHandler.java:59)\n\tat io.appium.uiautomator2.server.AppiumServlet.handleRequest(AppiumServlet.java:267)\n\tat io.appium.uiautomator2.server.AppiumServlet.handleHttpRequest(AppiumServlet.java:261)\n\tat io.appium.uiautomator2.http.ServerHandler.channelRead(ServerHandler.java:68)\n\tat io.netty.channel.AbstractChannelHandlerContext.invokeChannelRead(AbstractChannelHandlerContext.java:366)\n\tat io.netty.channel.AbstractChannelHandlerContext.invokeChannelRead(AbstractChannelHandlerContext.java:352)\n\tat io.netty.chann...
[debug] &amp#27;[35m[W3C]&amp#27;[39m Matched W3C error code 'no such element' to NoSuchElementError
[debug] &amp#27;[35m[AndroidUiautomator2Driver@08d9 (1900ec2c)]&amp#27;[39m Waited for 112 ms so far
[debug] &amp#27;[35m[AndroidUiautomator2Driver@08d9 (1900ec2c)]&amp#27;[39m Matched '/element' to command name 'findElement'
[debug] &amp#27;[35m[AndroidUiautomator2Driver@08d9 (1900ec2c)]&amp#27;[39m Proxying [POST /element] to [POST http://127.0.0.1:8200/session/db22a7c0-2320-4369-8011-1dc9eb44d7d6/element] with body: {"strategy":"id","selector":"android:id/message","context":"","multiple":false}
[debug] &amp#27;[35m[AndroidUiautomator2Driver@08d9 (1900ec2c)]&amp#27;[39m Got response with status 200: {"sessionId":"db22a7c0-2320-4369-8011-1dc9eb44d7d6","value":{"ELEMENT":"00000000-0000-00a1-ffff-ffff00000029","element-6066-11e4-a52e-4f735466cecf":"00000000-0000-00a1-ffff-ffff00000029"}}
[debug] &amp#27;[35m[AndroidUiautomator2Driver@08d9 (1900ec2c)]&amp#27;[39m Responding to client with driver.findElement() result: {"element-6066-11e4-a52e-4f735466cecf":"00000000-0000-00a1-ffff-ffff00000029","ELEMENT":"00000000-0000-00a1-ffff-ffff00000029"}
&amp#27;[35m[HTTP]&amp#27;[39m &amp#27;[37m<-- POST /wd/hub/session/1900ec2c-416d-476d-9ebe-0795afa97fa8/element &amp#27;[39m&amp#27;[32m200&amp#27;[39m &amp#27;[90m650 ms - 137&amp#27;[39m
&amp#27;[35m[HTTP]&amp#27;[39m &amp#27;[90m&amp#27;[39m
&amp#27;[35m[HTTP]&amp#27;[39m &amp#27;[37m-->&amp#27;[39m &amp#27;[37mGET&amp#27;[39m &amp#27;[37m/wd/hub/session/1900ec2c-416d-476d-9ebe-0795afa97fa8/element/00000000-0000-00a1-ffff-ffff00000029/text&amp#27;[39m
&amp#27;[35m[HTTP]&amp#27;[39m &amp#27;[90m{}&amp#27;[39m
&amp#27;[35m[AndroidUiautomator2Driver@08d9 (1900ec2c)]&amp#27;[39m Driver proxy active, passing request on via HTTP proxy
[debug] &amp#27;[35m[AndroidUiautomator2Driver@08d9 (1900ec2c)]&amp#27;[39m Matched '/wd/hub/session/1900ec2c-416d-476d-9ebe-0795afa97fa8/element/00000000-0000-00a1-ffff-ffff00000029/text' to command name 'getText'
[debug] &amp#27;[35m[AndroidUiautomator2Driver@08d9 (1900ec2c)]&amp#27;[39m Proxying [GET /wd/hub/session/1900ec2c-416d-476d-9ebe-0795afa97fa8/element/00000000-0000-00a1-ffff-ffff00000029/text] to [GET http://127.0.0.1:8200/session/db22a7c0-2320-4369-8011-1dc9eb44d7d6/element/00000000-0000-00a1-ffff-ffff00000029/text] with no body
[debug] &amp#27;[35m[AndroidUiautomator2Driver@08d9 (1900ec2c)]&amp#27;[39m Got response with status 200: {"sessionId":"db22a7c0-2320-4369-8011-1dc9eb44d7d6","value":"This will end the activity"}
&amp#27;[35m[AndroidUiautomator2Driver@08d9 (1900ec2c)]&amp#27;[39m Replacing sessionId db22a7c0-2320-4369-8011-1dc9eb44d7d6 with 1900ec2c-416d-476d-9ebe-0795afa97fa8
&amp#27;[35m[HTTP]&amp#27;[39m &amp#27;[37m<-- GET /wd/hub/session/1900ec2c-416d-476d-9ebe-0795afa97fa8/element/00000000-0000-00a1-ffff-ffff00000029/text &amp#27;[39m&amp#27;[32m200&amp#27;[39m &amp#27;[90m13 ms - 89&amp#27;[39m
&amp#27;[35m[HTTP]&amp#27;[39m &amp#27;[90m&amp#27;[39m
&amp#27;[35m[HTTP]&amp#27;[39m &amp#27;[37m-->&amp#27;[39m &amp#27;[37mGET&amp#27;[39m &amp#27;[37m/wd/hub/session/1900ec2c-416d-476d-9ebe-0795afa97fa8/context&amp#27;[39m
&amp#27;[35m[HTTP]&amp#27;[39m &amp#27;[90m{}&amp#27;[39m
[debug] &amp#27;[35m[AndroidUiautomator2Driver@08d9 (1900ec2c)]&amp#27;[39m Calling AppiumDriver.getCurrentContext() with args: ["1900ec2c-416d-476d-9ebe-0795afa97fa8"]
[debug] &amp#27;[35m[AndroidUiautomator2Driver@08d9 (1900ec2c)]&amp#27;[39m Responding to client with driver.getCurrentContext() result: "NATIVE_APP"
&amp#27;[35m[HTTP]&amp#27;[39m &amp#27;[37m<-- GET /wd/hub/session/1900ec2c-416d-476d-9ebe-0795afa97fa8/context &amp#27;[39m&amp#27;[32m200&amp#27;[39m &amp#27;[90m1 ms - 22&amp#27;[39m
&amp#27;[35m[HTTP]&amp#27;[39m &amp#27;[90m&amp#27;[39m
&amp#27;[35m[HTTP]&amp#27;[39m &amp#27;[37m-->&amp#27;[39m &amp#27;[37mPOST&amp#27;[39m &amp#27;[37m/wd/hub/session/1900ec2c-416d-476d-9ebe-0795afa97fa8/element&amp#27;[39m
&amp#27;[35m[HTTP]&amp#27;[39m &amp#27;[90m{"using":"id","value":"android:id/button1"}&amp#27;[39m
[debug] &amp#27;[35m[AndroidUiautomator2Driver@08d9 (1900ec2c)]&amp#27;[39m Calling AppiumDriver.findElement() with args: ["id","android:id/button1","1900ec2c-416d-476d-9ebe-0795afa97fa8"]
[debug] &amp#27;[35m[AndroidUiautomator2Driver@08d9 (1900ec2c)]&amp#27;[39m Valid locator strategies for this request: xpath, id, class name, accessibility id, css selector, -android uiautomator
[debug] &amp#27;[35m[AndroidUiautomator2Driver@08d9 (1900ec2c)]&amp#27;[39m Waiting up to 5000 ms for condition
[debug] &amp#27;[35m[AndroidUiautomator2Driver@08d9 (1900ec2c)]&amp#27;[39m Matched '/element' to command name 'findElement'
[debug] &amp#27;[35m[AndroidUiautomator2Driver@08d9 (1900ec2c)]&amp#27;[39m Proxying [POST /element] to [POST http://127.0.0.1:8200/session/db22a7c0-2320-4369-8011-1dc9eb44d7d6/element] with body: {"strategy":"id","selector":"android:id/button1","context":"","multiple":false}
[debug] &amp#27;[35m[AndroidUiautomator2Driver@08d9 (1900ec2c)]&amp#27;[39m Got response with status 200: {"sessionId":"db22a7c0-2320-4369-8011-1dc9eb44d7d6","value":{"ELEMENT":"00000000-0000-00a1-ffff-ffff0000002f","element-6066-11e4-a52e-4f735466cecf":"00000000-0000-00a1-ffff-ffff0000002f"}}
[debug] &amp#27;[35m[AndroidUiautomator2Driver@08d9 (1900ec2c)]&amp#27;[39m Responding to client with driver.findElement() result: {"element-6066-11e4-a52e-4f735466cecf":"00000000-0000-00a1-ffff-ffff0000002f","ELEMENT":"00000000-0000-00a1-ffff-ffff0000002f"}
&amp#27;[35m[HTTP]&amp#27;[39m &amp#27;[37m<-- POST /wd/hub/session/1900ec2c-416d-476d-9ebe-0795afa97fa8/element &amp#27;[39m&amp#27;[32m200&amp#27;[39m &amp#27;[90m14 ms - 137&amp#27;[39m
&amp#27;[35m[HTTP]&amp#27;[39m &amp#27;[90m&amp#27;[39m
&amp#27;[35m[HTTP]&amp#27;[39m &amp#27;[37m-->&amp#27;[39m &amp#27;[37mPOST&amp#27;[39m &amp#27;[37m/wd/hub/session/1900ec2c-416d-476d-9ebe-0795afa97fa8/element/00000000-0000-00a1-ffff-ffff0000002f/click&amp#27;[39m
&amp#27;[35m[HTTP]&amp#27;[39m &amp#27;[90m{"id":"00000000-0000-00a1-ffff-ffff0000002f"}&amp#27;[39m
[debug] &amp#27;[35m[AndroidUiautomator2Driver@08d9 (1900ec2c)]&amp#27;[39m Calling AppiumDriver.click() with args: ["00000000-0000-00a1-ffff-ffff0000002f","1900ec2c-416d-476d-9ebe-0795afa97fa8"]
[debug] &amp#27;[35m[AndroidUiautomator2Driver@08d9 (1900ec2c)]&amp#27;[39m Matched '/element/00000000-0000-00a1-ffff-ffff0000002f/click' to command name 'click'
[debug] &amp#27;[35m[AndroidUiautomator2Driver@08d9 (1900ec2c)]&amp#27;[39m Proxying [POST /element/00000000-0000-00a1-ffff-ffff0000002f/click] to [POST http://127.0.0.1:8200/session/db22a7c0-2320-4369-8011-1dc9eb44d7d6/element/00000000-0000-00a1-ffff-ffff0000002f/click] with body: {"element":"00000000-0000-00a1-ffff-ffff0000002f"}
[debug] &amp#27;[35m[AndroidUiautomator2Driver@08d9 (1900ec2c)]&amp#27;[39m Got response with status 200: {"sessionId":"db22a7c0-2320-4369-8011-1dc9eb44d7d6","value":null}
[debug] &amp#27;[35m[AndroidUiautomator2Driver@08d9 (1900ec2c)]&amp#27;[39m Responding to client with driver.click() result: null
&amp#27;[35m[HTTP]&amp#27;[39m &amp#27;[37m<-- POST /wd/hub/session/1900ec2c-416d-476d-9ebe-0795afa97fa8/element/00000000-0000-00a1-ffff-ffff0000002f/click &amp#27;[39m&amp#27;[32m200&amp#27;[39m &amp#27;[90m52 ms - 14&amp#27;[39m
&amp#27;[35m[HTTP]&amp#27;[39m &amp#27;[90m&amp#27;[39m
&amp#27;[35m[HTTP]&amp#27;[39m &amp#27;[37m-->&amp#27;[39m &amp#27;[37mPOST&amp#27;[39m &amp#27;[37m/wd/hub/session/1900ec2c-416d-476d-9ebe-0795afa97fa8/appium/device/activate_app&amp#27;[39m
&amp#27;[35m[HTTP]&amp#27;[39m &amp#27;[90m{"bundleId":"io.selendroid.testapp"}&amp#27;[39m
[debug] &amp#27;[35m[AndroidUiautomator2Driver@08d9 (1900ec2c)]&amp#27;[39m Calling AppiumDriver.activateApp() with args: ["io.selendroid.testapp",null,null,null,"1900ec2c-416d-476d-9ebe-0795afa97fa8"]
[debug] &amp#27;[35m[AndroidUiautomator2Driver@08d9 (1900ec2c)]&amp#27;[39m Activating 'io.selendroid.testapp'
[debug] &amp#27;[35m[ADB]&amp#27;[39m Running '/Users/AshishSrivastava/Library/Android/sdk/platform-tools/adb -P 5037 -s emulator-5554 shell cmd package resolve-activity --brief io.selendroid.testapp'
[debug] &amp#27;[35m[ADB]&amp#27;[39m Running '/Users/AshishSrivastava/Library/Android/sdk/platform-tools/adb -P 5037 -s emulator-5554 shell am start-activity -a android.intent.action.MAIN -c android.intent.category.LAUNCHER -f 0x10200000 -n io.selendroid.testapp/.HomeScreenActivity'
[debug] &amp#27;[35m[AndroidUiautomator2Driver@08d9 (1900ec2c)]&amp#27;[39m Starting: Intent { act=android.intent.action.MAIN cat=[android.intent.category.LAUNCHER] flg=0x10200000 cmp=io.selendroid.testapp/.HomeScreenActivity }
[debug] &amp#27;[35m[AndroidUiautomator2Driver@08d9 (1900ec2c)]&amp#27;[39m Responding to client with driver.activateApp() result: null
&amp#27;[35m[HTTP]&amp#27;[39m &amp#27;[37m<-- POST /wd/hub/session/1900ec2c-416d-476d-9ebe-0795afa97fa8/appium/device/activate_app &amp#27;[39m&amp#27;[32m200&amp#27;[39m &amp#27;[90m120 ms - 14&amp#27;[39m
&amp#27;[35m[HTTP]&amp#27;[39m &amp#27;[90m&amp#27;[39m
&amp#27;[35m[HTTP]&amp#27;[39m &amp#27;[37m-->&amp#27;[39m &amp#27;[37mGET&amp#27;[39m &amp#27;[37m/wd/hub/session/1900ec2c-416d-476d-9ebe-0795afa97fa8/context&amp#27;[39m
&amp#27;[35m[HTTP]&amp#27;[39m &amp#27;[90m{}&amp#27;[39m
[debug] &amp#27;[35m[AndroidUiautomator2Driver@08d9 (1900ec2c)]&amp#27;[39m Calling AppiumDriver.getCurrentContext() with args: ["1900ec2c-416d-476d-9ebe-0795afa97fa8"]
[debug] &amp#27;[35m[AndroidUiautomator2Driver@08d9 (1900ec2c)]&amp#27;[39m Responding to client with driver.getCurrentContext() result: "NATIVE_APP"
&amp#27;[35m[HTTP]&amp#27;[39m &amp#27;[37m<-- GET /wd/hub/session/1900ec2c-416d-476d-9ebe-0795afa97fa8/context &amp#27;[39m&amp#27;[32m200&amp#27;[39m &amp#27;[90m1 ms - 22&amp#27;[39m
&amp#27;[35m[HTTP]&amp#27;[39m &amp#27;[90m&amp#27;[39m
&amp#27;[35m[HTTP]&amp#27;[39m &amp#27;[37m-->&amp#27;[39m &amp#27;[37mPOST&amp#27;[39m &amp#27;[37m/wd/hub/session/1900ec2c-416d-476d-9ebe-0795afa97fa8/element&amp#27;[39m
&amp#27;[35m[HTTP]&amp#27;[39m &amp#27;[90m{"using":"accessibility id","value":"my_text_fieldCD"}&amp#27;[39m
[debug] &amp#27;[35m[AndroidUiautomator2Driver@08d9 (1900ec2c)]&amp#27;[39m Calling AppiumDriver.findElement() with args: ["accessibility id","my_text_fieldCD","1900ec2c-416d-476d-9ebe-0795afa97fa8"]
[debug] &amp#27;[35m[AndroidUiautomator2Driver@08d9 (1900ec2c)]&amp#27;[39m Valid locator strategies for this request: xpath, id, class name, accessibility id, css selector, -android uiautomator
[debug] &amp#27;[35m[AndroidUiautomator2Driver@08d9 (1900ec2c)]&amp#27;[39m Waiting up to 5000 ms for condition
[debug] &amp#27;[35m[AndroidUiautomator2Driver@08d9 (1900ec2c)]&amp#27;[39m Matched '/element' to command name 'findElement'
[debug] &amp#27;[35m[AndroidUiautomator2Driver@08d9 (1900ec2c)]&amp#27;[39m Proxying [POST /element] to [POST http://127.0.0.1:8200/session/db22a7c0-2320-4369-8011-1dc9eb44d7d6/element] with body: {"strategy":"accessibility id","selector":"my_text_fieldCD","context":"","multiple":false}
[debug] &amp#27;[35m[AndroidUiautomator2Driver@08d9 (1900ec2c)]&amp#27;[39m Got response with status 200: {"sessionId":"db22a7c0-2320-4369-8011-1dc9eb44d7d6","value":{"ELEMENT":"00000000-0000-00a3-ffff-ffff00000041","element-6066-11e4-a52e-4f735466cecf":"00000000-0000-00a3-ffff-ffff00000041"}}
[debug] &amp#27;[35m[AndroidUiautomator2Driver@08d9 (1900ec2c)]&amp#27;[39m Responding to client with driver.findElement() result: {"element-6066-11e4-a52e-4f735466cecf":"00000000-0000-00a3-ffff-ffff00000041","ELEMENT":"00000000-0000-00a3-ffff-ffff00000041"}
&amp#27;[35m[HTTP]&amp#27;[39m &amp#27;[37m<-- POST /wd/hub/session/1900ec2c-416d-476d-9ebe-0795afa97fa8/element &amp#27;[39m&amp#27;[32m200&amp#27;[39m &amp#27;[90m25 ms - 137&amp#27;[39m
&amp#27;[35m[HTTP]&amp#27;[39m &amp#27;[90m&amp#27;[39m
&amp#27;[35m[HTTP]&amp#27;[39m &amp#27;[37m-->&amp#27;[39m &amp#27;[37mPOST&amp#27;[39m &amp#27;[37m/wd/hub/session/1900ec2c-416d-476d-9ebe-0795afa97fa8/element/00000000-0000-00a3-ffff-ffff00000041/value&amp#27;[39m
&amp#27;[35m[HTTP]&amp#27;[39m &amp#27;[90m{"id":"00000000-0000-00a3-ffff-ffff00000041","text":"Hi, How are you?","value":["H","i",","," ","H","o","w"," ","a","r","e"," ","y","o","u","?"]}&amp#27;[39m
[debug] &amp#27;[35m[AndroidUiautomator2Driver@08d9 (1900ec2c)]&amp#27;[39m Calling AppiumDriver.setValue() with args: [["H","i",","," ","H","o","w"," ","a","r","e"," ","y","o","u","?"],"00000000-0000-00a3-ffff-ffff00000041","1900ec2c-416d-476d-9ebe-0795afa97fa8"]
[debug] &amp#27;[35m[AndroidUiautomator2Driver@08d9 (1900ec2c)]&amp#27;[39m Matched '/element/00000000-0000-00a3-ffff-ffff00000041/value' to command name 'setValue'
[debug] &amp#27;[35m[AndroidUiautomator2Driver@08d9 (1900ec2c)]&amp#27;[39m Added 'value' property ["H","i",","," ","H","o","w"," ","a","r","e"," ","y","o","u","?"] to 'setValue' request body
[debug] &amp#27;[35m[AndroidUiautomator2Driver@08d9 (1900ec2c)]&amp#27;[39m Proxying [POST /element/00000000-0000-00a3-ffff-ffff00000041/value] to [POST http://127.0.0.1:8200/session/db22a7c0-2320-4369-8011-1dc9eb44d7d6/element/00000000-0000-00a3-ffff-ffff00000041/value] with body: {"elementId":"00000000-0000-00a3-ffff-ffff00000041","text":"Hi, How are you?","replace":false,"value":["H","i",","," ","H","o","w"," ","a","r","e"," ","y","o","u","?"]}
[debug] &amp#27;[35m[AndroidUiautomator2Driver@08d9 (1900ec2c)]&amp#27;[39m Got response with status 200: {"sessionId":"db22a7c0-2320-4369-8011-1dc9eb44d7d6","value":null}
[debug] &amp#27;[35m[AndroidUiautomator2Driver@08d9 (1900ec2c)]&amp#27;[39m Responding to client with driver.setValue() result: null
&amp#27;[35m[HTTP]&amp#27;[39m &amp#27;[37m<-- POST /wd/hub/session/1900ec2c-416d-476d-9ebe-0795afa97fa8/element/00000000-0000-00a3-ffff-ffff00000041/value &amp#27;[39m&amp#27;[32m200&amp#27;[39m &amp#27;[90m54 ms - 14&amp#27;[39m
&amp#27;[35m[HTTP]&amp#27;[39m &amp#27;[90m&amp#27;[39m
&amp#27;[35m[HTTP]&amp#27;[39m &amp#27;[37m-->&amp#27;[39m &amp#27;[37mGET&amp#27;[39m &amp#27;[37m/wd/hub/session/1900ec2c-416d-476d-9ebe-0795afa97fa8/context&amp#27;[39m
&amp#27;[35m[HTTP]&amp#27;[39m &amp#27;[90m{}&amp#27;[39m
[debug] &amp#27;[35m[AndroidUiautomator2Driver@08d9 (1900ec2c)]&amp#27;[39m Calling AppiumDriver.getCurrentContext() with args: ["1900ec2c-416d-476d-9ebe-0795afa97fa8"]
[debug] &amp#27;[35m[AndroidUiautomator2Driver@08d9 (1900ec2c)]&amp#27;[39m Responding to client with driver.getCurrentContext() result: "NATIVE_APP"
&amp#27;[35m[HTTP]&amp#27;[39m &amp#27;[37m<-- GET /wd/hub/session/1900ec2c-416d-476d-9ebe-0795afa97fa8/context &amp#27;[39m&amp#27;[32m200&amp#27;[39m &amp#27;[90m1 ms - 22&amp#27;[39m
&amp#27;[35m[HTTP]&amp#27;[39m &amp#27;[90m&amp#27;[39m
&amp#27;[35m[HTTP]&amp#27;[39m &amp#27;[37m-->&amp#27;[39m &amp#27;[37mPOST&amp#27;[39m &amp#27;[37m/wd/hub/session/1900ec2c-416d-476d-9ebe-0795afa97fa8/element&amp#27;[39m
&amp#27;[35m[HTTP]&amp#27;[39m &amp#27;[90m{"using":"id","value":"waitingButtonTest"}&amp#27;[39m
[debug] &amp#27;[35m[AndroidUiautomator2Driver@08d9 (1900ec2c)]&amp#27;[39m Calling AppiumDriver.findElement() with args: ["id","waitingButtonTest","1900ec2c-416d-476d-9ebe-0795afa97fa8"]
[debug] &amp#27;[35m[AndroidUiautomator2Driver@08d9 (1900ec2c)]&amp#27;[39m Valid locator strategies for this request: xpath, id, class name, accessibility id, css selector, -android uiautomator
[debug] &amp#27;[35m[AndroidUiautomator2Driver@08d9 (1900ec2c)]&amp#27;[39m Waiting up to 5000 ms for condition
[debug] &amp#27;[35m[AndroidUiautomator2Driver@08d9 (1900ec2c)]&amp#27;[39m Matched '/element' to command name 'findElement'
[debug] &amp#27;[35m[AndroidUiautomator2Driver@08d9 (1900ec2c)]&amp#27;[39m Proxying [POST /element] to [POST http://127.0.0.1:8200/session/db22a7c0-2320-4369-8011-1dc9eb44d7d6/element] with body: {"strategy":"id","selector":"waitingButtonTest","context":"","multiple":false}
[debug] &amp#27;[35m[AndroidUiautomator2Driver@08d9 (1900ec2c)]&amp#27;[39m Got response with status 200: {"sessionId":"db22a7c0-2320-4369-8011-1dc9eb44d7d6","value":{"ELEMENT":"00000000-0000-00a3-ffff-ffff00000043","element-6066-11e4-a52e-4f735466cecf":"00000000-0000-00a3-ffff-ffff00000043"}}
[debug] &amp#27;[35m[AndroidUiautomator2Driver@08d9 (1900ec2c)]&amp#27;[39m Responding to client with driver.findElement() result: {"element-6066-11e4-a52e-4f735466cecf":"00000000-0000-00a3-ffff-ffff00000043","ELEMENT":"00000000-0000-00a3-ffff-ffff00000043"}
&amp#27;[35m[HTTP]&amp#27;[39m &amp#27;[37m<-- POST /wd/hub/session/1900ec2c-416d-476d-9ebe-0795afa97fa8/element &amp#27;[39m&amp#27;[32m200&amp#27;[39m &amp#27;[90m109 ms - 137&amp#27;[39m
&amp#27;[35m[HTTP]&amp#27;[39m &amp#27;[90m&amp#27;[39m
&amp#27;[35m[HTTP]&amp#27;[39m &amp#27;[37m-->&amp#27;[39m &amp#27;[37mPOST&amp#27;[39m &amp#27;[37m/wd/hub/session/1900ec2c-416d-476d-9ebe-0795afa97fa8/element/00000000-0000-00a3-ffff-ffff00000043/click&amp#27;[39m
&amp#27;[35m[HTTP]&amp#27;[39m &amp#27;[90m{"id":"00000000-0000-00a3-ffff-ffff00000043"}&amp#27;[39m
[debug] &amp#27;[35m[AndroidUiautomator2Driver@08d9 (1900ec2c)]&amp#27;[39m Calling AppiumDriver.click() with args: ["00000000-0000-00a3-ffff-ffff00000043","1900ec2c-416d-476d-9ebe-0795afa97fa8"]
[debug] &amp#27;[35m[AndroidUiautomator2Driver@08d9 (1900ec2c)]&amp#27;[39m Matched '/element/00000000-0000-00a3-ffff-ffff00000043/click' to command name 'click'
[debug] &amp#27;[35m[AndroidUiautomator2Driver@08d9 (1900ec2c)]&amp#27;[39m Proxying [POST /element/00000000-0000-00a3-ffff-ffff00000043/click] to [POST http://127.0.0.1:8200/session/db22a7c0-2320-4369-8011-1dc9eb44d7d6/element/00000000-0000-00a3-ffff-ffff00000043/click] with body: {"element":"00000000-0000-00a3-ffff-ffff00000043"}
[debug] &amp#27;[35m[AndroidUiautomator2Driver@08d9 (1900ec2c)]&amp#27;[39m Got response with status 200: {"sessionId":"db22a7c0-2320-4369-8011-1dc9eb44d7d6","value":null}
[debug] &amp#27;[35m[AndroidUiautomator2Driver@08d9 (1900ec2c)]&amp#27;[39m Responding to client with driver.click() result: null
&amp#27;[35m[HTTP]&amp#27;[39m &amp#27;[37m<-- POST /wd/hub/session/1900ec2c-416d-476d-9ebe-0795afa97fa8/element/00000000-0000-00a3-ffff-ffff00000043/click &amp#27;[39m&amp#27;[32m200&amp#27;[39m &amp#27;[90m499 ms - 14&amp#27;[39m
&amp#27;[35m[HTTP]&amp#27;[39m &amp#27;[90m&amp#27;[39m
&amp#27;[35m[HTTP]&amp#27;[39m &amp#27;[37m-->&amp#27;[39m &amp#27;[37mGET&amp#27;[39m &amp#27;[37m/wd/hub/session/1900ec2c-416d-476d-9ebe-0795afa97fa8/context&amp#27;[39m
&amp#27;[35m[HTTP]&amp#27;[39m &amp#27;[90m{}&amp#27;[39m
[debug] &amp#27;[35m[AndroidUiautomator2Driver@08d9 (1900ec2c)]&amp#27;[39m Calling AppiumDriver.getCurrentContext() with args: ["1900ec2c-416d-476d-9ebe-0795afa97fa8"]
[debug] &amp#27;[35m[AndroidUiautomator2Driver@08d9 (1900ec2c)]&amp#27;[39m Responding to client with driver.getCurrentContext() result: "NATIVE_APP"
&amp#27;[35m[HTTP]&amp#27;[39m &amp#27;[37m<-- GET /wd/hub/session/1900ec2c-416d-476d-9ebe-0795afa97fa8/context &amp#27;[39m&amp#27;[32m200&amp#27;[39m &amp#27;[90m1 ms - 22&amp#27;[39m
&amp#27;[35m[HTTP]&amp#27;[39m &amp#27;[90m&amp#27;[39m
&amp#27;[35m[HTTP]&amp#27;[39m &amp#27;[37m-->&amp#27;[39m &amp#27;[37mPOST&amp#27;[39m &amp#27;[37m/wd/hub/session/1900ec2c-416d-476d-9ebe-0795afa97fa8/element&amp#27;[39m
&amp#27;[35m[HTTP]&amp#27;[39m &amp#27;[90m{"using":"id","value":"android:id/message"}&amp#27;[39m
[debug] &amp#27;[35m[AndroidUiautomator2Driver@08d9 (1900ec2c)]&amp#27;[39m Calling AppiumDriver.findElement() with args: ["id","android:id/message","1900ec2c-416d-476d-9ebe-0795afa97fa8"]
[debug] &amp#27;[35m[AndroidUiautomator2Driver@08d9 (1900ec2c)]&amp#27;[39m Valid locator strategies for this request: xpath, id, class name, accessibility id, css selector, -android uiautomator
[debug] &amp#27;[35m[AndroidUiautomator2Driver@08d9 (1900ec2c)]&amp#27;[39m Waiting up to 5000 ms for condition
[debug] &amp#27;[35m[AndroidUiautomator2Driver@08d9 (1900ec2c)]&amp#27;[39m Matched '/element' to command name 'findElement'
[debug] &amp#27;[35m[AndroidUiautomator2Driver@08d9 (1900ec2c)]&amp#27;[39m Proxying [POST /element] to [POST http://127.0.0.1:8200/session/db22a7c0-2320-4369-8011-1dc9eb44d7d6/element] with body: {"strategy":"id","selector":"android:id/message","context":"","multiple":false}
&amp#27;[35m[AndroidUiautomator2Driver@08d9 (1900ec2c)]&amp#27;[39m Got response with status 404: {"sessionId":"db22a7c0-2320-4369-8011-1dc9eb44d7d6","value":{"error":"no such element","message":"An element could not be located on the page using the given search parameters","stacktrace":"io.appium.uiautomator2.common.exceptions.ElementNotFoundException: An element could not be located on the page using the given search parameters\n\tat io.appium.uiautomator2.handler.FindElement.safeHandle(FindElement.java:70)\n\tat io.appium.uiautomator2.handler.request.SafeRequestHandler.handle(SafeRequestHandler.java:59)\n\tat io.appium.uiautomator2.server.AppiumServlet.handleRequest(AppiumServlet.java:267)\n\tat io.appium.uiautomator2.server.AppiumServlet.handleHttpRequest(AppiumServlet.java:261)\n\tat io.appium.uiautomator2.http.ServerHandler.channelRead(ServerHandler.java:68)\n\tat io.netty.channel.AbstractChannelHandlerContext.invokeChannelRead(AbstractChannelHandlerContext.java:366)\n\tat io.netty.channel.AbstractChannelHandlerContext.invokeChannelRead(AbstractChannelHandlerContext.java:352)\n\tat io.netty.chann...
[debug] &amp#27;[35m[W3C]&amp#27;[39m Matched W3C error code 'no such element' to NoSuchElementError
[debug] &amp#27;[35m[AndroidUiautomator2Driver@08d9 (1900ec2c)]&amp#27;[39m Waited for 124 ms so far
[debug] &amp#27;[35m[AndroidUiautomator2Driver@08d9 (1900ec2c)]&amp#27;[39m Matched '/element' to command name 'findElement'
[debug] &amp#27;[35m[AndroidUiautomator2Driver@08d9 (1900ec2c)]&amp#27;[39m Proxying [POST /element] to [POST http://127.0.0.1:8200/session/db22a7c0-2320-4369-8011-1dc9eb44d7d6/element] with body: {"strategy":"id","selector":"android:id/message","context":"","multiple":false}
[debug] &amp#27;[35m[AndroidUiautomator2Driver@08d9 (1900ec2c)]&amp#27;[39m Got response with status 200: {"sessionId":"db22a7c0-2320-4369-8011-1dc9eb44d7d6","value":{"ELEMENT":"00000000-0000-00a4-ffff-ffff0000005d","element-6066-11e4-a52e-4f735466cecf":"00000000-0000-00a4-ffff-ffff0000005d"}}
[debug] &amp#27;[35m[AndroidUiautomator2Driver@08d9 (1900ec2c)]&amp#27;[39m Responding to client with driver.findElement() result: {"element-6066-11e4-a52e-4f735466cecf":"00000000-0000-00a4-ffff-ffff0000005d","ELEMENT":"00000000-0000-00a4-ffff-ffff0000005d"}
&amp#27;[35m[HTTP]&amp#27;[39m &amp#27;[37m<-- POST /wd/hub/session/1900ec2c-416d-476d-9ebe-0795afa97fa8/element &amp#27;[39m&amp#27;[32m200&amp#27;[39m &amp#27;[90m890 ms - 137&amp#27;[39m
&amp#27;[35m[HTTP]&amp#27;[39m &amp#27;[90m&amp#27;[39m
&amp#27;[35m[HTTP]&amp#27;[39m &amp#27;[37m-->&amp#27;[39m &amp#27;[37mGET&amp#27;[39m &amp#27;[37m/wd/hub/session/1900ec2c-416d-476d-9ebe-0795afa97fa8/element/00000000-0000-00a4-ffff-ffff0000005d/text&amp#27;[39m
&amp#27;[35m[HTTP]&amp#27;[39m &amp#27;[90m{}&amp#27;[39m
&amp#27;[35m[AndroidUiautomator2Driver@08d9 (1900ec2c)]&amp#27;[39m Driver proxy active, passing request on via HTTP proxy
[debug] &amp#27;[35m[AndroidUiautomator2Driver@08d9 (1900ec2c)]&amp#27;[39m Matched '/wd/hub/session/1900ec2c-416d-476d-9ebe-0795afa97fa8/element/00000000-0000-00a4-ffff-ffff0000005d/text' to command name 'getText'
[debug] &amp#27;[35m[AndroidUiautomator2Driver@08d9 (1900ec2c)]&amp#27;[39m Proxying [GET /wd/hub/session/1900ec2c-416d-476d-9ebe-0795afa97fa8/element/00000000-0000-00a4-ffff-ffff0000005d/text] to [GET http://127.0.0.1:8200/session/db22a7c0-2320-4369-8011-1dc9eb44d7d6/element/00000000-0000-00a4-ffff-ffff0000005d/text] with no body
[debug] &amp#27;[35m[AndroidUiautomator2Driver@08d9 (1900ec2c)]&amp#27;[39m Got response with status 200: {"sessionId":"db22a7c0-2320-4369-8011-1dc9eb44d7d6","value":"Waiting Dialog"}
&amp#27;[35m[AndroidUiautomator2Driver@08d9 (1900ec2c)]&amp#27;[39m Replacing sessionId db22a7c0-2320-4369-8011-1dc9eb44d7d6 with 1900ec2c-416d-476d-9ebe-0795afa97fa8
&amp#27;[35m[HTTP]&amp#27;[39m &amp#27;[37m<-- GET /wd/hub/session/1900ec2c-416d-476d-9ebe-0795afa97fa8/element/00000000-0000-00a4-ffff-ffff0000005d/text &amp#27;[39m&amp#27;[32m200&amp#27;[39m &amp#27;[90m14 ms - 77&amp#27;[39m
&amp#27;[35m[HTTP]&amp#27;[39m &amp#27;[90m&amp#27;[39m
&amp#27;[35m[HTTP]&amp#27;[39m &amp#27;[37m-->&amp#27;[39m &amp#27;[37mGET&amp#27;[39m &amp#27;[37m/wd/hub/session/1900ec2c-416d-476d-9ebe-0795afa97fa8/context&amp#27;[39m
&amp#27;[35m[HTTP]&amp#27;[39m &amp#27;[90m{}&amp#27;[39m
[debug] &amp#27;[35m[AndroidUiautomator2Driver@08d9 (1900ec2c)]&amp#27;[39m Calling AppiumDriver.getCurrentContext() with args: ["1900ec2c-416d-476d-9ebe-0795afa97fa8"]
[debug] &amp#27;[35m[AndroidUiautomator2Driver@08d9 (1900ec2c)]&amp#27;[39m Responding to client with driver.getCurrentContext() result: "NATIVE_APP"
&amp#27;[35m[HTTP]&amp#27;[39m &amp#27;[37m<-- GET /wd/hub/session/1900ec2c-416d-476d-9ebe-0795afa97fa8/context &amp#27;[39m&amp#27;[32m200&amp#27;[39m &amp#27;[90m1 ms - 22&amp#27;[39m
&amp#27;[35m[HTTP]&amp#27;[39m &amp#27;[90m&amp#27;[39m
&amp#27;[35m[HTTP]&amp#27;[39m &amp#27;[37m-->&amp#27;[39m &amp#27;[37mPOST&amp#27;[39m &amp#27;[37m/wd/hub/session/1900ec2c-416d-476d-9ebe-0795afa97fa8/element&amp#27;[39m
&amp#27;[35m[HTTP]&amp#27;[39m &amp#27;[90m{"using":"xpath","value":"//android.widget.TextView[@text='Welcome to register a new User']"}&amp#27;[39m
[debug] &amp#27;[35m[AndroidUiautomator2Driver@08d9 (1900ec2c)]&amp#27;[39m Calling AppiumDriver.findElement() with args: ["xpath","//android.widget.TextView[@text='Welcome to register a new User']","1900ec2c-416d-476d-9ebe-0795afa97fa8"]
[debug] &amp#27;[35m[AndroidUiautomator2Driver@08d9 (1900ec2c)]&amp#27;[39m Valid locator strategies for this request: xpath, id, class name, accessibility id, css selector, -android uiautomator
[debug] &amp#27;[35m[AndroidUiautomator2Driver@08d9 (1900ec2c)]&amp#27;[39m Waiting up to 5000 ms for condition
[debug] &amp#27;[35m[AndroidUiautomator2Driver@08d9 (1900ec2c)]&amp#27;[39m Matched '/element' to command name 'findElement'
[debug] &amp#27;[35m[AndroidUiautomator2Driver@08d9 (1900ec2c)]&amp#27;[39m Proxying [POST /element] to [POST http://127.0.0.1:8200/session/db22a7c0-2320-4369-8011-1dc9eb44d7d6/element] with body: {"strategy":"xpath","selector":"//android.widget.TextView[@text='Welcome to register a new User']","context":"","multiple":false}
&amp#27;[35m[AndroidUiautomator2Driver@08d9 (1900ec2c)]&amp#27;[39m Got response with status 404: {"sessionId":"db22a7c0-2320-4369-8011-1dc9eb44d7d6","value":{"error":"no such element","message":"An element could not be located on the page using the given search parameters","stacktrace":"io.appium.uiautomator2.common.exceptions.ElementNotFoundException: An element could not be located on the page using the given search parameters\n\tat io.appium.uiautomator2.handler.FindElement.findElement(FindElement.java:90)\n\tat io.appium.uiautomator2.handler.FindElement.safeHandle(FindElement.java:67)\n\tat io.appium.uiautomator2.handler.request.SafeRequestHandler.handle(SafeRequestHandler.java:59)\n\tat io.appium.uiautomator2.server.AppiumServlet.handleRequest(AppiumServlet.java:267)\n\tat io.appium.uiautomator2.server.AppiumServlet.handleHttpRequest(AppiumServlet.java:261)\n\tat io.appium.uiautomator2.http.ServerHandler.channelRead(ServerHandler.java:68)\n\tat io.netty.channel.AbstractChannelHandlerContext.invokeChannelRead(AbstractChannelHandlerContext.java:366)\n\tat io.netty.channel.AbstractChannelHandlerCont...
[debug] &amp#27;[35m[W3C]&amp#27;[39m Matched W3C error code 'no such element' to NoSuchElementError
[debug] &amp#27;[35m[AndroidUiautomator2Driver@08d9 (1900ec2c)]&amp#27;[39m Waited for 40 ms so far
[debug] &amp#27;[35m[AndroidUiautomator2Driver@08d9 (1900ec2c)]&amp#27;[39m Matched '/element' to command name 'findElement'
[debug] &amp#27;[35m[AndroidUiautomator2Driver@08d9 (1900ec2c)]&amp#27;[39m Proxying [POST /element] to [POST http://127.0.0.1:8200/session/db22a7c0-2320-4369-8011-1dc9eb44d7d6/element] with body: {"strategy":"xpath","selector":"//android.widget.TextView[@text='Welcome to register a new User']","context":"","multiple":false}
&amp#27;[35m[AndroidUiautomator2Driver@08d9 (1900ec2c)]&amp#27;[39m Got response with status 404: {"sessionId":"db22a7c0-2320-4369-8011-1dc9eb44d7d6","value":{"error":"no such element","message":"An element could not be located on the page using the given search parameters","stacktrace":"io.appium.uiautomator2.common.exceptions.ElementNotFoundException: An element could not be located on the page using the given search parameters\n\tat io.appium.uiautomator2.handler.FindElement.findElement(FindElement.java:90)\n\tat io.appium.uiautomator2.handler.FindElement.safeHandle(FindElement.java:67)\n\tat io.appium.uiautomator2.handler.request.SafeRequestHandler.handle(SafeRequestHandler.java:59)\n\tat io.appium.uiautomator2.server.AppiumServlet.handleRequest(AppiumServlet.java:267)\n\tat io.appium.uiautomator2.server.AppiumServlet.handleHttpRequest(AppiumServlet.java:261)\n\tat io.appium.uiautomator2.http.ServerHandler.channelRead(ServerHandler.java:68)\n\tat io.netty.channel.AbstractChannelHandlerContext.invokeChannelRead(AbstractChannelHandlerContext.java:366)\n\tat io.netty.channel.AbstractChannelHandlerCont...
[debug] &amp#27;[35m[W3C]&amp#27;[39m Matched W3C error code 'no such element' to NoSuchElementError
[debug] &amp#27;[35m[AndroidUiautomator2Driver@08d9 (1900ec2c)]&amp#27;[39m Waited for 626 ms so far
[debug] &amp#27;[35m[AndroidUiautomator2Driver@08d9 (1900ec2c)]&amp#27;[39m Matched '/element' to command name 'findElement'
[debug] &amp#27;[35m[AndroidUiautomator2Driver@08d9 (1900ec2c)]&amp#27;[39m Proxying [POST /element] to [POST http://127.0.0.1:8200/session/db22a7c0-2320-4369-8011-1dc9eb44d7d6/element] with body: {"strategy":"xpath","selector":"//android.widget.TextView[@text='Welcome to register a new User']","context":"","multiple":false}
&amp#27;[35m[AndroidUiautomator2Driver@08d9 (1900ec2c)]&amp#27;[39m Got response with status 404: {"sessionId":"db22a7c0-2320-4369-8011-1dc9eb44d7d6","value":{"error":"no such element","message":"An element could not be located on the page using the given search parameters","stacktrace":"io.appium.uiautomator2.common.exceptions.ElementNotFoundException: An element could not be located on the page using the given search parameters\n\tat io.appium.uiautomator2.handler.FindElement.findElement(FindElement.java:90)\n\tat io.appium.uiautomator2.handler.FindElement.safeHandle(FindElement.java:67)\n\tat io.appium.uiautomator2.handler.request.SafeRequestHandler.handle(SafeRequestHandler.java:59)\n\tat io.appium.uiautomator2.server.AppiumServlet.handleRequest(AppiumServlet.java:267)\n\tat io.appium.uiautomator2.server.AppiumServlet.handleHttpRequest(AppiumServlet.java:261)\n\tat io.appium.uiautomator2.http.ServerHandler.channelRead(ServerHandler.java:68)\n\tat io.netty.channel.AbstractChannelHandlerContext.invokeChannelRead(AbstractChannelHandlerContext.java:366)\n\tat io.netty.channel.AbstractChannelHandlerCont...
[debug] &amp#27;[35m[W3C]&amp#27;[39m Matched W3C error code 'no such element' to NoSuchElementError
[debug] &amp#27;[35m[AndroidUiautomator2Driver@08d9 (1900ec2c)]&amp#27;[39m Waited for 1166 ms so far
[debug] &amp#27;[35m[AndroidUiautomator2Driver@08d9 (1900ec2c)]&amp#27;[39m Matched '/element' to command name 'findElement'
[debug] &amp#27;[35m[AndroidUiautomator2Driver@08d9 (1900ec2c)]&amp#27;[39m Proxying [POST /element] to [POST http://127.0.0.1:8200/session/db22a7c0-2320-4369-8011-1dc9eb44d7d6/element] with body: {"strategy":"xpath","selector":"//android.widget.TextView[@text='Welcome to register a new User']","context":"","multiple":false}
&amp#27;[35m[AndroidUiautomator2Driver@08d9 (1900ec2c)]&amp#27;[39m Got response with status 404: {"sessionId":"db22a7c0-2320-4369-8011-1dc9eb44d7d6","value":{"error":"no such element","message":"An element could not be located on the page using the given search parameters","stacktrace":"io.appium.uiautomator2.common.exceptions.ElementNotFoundException: An element could not be located on the page using the given search parameters\n\tat io.appium.uiautomator2.handler.FindElement.findElement(FindElement.java:90)\n\tat io.appium.uiautomator2.handler.FindElement.safeHandle(FindElement.java:67)\n\tat io.appium.uiautomator2.handler.request.SafeRequestHandler.handle(SafeRequestHandler.java:59)\n\tat io.appium.uiautomator2.server.AppiumServlet.handleRequest(AppiumServlet.java:267)\n\tat io.appium.uiautomator2.server.AppiumServlet.handleHttpRequest(AppiumServlet.java:261)\n\tat io.appium.uiautomator2.http.ServerHandler.channelRead(ServerHandler.java:68)\n\tat io.netty.channel.AbstractChannelHandlerContext.invokeChannelRead(AbstractChannelHandlerContext.java:366)\n\tat io.netty.channel.AbstractChannelHandlerCont...
[debug] &amp#27;[35m[W3C]&amp#27;[39m Matched W3C error code 'no such element' to NoSuchElementError
[debug] &amp#27;[35m[AndroidUiautomator2Driver@08d9 (1900ec2c)]&amp#27;[39m Waited for 1718 ms so far
[debug] &amp#27;[35m[AndroidUiautomator2Driver@08d9 (1900ec2c)]&amp#27;[39m Matched '/element' to command name 'findElement'
[debug] &amp#27;[35m[AndroidUiautomator2Driver@08d9 (1900ec2c)]&amp#27;[39m Proxying [POST /element] to [POST http://127.0.0.1:8200/session/db22a7c0-2320-4369-8011-1dc9eb44d7d6/element] with body: {"strategy":"xpath","selector":"//android.widget.TextView[@text='Welcome to register a new User']","context":"","multiple":false}
&amp#27;[35m[AndroidUiautomator2Driver@08d9 (1900ec2c)]&amp#27;[39m Got response with status 404: {"sessionId":"db22a7c0-2320-4369-8011-1dc9eb44d7d6","value":{"error":"no such element","message":"An element could not be located on the page using the given search parameters","stacktrace":"io.appium.uiautomator2.common.exceptions.ElementNotFoundException: An element could not be located on the page using the given search parameters\n\tat io.appium.uiautomator2.handler.FindElement.findElement(FindElement.java:90)\n\tat io.appium.uiautomator2.handler.FindElement.safeHandle(FindElement.java:67)\n\tat io.appium.uiautomator2.handler.request.SafeRequestHandler.handle(SafeRequestHandler.java:59)\n\tat io.appium.uiautomator2.server.AppiumServlet.handleRequest(AppiumServlet.java:267)\n\tat io.appium.uiautomator2.server.AppiumServlet.handleHttpRequest(AppiumServlet.java:261)\n\tat io.appium.uiautomator2.http.ServerHandler.channelRead(ServerHandler.java:68)\n\tat io.netty.channel.AbstractChannelHandlerContext.invokeChannelRead(AbstractChannelHandlerContext.java:366)\n\tat io.netty.channel.AbstractChannelHandlerCont...
[debug] &amp#27;[35m[W3C]&amp#27;[39m Matched W3C error code 'no such element' to NoSuchElementError
[debug] &amp#27;[35m[AndroidUiautomator2Driver@08d9 (1900ec2c)]&amp#27;[39m Waited for 2287 ms so far
[debug] &amp#27;[35m[AndroidUiautomator2Driver@08d9 (1900ec2c)]&amp#27;[39m Matched '/element' to command name 'findElement'
[debug] &amp#27;[35m[AndroidUiautomator2Driver@08d9 (1900ec2c)]&amp#27;[39m Proxying [POST /element] to [POST http://127.0.0.1:8200/session/db22a7c0-2320-4369-8011-1dc9eb44d7d6/element] with body: {"strategy":"xpath","selector":"//android.widget.TextView[@text='Welcome to register a new User']","context":"","multiple":false}
&amp#27;[35m[AndroidUiautomator2Driver@08d9 (1900ec2c)]&amp#27;[39m Got response with status 404: {"sessionId":"db22a7c0-2320-4369-8011-1dc9eb44d7d6","value":{"error":"no such element","message":"An element could not be located on the page using the given search parameters","stacktrace":"io.appium.uiautomator2.common.exceptions.ElementNotFoundException: An element could not be located on the page using the given search parameters\n\tat io.appium.uiautomator2.handler.FindElement.findElement(FindElement.java:90)\n\tat io.appium.uiautomator2.handler.FindElement.safeHandle(FindElement.java:67)\n\tat io.appium.uiautomator2.handler.request.SafeRequestHandler.handle(SafeRequestHandler.java:59)\n\tat io.appium.uiautomator2.server.AppiumServlet.handleRequest(AppiumServlet.java:267)\n\tat io.appium.uiautomator2.server.AppiumServlet.handleHttpRequest(AppiumServlet.java:261)\n\tat io.appium.uiautomator2.http.ServerHandler.channelRead(ServerHandler.java:68)\n\tat io.netty.channel.AbstractChannelHandlerContext.invokeChannelRead(AbstractChannelHandlerContext.java:366)\n\tat io.netty.channel.AbstractChannelHandlerCont...
[debug] &amp#27;[35m[W3C]&amp#27;[39m Matched W3C error code 'no such element' to NoSuchElementError
[debug] &amp#27;[35m[AndroidUiautomator2Driver@08d9 (1900ec2c)]&amp#27;[39m Waited for 3469 ms so far
[debug] &amp#27;[35m[AndroidUiautomator2Driver@08d9 (1900ec2c)]&amp#27;[39m Matched '/element' to command name 'findElement'
[debug] &amp#27;[35m[AndroidUiautomator2Driver@08d9 (1900ec2c)]&amp#27;[39m Proxying [POST /element] to [POST http://127.0.0.1:8200/session/db22a7c0-2320-4369-8011-1dc9eb44d7d6/element] with body: {"strategy":"xpath","selector":"//android.widget.TextView[@text='Welcome to register a new User']","context":"","multiple":false}
&amp#27;[35m[AndroidUiautomator2Driver@08d9 (1900ec2c)]&amp#27;[39m Got response with status 404: {"sessionId":"db22a7c0-2320-4369-8011-1dc9eb44d7d6","value":{"error":"no such element","message":"An element could not be located on the page using the given search parameters","stacktrace":"io.appium.uiautomator2.common.exceptions.ElementNotFoundException: An element could not be located on the page using the given search parameters\n\tat io.appium.uiautomator2.handler.FindElement.findElement(FindElement.java:90)\n\tat io.appium.uiautomator2.handler.FindElement.safeHandle(FindElement.java:67)\n\tat io.appium.uiautomator2.handler.request.SafeRequestHandler.handle(SafeRequestHandler.java:59)\n\tat io.appium.uiautomator2.server.AppiumServlet.handleRequest(AppiumServlet.java:267)\n\tat io.appium.uiautomator2.server.AppiumServlet.handleHttpRequest(AppiumServlet.java:261)\n\tat io.appium.uiautomator2.http.ServerHandler.channelRead(ServerHandler.java:68)\n\tat io.netty.channel.AbstractChannelHandlerContext.invokeChannelRead(AbstractChannelHandlerContext.java:366)\n\tat io.netty.channel.AbstractChannelHandlerCont...
[debug] &amp#27;[35m[W3C]&amp#27;[39m Matched W3C error code 'no such element' to NoSuchElementError
[debug] &amp#27;[35m[AndroidUiautomator2Driver@08d9 (1900ec2c)]&amp#27;[39m Waited for 4019 ms so far
[debug] &amp#27;[35m[AndroidUiautomator2Driver@08d9 (1900ec2c)]&amp#27;[39m Matched '/element' to command name 'findElement'
[debug] &amp#27;[35m[AndroidUiautomator2Driver@08d9 (1900ec2c)]&amp#27;[39m Proxying [POST /element] to [POST http://127.0.0.1:8200/session/db22a7c0-2320-4369-8011-1dc9eb44d7d6/element] with body: {"strategy":"xpath","selector":"//android.widget.TextView[@text='Welcome to register a new User']","context":"","multiple":false}
&amp#27;[35m[AndroidUiautomator2Driver@08d9 (1900ec2c)]&amp#27;[39m Got response with status 404: {"sessionId":"db22a7c0-2320-4369-8011-1dc9eb44d7d6","value":{"error":"no such element","message":"An element could not be located on the page using the given search parameters","stacktrace":"io.appium.uiautomator2.common.exceptions.ElementNotFoundException: An element could not be located on the page using the given search parameters\n\tat io.appium.uiautomator2.handler.FindElement.findElement(FindElement.java:90)\n\tat io.appium.uiautomator2.handler.FindElement.safeHandle(FindElement.java:67)\n\tat io.appium.uiautomator2.handler.request.SafeRequestHandler.handle(SafeRequestHandler.java:59)\n\tat io.appium.uiautomator2.server.AppiumServlet.handleRequest(AppiumServlet.java:267)\n\tat io.appium.uiautomator2.server.AppiumServlet.handleHttpRequest(AppiumServlet.java:261)\n\tat io.appium.uiautomator2.http.ServerHandler.channelRead(ServerHandler.java:68)\n\tat io.netty.channel.AbstractChannelHandlerContext.invokeChannelRead(AbstractChannelHandlerContext.java:366)\n\tat io.netty.channel.AbstractChannelHandlerCont...
[debug] &amp#27;[35m[W3C]&amp#27;[39m Matched W3C error code 'no such element' to NoSuchElementError
[debug] &amp#27;[35m[AndroidUiautomator2Driver@08d9 (1900ec2c)]&amp#27;[39m Waited for 4568 ms so far
[debug] &amp#27;[35m[AndroidUiautomator2Driver@08d9 (1900ec2c)]&amp#27;[39m Matched '/element' to command name 'findElement'
[debug] &amp#27;[35m[AndroidUiautomator2Driver@08d9 (1900ec2c)]&amp#27;[39m Proxying [POST /element] to [POST http://127.0.0.1:8200/session/db22a7c0-2320-4369-8011-1dc9eb44d7d6/element] with body: {"strategy":"xpath","selector":"//android.widget.TextView[@text='Welcome to register a new User']","context":"","multiple":false}
&amp#27;[35m[AndroidUiautomator2Driver@08d9 (1900ec2c)]&amp#27;[39m Got response with status 404: {"sessionId":"db22a7c0-2320-4369-8011-1dc9eb44d7d6","value":{"error":"no such element","message":"An element could not be located on the page using the given search parameters","stacktrace":"io.appium.uiautomator2.common.exceptions.ElementNotFoundException: An element could not be located on the page using the given search parameters\n\tat io.appium.uiautomator2.handler.FindElement.findElement(FindElement.java:90)\n\tat io.appium.uiautomator2.handler.FindElement.safeHandle(FindElement.java:67)\n\tat io.appium.uiautomator2.handler.request.SafeRequestHandler.handle(SafeRequestHandler.java:59)\n\tat io.appium.uiautomator2.server.AppiumServlet.handleRequest(AppiumServlet.java:267)\n\tat io.appium.uiautomator2.server.AppiumServlet.handleHttpRequest(AppiumServlet.java:261)\n\tat io.appium.uiautomator2.http.ServerHandler.channelRead(ServerHandler.java:68)\n\tat io.netty.channel.AbstractChannelHandlerContext.invokeChannelRead(AbstractChannelHandlerContext.java:366)\n\tat io.netty.channel.AbstractChannelHandlerCont...
[debug] &amp#27;[35m[W3C]&amp#27;[39m Matched W3C error code 'no such element' to NoSuchElementError
[debug] &amp#27;[35m[AndroidUiautomator2Driver@08d9 (1900ec2c)]&amp#27;[39m Encountered internal error running command: NoSuchElementError: An element could not be located on the page using the given search parameters.
[debug] &amp#27;[35m[AndroidUiautomator2Driver@08d9 (1900ec2c)]&amp#27;[39m     at AndroidUiautomator2Driver.findElOrEls (/Users/AshishSrivastava/.appium/node_modules/appium-uiautomator2-driver/node_modules/appium-android-driver/lib/commands/find.js:75:11)
[debug] &amp#27;[35m[AndroidUiautomator2Driver@08d9 (1900ec2c)]&amp#27;[39m     at runMicrotasks (<anonymous>)
[debug] &amp#27;[35m[AndroidUiautomator2Driver@08d9 (1900ec2c)]&amp#27;[39m     at processTicksAndRejections (node:internal/process/task_queues:96:5)
[debug] &amp#27;[35m[AndroidUiautomator2Driver@08d9 (1900ec2c)]&amp#27;[39m     at AndroidUiautomator2Driver.findElOrElsWithProcessing (/usr/local/lib/node_modules/appium/node_modules/@appium/base-driver/lib/basedriver/commands/find.js:80:16)
[debug] &amp#27;[35m[AndroidUiautomator2Driver@08d9 (1900ec2c)]&amp#27;[39m     at AndroidUiautomator2Driver.findElement (/usr/local/lib/node_modules/appium/node_modules/@appium/base-driver/lib/basedriver/commands/find.js:21:14)
&amp#27;[35m[HTTP]&amp#27;[39m &amp#27;[37m<-- POST /wd/hub/session/1900ec2c-416d-476d-9ebe-0795afa97fa8/element &amp#27;[39m&amp#27;[33m404&amp#27;[39m &amp#27;[90m5051 ms - 857&amp#27;[39m
&amp#27;[35m[HTTP]&amp#27;[39m &amp#27;[90m&amp#27;[39m
&amp#27;[35m[HTTP]&amp#27;[39m &amp#27;[37m-->&amp#27;[39m &amp#27;[37mGET&amp#27;[39m &amp#27;[37m/wd/hub/session/1900ec2c-416d-476d-9ebe-0795afa97fa8/context&amp#27;[39m
&amp#27;[35m[HTTP]&amp#27;[39m &amp#27;[90m{}&amp#27;[39m
[debug] &amp#27;[35m[AndroidUiautomator2Driver@08d9 (1900ec2c)]&amp#27;[39m Calling AppiumDriver.getCurrentContext() with args: ["1900ec2c-416d-476d-9ebe-0795afa97fa8"]
[debug] &amp#27;[35m[AndroidUiautomator2Driver@08d9 (1900ec2c)]&amp#27;[39m Responding to client with driver.getCurrentContext() result: "NATIVE_APP"
&amp#27;[35m[HTTP]&amp#27;[39m &amp#27;[37m<-- GET /wd/hub/session/1900ec2c-416d-476d-9ebe-0795afa97fa8/context &amp#27;[39m&amp#27;[32m200&amp#27;[39m &amp#27;[90m1 ms - 22&amp#27;[39m
&amp#27;[35m[HTTP]&amp#27;[39m &amp#27;[90m&amp#27;[39m
&amp#27;[35m[HTTP]&amp#27;[39m &amp#27;[37m-->&amp#27;[39m &amp#27;[37mPOST&amp#27;[39m &amp#27;[37m/wd/hub/session/1900ec2c-416d-476d-9ebe-0795afa97fa8/element&amp#27;[39m
&amp#27;[35m[HTTP]&amp#27;[39m &amp#27;[90m{"using":"xpath","value":"//android.widget.TextView[@text='Welcome to register a new User']"}&amp#27;[39m
[debug] &amp#27;[35m[AndroidUiautomator2Driver@08d9 (1900ec2c)]&amp#27;[39m Calling AppiumDriver.findElement() with args: ["xpath","//android.widget.TextView[@text='Welcome to register a new User']","1900ec2c-416d-476d-9ebe-0795afa97fa8"]
[debug] &amp#27;[35m[AndroidUiautomator2Driver@08d9 (1900ec2c)]&amp#27;[39m Valid locator strategies for this request: xpath, id, class name, accessibility id, css selector, -android uiautomator
[debug] &amp#27;[35m[AndroidUiautomator2Driver@08d9 (1900ec2c)]&amp#27;[39m Waiting up to 5000 ms for condition
[debug] &amp#27;[35m[AndroidUiautomator2Driver@08d9 (1900ec2c)]&amp#27;[39m Matched '/element' to command name 'findElement'
[debug] &amp#27;[35m[AndroidUiautomator2Driver@08d9 (1900ec2c)]&amp#27;[39m Proxying [POST /element] to [POST http://127.0.0.1:8200/session/db22a7c0-2320-4369-8011-1dc9eb44d7d6/element] with body: {"strategy":"xpath","selector":"//android.widget.TextView[@text='Welcome to register a new User']","context":"","multiple":false}
&amp#27;[35m[AndroidUiautomator2Driver@08d9 (1900ec2c)]&amp#27;[39m Got response with status 404: {"sessionId":"db22a7c0-2320-4369-8011-1dc9eb44d7d6","value":{"error":"no such element","message":"An element could not be located on the page using the given search parameters","stacktrace":"io.appium.uiautomator2.common.exceptions.ElementNotFoundException: An element could not be located on the page using the given search parameters\n\tat io.appium.uiautomator2.handler.FindElement.findElement(FindElement.java:90)\n\tat io.appium.uiautomator2.handler.FindElement.safeHandle(FindElement.java:67)\n\tat io.appium.uiautomator2.handler.request.SafeRequestHandler.handle(SafeRequestHandler.java:59)\n\tat io.appium.uiautomator2.server.AppiumServlet.handleRequest(AppiumServlet.java:267)\n\tat io.appium.uiautomator2.server.AppiumServlet.handleHttpRequest(AppiumServlet.java:261)\n\tat io.appium.uiautomator2.http.ServerHandler.channelRead(ServerHandler.java:68)\n\tat io.netty.channel.AbstractChannelHandlerContext.invokeChannelRead(AbstractChannelHandlerContext.java:366)\n\tat io.netty.channel.AbstractChannelHandlerCont...
[debug] &amp#27;[35m[W3C]&amp#27;[39m Matched W3C error code 'no such element' to NoSuchElementError
[debug] &amp#27;[35m[AndroidUiautomator2Driver@08d9 (1900ec2c)]&amp#27;[39m Waited for 294 ms so far
[debug] &amp#27;[35m[AndroidUiautomator2Driver@08d9 (1900ec2c)]&amp#27;[39m Matched '/element' to command name 'findElement'
[debug] &amp#27;[35m[AndroidUiautomator2Driver@08d9 (1900ec2c)]&amp#27;[39m Proxying [POST /element] to [POST http://127.0.0.1:8200/session/db22a7c0-2320-4369-8011-1dc9eb44d7d6/element] with body: {"strategy":"xpath","selector":"//android.widget.TextView[@text='Welcome to register a new User']","context":"","multiple":false}
&amp#27;[35m[AndroidUiautomator2Driver@08d9 (1900ec2c)]&amp#27;[39m Got response with status 404: {"sessionId":"db22a7c0-2320-4369-8011-1dc9eb44d7d6","value":{"error":"no such element","message":"An element could not be located on the page using the given search parameters","stacktrace":"io.appium.uiautomator2.common.exceptions.ElementNotFoundException: An element could not be located on the page using the given search parameters\n\tat io.appium.uiautomator2.handler.FindElement.findElement(FindElement.java:90)\n\tat io.appium.uiautomator2.handler.FindElement.safeHandle(FindElement.java:67)\n\tat io.appium.uiautomator2.handler.request.SafeRequestHandler.handle(SafeRequestHandler.java:59)\n\tat io.appium.uiautomator2.server.AppiumServlet.handleRequest(AppiumServlet.java:267)\n\tat io.appium.uiautomator2.server.AppiumServlet.handleHttpRequest(AppiumServlet.java:261)\n\tat io.appium.uiautomator2.http.ServerHandler.channelRead(ServerHandler.java:68)\n\tat io.netty.channel.AbstractChannelHandlerContext.invokeChannelRead(AbstractChannelHandlerContext.java:366)\n\tat io.netty.channel.AbstractChannelHandlerCont...
[debug] &amp#27;[35m[W3C]&amp#27;[39m Matched W3C error code 'no such element' to NoSuchElementError
[debug] &amp#27;[35m[AndroidUiautomator2Driver@08d9 (1900ec2c)]&amp#27;[39m Waited for 843 ms so far
[debug] &amp#27;[35m[AndroidUiautomator2Driver@08d9 (1900ec2c)]&amp#27;[39m Matched '/element' to command name 'findElement'
[debug] &amp#27;[35m[AndroidUiautomator2Driver@08d9 (1900ec2c)]&amp#27;[39m Proxying [POST /element] to [POST http://127.0.0.1:8200/session/db22a7c0-2320-4369-8011-1dc9eb44d7d6/element] with body: {"strategy":"xpath","selector":"//android.widget.TextView[@text='Welcome to register a new User']","context":"","multiple":false}
&amp#27;[35m[AndroidUiautomator2Driver@08d9 (1900ec2c)]&amp#27;[39m Got response with status 404: {"sessionId":"db22a7c0-2320-4369-8011-1dc9eb44d7d6","value":{"error":"no such element","message":"An element could not be located on the page using the given search parameters","stacktrace":"io.appium.uiautomator2.common.exceptions.ElementNotFoundException: An element could not be located on the page using the given search parameters\n\tat io.appium.uiautomator2.handler.FindElement.findElement(FindElement.java:90)\n\tat io.appium.uiautomator2.handler.FindElement.safeHandle(FindElement.java:67)\n\tat io.appium.uiautomator2.handler.request.SafeRequestHandler.handle(SafeRequestHandler.java:59)\n\tat io.appium.uiautomator2.server.AppiumServlet.handleRequest(AppiumServlet.java:267)\n\tat io.appium.uiautomator2.server.AppiumServlet.handleHttpRequest(AppiumServlet.java:261)\n\tat io.appium.uiautomator2.http.ServerHandler.channelRead(ServerHandler.java:68)\n\tat io.netty.channel.AbstractChannelHandlerContext.invokeChannelRead(AbstractChannelHandlerContext.java:366)\n\tat io.netty.channel.AbstractChannelHandlerCont...
[debug] &amp#27;[35m[W3C]&amp#27;[39m Matched W3C error code 'no such element' to NoSuchElementError
[debug] &amp#27;[35m[AndroidUiautomator2Driver@08d9 (1900ec2c)]&amp#27;[39m Waited for 1385 ms so far
[debug] &amp#27;[35m[AndroidUiautomator2Driver@08d9 (1900ec2c)]&amp#27;[39m Matched '/element' to command name 'findElement'
[debug] &amp#27;[35m[AndroidUiautomator2Driver@08d9 (1900ec2c)]&amp#27;[39m Proxying [POST /element] to [POST http://127.0.0.1:8200/session/db22a7c0-2320-4369-8011-1dc9eb44d7d6/element] with body: {"strategy":"xpath","selector":"//android.widget.TextView[@text='Welcome to register a new User']","context":"","multiple":false}
&amp#27;[35m[AndroidUiautomator2Driver@08d9 (1900ec2c)]&amp#27;[39m Got response with status 404: {"sessionId":"db22a7c0-2320-4369-8011-1dc9eb44d7d6","value":{"error":"no such element","message":"An element could not be located on the page using the given search parameters","stacktrace":"io.appium.uiautomator2.common.exceptions.ElementNotFoundException: An element could not be located on the page using the given search parameters\n\tat io.appium.uiautomator2.handler.FindElement.findElement(FindElement.java:90)\n\tat io.appium.uiautomator2.handler.FindElement.safeHandle(FindElement.java:67)\n\tat io.appium.uiautomator2.handler.request.SafeRequestHandler.handle(SafeRequestHandler.java:59)\n\tat io.appium.uiautomator2.server.AppiumServlet.handleRequest(AppiumServlet.java:267)\n\tat io.appium.uiautomator2.server.AppiumServlet.handleHttpRequest(AppiumServlet.java:261)\n\tat io.appium.uiautomator2.http.ServerHandler.channelRead(ServerHandler.java:68)\n\tat io.netty.channel.AbstractChannelHandlerContext.invokeChannelRead(AbstractChannelHandlerContext.java:366)\n\tat io.netty.channel.AbstractChannelHandlerCont...
[debug] &amp#27;[35m[W3C]&amp#27;[39m Matched W3C error code 'no such element' to NoSuchElementError
[debug] &amp#27;[35m[AndroidUiautomator2Driver@08d9 (1900ec2c)]&amp#27;[39m Waited for 1925 ms so far
[debug] &amp#27;[35m[AndroidUiautomator2Driver@08d9 (1900ec2c)]&amp#27;[39m Matched '/element' to command name 'findElement'
[debug] &amp#27;[35m[AndroidUiautomator2Driver@08d9 (1900ec2c)]&amp#27;[39m Proxying [POST /element] to [POST http://127.0.0.1:8200/session/db22a7c0-2320-4369-8011-1dc9eb44d7d6/element] with body: {"strategy":"xpath","selector":"//android.widget.TextView[@text='Welcome to register a new User']","context":"","multiple":false}
&amp#27;[35m[AndroidUiautomator2Driver@08d9 (1900ec2c)]&amp#27;[39m Got response with status 404: {"sessionId":"db22a7c0-2320-4369-8011-1dc9eb44d7d6","value":{"error":"no such element","message":"An element could not be located on the page using the given search parameters","stacktrace":"io.appium.uiautomator2.common.exceptions.ElementNotFoundException: An element could not be located on the page using the given search parameters\n\tat io.appium.uiautomator2.handler.FindElement.findElement(FindElement.java:90)\n\tat io.appium.uiautomator2.handler.FindElement.safeHandle(FindElement.java:67)\n\tat io.appium.uiautomator2.handler.request.SafeRequestHandler.handle(SafeRequestHandler.java:59)\n\tat io.appium.uiautomator2.server.AppiumServlet.handleRequest(AppiumServlet.java:267)\n\tat io.appium.uiautomator2.server.AppiumServlet.handleHttpRequest(AppiumServlet.java:261)\n\tat io.appium.uiautomator2.http.ServerHandler.channelRead(ServerHandler.java:68)\n\tat io.netty.channel.AbstractChannelHandlerContext.invokeChannelRead(AbstractChannelHandlerContext.java:366)\n\tat io.netty.channel.AbstractChannelHandlerCont...
[debug] &amp#27;[35m[W3C]&amp#27;[39m Matched W3C error code 'no such element' to NoSuchElementError
[debug] &amp#27;[35m[AndroidUiautomator2Driver@08d9 (1900ec2c)]&amp#27;[39m Waited for 2472 ms so far
[debug] &amp#27;[35m[AndroidUiautomator2Driver@08d9 (1900ec2c)]&amp#27;[39m Matched '/element' to command name 'findElement'
[debug] &amp#27;[35m[AndroidUiautomator2Driver@08d9 (1900ec2c)]&amp#27;[39m Proxying [POST /element] to [POST http://127.0.0.1:8200/session/db22a7c0-2320-4369-8011-1dc9eb44d7d6/element] with body: {"strategy":"xpath","selector":"//android.widget.TextView[@text='Welcome to register a new User']","context":"","multiple":false}
&amp#27;[35m[AndroidUiautomator2Driver@08d9 (1900ec2c)]&amp#27;[39m Got response with status 404: {"sessionId":"db22a7c0-2320-4369-8011-1dc9eb44d7d6","value":{"error":"no such element","message":"An element could not be located on the page using the given search parameters","stacktrace":"io.appium.uiautomator2.common.exceptions.ElementNotFoundException: An element could not be located on the page using the given search parameters\n\tat io.appium.uiautomator2.handler.FindElement.findElement(FindElement.java:90)\n\tat io.appium.uiautomator2.handler.FindElement.safeHandle(FindElement.java:67)\n\tat io.appium.uiautomator2.handler.request.SafeRequestHandler.handle(SafeRequestHandler.java:59)\n\tat io.appium.uiautomator2.server.AppiumServlet.handleRequest(AppiumServlet.java:267)\n\tat io.appium.uiautomator2.server.AppiumServlet.handleHttpRequest(AppiumServlet.java:261)\n\tat io.appium.uiautomator2.http.ServerHandler.channelRead(ServerHandler.java:68)\n\tat io.netty.channel.AbstractChannelHandlerContext.invokeChannelRead(AbstractChannelHandlerContext.java:366)\n\tat io.netty.channel.AbstractChannelHandlerCont...
[debug] &amp#27;[35m[W3C]&amp#27;[39m Matched W3C error code 'no such element' to NoSuchElementError
[debug] &amp#27;[35m[AndroidUiautomator2Driver@08d9 (1900ec2c)]&amp#27;[39m Waited for 3317 ms so far
[debug] &amp#27;[35m[AndroidUiautomator2Driver@08d9 (1900ec2c)]&amp#27;[39m Matched '/element' to command name 'findElement'
[debug] &amp#27;[35m[AndroidUiautomator2Driver@08d9 (1900ec2c)]&amp#27;[39m Proxying [POST /element] to [POST http://127.0.0.1:8200/session/db22a7c0-2320-4369-8011-1dc9eb44d7d6/element] with body: {"strategy":"xpath","selector":"//android.widget.TextView[@text='Welcome to register a new User']","context":"","multiple":false}
&amp#27;[35m[AndroidUiautomator2Driver@08d9 (1900ec2c)]&amp#27;[39m Got response with status 404: {"sessionId":"db22a7c0-2320-4369-8011-1dc9eb44d7d6","value":{"error":"no such element","message":"An element could not be located on the page using the given search parameters","stacktrace":"io.appium.uiautomator2.common.exceptions.ElementNotFoundException: An element could not be located on the page using the given search parameters\n\tat io.appium.uiautomator2.handler.FindElement.findElement(FindElement.java:90)\n\tat io.appium.uiautomator2.handler.FindElement.safeHandle(FindElement.java:67)\n\tat io.appium.uiautomator2.handler.request.SafeRequestHandler.handle(SafeRequestHandler.java:59)\n\tat io.appium.uiautomator2.server.AppiumServlet.handleRequest(AppiumServlet.java:267)\n\tat io.appium.uiautomator2.server.AppiumServlet.handleHttpRequest(AppiumServlet.java:261)\n\tat io.appium.uiautomator2.http.ServerHandler.channelRead(ServerHandler.java:68)\n\tat io.netty.channel.AbstractChannelHandlerContext.invokeChannelRead(AbstractChannelHandlerContext.java:366)\n\tat io.netty.channel.AbstractChannelHandlerCont...
[debug] &amp#27;[35m[W3C]&amp#27;[39m Matched W3C error code 'no such element' to NoSuchElementError
[debug] &amp#27;[35m[AndroidUiautomator2Driver@08d9 (1900ec2c)]&amp#27;[39m Waited for 3852 ms so far
[debug] &amp#27;[35m[AndroidUiautomator2Driver@08d9 (1900ec2c)]&amp#27;[39m Matched '/element' to command name 'findElement'
[debug] &amp#27;[35m[AndroidUiautomator2Driver@08d9 (1900ec2c)]&amp#27;[39m Proxying [POST /element] to [POST http://127.0.0.1:8200/session/db22a7c0-2320-4369-8011-1dc9eb44d7d6/element] with body: {"strategy":"xpath","selector":"//android.widget.TextView[@text='Welcome to register a new User']","context":"","multiple":false}
&amp#27;[35m[AndroidUiautomator2Driver@08d9 (1900ec2c)]&amp#27;[39m Got response with status 404: {"sessionId":"db22a7c0-2320-4369-8011-1dc9eb44d7d6","value":{"error":"no such element","message":"An element could not be located on the page using the given search parameters","stacktrace":"io.appium.uiautomator2.common.exceptions.ElementNotFoundException: An element could not be located on the page using the given search parameters\n\tat io.appium.uiautomator2.handler.FindElement.findElement(FindElement.java:90)\n\tat io.appium.uiautomator2.handler.FindElement.safeHandle(FindElement.java:67)\n\tat io.appium.uiautomator2.handler.request.SafeRequestHandler.handle(SafeRequestHandler.java:59)\n\tat io.appium.uiautomator2.server.AppiumServlet.handleRequest(AppiumServlet.java:267)\n\tat io.appium.uiautomator2.server.AppiumServlet.handleHttpRequest(AppiumServlet.java:261)\n\tat io.appium.uiautomator2.http.ServerHandler.channelRead(ServerHandler.java:68)\n\tat io.netty.channel.AbstractChannelHandlerContext.invokeChannelRead(AbstractChannelHandlerContext.java:366)\n\tat io.netty.channel.AbstractChannelHandlerCont...
[debug] &amp#27;[35m[W3C]&amp#27;[39m Matched W3C error code 'no such element' to NoSuchElementError
[debug] &amp#27;[35m[AndroidUiautomator2Driver@08d9 (1900ec2c)]&amp#27;[39m Waited for 4392 ms so far
[debug] &amp#27;[35m[AndroidUiautomator2Driver@08d9 (1900ec2c)]&amp#27;[39m Matched '/element' to command name 'findElement'
[debug] &amp#27;[35m[AndroidUiautomator2Driver@08d9 (1900ec2c)]&amp#27;[39m Proxying [POST /element] to [POST http://127.0.0.1:8200/session/db22a7c0-2320-4369-8011-1dc9eb44d7d6/element] with body: {"strategy":"xpath","selector":"//android.widget.TextView[@text='Welcome to register a new User']","context":"","multiple":false}
&amp#27;[35m[AndroidUiautomator2Driver@08d9 (1900ec2c)]&amp#27;[39m Got response with status 404: {"sessionId":"db22a7c0-2320-4369-8011-1dc9eb44d7d6","value":{"error":"no such element","message":"An element could not be located on the page using the given search parameters","stacktrace":"io.appium.uiautomator2.common.exceptions.ElementNotFoundException: An element could not be located on the page using the given search parameters\n\tat io.appium.uiautomator2.handler.FindElement.findElement(FindElement.java:90)\n\tat io.appium.uiautomator2.handler.FindElement.safeHandle(FindElement.java:67)\n\tat io.appium.uiautomator2.handler.request.SafeRequestHandler.handle(SafeRequestHandler.java:59)\n\tat io.appium.uiautomator2.server.AppiumServlet.handleRequest(AppiumServlet.java:267)\n\tat io.appium.uiautomator2.server.AppiumServlet.handleHttpRequest(AppiumServlet.java:261)\n\tat io.appium.uiautomator2.http.ServerHandler.channelRead(ServerHandler.java:68)\n\tat io.netty.channel.AbstractChannelHandlerContext.invokeChannelRead(AbstractChannelHandlerContext.java:366)\n\tat io.netty.channel.AbstractChannelHandlerCont...
[debug] &amp#27;[35m[W3C]&amp#27;[39m Matched W3C error code 'no such element' to NoSuchElementError
[debug] &amp#27;[35m[AndroidUiautomator2Driver@08d9 (1900ec2c)]&amp#27;[39m Waited for 4932 ms so far
[debug] &amp#27;[35m[AndroidUiautomator2Driver@08d9 (1900ec2c)]&amp#27;[39m Matched '/element' to command name 'findElement'
[debug] &amp#27;[35m[AndroidUiautomator2Driver@08d9 (1900ec2c)]&amp#27;[39m Proxying [POST /element] to [POST http://127.0.0.1:8200/session/db22a7c0-2320-4369-8011-1dc9eb44d7d6/element] with body: {"strategy":"xpath","selector":"//android.widget.TextView[@text='Welcome to register a new User']","context":"","multiple":false}
&amp#27;[35m[AndroidUiautomator2Driver@08d9 (1900ec2c)]&amp#27;[39m Got response with status 404: {"sessionId":"db22a7c0-2320-4369-8011-1dc9eb44d7d6","value":{"error":"no such element","message":"An element could not be located on the page using the given search parameters","stacktrace":"io.appium.uiautomator2.common.exceptions.ElementNotFoundException: An element could not be located on the page using the given search parameters\n\tat io.appium.uiautomator2.handler.FindElement.findElement(FindElement.java:90)\n\tat io.appium.uiautomator2.handler.FindElement.safeHandle(FindElement.java:67)\n\tat io.appium.uiautomator2.handler.request.SafeRequestHandler.handle(SafeRequestHandler.java:59)\n\tat io.appium.uiautomator2.server.AppiumServlet.handleRequest(AppiumServlet.java:267)\n\tat io.appium.uiautomator2.server.AppiumServlet.handleHttpRequest(AppiumServlet.java:261)\n\tat io.appium.uiautomator2.http.ServerHandler.channelRead(ServerHandler.java:68)\n\tat io.netty.channel.AbstractChannelHandlerContext.invokeChannelRead(AbstractChannelHandlerContext.java:366)\n\tat io.netty.channel.AbstractChannelHandlerCont...
[debug] &amp#27;[35m[W3C]&amp#27;[39m Matched W3C error code 'no such element' to NoSuchElementError
[debug] &amp#27;[35m[AndroidUiautomator2Driver@08d9 (1900ec2c)]&amp#27;[39m Encountered internal error running command: NoSuchElementError: An element could not be located on the page using the given search parameters.
[debug] &amp#27;[35m[AndroidUiautomator2Driver@08d9 (1900ec2c)]&amp#27;[39m     at AndroidUiautomator2Driver.findElOrEls (/Users/AshishSrivastava/.appium/node_modules/appium-uiautomator2-driver/node_modules/appium-android-driver/lib/commands/find.js:75:11)
[debug] &amp#27;[35m[AndroidUiautomator2Driver@08d9 (1900ec2c)]&amp#27;[39m     at runMicrotasks (<anonymous>)
[debug] &amp#27;[35m[AndroidUiautomator2Driver@08d9 (1900ec2c)]&amp#27;[39m     at processTicksAndRejections (node:internal/process/task_queues:96:5)
[debug] &amp#27;[35m[AndroidUiautomator2Driver@08d9 (1900ec2c)]&amp#27;[39m     at AndroidUiautomator2Driver.findElOrElsWithProcessing (/usr/local/lib/node_modules/appium/node_modules/@appium/base-driver/lib/basedriver/commands/find.js:80:16)
[debug] &amp#27;[35m[AndroidUiautomator2Driver@08d9 (1900ec2c)]&amp#27;[39m     at AndroidUiautomator2Driver.findElement (/usr/local/lib/node_modules/appium/node_modules/@appium/base-driver/lib/basedriver/commands/find.js:21:14)
&amp#27;[35m[HTTP]&amp#27;[39m &amp#27;[37m<-- POST /wd/hub/session/1900ec2c-416d-476d-9ebe-0795afa97fa8/element &amp#27;[39m&amp#27;[33m404&amp#27;[39m &amp#27;[90m5054 ms - 857&amp#27;[39m
&amp#27;[35m[HTTP]&amp#27;[39m &amp#27;[90m&amp#27;[39m
&amp#27;[35m[HTTP]&amp#27;[39m &amp#27;[37m-->&amp#27;[39m &amp#27;[37mGET&amp#27;[39m &amp#27;[37m/wd/hub/session/1900ec2c-416d-476d-9ebe-0795afa97fa8/context&amp#27;[39m
&amp#27;[35m[HTTP]&amp#27;[39m &amp#27;[90m{}&amp#27;[39m
[debug] &amp#27;[35m[AndroidUiautomator2Driver@08d9 (1900ec2c)]&amp#27;[39m Calling AppiumDriver.getCurrentContext() with args: ["1900ec2c-416d-476d-9ebe-0795afa97fa8"]
[debug] &amp#27;[35m[AndroidUiautomator2Driver@08d9 (1900ec2c)]&amp#27;[39m Responding to client with driver.getCurrentContext() result: "NATIVE_APP"
&amp#27;[35m[HTTP]&amp#27;[39m &amp#27;[37m<-- GET /wd/hub/session/1900ec2c-416d-476d-9ebe-0795afa97fa8/context &amp#27;[39m&amp#27;[32m200&amp#27;[39m &amp#27;[90m1 ms - 22&amp#27;[39m
&amp#27;[35m[HTTP]&amp#27;[39m &amp#27;[90m&amp#27;[39m
&amp#27;[35m[HTTP]&amp#27;[39m &amp#27;[37m-->&amp#27;[39m &amp#27;[37mPOST&amp#27;[39m &amp#27;[37m/wd/hub/session/1900ec2c-416d-476d-9ebe-0795afa97fa8/element&amp#27;[39m
&amp#27;[35m[HTTP]&amp#27;[39m &amp#27;[90m{"using":"xpath","value":"//android.widget.TextView[@text='Welcome to register a new User']"}&amp#27;[39m
[debug] &amp#27;[35m[AndroidUiautomator2Driver@08d9 (1900ec2c)]&amp#27;[39m Calling AppiumDriver.findElement() with args: ["xpath","//android.widget.TextView[@text='Welcome to register a new User']","1900ec2c-416d-476d-9ebe-0795afa97fa8"]
[debug] &amp#27;[35m[AndroidUiautomator2Driver@08d9 (1900ec2c)]&amp#27;[39m Valid locator strategies for this request: xpath, id, class name, accessibility id, css selector, -android uiautomator
[debug] &amp#27;[35m[AndroidUiautomator2Driver@08d9 (1900ec2c)]&amp#27;[39m Waiting up to 5000 ms for condition
[debug] &amp#27;[35m[AndroidUiautomator2Driver@08d9 (1900ec2c)]&amp#27;[39m Matched '/element' to command name 'findElement'
[debug] &amp#27;[35m[AndroidUiautomator2Driver@08d9 (1900ec2c)]&amp#27;[39m Proxying [POST /element] to [POST http://127.0.0.1:8200/session/db22a7c0-2320-4369-8011-1dc9eb44d7d6/element] with body: {"strategy":"xpath","selector":"//android.widget.TextView[@text='Welcome to register a new User']","context":"","multiple":false}
&amp#27;[35m[AndroidUiautomator2Driver@08d9 (1900ec2c)]&amp#27;[39m Got response with status 404: {"sessionId":"db22a7c0-2320-4369-8011-1dc9eb44d7d6","value":{"error":"no such element","message":"An element could not be located on the page using the given search parameters","stacktrace":"io.appium.uiautomator2.common.exceptions.ElementNotFoundException: An element could not be located on the page using the given search parameters\n\tat io.appium.uiautomator2.handler.FindElement.findElement(FindElement.java:90)\n\tat io.appium.uiautomator2.handler.FindElement.safeHandle(FindElement.java:67)\n\tat io.appium.uiautomator2.handler.request.SafeRequestHandler.handle(SafeRequestHandler.java:59)\n\tat io.appium.uiautomator2.server.AppiumServlet.handleRequest(AppiumServlet.java:267)\n\tat io.appium.uiautomator2.server.AppiumServlet.handleHttpRequest(AppiumServlet.java:261)\n\tat io.appium.uiautomator2.http.ServerHandler.channelRead(ServerHandler.java:68)\n\tat io.netty.channel.AbstractChannelHandlerContext.invokeChannelRead(AbstractChannelHandlerContext.java:366)\n\tat io.netty.channel.AbstractChannelHandlerCont...
[debug] &amp#27;[35m[W3C]&amp#27;[39m Matched W3C error code 'no such element' to NoSuchElementError
[debug] &amp#27;[35m[AndroidUiautomator2Driver@08d9 (1900ec2c)]&amp#27;[39m Waited for 32 ms so far
[debug] &amp#27;[35m[AndroidUiautomator2Driver@08d9 (1900ec2c)]&amp#27;[39m Matched '/element' to command name 'findElement'
[debug] &amp#27;[35m[AndroidUiautomator2Driver@08d9 (1900ec2c)]&amp#27;[39m Proxying [POST /element] to [POST http://127.0.0.1:8200/session/db22a7c0-2320-4369-8011-1dc9eb44d7d6/element] with body: {"strategy":"xpath","selector":"//android.widget.TextView[@text='Welcome to register a new User']","context":"","multiple":false}
[debug] &amp#27;[35m[AndroidUiautomator2Driver@08d9 (1900ec2c)]&amp#27;[39m Got response with status 200: {"sessionId":"db22a7c0-2320-4369-8011-1dc9eb44d7d6","value":{"ELEMENT":"00000000-0000-00a5-ffff-ffff00000073","element-6066-11e4-a52e-4f735466cecf":"00000000-0000-00a5-ffff-ffff00000073"}}
[debug] &amp#27;[35m[AndroidUiautomator2Driver@08d9 (1900ec2c)]&amp#27;[39m Responding to client with driver.findElement() result: {"element-6066-11e4-a52e-4f735466cecf":"00000000-0000-00a5-ffff-ffff00000073","ELEMENT":"00000000-0000-00a5-ffff-ffff00000073"}
&amp#27;[35m[HTTP]&amp#27;[39m &amp#27;[37m<-- POST /wd/hub/session/1900ec2c-416d-476d-9ebe-0795afa97fa8/element &amp#27;[39m&amp#27;[32m200&amp#27;[39m &amp#27;[90m1674 ms - 137&amp#27;[39m
&amp#27;[35m[HTTP]&amp#27;[39m &amp#27;[90m&amp#27;[39m
&amp#27;[35m[HTTP]&amp#27;[39m &amp#27;[37m-->&amp#27;[39m &amp#27;[37mGET&amp#27;[39m &amp#27;[37m/wd/hub/session/1900ec2c-416d-476d-9ebe-0795afa97fa8/element/00000000-0000-00a5-ffff-ffff00000073/displayed&amp#27;[39m
&amp#27;[35m[HTTP]&amp#27;[39m &amp#27;[90m{}&amp#27;[39m
[debug] &amp#27;[35m[AndroidUiautomator2Driver@08d9 (1900ec2c)]&amp#27;[39m Calling AppiumDriver.elementDisplayed() with args: ["00000000-0000-00a5-ffff-ffff00000073","1900ec2c-416d-476d-9ebe-0795afa97fa8"]
[debug] &amp#27;[35m[AndroidUiautomator2Driver@08d9 (1900ec2c)]&amp#27;[39m Matched '/element/00000000-0000-00a5-ffff-ffff00000073/attribute/displayed' to command name 'getAttribute'
[debug] &amp#27;[35m[AndroidUiautomator2Driver@08d9 (1900ec2c)]&amp#27;[39m Proxying [GET /element/00000000-0000-00a5-ffff-ffff00000073/attribute/displayed] to [GET http://127.0.0.1:8200/session/db22a7c0-2320-4369-8011-1dc9eb44d7d6/element/00000000-0000-00a5-ffff-ffff00000073/attribute/displayed] with no body
[debug] &amp#27;[35m[AndroidUiautomator2Driver@08d9 (1900ec2c)]&amp#27;[39m Got response with status 200: {"sessionId":"db22a7c0-2320-4369-8011-1dc9eb44d7d6","value":"true"}
[debug] &amp#27;[35m[AndroidUiautomator2Driver@08d9 (1900ec2c)]&amp#27;[39m Responding to client with driver.elementDisplayed() result: true
&amp#27;[35m[HTTP]&amp#27;[39m &amp#27;[37m<-- GET /wd/hub/session/1900ec2c-416d-476d-9ebe-0795afa97fa8/element/00000000-0000-00a5-ffff-ffff00000073/displayed &amp#27;[39m&amp#27;[32m200&amp#27;[39m &amp#27;[90m110 ms - 14&amp#27;[39m
&amp#27;[35m[HTTP]&amp#27;[39m &amp#27;[90m&amp#27;[39m
&amp#27;[35m[HTTP]&amp#27;[39m &amp#27;[37m-->&amp#27;[39m &amp#27;[37mPOST&amp#27;[39m &amp#27;[37m/wd/hub/session/1900ec2c-416d-476d-9ebe-0795afa97fa8/timeouts&amp#27;[39m
&amp#27;[35m[HTTP]&amp#27;[39m &amp#27;[90m{"implicit":5000}&amp#27;[39m
[debug] &amp#27;[35m[AndroidUiautomator2Driver@08d9 (1900ec2c)]&amp#27;[39m Calling AppiumDriver.timeouts() with args: [null,null,null,null,5000,"1900ec2c-416d-476d-9ebe-0795afa97fa8"]
[debug] &amp#27;[35m[AndroidUiautomator2Driver@08d9 (1900ec2c)]&amp#27;[39m W3C timeout argument: {"implicit":5000}}
[debug] &amp#27;[35m[AndroidUiautomator2Driver@08d9 (1900ec2c)]&amp#27;[39m Set implicit wait to 5000ms
[debug] &amp#27;[35m[AndroidUiautomator2Driver@08d9 (1900ec2c)]&amp#27;[39m Responding to client with driver.timeouts() result: null
&amp#27;[35m[HTTP]&amp#27;[39m &amp#27;[37m<-- POST /wd/hub/session/1900ec2c-416d-476d-9ebe-0795afa97fa8/timeouts &amp#27;[39m&amp#27;[32m200&amp#27;[39m &amp#27;[90m2 ms - 14&amp#27;[39m
&amp#27;[35m[HTTP]&amp#27;[39m &amp#27;[90m&amp#27;[39m
&amp#27;[35m[HTTP]&amp#27;[39m &amp#27;[37m-->&amp#27;[39m &amp#27;[37mPOST&amp#27;[39m &amp#27;[37m/wd/hub/session/1900ec2c-416d-476d-9ebe-0795afa97fa8/back&amp#27;[39m
&amp#27;[35m[HTTP]&amp#27;[39m &amp#27;[90m{}&amp#27;[39m
&amp#27;[35m[AndroidUiautomator2Driver@08d9 (1900ec2c)]&amp#27;[39m Driver proxy active, passing request on via HTTP proxy
[debug] &amp#27;[35m[AndroidUiautomator2Driver@08d9 (1900ec2c)]&amp#27;[39m Matched '/wd/hub/session/1900ec2c-416d-476d-9ebe-0795afa97fa8/back' to command name 'back'
[debug] &amp#27;[35m[AndroidUiautomator2Driver@08d9 (1900ec2c)]&amp#27;[39m Proxying [POST /wd/hub/session/1900ec2c-416d-476d-9ebe-0795afa97fa8/back] to [POST http://127.0.0.1:8200/session/db22a7c0-2320-4369-8011-1dc9eb44d7d6/back] with body: {}
[debug] &amp#27;[35m[AndroidUiautomator2Driver@08d9 (1900ec2c)]&amp#27;[39m Got response with status 200: {"sessionId":"db22a7c0-2320-4369-8011-1dc9eb44d7d6","value":null}
&amp#27;[35m[AndroidUiautomator2Driver@08d9 (1900ec2c)]&amp#27;[39m Replacing sessionId db22a7c0-2320-4369-8011-1dc9eb44d7d6 with 1900ec2c-416d-476d-9ebe-0795afa97fa8
&amp#27;[35m[HTTP]&amp#27;[39m &amp#27;[37m<-- POST /wd/hub/session/1900ec2c-416d-476d-9ebe-0795afa97fa8/back &amp#27;[39m&amp#27;[32m200&amp#27;[39m &amp#27;[90m90 ms - 65&amp#27;[39m
&amp#27;[35m[HTTP]&amp#27;[39m &amp#27;[90m&amp#27;[39m
&amp#27;[35m[HTTP]&amp#27;[39m &amp#27;[37m-->&amp#27;[39m &amp#27;[37mPOST&amp#27;[39m &amp#27;[37m/wd/hub/session/1900ec2c-416d-476d-9ebe-0795afa97fa8/back&amp#27;[39m
&amp#27;[35m[HTTP]&amp#27;[39m &amp#27;[90m{}&amp#27;[39m
&amp#27;[35m[AndroidUiautomator2Driver@08d9 (1900ec2c)]&amp#27;[39m Driver proxy active, passing request on via HTTP proxy
[debug] &amp#27;[35m[AndroidUiautomator2Driver@08d9 (1900ec2c)]&amp#27;[39m Matched '/wd/hub/session/1900ec2c-416d-476d-9ebe-0795afa97fa8/back' to command name 'back'
[debug] &amp#27;[35m[AndroidUiautomator2Driver@08d9 (1900ec2c)]&amp#27;[39m Proxying [POST /wd/hub/session/1900ec2c-416d-476d-9ebe-0795afa97fa8/back] to [POST http://127.0.0.1:8200/session/db22a7c0-2320-4369-8011-1dc9eb44d7d6/back] with body: {}
[debug] &amp#27;[35m[AndroidUiautomator2Driver@08d9 (1900ec2c)]&amp#27;[39m Got response with status 200: {"sessionId":"db22a7c0-2320-4369-8011-1dc9eb44d7d6","value":null}
&amp#27;[35m[AndroidUiautomator2Driver@08d9 (1900ec2c)]&amp#27;[39m Replacing sessionId db22a7c0-2320-4369-8011-1dc9eb44d7d6 with 1900ec2c-416d-476d-9ebe-0795afa97fa8
&amp#27;[35m[HTTP]&amp#27;[39m &amp#27;[37m<-- POST /wd/hub/session/1900ec2c-416d-476d-9ebe-0795afa97fa8/back &amp#27;[39m&amp#27;[32m200&amp#27;[39m &amp#27;[90m1345 ms - 65&amp#27;[39m
&amp#27;[35m[HTTP]&amp#27;[39m &amp#27;[90m&amp#27;[39m
&amp#27;[35m[HTTP]&amp#27;[39m &amp#27;[37m-->&amp#27;[39m &amp#27;[37mGET&amp#27;[39m &amp#27;[37m/wd/hub/session/1900ec2c-416d-476d-9ebe-0795afa97fa8/context&amp#27;[39m
&amp#27;[35m[HTTP]&amp#27;[39m &amp#27;[90m{}&amp#27;[39m
[debug] &amp#27;[35m[AndroidUiautomator2Driver@08d9 (1900ec2c)]&amp#27;[39m Calling AppiumDriver.getCurrentContext() with args: ["1900ec2c-416d-476d-9ebe-0795afa97fa8"]
[debug] &amp#27;[35m[AndroidUiautomator2Driver@08d9 (1900ec2c)]&amp#27;[39m Responding to client with driver.getCurrentContext() result: "NATIVE_APP"
&amp#27;[35m[HTTP]&amp#27;[39m &amp#27;[37m<-- GET /wd/hub/session/1900ec2c-416d-476d-9ebe-0795afa97fa8/context &amp#27;[39m&amp#27;[32m200&amp#27;[39m &amp#27;[90m1 ms - 22&amp#27;[39m
&amp#27;[35m[HTTP]&amp#27;[39m &amp#27;[90m&amp#27;[39m
&amp#27;[35m[HTTP]&amp#27;[39m &amp#27;[37m-->&amp#27;[39m &amp#27;[37mPOST&amp#27;[39m &amp#27;[37m/wd/hub/session/1900ec2c-416d-476d-9ebe-0795afa97fa8/element&amp#27;[39m
&amp#27;[35m[HTTP]&amp#27;[39m &amp#27;[90m{"using":"id","value":"visibleButtonTest"}&amp#27;[39m
[debug] &amp#27;[35m[AndroidUiautomator2Driver@08d9 (1900ec2c)]&amp#27;[39m Calling AppiumDriver.findElement() with args: ["id","visibleButtonTest","1900ec2c-416d-476d-9ebe-0795afa97fa8"]
[debug] &amp#27;[35m[AndroidUiautomator2Driver@08d9 (1900ec2c)]&amp#27;[39m Valid locator strategies for this request: xpath, id, class name, accessibility id, css selector, -android uiautomator
[debug] &amp#27;[35m[AndroidUiautomator2Driver@08d9 (1900ec2c)]&amp#27;[39m Waiting up to 5000 ms for condition
[debug] &amp#27;[35m[AndroidUiautomator2Driver@08d9 (1900ec2c)]&amp#27;[39m Matched '/element' to command name 'findElement'
[debug] &amp#27;[35m[AndroidUiautomator2Driver@08d9 (1900ec2c)]&amp#27;[39m Proxying [POST /element] to [POST http://127.0.0.1:8200/session/db22a7c0-2320-4369-8011-1dc9eb44d7d6/element] with body: {"strategy":"id","selector":"visibleButtonTest","context":"","multiple":false}
[debug] &amp#27;[35m[AndroidUiautomator2Driver@08d9 (1900ec2c)]&amp#27;[39m Got response with status 200: {"sessionId":"db22a7c0-2320-4369-8011-1dc9eb44d7d6","value":{"ELEMENT":"00000000-0000-00a3-ffff-ffff00000046","element-6066-11e4-a52e-4f735466cecf":"00000000-0000-00a3-ffff-ffff00000046"}}
[debug] &amp#27;[35m[AndroidUiautomator2Driver@08d9 (1900ec2c)]&amp#27;[39m Responding to client with driver.findElement() result: {"element-6066-11e4-a52e-4f735466cecf":"00000000-0000-00a3-ffff-ffff00000046","ELEMENT":"00000000-0000-00a3-ffff-ffff00000046"}
&amp#27;[35m[HTTP]&amp#27;[39m &amp#27;[37m<-- POST /wd/hub/session/1900ec2c-416d-476d-9ebe-0795afa97fa8/element &amp#27;[39m&amp#27;[32m200&amp#27;[39m &amp#27;[90m575 ms - 137&amp#27;[39m
&amp#27;[35m[HTTP]&amp#27;[39m &amp#27;[90m&amp#27;[39m
&amp#27;[35m[HTTP]&amp#27;[39m &amp#27;[37m-->&amp#27;[39m &amp#27;[37mPOST&amp#27;[39m &amp#27;[37m/wd/hub/session/1900ec2c-416d-476d-9ebe-0795afa97fa8/element/00000000-0000-00a3-ffff-ffff00000046/click&amp#27;[39m
&amp#27;[35m[HTTP]&amp#27;[39m &amp#27;[90m{"id":"00000000-0000-00a3-ffff-ffff00000046"}&amp#27;[39m
[debug] &amp#27;[35m[AndroidUiautomator2Driver@08d9 (1900ec2c)]&amp#27;[39m Calling AppiumDriver.click() with args: ["00000000-0000-00a3-ffff-ffff00000046","1900ec2c-416d-476d-9ebe-0795afa97fa8"]
[debug] &amp#27;[35m[AndroidUiautomator2Driver@08d9 (1900ec2c)]&amp#27;[39m Matched '/element/00000000-0000-00a3-ffff-ffff00000046/click' to command name 'click'
[debug] &amp#27;[35m[AndroidUiautomator2Driver@08d9 (1900ec2c)]&amp#27;[39m Proxying [POST /element/00000000-0000-00a3-ffff-ffff00000046/click] to [POST http://127.0.0.1:8200/session/db22a7c0-2320-4369-8011-1dc9eb44d7d6/element/00000000-0000-00a3-ffff-ffff00000046/click] with body: {"element":"00000000-0000-00a3-ffff-ffff00000046"}
[debug] &amp#27;[35m[AndroidUiautomator2Driver@08d9 (1900ec2c)]&amp#27;[39m Got response with status 200: {"sessionId":"db22a7c0-2320-4369-8011-1dc9eb44d7d6","value":null}
[debug] &amp#27;[35m[AndroidUiautomator2Driver@08d9 (1900ec2c)]&amp#27;[39m Responding to client with driver.click() result: null
&amp#27;[35m[HTTP]&amp#27;[39m &amp#27;[37m<-- POST /wd/hub/session/1900ec2c-416d-476d-9ebe-0795afa97fa8/element/00000000-0000-00a3-ffff-ffff00000046/click &amp#27;[39m&amp#27;[32m200&amp#27;[39m &amp#27;[90m44 ms - 14&amp#27;[39m
&amp#27;[35m[HTTP]&amp#27;[39m &amp#27;[90m&amp#27;[39m
&amp#27;[35m[HTTP]&amp#27;[39m &amp#27;[37m-->&amp#27;[39m &amp#27;[37mGET&amp#27;[39m &amp#27;[37m/wd/hub/session/1900ec2c-416d-476d-9ebe-0795afa97fa8/context&amp#27;[39m
&amp#27;[35m[HTTP]&amp#27;[39m &amp#27;[90m{}&amp#27;[39m
[debug] &amp#27;[35m[AndroidUiautomator2Driver@08d9 (1900ec2c)]&amp#27;[39m Calling AppiumDriver.getCurrentContext() with args: ["1900ec2c-416d-476d-9ebe-0795afa97fa8"]
[debug] &amp#27;[35m[AndroidUiautomator2Driver@08d9 (1900ec2c)]&amp#27;[39m Responding to client with driver.getCurrentContext() result: "NATIVE_APP"
&amp#27;[35m[HTTP]&amp#27;[39m &amp#27;[37m<-- GET /wd/hub/session/1900ec2c-416d-476d-9ebe-0795afa97fa8/context &amp#27;[39m&amp#27;[32m200&amp#27;[39m &amp#27;[90m1 ms - 22&amp#27;[39m
&amp#27;[35m[HTTP]&amp#27;[39m &amp#27;[90m&amp#27;[39m
&amp#27;[35m[HTTP]&amp#27;[39m &amp#27;[37m-->&amp#27;[39m &amp#27;[37mPOST&amp#27;[39m &amp#27;[37m/wd/hub/session/1900ec2c-416d-476d-9ebe-0795afa97fa8/element&amp#27;[39m
&amp#27;[35m[HTTP]&amp#27;[39m &amp#27;[90m{"using":"id","value":"visibleTextView"}&amp#27;[39m
[debug] &amp#27;[35m[AndroidUiautomator2Driver@08d9 (1900ec2c)]&amp#27;[39m Calling AppiumDriver.findElement() with args: ["id","visibleTextView","1900ec2c-416d-476d-9ebe-0795afa97fa8"]
[debug] &amp#27;[35m[AndroidUiautomator2Driver@08d9 (1900ec2c)]&amp#27;[39m Valid locator strategies for this request: xpath, id, class name, accessibility id, css selector, -android uiautomator
[debug] &amp#27;[35m[AndroidUiautomator2Driver@08d9 (1900ec2c)]&amp#27;[39m Waiting up to 5000 ms for condition
[debug] &amp#27;[35m[AndroidUiautomator2Driver@08d9 (1900ec2c)]&amp#27;[39m Matched '/element' to command name 'findElement'
[debug] &amp#27;[35m[AndroidUiautomator2Driver@08d9 (1900ec2c)]&amp#27;[39m Proxying [POST /element] to [POST http://127.0.0.1:8200/session/db22a7c0-2320-4369-8011-1dc9eb44d7d6/element] with body: {"strategy":"id","selector":"visibleTextView","context":"","multiple":false}
[debug] &amp#27;[35m[AndroidUiautomator2Driver@08d9 (1900ec2c)]&amp#27;[39m Got response with status 200: {"sessionId":"db22a7c0-2320-4369-8011-1dc9eb44d7d6","value":{"ELEMENT":"00000000-0000-00a3-ffff-ffff00000047","element-6066-11e4-a52e-4f735466cecf":"00000000-0000-00a3-ffff-ffff00000047"}}
[debug] &amp#27;[35m[AndroidUiautomator2Driver@08d9 (1900ec2c)]&amp#27;[39m Responding to client with driver.findElement() result: {"element-6066-11e4-a52e-4f735466cecf":"00000000-0000-00a3-ffff-ffff00000047","ELEMENT":"00000000-0000-00a3-ffff-ffff00000047"}
&amp#27;[35m[HTTP]&amp#27;[39m &amp#27;[37m<-- POST /wd/hub/session/1900ec2c-416d-476d-9ebe-0795afa97fa8/element &amp#27;[39m&amp#27;[32m200&amp#27;[39m &amp#27;[90m66 ms - 137&amp#27;[39m
&amp#27;[35m[HTTP]&amp#27;[39m &amp#27;[90m&amp#27;[39m
&amp#27;[35m[HTTP]&amp#27;[39m &amp#27;[37m-->&amp#27;[39m &amp#27;[37mGET&amp#27;[39m &amp#27;[37m/wd/hub/session/1900ec2c-416d-476d-9ebe-0795afa97fa8/element/00000000-0000-00a3-ffff-ffff00000047/displayed&amp#27;[39m
&amp#27;[35m[HTTP]&amp#27;[39m &amp#27;[90m{}&amp#27;[39m
[debug] &amp#27;[35m[AndroidUiautomator2Driver@08d9 (1900ec2c)]&amp#27;[39m Calling AppiumDriver.elementDisplayed() with args: ["00000000-0000-00a3-ffff-ffff00000047","1900ec2c-416d-476d-9ebe-0795afa97fa8"]
[debug] &amp#27;[35m[AndroidUiautomator2Driver@08d9 (1900ec2c)]&amp#27;[39m Matched '/element/00000000-0000-00a3-ffff-ffff00000047/attribute/displayed' to command name 'getAttribute'
[debug] &amp#27;[35m[AndroidUiautomator2Driver@08d9 (1900ec2c)]&amp#27;[39m Proxying [GET /element/00000000-0000-00a3-ffff-ffff00000047/attribute/displayed] to [GET http://127.0.0.1:8200/session/db22a7c0-2320-4369-8011-1dc9eb44d7d6/element/00000000-0000-00a3-ffff-ffff00000047/attribute/displayed] with no body
[debug] &amp#27;[35m[AndroidUiautomator2Driver@08d9 (1900ec2c)]&amp#27;[39m Got response with status 200: {"sessionId":"db22a7c0-2320-4369-8011-1dc9eb44d7d6","value":"true"}
[debug] &amp#27;[35m[AndroidUiautomator2Driver@08d9 (1900ec2c)]&amp#27;[39m Responding to client with driver.elementDisplayed() result: true
&amp#27;[35m[HTTP]&amp#27;[39m &amp#27;[37m<-- GET /wd/hub/session/1900ec2c-416d-476d-9ebe-0795afa97fa8/element/00000000-0000-00a3-ffff-ffff00000047/displayed &amp#27;[39m&amp#27;[32m200&amp#27;[39m &amp#27;[90m558 ms - 14&amp#27;[39m
&amp#27;[35m[HTTP]&amp#27;[39m &amp#27;[90m&amp#27;[39m
&amp#27;[35m[HTTP]&amp#27;[39m &amp#27;[37m-->&amp#27;[39m &amp#27;[37mPOST&amp#27;[39m &amp#27;[37m/wd/hub/session/1900ec2c-416d-476d-9ebe-0795afa97fa8/timeouts&amp#27;[39m
&amp#27;[35m[HTTP]&amp#27;[39m &amp#27;[90m{"implicit":5000}&amp#27;[39m
[debug] &amp#27;[35m[AndroidUiautomator2Driver@08d9 (1900ec2c)]&amp#27;[39m Calling AppiumDriver.timeouts() with args: [null,null,null,null,5000,"1900ec2c-416d-476d-9ebe-0795afa97fa8"]
[debug] &amp#27;[35m[AndroidUiautomator2Driver@08d9 (1900ec2c)]&amp#27;[39m W3C timeout argument: {"implicit":5000}}
[debug] &amp#27;[35m[AndroidUiautomator2Driver@08d9 (1900ec2c)]&amp#27;[39m Set implicit wait to 5000ms
[debug] &amp#27;[35m[AndroidUiautomator2Driver@08d9 (1900ec2c)]&amp#27;[39m Responding to client with driver.timeouts() result: null
&amp#27;[35m[HTTP]&amp#27;[39m &amp#27;[37m<-- POST /wd/hub/session/1900ec2c-416d-476d-9ebe-0795afa97fa8/timeouts &amp#27;[39m&amp#27;[32m200&amp#27;[39m &amp#27;[90m1 ms - 14&amp#27;[39m
&amp#27;[35m[HTTP]&amp#27;[39m &amp#27;[90m&amp#27;[39m
&amp#27;[35m[HTTP]&amp#27;[39m &amp#27;[37m-->&amp#27;[39m &amp#27;[37mGET&amp#27;[39m &amp#27;[37m/wd/hub/session/1900ec2c-416d-476d-9ebe-0795afa97fa8/context&amp#27;[39m
&amp#27;[35m[HTTP]&amp#27;[39m &amp#27;[90m{}&amp#27;[39m
[debug] &amp#27;[35m[AndroidUiautomator2Driver@08d9 (1900ec2c)]&amp#27;[39m Calling AppiumDriver.getCurrentContext() with args: ["1900ec2c-416d-476d-9ebe-0795afa97fa8"]
[debug] &amp#27;[35m[AndroidUiautomator2Driver@08d9 (1900ec2c)]&amp#27;[39m Responding to client with driver.getCurrentContext() result: "NATIVE_APP"
&amp#27;[35m[HTTP]&amp#27;[39m &amp#27;[37m<-- GET /wd/hub/session/1900ec2c-416d-476d-9ebe-0795afa97fa8/context &amp#27;[39m&amp#27;[32m200&amp#27;[39m &amp#27;[90m1 ms - 22&amp#27;[39m
&amp#27;[35m[HTTP]&amp#27;[39m &amp#27;[90m&amp#27;[39m
&amp#27;[35m[HTTP]&amp#27;[39m &amp#27;[37m-->&amp#27;[39m &amp#27;[37mPOST&amp#27;[39m &amp#27;[37m/wd/hub/session/1900ec2c-416d-476d-9ebe-0795afa97fa8/element&amp#27;[39m
&amp#27;[35m[HTTP]&amp#27;[39m &amp#27;[90m{"using":"id","value":"showToastButton"}&amp#27;[39m
[debug] &amp#27;[35m[AndroidUiautomator2Driver@08d9 (1900ec2c)]&amp#27;[39m Calling AppiumDriver.findElement() with args: ["id","showToastButton","1900ec2c-416d-476d-9ebe-0795afa97fa8"]
[debug] &amp#27;[35m[AndroidUiautomator2Driver@08d9 (1900ec2c)]&amp#27;[39m Valid locator strategies for this request: xpath, id, class name, accessibility id, css selector, -android uiautomator
[debug] &amp#27;[35m[AndroidUiautomator2Driver@08d9 (1900ec2c)]&amp#27;[39m Waiting up to 5000 ms for condition
[debug] &amp#27;[35m[AndroidUiautomator2Driver@08d9 (1900ec2c)]&amp#27;[39m Matched '/element' to command name 'findElement'
[debug] &amp#27;[35m[AndroidUiautomator2Driver@08d9 (1900ec2c)]&amp#27;[39m Proxying [POST /element] to [POST http://127.0.0.1:8200/session/db22a7c0-2320-4369-8011-1dc9eb44d7d6/element] with body: {"strategy":"id","selector":"showToastButton","context":"","multiple":false}
[debug] &amp#27;[35m[AndroidUiautomator2Driver@08d9 (1900ec2c)]&amp#27;[39m Got response with status 200: {"sessionId":"db22a7c0-2320-4369-8011-1dc9eb44d7d6","value":{"ELEMENT":"00000000-0000-00a3-ffff-ffff00000049","element-6066-11e4-a52e-4f735466cecf":"00000000-0000-00a3-ffff-ffff00000049"}}
[debug] &amp#27;[35m[AndroidUiautomator2Driver@08d9 (1900ec2c)]&amp#27;[39m Responding to client with driver.findElement() result: {"element-6066-11e4-a52e-4f735466cecf":"00000000-0000-00a3-ffff-ffff00000049","ELEMENT":"00000000-0000-00a3-ffff-ffff00000049"}
&amp#27;[35m[HTTP]&amp#27;[39m &amp#27;[37m<-- POST /wd/hub/session/1900ec2c-416d-476d-9ebe-0795afa97fa8/element &amp#27;[39m&amp#27;[32m200&amp#27;[39m &amp#27;[90m15 ms - 137&amp#27;[39m
&amp#27;[35m[HTTP]&amp#27;[39m &amp#27;[90m&amp#27;[39m
&amp#27;[35m[HTTP]&amp#27;[39m &amp#27;[37m-->&amp#27;[39m &amp#27;[37mPOST&amp#27;[39m &amp#27;[37m/wd/hub/session/1900ec2c-416d-476d-9ebe-0795afa97fa8/element/00000000-0000-00a3-ffff-ffff00000049/click&amp#27;[39m
&amp#27;[35m[HTTP]&amp#27;[39m &amp#27;[90m{"id":"00000000-0000-00a3-ffff-ffff00000049"}&amp#27;[39m
[debug] &amp#27;[35m[AndroidUiautomator2Driver@08d9 (1900ec2c)]&amp#27;[39m Calling AppiumDriver.click() with args: ["00000000-0000-00a3-ffff-ffff00000049","1900ec2c-416d-476d-9ebe-0795afa97fa8"]
[debug] &amp#27;[35m[AndroidUiautomator2Driver@08d9 (1900ec2c)]&amp#27;[39m Matched '/element/00000000-0000-00a3-ffff-ffff00000049/click' to command name 'click'
[debug] &amp#27;[35m[AndroidUiautomator2Driver@08d9 (1900ec2c)]&amp#27;[39m Proxying [POST /element/00000000-0000-00a3-ffff-ffff00000049/click] to [POST http://127.0.0.1:8200/session/db22a7c0-2320-4369-8011-1dc9eb44d7d6/element/00000000-0000-00a3-ffff-ffff00000049/click] with body: {"element":"00000000-0000-00a3-ffff-ffff00000049"}
[debug] &amp#27;[35m[AndroidUiautomator2Driver@08d9 (1900ec2c)]&amp#27;[39m Got response with status 200: {"sessionId":"db22a7c0-2320-4369-8011-1dc9eb44d7d6","value":null}
[debug] &amp#27;[35m[AndroidUiautomator2Driver@08d9 (1900ec2c)]&amp#27;[39m Responding to client with driver.click() result: null
&amp#27;[35m[HTTP]&amp#27;[39m &amp#27;[37m<-- POST /wd/hub/session/1900ec2c-416d-476d-9ebe-0795afa97fa8/element/00000000-0000-00a3-ffff-ffff00000049/click &amp#27;[39m&amp#27;[32m200&amp#27;[39m &amp#27;[90m49 ms - 14&amp#27;[39m
&amp#27;[35m[HTTP]&amp#27;[39m &amp#27;[90m&amp#27;[39m
&amp#27;[35m[HTTP]&amp#27;[39m &amp#27;[37m-->&amp#27;[39m &amp#27;[37mPOST&amp#27;[39m &amp#27;[37m/wd/hub/session/1900ec2c-416d-476d-9ebe-0795afa97fa8/element&amp#27;[39m
&amp#27;[35m[HTTP]&amp#27;[39m &amp#27;[90m{"using":"xpath","value":"//android.widget.Toast[1]"}&amp#27;[39m
[debug] &amp#27;[35m[AndroidUiautomator2Driver@08d9 (1900ec2c)]&amp#27;[39m Calling AppiumDriver.findElement() with args: ["xpath","//android.widget.Toast[1]","1900ec2c-416d-476d-9ebe-0795afa97fa8"]
[debug] &amp#27;[35m[AndroidUiautomator2Driver@08d9 (1900ec2c)]&amp#27;[39m Valid locator strategies for this request: xpath, id, class name, accessibility id, css selector, -android uiautomator
[debug] &amp#27;[35m[AndroidUiautomator2Driver@08d9 (1900ec2c)]&amp#27;[39m Waiting up to 5000 ms for condition
[debug] &amp#27;[35m[AndroidUiautomator2Driver@08d9 (1900ec2c)]&amp#27;[39m Matched '/element' to command name 'findElement'
[debug] &amp#27;[35m[AndroidUiautomator2Driver@08d9 (1900ec2c)]&amp#27;[39m Proxying [POST /element] to [POST http://127.0.0.1:8200/session/db22a7c0-2320-4369-8011-1dc9eb44d7d6/element] with body: {"strategy":"xpath","selector":"//android.widget.Toast[1]","context":"","multiple":false}
&amp#27;[35m[AndroidUiautomator2Driver@08d9 (1900ec2c)]&amp#27;[39m Got response with status 404: {"sessionId":"db22a7c0-2320-4369-8011-1dc9eb44d7d6","value":{"error":"no such element","message":"An element could not be located on the page using the given search parameters","stacktrace":"io.appium.uiautomator2.common.exceptions.ElementNotFoundException: An element could not be located on the page using the given search parameters\n\tat io.appium.uiautomator2.handler.FindElement.findElement(FindElement.java:90)\n\tat io.appium.uiautomator2.handler.FindElement.safeHandle(FindElement.java:67)\n\tat io.appium.uiautomator2.handler.request.SafeRequestHandler.handle(SafeRequestHandler.java:59)\n\tat io.appium.uiautomator2.server.AppiumServlet.handleRequest(AppiumServlet.java:267)\n\tat io.appium.uiautomator2.server.AppiumServlet.handleHttpRequest(AppiumServlet.java:261)\n\tat io.appium.uiautomator2.http.ServerHandler.channelRead(ServerHandler.java:68)\n\tat io.netty.channel.AbstractChannelHandlerContext.invokeChannelRead(AbstractChannelHandlerContext.java:366)\n\tat io.netty.channel.AbstractChannelHandlerCont...
[debug] &amp#27;[35m[W3C]&amp#27;[39m Matched W3C error code 'no such element' to NoSuchElementError
[debug] &amp#27;[35m[AndroidUiautomator2Driver@08d9 (1900ec2c)]&amp#27;[39m Waited for 99 ms so far
[debug] &amp#27;[35m[AndroidUiautomator2Driver@08d9 (1900ec2c)]&amp#27;[39m Matched '/element' to command name 'findElement'
[debug] &amp#27;[35m[AndroidUiautomator2Driver@08d9 (1900ec2c)]&amp#27;[39m Proxying [POST /element] to [POST http://127.0.0.1:8200/session/db22a7c0-2320-4369-8011-1dc9eb44d7d6/element] with body: {"strategy":"xpath","selector":"//android.widget.Toast[1]","context":"","multiple":false}
[debug] &amp#27;[35m[AndroidUiautomator2Driver@08d9 (1900ec2c)]&amp#27;[39m Got response with status 200: {"sessionId":"db22a7c0-2320-4369-8011-1dc9eb44d7d6","value":{"ELEMENT":"6dac753b-921f-4f4f-93aa-2235fae204c8","element-6066-11e4-a52e-4f735466cecf":"6dac753b-921f-4f4f-93aa-2235fae204c8"}}
[debug] &amp#27;[35m[AndroidUiautomator2Driver@08d9 (1900ec2c)]&amp#27;[39m Responding to client with driver.findElement() result: {"element-6066-11e4-a52e-4f735466cecf":"6dac753b-921f-4f4f-93aa-2235fae204c8","ELEMENT":"6dac753b-921f-4f4f-93aa-2235fae204c8"}
&amp#27;[35m[HTTP]&amp#27;[39m &amp#27;[37m<-- POST /wd/hub/session/1900ec2c-416d-476d-9ebe-0795afa97fa8/element &amp#27;[39m&amp#27;[32m200&amp#27;[39m &amp#27;[90m673 ms - 137&amp#27;[39m
&amp#27;[35m[HTTP]&amp#27;[39m &amp#27;[90m&amp#27;[39m
&amp#27;[35m[HTTP]&amp#27;[39m &amp#27;[37m-->&amp#27;[39m &amp#27;[37mGET&amp#27;[39m &amp#27;[37m/wd/hub/session/1900ec2c-416d-476d-9ebe-0795afa97fa8/element/6dac753b-921f-4f4f-93aa-2235fae204c8/attribute/name&amp#27;[39m
&amp#27;[35m[HTTP]&amp#27;[39m &amp#27;[90m{}&amp#27;[39m
[debug] &amp#27;[35m[AndroidUiautomator2Driver@08d9 (1900ec2c)]&amp#27;[39m Calling AppiumDriver.getAttribute() with args: ["name","6dac753b-921f-4f4f-93aa-2235fae204c8","1900ec2c-416d-476d-9ebe-0795afa97fa8"]
[debug] &amp#27;[35m[AndroidUiautomator2Driver@08d9 (1900ec2c)]&amp#27;[39m Matched '/element/6dac753b-921f-4f4f-93aa-2235fae204c8/attribute/name' to command name 'getAttribute'
[debug] &amp#27;[35m[AndroidUiautomator2Driver@08d9 (1900ec2c)]&amp#27;[39m Proxying [GET /element/6dac753b-921f-4f4f-93aa-2235fae204c8/attribute/name] to [GET http://127.0.0.1:8200/session/db22a7c0-2320-4369-8011-1dc9eb44d7d6/element/6dac753b-921f-4f4f-93aa-2235fae204c8/attribute/name] with no body
[debug] &amp#27;[35m[AndroidUiautomator2Driver@08d9 (1900ec2c)]&amp#27;[39m Got response with status 200: {"sessionId":"db22a7c0-2320-4369-8011-1dc9eb44d7d6","value":"Hello selendroid toast!"}
[debug] &amp#27;[35m[AndroidUiautomator2Driver@08d9 (1900ec2c)]&amp#27;[39m Responding to client with driver.getAttribute() result: "Hello selendroid toast!"
&amp#27;[35m[HTTP]&amp#27;[39m &amp#27;[37m<-- GET /wd/hub/session/1900ec2c-416d-476d-9ebe-0795afa97fa8/element/6dac753b-921f-4f4f-93aa-2235fae204c8/attribute/name &amp#27;[39m&amp#27;[32m200&amp#27;[39m &amp#27;[90m45 ms - 35&amp#27;[39m
&amp#27;[35m[HTTP]&amp#27;[39m &amp#27;[90m&amp#27;[39m
&amp#27;[35m[HTTP]&amp#27;[39m &amp#27;[37m-->&amp#27;[39m &amp#27;[37mGET&amp#27;[39m &amp#27;[37m/wd/hub/session/1900ec2c-416d-476d-9ebe-0795afa97fa8/context&amp#27;[39m
&amp#27;[35m[HTTP]&amp#27;[39m &amp#27;[90m{}&amp#27;[39m
[debug] &amp#27;[35m[AndroidUiautomator2Driver@08d9 (1900ec2c)]&amp#27;[39m Calling AppiumDriver.getCurrentContext() with args: ["1900ec2c-416d-476d-9ebe-0795afa97fa8"]
[debug] &amp#27;[35m[AndroidUiautomator2Driver@08d9 (1900ec2c)]&amp#27;[39m Responding to client with driver.getCurrentContext() result: "NATIVE_APP"
&amp#27;[35m[HTTP]&amp#27;[39m &amp#27;[37m<-- GET /wd/hub/session/1900ec2c-416d-476d-9ebe-0795afa97fa8/context &amp#27;[39m&amp#27;[32m200&amp#27;[39m &amp#27;[90m1 ms - 22&amp#27;[39m
&amp#27;[35m[HTTP]&amp#27;[39m &amp#27;[90m&amp#27;[39m
&amp#27;[35m[HTTP]&amp#27;[39m &amp#27;[37m-->&amp#27;[39m &amp#27;[37mPOST&amp#27;[39m &amp#27;[37m/wd/hub/session/1900ec2c-416d-476d-9ebe-0795afa97fa8/element&amp#27;[39m
&amp#27;[35m[HTTP]&amp#27;[39m &amp#27;[90m{"using":"id","value":"exceptionTestButton"}&amp#27;[39m
[debug] &amp#27;[35m[AndroidUiautomator2Driver@08d9 (1900ec2c)]&amp#27;[39m Calling AppiumDriver.findElement() with args: ["id","exceptionTestButton","1900ec2c-416d-476d-9ebe-0795afa97fa8"]
[debug] &amp#27;[35m[AndroidUiautomator2Driver@08d9 (1900ec2c)]&amp#27;[39m Valid locator strategies for this request: xpath, id, class name, accessibility id, css selector, -android uiautomator
[debug] &amp#27;[35m[AndroidUiautomator2Driver@08d9 (1900ec2c)]&amp#27;[39m Waiting up to 5000 ms for condition
[debug] &amp#27;[35m[AndroidUiautomator2Driver@08d9 (1900ec2c)]&amp#27;[39m Matched '/element' to command name 'findElement'
[debug] &amp#27;[35m[AndroidUiautomator2Driver@08d9 (1900ec2c)]&amp#27;[39m Proxying [POST /element] to [POST http://127.0.0.1:8200/session/db22a7c0-2320-4369-8011-1dc9eb44d7d6/element] with body: {"strategy":"id","selector":"exceptionTestButton","context":"","multiple":false}
[debug] &amp#27;[35m[AndroidUiautomator2Driver@08d9 (1900ec2c)]&amp#27;[39m Got response with status 200: {"sessionId":"db22a7c0-2320-4369-8011-1dc9eb44d7d6","value":{"ELEMENT":"00000000-0000-00a3-ffff-ffff0000004b","element-6066-11e4-a52e-4f735466cecf":"00000000-0000-00a3-ffff-ffff0000004b"}}
[debug] &amp#27;[35m[AndroidUiautomator2Driver@08d9 (1900ec2c)]&amp#27;[39m Responding to client with driver.findElement() result: {"element-6066-11e4-a52e-4f735466cecf":"00000000-0000-00a3-ffff-ffff0000004b","ELEMENT":"00000000-0000-00a3-ffff-ffff0000004b"}
&amp#27;[35m[HTTP]&amp#27;[39m &amp#27;[37m<-- POST /wd/hub/session/1900ec2c-416d-476d-9ebe-0795afa97fa8/element &amp#27;[39m&amp#27;[32m200&amp#27;[39m &amp#27;[90m23 ms - 137&amp#27;[39m
&amp#27;[35m[HTTP]&amp#27;[39m &amp#27;[90m&amp#27;[39m
&amp#27;[35m[HTTP]&amp#27;[39m &amp#27;[37m-->&amp#27;[39m &amp#27;[37mPOST&amp#27;[39m &amp#27;[37m/wd/hub/session/1900ec2c-416d-476d-9ebe-0795afa97fa8/element/00000000-0000-00a3-ffff-ffff0000004b/click&amp#27;[39m
&amp#27;[35m[HTTP]&amp#27;[39m &amp#27;[90m{"id":"00000000-0000-00a3-ffff-ffff0000004b"}&amp#27;[39m
[debug] &amp#27;[35m[AndroidUiautomator2Driver@08d9 (1900ec2c)]&amp#27;[39m Calling AppiumDriver.click() with args: ["00000000-0000-00a3-ffff-ffff0000004b","1900ec2c-416d-476d-9ebe-0795afa97fa8"]
[debug] &amp#27;[35m[AndroidUiautomator2Driver@08d9 (1900ec2c)]&amp#27;[39m Matched '/element/00000000-0000-00a3-ffff-ffff0000004b/click' to command name 'click'
[debug] &amp#27;[35m[AndroidUiautomator2Driver@08d9 (1900ec2c)]&amp#27;[39m Proxying [POST /element/00000000-0000-00a3-ffff-ffff0000004b/click] to [POST http://127.0.0.1:8200/session/db22a7c0-2320-4369-8011-1dc9eb44d7d6/element/00000000-0000-00a3-ffff-ffff0000004b/click] with body: {"element":"00000000-0000-00a3-ffff-ffff0000004b"}
[debug] &amp#27;[35m[AndroidUiautomator2Driver@08d9 (1900ec2c)]&amp#27;[39m Got response with status 200: {"sessionId":"db22a7c0-2320-4369-8011-1dc9eb44d7d6","value":null}
[debug] &amp#27;[35m[AndroidUiautomator2Driver@08d9 (1900ec2c)]&amp#27;[39m Responding to client with driver.click() result: null
&amp#27;[35m[HTTP]&amp#27;[39m &amp#27;[37m<-- POST /wd/hub/session/1900ec2c-416d-476d-9ebe-0795afa97fa8/element/00000000-0000-00a3-ffff-ffff0000004b/click &amp#27;[39m&amp#27;[32m200&amp#27;[39m &amp#27;[90m70 ms - 14&amp#27;[39m
&amp#27;[35m[HTTP]&amp#27;[39m &amp#27;[90m&amp#27;[39m
&amp#27;[35m[HTTP]&amp#27;[39m &amp#27;[37m-->&amp#27;[39m &amp#27;[37mGET&amp#27;[39m &amp#27;[37m/wd/hub/session/1900ec2c-416d-476d-9ebe-0795afa97fa8/context&amp#27;[39m
&amp#27;[35m[HTTP]&amp#27;[39m &amp#27;[90m{}&amp#27;[39m
[debug] &amp#27;[35m[AndroidUiautomator2Driver@08d9 (1900ec2c)]&amp#27;[39m Calling AppiumDriver.getCurrentContext() with args: ["1900ec2c-416d-476d-9ebe-0795afa97fa8"]
[debug] &amp#27;[35m[AndroidUiautomator2Driver@08d9 (1900ec2c)]&amp#27;[39m Responding to client with driver.getCurrentContext() result: "NATIVE_APP"
&amp#27;[35m[HTTP]&amp#27;[39m &amp#27;[37m<-- GET /wd/hub/session/1900ec2c-416d-476d-9ebe-0795afa97fa8/context &amp#27;[39m&amp#27;[32m200&amp#27;[39m &amp#27;[90m2 ms - 22&amp#27;[39m
&amp#27;[35m[HTTP]&amp#27;[39m &amp#27;[90m&amp#27;[39m
&amp#27;[35m[HTTP]&amp#27;[39m &amp#27;[37m-->&amp#27;[39m &amp#27;[37mPOST&amp#27;[39m &amp#27;[37m/wd/hub/session/1900ec2c-416d-476d-9ebe-0795afa97fa8/element&amp#27;[39m
&amp#27;[35m[HTTP]&amp#27;[39m &amp#27;[90m{"using":"id","value":"android:id/alertTitle"}&amp#27;[39m
[debug] &amp#27;[35m[AndroidUiautomator2Driver@08d9 (1900ec2c)]&amp#27;[39m Calling AppiumDriver.findElement() with args: ["id","android:id/alertTitle","1900ec2c-416d-476d-9ebe-0795afa97fa8"]
[debug] &amp#27;[35m[AndroidUiautomator2Driver@08d9 (1900ec2c)]&amp#27;[39m Valid locator strategies for this request: xpath, id, class name, accessibility id, css selector, -android uiautomator
[debug] &amp#27;[35m[AndroidUiautomator2Driver@08d9 (1900ec2c)]&amp#27;[39m Waiting up to 5000 ms for condition
[debug] &amp#27;[35m[AndroidUiautomator2Driver@08d9 (1900ec2c)]&amp#27;[39m Matched '/element' to command name 'findElement'
[debug] &amp#27;[35m[AndroidUiautomator2Driver@08d9 (1900ec2c)]&amp#27;[39m Proxying [POST /element] to [POST http://127.0.0.1:8200/session/db22a7c0-2320-4369-8011-1dc9eb44d7d6/element] with body: {"strategy":"id","selector":"android:id/alertTitle","context":"","multiple":false}
&amp#27;[35m[AndroidUiautomator2Driver@08d9 (1900ec2c)]&amp#27;[39m Got response with status 404: {"sessionId":"db22a7c0-2320-4369-8011-1dc9eb44d7d6","value":{"error":"no such element","message":"An element could not be located on the page using the given search parameters","stacktrace":"io.appium.uiautomator2.common.exceptions.ElementNotFoundException: An element could not be located on the page using the given search parameters\n\tat io.appium.uiautomator2.handler.FindElement.safeHandle(FindElement.java:70)\n\tat io.appium.uiautomator2.handler.request.SafeRequestHandler.handle(SafeRequestHandler.java:59)\n\tat io.appium.uiautomator2.server.AppiumServlet.handleRequest(AppiumServlet.java:267)\n\tat io.appium.uiautomator2.server.AppiumServlet.handleHttpRequest(AppiumServlet.java:261)\n\tat io.appium.uiautomator2.http.ServerHandler.channelRead(ServerHandler.java:68)\n\tat io.netty.channel.AbstractChannelHandlerContext.invokeChannelRead(AbstractChannelHandlerContext.java:366)\n\tat io.netty.channel.AbstractChannelHandlerContext.invokeChannelRead(AbstractChannelHandlerContext.java:352)\n\tat io.netty.chann...
[debug] &amp#27;[35m[W3C]&amp#27;[39m Matched W3C error code 'no such element' to NoSuchElementError
[debug] &amp#27;[35m[AndroidUiautomator2Driver@08d9 (1900ec2c)]&amp#27;[39m Encountered internal error running command: NoSuchElementError: An element could not be located on the page using the given search parameters.
[debug] &amp#27;[35m[AndroidUiautomator2Driver@08d9 (1900ec2c)]&amp#27;[39m     at AndroidUiautomator2Driver.findElOrEls (/Users/AshishSrivastava/.appium/node_modules/appium-uiautomator2-driver/node_modules/appium-android-driver/lib/commands/find.js:75:11)
[debug] &amp#27;[35m[AndroidUiautomator2Driver@08d9 (1900ec2c)]&amp#27;[39m     at runMicrotasks (<anonymous>)
[debug] &amp#27;[35m[AndroidUiautomator2Driver@08d9 (1900ec2c)]&amp#27;[39m     at processTicksAndRejections (node:internal/process/task_queues:96:5)
[debug] &amp#27;[35m[AndroidUiautomator2Driver@08d9 (1900ec2c)]&amp#27;[39m     at AndroidUiautomator2Driver.findElOrElsWithProcessing (/usr/local/lib/node_modules/appium/node_modules/@appium/base-driver/lib/basedriver/commands/find.js:80:16)
[debug] &amp#27;[35m[AndroidUiautomator2Driver@08d9 (1900ec2c)]&amp#27;[39m     at AndroidUiautomator2Driver.findElement (/usr/local/lib/node_modules/appium/node_modules/@appium/base-driver/lib/basedriver/commands/find.js:21:14)
&amp#27;[35m[HTTP]&amp#27;[39m &amp#27;[37m<-- POST /wd/hub/session/1900ec2c-416d-476d-9ebe-0795afa97fa8/element &amp#27;[39m&amp#27;[33m404&amp#27;[39m &amp#27;[90m5284 ms - 857&amp#27;[39m
&amp#27;[35m[HTTP]&amp#27;[39m &amp#27;[90m&amp#27;[39m
02:11:19.955 [main] ERROR util.ElementUtil - Element [Exception Alert] is NOT displayed in Current Screen
&amp#27;[35m[HTTP]&amp#27;[39m &amp#27;[37m-->&amp#27;[39m &amp#27;[37mPOST&amp#27;[39m &amp#27;[37m/wd/hub/session/1900ec2c-416d-476d-9ebe-0795afa97fa8/timeouts&amp#27;[39m
&amp#27;[35m[HTTP]&amp#27;[39m &amp#27;[90m{"implicit":5000}&amp#27;[39m
[debug] &amp#27;[35m[AndroidUiautomator2Driver@08d9 (1900ec2c)]&amp#27;[39m Calling AppiumDriver.timeouts() with args: [null,null,null,null,5000,"1900ec2c-416d-476d-9ebe-0795afa97fa8"]
[debug] &amp#27;[35m[AndroidUiautomator2Driver@08d9 (1900ec2c)]&amp#27;[39m W3C timeout argument: {"implicit":5000}}
[debug] &amp#27;[35m[AndroidUiautomator2Driver@08d9 (1900ec2c)]&amp#27;[39m Set implicit wait to 5000ms
[debug] &amp#27;[35m[AndroidUiautomator2Driver@08d9 (1900ec2c)]&amp#27;[39m Responding to client with driver.timeouts() result: null
&amp#27;[35m[HTTP]&amp#27;[39m &amp#27;[37m<-- POST /wd/hub/session/1900ec2c-416d-476d-9ebe-0795afa97fa8/timeouts &amp#27;[39m&amp#27;[32m200&amp#27;[39m &amp#27;[90m1 ms - 14&amp#27;[39m
&amp#27;[35m[HTTP]&amp#27;[39m &amp#27;[90m&amp#27;[39m
&amp#27;[35m[HTTP]&amp#27;[39m &amp#27;[37m-->&amp#27;[39m &amp#27;[37mPOST&amp#27;[39m &amp#27;[37m/wd/hub/session/1900ec2c-416d-476d-9ebe-0795afa97fa8/appium/device/activate_app&amp#27;[39m
&amp#27;[35m[HTTP]&amp#27;[39m &amp#27;[90m{"bundleId":"io.selendroid.testapp"}&amp#27;[39m
[debug] &amp#27;[35m[AndroidUiautomator2Driver@08d9 (1900ec2c)]&amp#27;[39m Calling AppiumDriver.activateApp() with args: ["io.selendroid.testapp",null,null,null,"1900ec2c-416d-476d-9ebe-0795afa97fa8"]
[debug] &amp#27;[35m[AndroidUiautomator2Driver@08d9 (1900ec2c)]&amp#27;[39m Activating 'io.selendroid.testapp'
[debug] &amp#27;[35m[ADB]&amp#27;[39m Running '/Users/AshishSrivastava/Library/Android/sdk/platform-tools/adb -P 5037 -s emulator-5554 shell cmd package resolve-activity --brief io.selendroid.testapp'
[debug] &amp#27;[35m[ADB]&amp#27;[39m Running '/Users/AshishSrivastava/Library/Android/sdk/platform-tools/adb -P 5037 -s emulator-5554 shell am start-activity -a android.intent.action.MAIN -c android.intent.category.LAUNCHER -f 0x10200000 -n io.selendroid.testapp/.HomeScreenActivity'
[debug] &amp#27;[35m[AndroidUiautomator2Driver@08d9 (1900ec2c)]&amp#27;[39m Starting: Intent { act=android.intent.action.MAIN cat=[android.intent.category.LAUNCHER] flg=0x10200000 cmp=io.selendroid.testapp/.HomeScreenActivity }
[debug] &amp#27;[35m[AndroidUiautomator2Driver@08d9 (1900ec2c)]&amp#27;[39m Responding to client with driver.activateApp() result: null
&amp#27;[35m[HTTP]&amp#27;[39m &amp#27;[37m<-- POST /wd/hub/session/1900ec2c-416d-476d-9ebe-0795afa97fa8/appium/device/activate_app &amp#27;[39m&amp#27;[32m200&amp#27;[39m &amp#27;[90m111 ms - 14&amp#27;[39m
&amp#27;[35m[HTTP]&amp#27;[39m &amp#27;[90m&amp#27;[39m
&amp#27;[35m[HTTP]&amp#27;[39m &amp#27;[37m-->&amp#27;[39m &amp#27;[37mGET&amp#27;[39m &amp#27;[37m/wd/hub/session/1900ec2c-416d-476d-9ebe-0795afa97fa8/context&amp#27;[39m
&amp#27;[35m[HTTP]&amp#27;[39m &amp#27;[90m{}&amp#27;[39m
[debug] &amp#27;[35m[AndroidUiautomator2Driver@08d9 (1900ec2c)]&amp#27;[39m Calling AppiumDriver.getCurrentContext() with args: ["1900ec2c-416d-476d-9ebe-0795afa97fa8"]
[debug] &amp#27;[35m[AndroidUiautomator2Driver@08d9 (1900ec2c)]&amp#27;[39m Responding to client with driver.getCurrentContext() result: "NATIVE_APP"
&amp#27;[35m[HTTP]&amp#27;[39m &amp#27;[37m<-- GET /wd/hub/session/1900ec2c-416d-476d-9ebe-0795afa97fa8/context &amp#27;[39m&amp#27;[32m200&amp#27;[39m &amp#27;[90m1 ms - 22&amp#27;[39m
&amp#27;[35m[HTTP]&amp#27;[39m &amp#27;[90m&amp#27;[39m
&amp#27;[35m[HTTP]&amp#27;[39m &amp#27;[37m-->&amp#27;[39m &amp#27;[37mPOST&amp#27;[39m &amp#27;[37m/wd/hub/session/1900ec2c-416d-476d-9ebe-0795afa97fa8/element&amp#27;[39m
&amp#27;[35m[HTTP]&amp#27;[39m &amp#27;[90m{"using":"id","value":"exceptionTestField"}&amp#27;[39m
[debug] &amp#27;[35m[AndroidUiautomator2Driver@08d9 (1900ec2c)]&amp#27;[39m Calling AppiumDriver.findElement() with args: ["id","exceptionTestField","1900ec2c-416d-476d-9ebe-0795afa97fa8"]
[debug] &amp#27;[35m[AndroidUiautomator2Driver@08d9 (1900ec2c)]&amp#27;[39m Valid locator strategies for this request: xpath, id, class name, accessibility id, css selector, -android uiautomator
[debug] &amp#27;[35m[AndroidUiautomator2Driver@08d9 (1900ec2c)]&amp#27;[39m Waiting up to 5000 ms for condition
[debug] &amp#27;[35m[AndroidUiautomator2Driver@08d9 (1900ec2c)]&amp#27;[39m Matched '/element' to command name 'findElement'
[debug] &amp#27;[35m[AndroidUiautomator2Driver@08d9 (1900ec2c)]&amp#27;[39m Proxying [POST /element] to [POST http://127.0.0.1:8200/session/db22a7c0-2320-4369-8011-1dc9eb44d7d6/element] with body: {"strategy":"id","selector":"exceptionTestField","context":"","multiple":false}
[debug] &amp#27;[35m[AndroidUiautomator2Driver@08d9 (1900ec2c)]&amp#27;[39m Got response with status 200: {"sessionId":"db22a7c0-2320-4369-8011-1dc9eb44d7d6","value":{"ELEMENT":"00000000-0000-00a8-ffff-ffff00000018","element-6066-11e4-a52e-4f735466cecf":"00000000-0000-00a8-ffff-ffff00000018"}}
[debug] &amp#27;[35m[AndroidUiautomator2Driver@08d9 (1900ec2c)]&amp#27;[39m Responding to client with driver.findElement() result: {"element-6066-11e4-a52e-4f735466cecf":"00000000-0000-00a8-ffff-ffff00000018","ELEMENT":"00000000-0000-00a8-ffff-ffff00000018"}
&amp#27;[35m[HTTP]&amp#27;[39m &amp#27;[37m<-- POST /wd/hub/session/1900ec2c-416d-476d-9ebe-0795afa97fa8/element &amp#27;[39m&amp#27;[32m200&amp#27;[39m &amp#27;[90m54 ms - 137&amp#27;[39m
&amp#27;[35m[HTTP]&amp#27;[39m &amp#27;[90m&amp#27;[39m
&amp#27;[35m[HTTP]&amp#27;[39m &amp#27;[37m-->&amp#27;[39m &amp#27;[37mPOST&amp#27;[39m &amp#27;[37m/wd/hub/session/1900ec2c-416d-476d-9ebe-0795afa97fa8/element/00000000-0000-00a8-ffff-ffff00000018/value&amp#27;[39m
&amp#27;[35m[HTTP]&amp#27;[39m &amp#27;[90m{"id":"00000000-0000-00a8-ffff-ffff00000018","text":"Hey","value":["H","e","y"]}&amp#27;[39m
[debug] &amp#27;[35m[AndroidUiautomator2Driver@08d9 (1900ec2c)]&amp#27;[39m Calling AppiumDriver.setValue() with args: [["H","e","y"],"00000000-0000-00a8-ffff-ffff00000018","1900ec2c-416d-476d-9ebe-0795afa97fa8"]
[debug] &amp#27;[35m[AndroidUiautomator2Driver@08d9 (1900ec2c)]&amp#27;[39m Matched '/element/00000000-0000-00a8-ffff-ffff00000018/value' to command name 'setValue'
[debug] &amp#27;[35m[AndroidUiautomator2Driver@08d9 (1900ec2c)]&amp#27;[39m Added 'value' property ["H","e","y"] to 'setValue' request body
[debug] &amp#27;[35m[AndroidUiautomator2Driver@08d9 (1900ec2c)]&amp#27;[39m Proxying [POST /element/00000000-0000-00a8-ffff-ffff00000018/value] to [POST http://127.0.0.1:8200/session/db22a7c0-2320-4369-8011-1dc9eb44d7d6/element/00000000-0000-00a8-ffff-ffff00000018/value] with body: {"elementId":"00000000-0000-00a8-ffff-ffff00000018","text":"Hey","replace":false,"value":["H","e","y"]}
&amp#27;[35m[AndroidUiautomator2Driver@08d9 (1900ec2c)]&amp#27;[39m Got response with status 404: {"sessionId":"db22a7c0-2320-4369-8011-1dc9eb44d7d6","value":{"error":"stale element reference","message":"androidx.test.uiautomator.StaleObjectException","stacktrace":"io.appium.uiautomator2.common.exceptions.StaleElementReferenceException: androidx.test.uiautomator.StaleObjectException\n\tat io.appium.uiautomator2.handler.request.SafeRequestHandler.handle(SafeRequestHandler.java:63)\n\tat io.appium.uiautomator2.server.AppiumServlet.handleRequest(AppiumServlet.java:267)\n\tat io.appium.uiautomator2.server.AppiumServlet.handleHttpRequest(AppiumServlet.java:261)\n\tat io.appium.uiautomator2.http.ServerHandler.channelRead(ServerHandler.java:68)\n\tat io.netty.channel.AbstractChannelHandlerContext.invokeChannelRead(AbstractChannelHandlerContext.java:366)\n\tat io.netty.channel.AbstractChannelHandlerContext.invokeChannelRead(AbstractChannelHandlerContext.java:352)\n\tat io.netty.channel.AbstractChannelHandlerContext.fireChannelRead(AbstractChannelHandlerContext.java:345)\n\tat io.netty.handler.codec.MessageToMe...
[debug] &amp#27;[35m[W3C]&amp#27;[39m Matched W3C error code 'stale element reference' to StaleElementReferenceError
[debug] &amp#27;[35m[AndroidUiautomator2Driver@08d9 (1900ec2c)]&amp#27;[39m Encountered internal error running command: io.appium.uiautomator2.common.exceptions.StaleElementReferenceException: androidx.test.uiautomator.StaleObjectException
[debug] &amp#27;[35m[AndroidUiautomator2Driver@08d9 (1900ec2c)]&amp#27;[39m 	at io.appium.uiautomator2.handler.request.SafeRequestHandler.handle(SafeRequestHandler.java:63)
[debug] &amp#27;[35m[AndroidUiautomator2Driver@08d9 (1900ec2c)]&amp#27;[39m 	at io.appium.uiautomator2.server.AppiumServlet.handleRequest(AppiumServlet.java:267)
[debug] &amp#27;[35m[AndroidUiautomator2Driver@08d9 (1900ec2c)]&amp#27;[39m 	at io.appium.uiautomator2.server.AppiumServlet.handleHttpRequest(AppiumServlet.java:261)
[debug] &amp#27;[35m[AndroidUiautomator2Driver@08d9 (1900ec2c)]&amp#27;[39m 	at io.appium.uiautomator2.http.ServerHandler.channelRead(ServerHandler.java:68)
[debug] &amp#27;[35m[AndroidUiautomator2Driver@08d9 (1900ec2c)]&amp#27;[39m 	at io.netty.channel.AbstractChannelHandlerContext.invokeChannelRead(AbstractChannelHandlerContext.java:366)
[debug] &amp#27;[35m[AndroidUiautomator2Driver@08d9 (1900ec2c)]&amp#27;[39m 	at io.netty.channel.AbstractChannelHandlerContext.invokeChannelRead(AbstractChannelHandlerContext.java:352)
[debug] &amp#27;[35m[AndroidUiautomator2Driver@08d9 (1900ec2c)]&amp#27;[39m 	at io.netty.channel.AbstractChannelHandlerContext.fireChannelRead(AbstractChannelHandlerContext.java:345)
[debug] &amp#27;[35m[AndroidUiautomator2Driver@08d9 (1900ec2c)]&amp#27;[39m 	at io.netty.handler.codec.MessageToMessageDecoder.channelRead(MessageToMessageDecoder.java:102)
[debug] &amp#27;[35m[AndroidUiautomator2Driver@08d9 (1900ec2c)]&amp#27;[39m 	at io.netty.channel.AbstractChannelHandlerContext.invokeChannelRead(AbstractChannelHandlerContext.java:366)
[debug] &amp#27;[35m[AndroidUiautomator2Driver@08d9 (1900ec2c)]&amp#27;[39m 	at io.netty.channel.AbstractChannelHandlerContext.invokeChannelRead(AbstractChannelHandlerContext.java:352)
[debug] &amp#27;[35m[AndroidUiautomator2Driver@08d9 (1900ec2c)]&amp#27;[39m 	at io.netty.channel.AbstractChannelHandlerContext.fireChannelRead(AbstractChannelHandlerContext.java:345)
[debug] &amp#27;[35m[AndroidUiautomator2Driver@08d9 (1900ec2c)]&amp#27;[39m 	at io.netty.channel.CombinedChannelDuplexHandler$DelegatingChannelHandlerContext.fireChannelRead(CombinedChannelDuplexHandler.java:435)
[debug] &amp#27;[35m[AndroidUiautomator2Driver@08d9 (1900ec2c)]&amp#27;[39m 	at io.netty.handler.codec.ByteToMessageDecoder.fireChannelRead(ByteToMessageDecoder.java:293)
[debug] &amp#27;[35m[AndroidUiautomator2Driver@08d9 (1900ec2c)]&amp#27;[39m 	at io.netty.handler.codec.ByteToMessageDecoder.channelRead(ByteToMessageDecoder.java:267)
[debug] &amp#27;[35m[AndroidUiautomator2Driver@08d9 (1900ec2c)]&amp#27;[39m 	at io.netty.channel.CombinedChannelDuplexHandler.channelRead(CombinedChannelDuplexHandler.java:250)
[debug] &amp#27;[35m[AndroidUiautomator2Driver@08d9 (1900ec2c)]&amp#27;[39m 	at io.netty.channel.AbstractChannelHandlerContext.invokeChannelRead(AbstractChannelHandlerContext.java:366)
[debug] &amp#27;[35m[AndroidUiautomator2Driver@08d9 (1900ec2c)]&amp#27;[39m 	at io.netty.channel.AbstractChannelHandlerContext.invokeChannelRead(AbstractChannelHandlerContext.java:352)
[debug] &amp#27;[35m[AndroidUiautomator2Driver@08d9 (1900ec2c)]&amp#27;[39m 	at io.netty.channel.AbstractChannelHandlerContext.fireChannelRead(AbstractChannelHandlerContext.java:345)
[debug] &amp#27;[35m[AndroidUiautomator2Driver@08d9 (1900ec2c)]&amp#27;[39m 	at io.netty.handler.timeout.IdleStateHandler.channelRead(IdleStateHandler.java:266)
[debug] &amp#27;[35m[AndroidUiautomator2Driver@08d9 (1900ec2c)]&amp#27;[39m 	at io.netty.channel.AbstractChannelHandlerContext.invokeChannelRead(AbstractChannelHandlerContext.java:366)
[debug] &amp#27;[35m[AndroidUiautomator2Driver@08d9 (1900ec2c)]&amp#27;[39m 	at io.netty.channel.AbstractChannelHandlerContext.invokeChannelRead(AbstractChannelHandlerContext.java:352)
[debug] &amp#27;[35m[AndroidUiautomator2Driver@08d9 (1900ec2c)]&amp#27;[39m 	at io.netty.channel.AbstractChannelHandlerContext.fireChannelRead(AbstractChannelHandlerContext.java:345)
[debug] &amp#27;[35m[AndroidUiautomator2Driver@08d9 (1900ec2c)]&amp#27;[39m 	at io.netty.channel.DefaultChannelPipeline$HeadContext.channelRead(DefaultChannelPipeline.java:1294)
[debug] &amp#27;[35m[AndroidUiautomator2Driver@08d9 (1900ec2c)]&amp#27;[39m 	at io.netty.channel.AbstractChannelHandlerContext.invokeChannelRead(AbstractChannelHandlerContext.java:366)
[debug] &amp#27;[35m[AndroidUiautomator2Driver@08d9 (1900ec2c)]&amp#27;[39m 	at io.netty.channel.AbstractChannelHandlerContext.invokeChannelRead(AbstractChannelHandlerContext.java:352)
[debug] &amp#27;[35m[AndroidUiautomator2Driver@08d9 (1900ec2c)]&amp#27;[39m 	at io.netty.channel.DefaultChannelPipeline.fireChannelRead(DefaultChannelPipeline.java:911)
[debug] &amp#27;[35m[AndroidUiautomator2Driver@08d9 (1900ec2c)]&amp#27;[39m 	at io.netty.channel.nio.AbstractNioByteChannel$NioByteUnsafe.read(AbstractNioByteChannel.java:131)
[debug] &amp#27;[35m[AndroidUiautomator2Driver@08d9 (1900ec2c)]&amp#27;[39m 	at io.netty.channel.nio.NioEventLoop.processSelectedKey(NioEventLoop.java:611)
[debug] &amp#27;[35m[AndroidUiautomator2Driver@08d9 (1900ec2c)]&amp#27;[39m 	at io.netty.channel.nio.NioEventLoop.processSelectedKeysOptimized(NioEventLoop.java:552)
[debug] &amp#27;[35m[AndroidUiautomator2Driver@08d9 (1900ec2c)]&amp#27;[39m 	at io.netty.channel.nio.NioEventLoop.processSelectedKeys(NioEventLoop.java:466)
[debug] &amp#27;[35m[AndroidUiautomator2Driver@08d9 (1900ec2c)]&amp#27;[39m 	at io.netty.channel.nio.NioEventLoop.run(NioEventLoop.java:438)
[debug] &amp#27;[35m[AndroidUiautomator2Driver@08d9 (1900ec2c)]&amp#27;[39m 	at io.netty.util.concurrent.SingleThreadEventExecutor$2.run(SingleThreadEventExecutor.java:140)
[debug] &amp#27;[35m[AndroidUiautomator2Driver@08d9 (1900ec2c)]&amp#27;[39m 	at io.netty.util.concurrent.DefaultThreadFactory$DefaultRunnableDecorator.run(DefaultThreadFactory.java:144)
[debug] &amp#27;[35m[AndroidUiautomator2Driver@08d9 (1900ec2c)]&amp#27;[39m 	at java.lang.Thread.run(Thread.java:923)
[debug] &amp#27;[35m[AndroidUiautomator2Driver@08d9 (1900ec2c)]&amp#27;[39m Caused by: androidx.test.uiautomator.StaleObjectException
[debug] &amp#27;[35m[AndroidUiautomator2Driver@08d9 (1900ec2c)]&amp#27;[39m 	at androidx.test.uiautoma02:11:27.225 [main] ERROR util.ElementUtil - Unable to Type Value [Hey] in Type to throw exception
tor.UiObject2.getAccessibilityNodeInfo(UiObject2.java:647)
[debug] &amp#27;[35m[AndroidUiautomator2Driver@08d9 (1900ec2c)]&amp#27;[39m 	at androidx.test.uiautomator.UiObject2.hashCode(UiObject2.java:105)
[debug] &amp#27;[35m[AndroidUiautomator2Driver@08d9 (1900ec2c)]&amp#27;[39m 	at java.lang.Object.toString(Object.java:291)
[debug] &amp#27;[35m[AndroidUiautomator2Driver@08d9 (1900ec2c)]&amp#27;[39m 	at java.util.Formatter$FormatSpecifier.printString(Formatter.java:2978)
[debug] &amp#27;[35m[AndroidUiautomator2Driver@08d9 (1900ec2c)]&amp#27;[39m 	at java.util.Formatter$FormatSpecifier.print(Formatter.java:2855)
[debug] &amp#27;[35m[AndroidUiautomator2Driver@08d9 (1900ec2c)]&amp#27;[39m 	at java.util.Formatter.format(Formatter.java:2524)
[debug] &amp#27;[35m[AndroidUiautomator2Driver@08d9 (1900ec2c)]&amp#27;[39m 	at java.util.Formatter.format(Formatter.java:2459)
[debug] &amp#27;[35m[AndroidUiautomator2Driver@08d9 (1900ec2c)]&amp#27;[39m 	at java.lang.String.format(String.java:2870)
[debug] &amp#27;[35m[AndroidUiautomator2Driver@08d9 (1900ec2c)]&amp#27;[39m 	at io.appium.uiautomator2.utils.ReflectionUtils.invoke(ReflectionUtils.java:85)
[debug] &amp#27;[35m[AndroidUiautomator2Driver@08d9 (1900ec2c)]&amp#27;[39m 	at io.appium.uiautomator2.core.AxNodeInfoExtractor.extractAxNodeInfo(AxNodeInfoExtractor.java:58)
[debug] &amp#27;[35m[AndroidUiautomator2Driver@08d9 (1900ec2c)]&amp#27;[39m 	at io.appium.uiautomator2.core.AxNodeInfoExtractor.toAxNodeInfo(AxNodeInfoExtractor.java:48)
[debug] &amp#27;[35m[AndroidUiautomator2Driver@08d9 (1900ec2c)]&amp#27;[39m 	at io.appium.uiautomator2.utils.ElementHelpers.getText(ElementHelpers.java:153)
[debug] &amp#27;[35m[AndroidUiautomator2Driver@08d9 (1900ec2c)]&amp#27;[39m 	at io.appium.uiautomator2.utils.ElementHelpers.getText(ElementHelpers.java:135)
[debug] &amp#27;[35m[AndroidUiautomator2Driver@08d9 (1900ec2c)]&amp#27;[39m 	at io.appium.uiautomator2.model.BaseElement.getText(BaseElement.java:151)
[debug] &amp#27;[35m[AndroidUiautomator2Driver@08d9 (1900ec2c)]&amp#27;[39m 	at io.appium.uiautomator2.handler.SendKeysToElement.setText(SendKeysToElement.java:77)
[debug] &amp#27;[35m[AndroidUiautomator2Driver@08d9 (1900ec2c)]&amp#27;[39m 	at io.appium.uiautomator2.handler.SendKeysToElement.safeHandle(SendKeysToElement.java:115)
[debug] &amp#27;[35m[AndroidUiautomator2Driver@08d9 (1900ec2c)]&amp#27;[39m 	at io.appium.uiautomator2.handler.request.SafeRequestHandler.handle(SafeRequestHandler.java:59)
[debug] &amp#27;[35m[AndroidUiautomator2Driver@08d9 (1900ec2c)]&amp#27;[39m 	... 33 more
[debug] &amp#27;[35m[AndroidUiautomator2Driver@08d9 (1900ec2c)]&amp#27;[39m 
&amp#27;[35m[HTTP]&amp#27;[39m &amp#27;[37m<-- POST /wd/hub/session/1900ec2c-416d-476d-9ebe-0795afa97fa8/element/00000000-0000-00a8-ffff-ffff00000018/value &amp#27;[39m&amp#27;[33m404&amp#27;[39m &amp#27;[90m5069 ms - 5034&amp#27;[39m
&amp#27;[35m[HTTP]&amp#27;[39m &amp#27;[90m&amp#27;[39m
&amp#27;[35m[HTTP]&amp#27;[39m &amp#27;[37m-->&amp#27;[39m &amp#27;[37mGET&amp#27;[39m &amp#27;[37m/wd/hub/session/1900ec2c-416d-476d-9ebe-0795afa97fa8/context&amp#27;[39m
&amp#27;[35m[HTTP]&amp#27;[39m &amp#27;[90m{}&amp#27;[39m
[debug] &amp#27;[35m[AndroidUiautomator2Driver@08d9 (1900ec2c)]&amp#27;[39m Calling AppiumDriver.getCurrentContext() with args: ["1900ec2c-416d-476d-9ebe-0795afa97fa8"]
[debug] &amp#27;[35m[AndroidUiautomator2Driver@08d9 (1900ec2c)]&amp#27;[39m Responding to client with driver.getCurrentContext() result: "NATIVE_APP"
&amp#27;[35m[HTTP]&amp#27;[39m &amp#27;[37m<-- GET /wd/hub/session/1900ec2c-416d-476d-9ebe-0795afa97fa8/context &amp#27;[39m&amp#27;[32m200&amp#27;[39m &amp#27;[90m1 ms - 22&amp#27;[39m
&amp#27;[35m[HTTP]&amp#27;[39m &amp#27;[90m&amp#27;[39m
&amp#27;[35m[HTTP]&amp#27;[39m &amp#27;[37m-->&amp#27;[39m &amp#27;[37mPOST&amp#27;[39m &amp#27;[37m/wd/hub/session/1900ec2c-416d-476d-9ebe-0795afa97fa8/element&amp#27;[39m
&amp#27;[35m[HTTP]&amp#27;[39m &amp#27;[90m{"using":"id","value":"android:id/alertTitle"}&amp#27;[39m
[debug] &amp#27;[35m[AndroidUiautomator2Driver@08d9 (1900ec2c)]&amp#27;[39m Calling AppiumDriver.findElement() with args: ["id","android:id/alertTitle","1900ec2c-416d-476d-9ebe-0795afa97fa8"]
[debug] &amp#27;[35m[AndroidUiautomator2Driver@08d9 (1900ec2c)]&amp#27;[39m Valid locator strategies for this request: xpath, id, class name, accessibility id, css selector, -android uiautomator
[debug] &amp#27;[35m[AndroidUiautomator2Driver@08d9 (1900ec2c)]&amp#27;[39m Waiting up to 5000 ms for condition
[debug] &amp#27;[35m[AndroidUiautomator2Driver@08d9 (1900ec2c)]&amp#27;[39m Matched '/element' to command name 'findElement'
[debug] &amp#27;[35m[AndroidUiautomator2Driver@08d9 (1900ec2c)]&amp#27;[39m Proxying [POST /element] to [POST http://127.0.0.1:8200/session/db22a7c0-2320-4369-8011-1dc9eb44d7d6/element] with body: {"strategy":"id","selector":"android:id/alertTitle","context":"","multiple":false}
[debug] &amp#27;[35m[AndroidUiautomator2Driver@08d9 (1900ec2c)]&amp#27;[39m Got response with status 200: {"sessionId":"db22a7c0-2320-4369-8011-1dc9eb44d7d6","value":{"ELEMENT":"00000000-0000-00a9-ffff-ffff000001c7","element-6066-11e4-a52e-4f735466cecf":"00000000-0000-00a9-ffff-ffff000001c7"}}
[debug] &amp#27;[35m[AndroidUiautomator2Driver@08d9 (1900ec2c)]&amp#27;[39m Responding to client with driver.findElement() result: {"element-6066-11e4-a52e-4f735466cecf":"00000000-0000-00a9-ffff-ffff000001c7","ELEMENT":"00000000-0000-00a9-ffff-ffff000001c7"}
&amp#27;[35m[HTTP]&amp#27;[39m &amp#27;[37m<-- POST /wd/hub/session/1900ec2c-416d-476d-9ebe-0795afa97fa8/element &amp#27;[39m&amp#27;[32m200&amp#27;[39m &amp#27;[90m61 ms - 137&amp#27;[39m
&amp#27;[35m[HTTP]&amp#27;[39m &amp#27;[90m&amp#27;[39m
&amp#27;[35m[HTTP]&amp#27;[39m &amp#27;[37m-->&amp#27;[39m &amp#27;[37mGET&amp#27;[39m &amp#27;[37m/wd/hub/session/1900ec2c-416d-476d-9ebe-0795afa97fa8/element/00000000-0000-00a9-ffff-ffff000001c7/displayed&amp#27;[39m
&amp#27;[35m[HTTP]&amp#27;[39m &amp#27;[90m{}&amp#27;[39m
[debug] &amp#27;[35m[AndroidUiautomator2Driver@08d9 (1900ec2c)]&amp#27;[39m Calling AppiumDriver.elementDisplayed() with args: ["00000000-0000-00a9-ffff-ffff000001c7","1900ec2c-416d-476d-9ebe-0795afa97fa8"]
[debug] &amp#27;[35m[AndroidUiautomator2Driver@08d9 (1900ec2c)]&amp#27;[39m Matched '/element/00000000-0000-00a9-ffff-ffff000001c7/attribute/displayed' to command name 'getAttribute'
[debug] &amp#27;[35m[AndroidUiautomator2Driver@08d9 (1900ec2c)]&amp#27;[39m Proxying [GET /element/00000000-0000-00a9-ffff-ffff000001c7/attribute/displayed] to [GET http://127.0.0.1:8200/session/db22a7c0-2320-4369-8011-1dc9eb44d7d6/element/00000000-0000-00a9-ffff-ffff000001c7/attribute/displayed] with no body
[debug] &amp#27;[35m[AndroidUiautomator2Driver@08d9 (1900ec2c)]&amp#27;[39m Got response with status 200: {"sessionId":"db22a7c0-2320-4369-8011-1dc9eb44d7d6","value":"true"}
[debug] &amp#27;[35m[AndroidUiautomator2Driver@08d9 (1900ec2c)]&amp#27;[39m Responding to client with driver.elementDisplayed() result: true
&amp#27;[35m[HTTP]&amp#27;[39m &amp#27;[37m<-- GET /wd/hub/session/1900ec2c-416d-476d-9ebe-0795afa97fa8/element/00000000-0000-00a9-ffff-ffff000001c7/displayed &amp#27;[39m&amp#27;[32m200&amp#27;[39m &amp#27;[90m13 ms - 14&amp#27;[39m
&amp#27;[35m[HTTP]&amp#27;[39m &amp#27;[90m&amp#27;[39m
&amp#27;[35m[HTTP]&amp#27;[39m &amp#27;[37m-->&amp#27;[39m &amp#27;[37mPOST&amp#27;[39m &amp#27;[37m/wd/hub/session/1900ec2c-416d-476d-9ebe-0795afa97fa8/timeouts&amp#27;[39m
&amp#27;[35m[HTTP]&amp#27;[39m &amp#27;[90m{"implicit":5000}&amp#27;[39m
[debug] &amp#27;[35m[AndroidUiautomator2Driver@08d9 (1900ec2c)]&amp#27;[39m Calling AppiumDriver.timeouts() with args: [null,null,null,null,5000,"1900ec2c-416d-476d-9ebe-0795afa97fa8"]
[debug] &amp#27;[35m[AndroidUiautomator2Driver@08d9 (1900ec2c)]&amp#27;[39m W3C timeout argument: {"implicit":5000}}
[debug] &amp#27;[35m[AndroidUiautomator2Driver@08d9 (1900ec2c)]&amp#27;[39m Set implicit wait to 5000ms
[debug] &amp#27;[35m[AndroidUiautomator2Driver@08d9 (1900ec2c)]&amp#27;[39m Responding to client with driver.timeouts() result: null
&amp#27;[35m[HTTP]&amp#27;[39m &amp#27;[37m<-- POST /wd/hub/session/1900ec2c-416d-476d-9ebe-0795afa97fa8/timeouts &amp#27;[39m&amp#27;[32m200&amp#27;[39m &amp#27;[90m1 ms - 14&amp#27;[39m
&amp#27;[35m[HTTP]&amp#27;[39m &amp#27;[90m&amp#27;[39m
&amp#27;[35m[HTTP]&amp#27;[39m &amp#27;[37m-->&amp#27;[39m &amp#27;[37mGET&amp#27;[39m &amp#27;[37m/wd/hub/session/1900ec2c-416d-476d-9ebe-0795afa97fa8/context&amp#27;[39m
&amp#27;[35m[HTTP]&amp#27;[39m &amp#27;[90m{}&amp#27;[39m
[debug] &amp#27;[35m[AndroidUiautomator2Driver@08d9 (1900ec2c)]&amp#27;[39m Calling AppiumDriver.getCurrentContext() with args: ["1900ec2c-416d-476d-9ebe-0795afa97fa8"]
[debug] &amp#27;[35m[AndroidUiautomator2Driver@08d9 (1900ec2c)]&amp#27;[39m Responding to client with driver.getCurrentContext() result: "NATIVE_APP"
&amp#27;[35m[HTTP]&amp#27;[39m &amp#27;[37m<-- GET /wd/hub/session/1900ec2c-416d-476d-9ebe-0795afa97fa8/context &amp#27;[39m&amp#27;[32m200&amp#27;[39m &amp#27;[90m1 ms - 22&amp#27;[39m
&amp#27;[35m[HTTP]&amp#27;[39m &amp#27;[90m&amp#27;[39m
&amp#27;[35m[HTTP]&amp#27;[39m &amp#27;[37m-->&amp#27;[39m &amp#27;[37mPOST&amp#27;[39m &amp#27;[37m/wd/hub/session/1900ec2c-416d-476d-9ebe-0795afa97fa8/element&amp#27;[39m
&amp#27;[35m[HTTP]&amp#27;[39m &amp#27;[90m{"using":"id","value":"android:id/alertTitle"}&amp#27;[39m
[debug] &amp#27;[35m[AndroidUiautomator2Driver@08d9 (1900ec2c)]&amp#27;[39m Calling AppiumDriver.findElement() with args: ["id","android:id/alertTitle","1900ec2c-416d-476d-9ebe-0795afa97fa8"]
[debug] &amp#27;[35m[AndroidUiautomator2Driver@08d9 (1900ec2c)]&amp#27;[39m Valid locator strategies for this request: xpath, id, class name, accessibility id, css selector, -android uiautomator
[debug] &amp#27;[35m[AndroidUiautomator2Driver@08d9 (1900ec2c)]&amp#27;[39m Waiting up to 5000 ms for condition
[debug] &amp#27;[35m[AndroidUiautomator2Driver@08d9 (1900ec2c)]&amp#27;[39m Matched '/element' to command name 'findElement'
[debug] &amp#27;[35m[AndroidUiautomator2Driver@08d9 (1900ec2c)]&amp#27;[39m Proxying [POST /element] to [POST http://127.0.0.1:8200/session/db22a7c0-2320-4369-8011-1dc9eb44d7d6/element] with body: {"strategy":"id","selector":"android:id/alertTitle","context":"","multiple":false}
[debug] &amp#27;[35m[AndroidUiautomator2Driver@08d9 (1900ec2c)]&amp#27;[39m Got response with status 200: {"sessionId":"db22a7c0-2320-4369-8011-1dc9eb44d7d6","value":{"ELEMENT":"00000000-0000-00a9-ffff-ffff000001c7","element-6066-11e4-a52e-4f735466cecf":"00000000-0000-00a9-ffff-ffff000001c7"}}
[debug] &amp#27;[35m[AndroidUiautomator2Driver@08d9 (1900ec2c)]&amp#27;[39m Responding to client with driver.findElement() result: {"element-6066-11e4-a52e-4f735466cecf":"00000000-0000-00a9-ffff-ffff000001c7","ELEMENT":"00000000-0000-00a9-ffff-ffff000001c7"}
&amp#27;[35m[HTTP]&amp#27;[39m &amp#27;[37m<-- POST /wd/hub/session/1900ec2c-416d-476d-9ebe-0795afa97fa8/element &amp#27;[39m&amp#27;[32m200&amp#27;[39m &amp#27;[90m13 ms - 137&amp#27;[39m
&amp#27;[35m[HTTP]&amp#27;[39m &amp#27;[90m&amp#27;[39m
&amp#27;[35m[HTTP]&amp#27;[39m &amp#27;[37m-->&amp#27;[39m &amp#27;[37mGET&amp#27;[39m &amp#27;[37m/wd/hub/session/1900ec2c-416d-476d-9ebe-0795afa97fa8/element/00000000-0000-00a9-ffff-ffff000001c7/text&amp#27;[39m
&amp#27;[35m[HTTP]&amp#27;[39m &amp#27;[90m{}&amp#27;[39m
&amp#27;[35m[AndroidUiautomator2Driver@08d9 (1900ec2c)]&amp#27;[39m Driver proxy active, passing request on via HTTP proxy
[debug] &amp#27;[35m[AndroidUiautomator2Driver@08d9 (1900ec2c)]&amp#27;[39m Matched '/wd/hub/session/1900ec2c-416d-476d-9ebe-0795afa97fa8/element/00000000-0000-00a9-ffff-ffff000001c7/text' to command name 'getText'
[debug] &amp#27;[35m[AndroidUiautomator2Driver@08d9 (1900ec2c)]&amp#27;[39m Proxying [GET /wd/hub/session/1900ec2c-416d-476d-9ebe-0795afa97fa8/element/00000000-0000-00a9-ffff-ffff000001c7/text] to [GET http://127.0.0.1:8200/session/db22a7c0-2320-4369-8011-1dc9eb44d7d6/element/00000000-0000-00a9-ffff-ffff000001c7/text] with no body
[debug] &amp#27;[35m[AndroidUiautomator2Driver@08d9 (1900ec2c)]&amp#27;[39m Got response with status 200: {"sessionId":"db22a7c0-2320-4369-8011-1dc9eb44d7d6","value":"selendroid-test-app keeps stopping"}
&amp#27;[35m[AndroidUiautomator2Driver@08d9 (1900ec2c)]&amp#27;[39m Replacing sessionId db22a7c0-2320-4369-8011-1dc9eb44d7d6 with 1900ec2c-416d-476d-9ebe-0795afa97fa8
&amp#27;[35m[HTTP]&amp#27;[39m &amp#27;[37m<-- GET /wd/hub/session/1900ec2c-416d-476d-9ebe-0795afa97fa8/element/00000000-0000-00a9-ffff-ffff000001c7/text &amp#27;[39m&amp#27;[32m200&amp#27;[39m &amp#27;[90m13 ms - 97&amp#27;[39m
&amp#27;[35m[HTTP]&amp#27;[39m &amp#27;[90m&amp#27;[39m
&amp#27;[35m[HTTP]&amp#27;[39m &amp#27;[37m-->&amp#27;[39m &amp#27;[37mGET&amp#27;[39m &amp#27;[37m/wd/hub/session/1900ec2c-416d-476d-9ebe-0795afa97fa8/context&amp#27;[39m
&amp#27;[35m[HTTP]&amp#27;[39m &amp#27;[90m{}&amp#27;[39m
[debug] &amp#27;[35m[AndroidUiautomator2Driver@08d9 (1900ec2c)]&amp#27;[39m Calling AppiumDriver.getCurrentContext() with args: ["1900ec2c-416d-476d-9ebe-0795afa97fa8"]
[debug] &amp#27;[35m[AndroidUiautomator2Driver@08d9 (1900ec2c)]&amp#27;[39m Responding to client with driver.getCurrentContext() result: "NATIVE_APP"
&amp#27;[35m[HTTP]&amp#27;[39m &amp#27;[37m<-- GET /wd/hub/session/1900ec2c-416d-476d-9ebe-0795afa97fa8/context &amp#27;[39m&amp#27;[32m200&amp#27;[39m &amp#27;[90m1 ms - 22&amp#27;[39m
&amp#27;[35m[HTTP]&amp#27;[39m &amp#27;[90m&amp#27;[39m
&amp#27;[35m[HTTP]&amp#27;[39m &amp#27;[37m-->&amp#27;[39m &amp#27;[37mPOST&amp#27;[39m &amp#27;[37m/wd/hub/session/1900ec2c-416d-476d-9ebe-0795afa97fa8/element&amp#27;[39m
&amp#27;[35m[HTTP]&amp#27;[39m &amp#27;[90m{"using":"xpath","value":"//android.widget.Button[@text='Close app']"}&amp#27;[39m
[debug] &amp#27;[35m[AndroidUiautomator2Driver@08d9 (1900ec2c)]&amp#27;[39m Calling AppiumDriver.findElement() with args: ["xpath","//android.widget.Button[@text='Close app']","1900ec2c-416d-476d-9ebe-0795afa97fa8"]
[debug] &amp#27;[35m[AndroidUiautomator2Driver@08d9 (1900ec2c)]&amp#27;[39m Valid locator strategies for this request: xpath, id, class name, accessibility id, css selector, -android uiautomator
[debug] &amp#27;[35m[AndroidUiautomator2Driver@08d9 (1900ec2c)]&amp#27;[39m Waiting up to 5000 ms for condition
[debug] &amp#27;[35m[AndroidUiautomator2Driver@08d9 (1900ec2c)]&amp#27;[39m Matched '/element' to command name 'findElement'
[debug] &amp#27;[35m[AndroidUiautomator2Driver@08d9 (1900ec2c)]&amp#27;[39m Proxying [POST /element] to [POST http://127.0.0.1:8200/session/db22a7c0-2320-4369-8011-1dc9eb44d7d6/element] with body: {"strategy":"xpath","selector":"//android.widget.Button[@text='Close app']","context":"","multiple":false}
[debug] &amp#27;[35m[AndroidUiautomator2Driver@08d9 (1900ec2c)]&amp#27;[39m Got response with status 200: {"sessionId":"db22a7c0-2320-4369-8011-1dc9eb44d7d6","value":{"ELEMENT":"00000000-0000-00a9-ffff-ffff000001d4","element-6066-11e4-a52e-4f735466cecf":"00000000-0000-00a9-ffff-ffff000001d4"}}
[debug] &amp#27;[35m[AndroidUiautomator2Driver@08d9 (1900ec2c)]&amp#27;[39m Responding to client with driver.findElement() result: {"element-6066-11e4-a52e-4f735466cecf":"00000000-0000-00a9-ffff-ffff000001d4","ELEMENT":"00000000-0000-00a9-ffff-ffff000001d4"}
&amp#27;[35m[HTTP]&amp#27;[39m &amp#27;[37m<-- POST /wd/hub/session/1900ec2c-416d-476d-9ebe-0795afa97fa8/element &amp#27;[39m&amp#27;[32m200&amp#27;[39m &amp#27;[90m33 ms - 137&amp#27;[39m
&amp#27;[35m[HTTP]&amp#27;[39m &amp#27;[90m&amp#27;[39m
&amp#27;[35m[HTTP]&amp#27;[39m &amp#27;[37m-->&amp#27;[39m &amp#27;[37mPOST&amp#27;[39m &amp#27;[37m/wd/hub/session/1900ec2c-416d-476d-9ebe-0795afa97fa8/element/00000000-0000-00a9-ffff-ffff000001d4/click&amp#27;[39m
&amp#27;[35m[HTTP]&amp#27;[39m &amp#27;[90m{"id":"00000000-0000-00a9-ffff-ffff000001d4"}&amp#27;[39m
[debug] &amp#27;[35m[AndroidUiautomator2Driver@08d9 (1900ec2c)]&amp#27;[39m Calling AppiumDriver.click() with args: ["00000000-0000-00a9-ffff-ffff000001d4","1900ec2c-416d-476d-9ebe-0795afa97fa8"]
[debug] &amp#27;[35m[AndroidUiautomator2Driver@08d9 (1900ec2c)]&amp#27;[39m Matched '/element/00000000-0000-00a9-ffff-ffff000001d4/click' to command name 'click'
[debug] &amp#27;[35m[AndroidUiautomator2Driver@08d9 (1900ec2c)]&amp#27;[39m Proxying [POST /element/00000000-0000-00a9-ffff-ffff000001d4/click] to [POST http://127.0.0.1:8200/session/db22a7c0-2320-4369-8011-1dc9eb44d7d6/element/00000000-0000-00a9-ffff-ffff000001d4/click] with body: {"element":"00000000-0000-00a9-ffff-ffff000001d4"}
[debug] &amp#27;[35m[AndroidUiautomator2Driver@08d9 (1900ec2c)]&amp#27;[39m Got response with status 200: {"sessionId":"db22a7c0-2320-4369-8011-1dc9eb44d7d6","value":null}
[debug] &amp#27;[35m[AndroidUiautomator2Driver@08d9 (1900ec2c)]&amp#27;[39m Responding to client with driver.click() result: null
&amp#27;[35m[HTTP]&amp#27;[39m &amp#27;[37m<-- POST /wd/hub/session/1900ec2c-416d-476d-9ebe-0795afa97fa8/element/00000000-0000-00a9-ffff-ffff000001d4/click &amp#27;[39m&amp#27;[32m200&amp#27;[39m &amp#27;[90m49 ms - 14&amp#27;[39m
&amp#27;[35m[HTTP]&amp#27;[39m &amp#27;[90m&amp#27;[39m
&amp#27;[35m[HTTP]&amp#27;[39m &amp#27;[37m-->&amp#27;[39m &amp#27;[37mPOST&amp#27;[39m &amp#27;[37m/wd/hub/session/1900ec2c-416d-476d-9ebe-0795afa97fa8/appium/device/activate_app&amp#27;[39m
&amp#27;[35m[HTTP]&amp#27;[39m &amp#27;[90m{"bundleId":"io.selendroid.testapp"}&amp#27;[39m
[debug] &amp#27;[35m[AndroidUiautomator2Driver@08d9 (1900ec2c)]&amp#27;[39m Calling AppiumDriver.activateApp() with args: ["io.selendroid.testapp",null,null,null,"1900ec2c-416d-476d-9ebe-0795afa97fa8"]
[debug] &amp#27;[35m[AndroidUiautomator2Driver@08d9 (1900ec2c)]&amp#27;[39m Activating 'io.selendroid.testapp'
[debug] &amp#27;[35m[ADB]&amp#27;[39m Running '/Users/AshishSrivastava/Library/Android/sdk/platform-tools/adb -P 5037 -s emulator-5554 shell cmd package resolve-activity --brief io.selendroid.testapp'
[debug] &amp#27;[35m[ADB]&amp#27;[39m Running '/Users/AshishSrivastava/Library/Android/sdk/platform-tools/adb -P 5037 -s emulator-5554 shell am start-activity -a android.intent.action.MAIN -c android.intent.category.LAUNCHER -f 0x10200000 -n io.selendroid.testapp/.HomeScreenActivity'
[debug] &amp#27;[35m[AndroidUiautomator2Driver@08d9 (1900ec2c)]&amp#27;[39m Starting: Intent { act=android.intent.action.MAIN cat=[android.intent.category.LAUNCHER] flg=0x10200000 cmp=io.selendroid.testapp/.HomeScreenActivity }
[debug] &amp#27;[35m[AndroidUiautomator2Driver@08d9 (1900ec2c)]&amp#27;[39m Responding to client with driver.activateApp() result: null
&amp#27;[35m[HTTP]&amp#27;[39m &amp#27;[37m<-- POST /wd/hub/session/1900ec2c-416d-476d-9ebe-0795afa97fa8/appium/device/activate_app &amp#27;[39m&amp#27;[32m200&amp#27;[39m &amp#27;[90m110 ms - 14&amp#27;[39m
&amp#27;[35m[HTTP]&amp#27;[39m &amp#27;[90m&amp#27;[39m
]]></system-out>
  </testcase>
  <testcase name="verifyAndFillWebViewPage" classname="com.sample.testScript.Scripts" time="6.092">
    <system-out><![CDATA[&amp#27;[35m[HTTP]&amp#27;[39m &amp#27;[37m-->&amp#27;[39m &amp#27;[37mGET&amp#27;[39m &amp#27;[37m/wd/hub/session/1900ec2c-416d-476d-9ebe-0795afa97fa8/context&amp#27;[39m
&amp#27;[35m[HTTP]&amp#27;[39m &amp#27;[90m{}&amp#27;[39m
[debug] &amp#27;[35m[AndroidUiautomator2Driver@08d9 (1900ec2c)]&amp#27;[39m Calling AppiumDriver.getCurrentContext() with args: ["1900ec2c-416d-476d-9ebe-0795afa97fa8"]
[debug] &amp#27;[35m[AndroidUiautomator2Driver@08d9 (1900ec2c)]&amp#27;[39m Responding to client with driver.getCurrentContext() result: "NATIVE_APP"
&amp#27;[35m[HTTP]&amp#27;[39m &amp#27;[37m<-- GET /wd/hub/session/1900ec2c-416d-476d-9ebe-0795afa97fa8/context &amp#27;[39m&amp#27;[32m200&amp#27;[39m &amp#27;[90m1 ms - 22&amp#27;[39m
&amp#27;[35m[HTTP]&amp#27;[39m &amp#27;[90m&amp#27;[39m
&amp#27;[35m[HTTP]&amp#27;[39m &amp#27;[37m-->&amp#27;[39m &amp#27;[37mPOST&amp#27;[39m &amp#27;[37m/wd/hub/session/1900ec2c-416d-476d-9ebe-0795afa97fa8/element&amp#27;[39m
&amp#27;[35m[HTTP]&amp#27;[39m &amp#27;[90m{"using":"id","value":"buttonStartWebview"}&amp#27;[39m
[debug] &amp#27;[35m[AndroidUiautomator2Driver@08d9 (1900ec2c)]&amp#27;[39m Calling AppiumDriver.findElement() with args: ["id","buttonStartWebview","1900ec2c-416d-476d-9ebe-0795afa97fa8"]
[debug] &amp#27;[35m[AndroidUiautomator2Driver@08d9 (1900ec2c)]&amp#27;[39m Valid locator strategies for this request: xpath, id, class name, accessibility id, css selector, -android uiautomator
[debug] &amp#27;[35m[AndroidUiautomator2Driver@08d9 (1900ec2c)]&amp#27;[39m Waiting up to 5000 ms for condition
[debug] &amp#27;[35m[AndroidUiautomator2Driver@08d9 (1900ec2c)]&amp#27;[39m Matched '/element' to command name 'findElement'
[debug] &amp#27;[35m[AndroidUiautomator2Driver@08d9 (1900ec2c)]&amp#27;[39m Proxying [POST /element] to [POST http://127.0.0.1:8200/session/db22a7c0-2320-4369-8011-1dc9eb44d7d6/element] with body: {"strategy":"id","selector":"buttonStartWebview","context":"","multiple":false}
[debug] &amp#27;[35m[AndroidUiautomator2Driver@08d9 (1900ec2c)]&amp#27;[39m Got response with status 200: {"sessionId":"db22a7c0-2320-4369-8011-1dc9eb44d7d6","value":{"ELEMENT":"00000000-0000-00ab-ffff-ffff0000000b","element-6066-11e4-a52e-4f735466cecf":"00000000-0000-00ab-ffff-ffff0000000b"}}
[debug] &amp#27;[35m[AndroidUiautomator2Driver@08d9 (1900ec2c)]&amp#27;[39m Responding to client with driver.findElement() result: {"element-6066-11e4-a52e-4f735466cecf":"00000000-0000-00ab-ffff-ffff0000000b","ELEMENT":"00000000-0000-00ab-ffff-ffff0000000b"}
&amp#27;[35m[HTTP]&amp#27;[39m &amp#27;[37m<-- POST /wd/hub/session/1900ec2c-416d-476d-9ebe-0795afa97fa8/element &amp#27;[39m&amp#27;[32m200&amp#27;[39m &amp#27;[90m55 ms - 137&amp#27;[39m
&amp#27;[35m[HTTP]&amp#27;[39m &amp#27;[90m&amp#27;[39m
&amp#27;[35m[HTTP]&amp#27;[39m &amp#27;[37m-->&amp#27;[39m &amp#27;[37mPOST&amp#27;[39m &amp#27;[37m/wd/hub/session/1900ec2c-416d-476d-9ebe-0795afa97fa8/element/00000000-0000-00ab-ffff-ffff0000000b/click&amp#27;[39m
&amp#27;[35m[HTTP]&amp#27;[39m &amp#27;[90m{"id":"00000000-0000-00ab-ffff-ffff0000000b"}&amp#27;[39m
[debug] &amp#27;[35m[AndroidUiautomator2Driver@08d9 (1900ec2c)]&amp#27;[39m Calling AppiumDriver.click() with args: ["00000000-0000-00ab-ffff-ffff0000000b","1900ec2c-416d-476d-9ebe-0795afa97fa8"]
[debug] &amp#27;[35m[AndroidUiautomator2Driver@08d9 (1900ec2c)]&amp#27;[39m Matched '/element/00000000-0000-00ab-ffff-ffff0000000b/click' to command name 'click'
[debug] &amp#27;[35m[AndroidUiautomator2Driver@08d9 (1900ec2c)]&amp#27;[39m Proxying [POST /element/00000000-0000-00ab-ffff-ffff0000000b/click] to [POST http://127.0.0.1:8200/session/db22a7c0-2320-4369-8011-1dc9eb44d7d6/element/00000000-0000-00ab-ffff-ffff0000000b/click] with body: {"element":"00000000-0000-00ab-ffff-ffff0000000b"}
[debug] &amp#27;[35m[AndroidUiautomator2Driver@08d9 (1900ec2c)]&amp#27;[39m Got response with status 200: {"sessionId":"db22a7c0-2320-4369-8011-1dc9eb44d7d6","value":null}
[debug] &amp#27;[35m[AndroidUiautomator2Driver@08d9 (1900ec2c)]&amp#27;[39m Responding to client with driver.click() result: null
&amp#27;[35m[HTTP]&amp#27;[39m &amp#27;[37m<-- POST /wd/hub/session/1900ec2c-416d-476d-9ebe-0795afa97fa8/element/00000000-0000-00ab-ffff-ffff0000000b/click &amp#27;[39m&amp#27;[32m200&amp#27;[39m &amp#27;[90m49 ms - 14&amp#27;[39m
&amp#27;[35m[HTTP]&amp#27;[39m &amp#27;[90m&amp#27;[39m
&amp#27;[35m[HTTP]&amp#27;[39m &amp#27;[37m-->&amp#27;[39m &amp#27;[37mGET&amp#27;[39m &amp#27;[37m/wd/hub/session/1900ec2c-416d-476d-9ebe-0795afa97fa8/context&amp#27;[39m
&amp#27;[35m[HTTP]&amp#27;[39m &amp#27;[90m{}&amp#27;[39m
[debug] &amp#27;[35m[AndroidUiautomator2Driver@08d9 (1900ec2c)]&amp#27;[39m Calling AppiumDriver.getCurrentContext() with args: ["1900ec2c-416d-476d-9ebe-0795afa97fa8"]
[debug] &amp#27;[35m[AndroidUiautomator2Driver@08d9 (1900ec2c)]&amp#27;[39m Responding to client with driver.getCurrentContext() result: "NATIVE_APP"
&amp#27;[35m[HTTP]&amp#27;[39m &amp#27;[37m<-- GET /wd/hub/session/1900ec2c-416d-476d-9ebe-0795afa97fa8/context &amp#27;[39m&amp#27;[32m200&amp#27;[39m &amp#27;[90m1 ms - 22&amp#27;[39m
&amp#27;[35m[HTTP]&amp#27;[39m &amp#27;[90m&amp#27;[39m
&amp#27;[35m[HTTP]&amp#27;[39m &amp#27;[37m-->&amp#27;[39m &amp#27;[37mPOST&amp#27;[39m &amp#27;[37m/wd/hub/session/1900ec2c-416d-476d-9ebe-0795afa97fa8/element&amp#27;[39m
&amp#27;[35m[HTTP]&amp#27;[39m &amp#27;[90m{"using":"id","value":"tableHeader"}&amp#27;[39m
[debug] &amp#27;[35m[AndroidUiautomator2Driver@08d9 (1900ec2c)]&amp#27;[39m Calling AppiumDriver.findElement() with args: ["id","tableHeader","1900ec2c-416d-476d-9ebe-0795afa97fa8"]
[debug] &amp#27;[35m[AndroidUiautomator2Driver@08d9 (1900ec2c)]&amp#27;[39m Valid locator strategies for this request: xpath, id, class name, accessibility id, css selector, -android uiautomator
[debug] &amp#27;[35m[AndroidUiautomator2Driver@08d9 (1900ec2c)]&amp#27;[39m Waiting up to 5000 ms for condition
[debug] &amp#27;[35m[AndroidUiautomator2Driver@08d9 (1900ec2c)]&amp#27;[39m Matched '/element' to command name 'findElement'
[debug] &amp#27;[35m[AndroidUiautomator2Driver@08d9 (1900ec2c)]&amp#27;[39m Proxying [POST /element] to [POST http://127.0.0.1:8200/session/db22a7c0-2320-4369-8011-1dc9eb44d7d6/element] with body: {"strategy":"id","selector":"tableHeader","context":"","multiple":false}
&amp#27;[35m[AndroidUiautomator2Driver@08d9 (1900ec2c)]&amp#27;[39m Got response with status 404: {"sessionId":"db22a7c0-2320-4369-8011-1dc9eb44d7d6","value":{"error":"no such element","message":"An element could not be located on the page using the given search parameters","stacktrace":"io.appium.uiautomator2.common.exceptions.ElementNotFoundException: An element could not be located on the page using the given search parameters\n\tat io.appium.uiautomator2.handler.FindElement.safeHandle(FindElement.java:70)\n\tat io.appium.uiautomator2.handler.request.SafeRequestHandler.handle(SafeRequestHandler.java:59)\n\tat io.appium.uiautomator2.server.AppiumServlet.handleRequest(AppiumServlet.java:267)\n\tat io.appium.uiautomator2.server.AppiumServlet.handleHttpRequest(AppiumServlet.java:261)\n\tat io.appium.uiautomator2.http.ServerHandler.channelRead(ServerHandler.java:68)\n\tat io.netty.channel.AbstractChannelHandlerContext.invokeChannelRead(AbstractChannelHandlerContext.java:366)\n\tat io.netty.channel.AbstractChannelHandlerContext.invokeChannelRead(AbstractChannelHandlerContext.java:352)\n\tat io.netty.chann...
[debug] &amp#27;[35m[W3C]&amp#27;[39m Matched W3C error code 'no such element' to NoSuchElementError
[debug] &amp#27;[35m[AndroidUiautomator2Driver@08d9 (1900ec2c)]&amp#27;[39m Waited for 102 ms so far
[debug] &amp#27;[35m[AndroidUiautomator2Driver@08d9 (1900ec2c)]&amp#27;[39m Matched '/element' to command name 'findElement'
[debug] &amp#27;[35m[AndroidUiautomator2Driver@08d9 (1900ec2c)]&amp#27;[39m Proxying [POST /element] to [POST http://127.0.0.1:8200/session/db22a7c0-2320-4369-8011-1dc9eb44d7d6/element] with body: {"strategy":"id","selector":"tableHeader","context":"","multiple":false}
&amp#27;[35m[AndroidUiautomator2Driver@08d9 (1900ec2c)]&amp#27;[39m Got response with status 404: {"sessionId":"db22a7c0-2320-4369-8011-1dc9eb44d7d6","value":{"error":"no such element","message":"An element could not be located on the page using the given search parameters","stacktrace":"io.appium.uiautomator2.common.exceptions.ElementNotFoundException: An element could not be located on the page using the given search parameters\n\tat io.appium.uiautomator2.handler.FindElement.safeHandle(FindElement.java:70)\n\tat io.appium.uiautomator2.handler.request.SafeRequestHandler.handle(SafeRequestHandler.java:59)\n\tat io.appium.uiautomator2.server.AppiumServlet.handleRequest(AppiumServlet.java:267)\n\tat io.appium.uiautomator2.server.AppiumServlet.handleHttpRequest(AppiumServlet.java:261)\n\tat io.appium.uiautomator2.http.ServerHandler.channelRead(ServerHandler.java:68)\n\tat io.netty.channel.AbstractChannelHandlerContext.invokeChannelRead(AbstractChannelHandlerContext.java:366)\n\tat io.netty.channel.AbstractChannelHandlerContext.invokeChannelRead(AbstractChannelHandlerContext.java:352)\n\tat io.netty.chann...
[debug] &amp#27;[35m[W3C]&amp#27;[39m Matched W3C error code 'no such element' to NoSuchElementError
[debug] &amp#27;[35m[AndroidUiautomator2Driver@08d9 (1900ec2c)]&amp#27;[39m Waited for 842 ms so far
[debug] &amp#27;[35m[AndroidUiautomator2Driver@08d9 (1900ec2c)]&amp#27;[39m Matched '/element' to command name 'findElement'
[debug] &amp#27;[35m[AndroidUiautomator2Driver@08d9 (1900ec2c)]&amp#27;[39m Proxying [POST /element] to [POST http://127.0.0.1:8200/session/db22a7c0-2320-4369-8011-1dc9eb44d7d6/element] with body: {"strategy":"id","selector":"tableHeader","context":"","multiple":false}
[debug] &amp#27;[35m[AndroidUiautomator2Driver@08d9 (1900ec2c)]&amp#27;[39m Got response with status 200: {"sessionId":"db22a7c0-2320-4369-8011-1dc9eb44d7d6","value":{"ELEMENT":"00000000-0000-00ac-ffff-ffff00000025","element-6066-11e4-a52e-4f735466cecf":"00000000-0000-00ac-ffff-ffff00000025"}}
[debug] &amp#27;[35m[AndroidUiautomator2Driver@08d9 (1900ec2c)]&amp#27;[39m Responding to client with driver.findElement() result: {"element-6066-11e4-a52e-4f735466cecf":"00000000-0000-00ac-ffff-ffff00000025","ELEMENT":"00000000-0000-00ac-ffff-ffff00000025"}
&amp#27;[35m[HTTP]&amp#27;[39m &amp#27;[37m<-- POST /wd/hub/session/1900ec2c-416d-476d-9ebe-0795afa97fa8/element &amp#27;[39m&amp#27;[32m200&amp#27;[39m &amp#27;[90m2700 ms - 137&amp#27;[39m
&amp#27;[35m[HTTP]&amp#27;[39m &amp#27;[90m&amp#27;[39m
&amp#27;[35m[HTTP]&amp#27;[39m &amp#27;[37m-->&amp#27;[39m &amp#27;[37mGET&amp#27;[39m &amp#27;[37m/wd/hub/session/1900ec2c-416d-476d-9ebe-0795afa97fa8/element/00000000-0000-00ac-ffff-ffff00000025/displayed&amp#27;[39m
&amp#27;[35m[HTTP]&amp#27;[39m &amp#27;[90m{}&amp#27;[39m
[debug] &amp#27;[35m[AndroidUiautomator2Driver@08d9 (1900ec2c)]&amp#27;[39m Calling AppiumDriver.elementDisplayed() with args: ["00000000-0000-00ac-ffff-ffff00000025","1900ec2c-416d-476d-9ebe-0795afa97fa8"]
[debug] &amp#27;[35m[AndroidUiautomator2Driver@08d9 (1900ec2c)]&amp#27;[39m Matched '/element/00000000-0000-00ac-ffff-ffff00000025/attribute/displayed' to command name 'getAttribute'
[debug] &amp#27;[35m[AndroidUiautomator2Driver@08d9 (1900ec2c)]&amp#27;[39m Proxying [GET /element/00000000-0000-00ac-ffff-ffff00000025/attribute/displayed] to [GET http://127.0.0.1:8200/session/db22a7c0-2320-4369-8011-1dc9eb44d7d6/element/00000000-0000-00ac-ffff-ffff00000025/attribute/displayed] with no body
[debug] &amp#27;[35m[AndroidUiautomator2Driver@08d9 (1900ec2c)]&amp#27;[39m Got response with status 200: {"sessionId":"db22a7c0-2320-4369-8011-1dc9eb44d7d6","value":"true"}
[debug] &amp#27;[35m[AndroidUiautomator2Driver@08d9 (1900ec2c)]&amp#27;[39m Responding to client with driver.elementDisplayed() result: true
&amp#27;[35m[HTTP]&amp#27;[39m &amp#27;[37m<-- GET /wd/hub/session/1900ec2c-416d-476d-9ebe-0795afa97fa8/element/00000000-0000-00ac-ffff-ffff00000025/displayed &amp#27;[39m&amp#27;[32m200&amp#27;[39m &amp#27;[90m11 ms - 14&amp#27;[39m
&amp#27;[35m[HTTP]&amp#27;[39m &amp#27;[90m&amp#27;[39m
&amp#27;[35m[HTTP]&amp#27;[39m &amp#27;[37m-->&amp#27;[39m &amp#27;[37mPOST&amp#27;[39m &amp#27;[37m/wd/hub/session/1900ec2c-416d-476d-9ebe-0795afa97fa8/timeouts&amp#27;[39m
&amp#27;[35m[HTTP]&amp#27;[39m &amp#27;[90m{"implicit":5000}&amp#27;[39m
[debug] &amp#27;[35m[AndroidUiautomator2Driver@08d9 (1900ec2c)]&amp#27;[39m Calling AppiumDriver.timeouts() with args: [null,null,null,null,5000,"1900ec2c-416d-476d-9ebe-0795afa97fa8"]
[debug] &amp#27;[35m[AndroidUiautomator2Driver@08d9 (1900ec2c)]&amp#27;[39m W3C timeout argument: {"implicit":5000}}
[debug] &amp#27;[35m[AndroidUiautomator2Driver@08d9 (1900ec2c)]&amp#27;[39m Set implicit wait to 5000ms
[debug] &amp#27;[35m[AndroidUiautomator2Driver@08d9 (1900ec2c)]&amp#27;[39m Responding to client with driver.timeouts() result: null
&amp#27;[35m[HTTP]&amp#27;[39m &amp#27;[37m<-- POST /wd/hub/session/1900ec2c-416d-476d-9ebe-0795afa97fa8/timeouts &amp#27;[39m&amp#27;[32m200&amp#27;[39m &amp#27;[90m1 ms - 14&amp#27;[39m
&amp#27;[35m[HTTP]&amp#27;[39m &amp#27;[90m&amp#27;[39m
&amp#27;[35m[HTTP]&amp#27;[39m &amp#27;[37m-->&amp#27;[39m &amp#27;[37mGET&amp#27;[39m &amp#27;[37m/wd/hub/session/1900ec2c-416d-476d-9ebe-0795afa97fa8/context&amp#27;[39m
&amp#27;[35m[HTTP]&amp#27;[39m &amp#27;[90m{}&amp#27;[39m
[debug] &amp#27;[35m[AndroidUiautomator2Driver@08d9 (1900ec2c)]&amp#27;[39m Calling AppiumDriver.getCurrentContext() with args: ["1900ec2c-416d-476d-9ebe-0795afa97fa8"]
[debug] &amp#27;[35m[AndroidUiautomator2Driver@08d9 (1900ec2c)]&amp#27;[39m Responding to client with driver.getCurrentContext() result: "NATIVE_APP"
&amp#27;[35m[HTTP]&amp#27;[39m &amp#27;[37m<-- GET /wd/hub/session/1900ec2c-416d-476d-9ebe-0795afa97fa8/context &amp#27;[39m&amp#27;[32m200&amp#27;[39m &amp#27;[90m1 ms - 22&amp#27;[39m
&amp#27;[35m[HTTP]&amp#27;[39m &amp#27;[90m&amp#27;[39m
&amp#27;[35m[HTTP]&amp#27;[39m &amp#27;[37m-->&amp#27;[39m &amp#27;[37mPOST&amp#27;[39m &amp#27;[37m/wd/hub/session/1900ec2c-416d-476d-9ebe-0795afa97fa8/element&amp#27;[39m
&amp#27;[35m[HTTP]&amp#27;[39m &amp#27;[90m{"using":"id","value":"webviewLocation"}&amp#27;[39m
[debug] &amp#27;[35m[AndroidUiautomator2Driver@08d9 (1900ec2c)]&amp#27;[39m Calling AppiumDriver.findElement() with args: ["id","webviewLocation","1900ec2c-416d-476d-9ebe-0795afa97fa8"]
[debug] &amp#27;[35m[AndroidUiautomator2Driver@08d9 (1900ec2c)]&amp#27;[39m Valid locator strategies for this request: xpath, id, class name, accessibility id, css selector, -android uiautomator
[debug] &amp#27;[35m[AndroidUiautomator2Driver@08d9 (1900ec2c)]&amp#27;[39m Waiting up to 5000 ms for condition
[debug] &amp#27;[35m[AndroidUiautomator2Driver@08d9 (1900ec2c)]&amp#27;[39m Matched '/element' to command name 'findElement'
[debug] &amp#27;[35m[AndroidUiautomator2Driver@08d9 (1900ec2c)]&amp#27;[39m Proxying [POST /element] to [POST http://127.0.0.1:8200/session/db22a7c0-2320-4369-8011-1dc9eb44d7d6/element] with body: {"strategy":"id","selector":"webviewLocation","context":"","multiple":false}
[debug] &amp#27;[35m[AndroidUiautomator2Driver@08d9 (1900ec2c)]&amp#27;[39m Got response with status 200: {"sessionId":"db22a7c0-2320-4369-8011-1dc9eb44d7d6","value":{"ELEMENT":"00000000-0000-00ac-ffff-ffff00000028","element-6066-11e4-a52e-4f735466cecf":"00000000-0000-00ac-ffff-ffff00000028"}}
[debug] &amp#27;[35m[AndroidUiautomator2Driver@08d9 (1900ec2c)]&amp#27;[39m Responding to client with driver.findElement() result: {"element-6066-11e4-a52e-4f735466cecf":"00000000-0000-00ac-ffff-ffff00000028","ELEMENT":"00000000-0000-00ac-ffff-ffff00000028"}
&amp#27;[35m[HTTP]&amp#27;[39m &amp#27;[37m<-- POST /wd/hub/session/1900ec2c-416d-476d-9ebe-0795afa97fa8/element &amp#27;[39m&amp#27;[32m200&amp#27;[39m &amp#27;[90m27 ms - 137&amp#27;[39m
&amp#27;[35m[HTTP]&amp#27;[39m &amp#27;[90m&amp#27;[39m
&amp#27;[35m[HTTP]&amp#27;[39m &amp#27;[37m-->&amp#27;[39m &amp#27;[37mGET&amp#27;[39m &amp#27;[37m/wd/hub/session/1900ec2c-416d-476d-9ebe-0795afa97fa8/element/00000000-0000-00ac-ffff-ffff00000028/displayed&amp#27;[39m
&amp#27;[35m[HTTP]&amp#27;[39m &amp#27;[90m{}&amp#27;[39m
[debug] &amp#27;[35m[AndroidUiautomator2Driver@08d9 (1900ec2c)]&amp#27;[39m Calling AppiumDriver.elementDisplayed() with args: ["00000000-0000-00ac-ffff-ffff00000028","1900ec2c-416d-476d-9ebe-0795afa97fa8"]
[debug] &amp#27;[35m[AndroidUiautomator2Driver@08d9 (1900ec2c)]&amp#27;[39m Matched '/element/00000000-0000-00ac-ffff-ffff00000028/attribute/displayed' to command name 'getAttribute'
[debug] &amp#27;[35m[AndroidUiautomator2Driver@08d9 (1900ec2c)]&amp#27;[39m Proxying [GET /element/00000000-0000-00ac-ffff-ffff00000028/attribute/displayed] to [GET http://127.0.0.1:8200/session/db22a7c0-2320-4369-8011-1dc9eb44d7d6/element/00000000-0000-00ac-ffff-ffff00000028/attribute/displayed] with no body
[debug] &amp#27;[35m[AndroidUiautomator2Driver@08d9 (1900ec2c)]&amp#27;[39m Got response with status 200: {"sessionId":"db22a7c0-2320-4369-8011-1dc9eb44d7d6","value":"true"}
[debug] &amp#27;[35m[AndroidUiautomator2Driver@08d9 (1900ec2c)]&amp#27;[39m Responding to client with driver.elementDisplayed() result: true
&amp#27;[35m[HTTP]&amp#27;[39m &amp#27;[37m<-- GET /wd/hub/session/1900ec2c-416d-476d-9ebe-0795afa97fa8/element/00000000-0000-00ac-ffff-ffff00000028/displayed &amp#27;[39m&amp#27;[32m200&amp#27;[39m &amp#27;[90m12 ms - 14&amp#27;[39m
&amp#27;[35m[HTTP]&amp#27;[39m &amp#27;[90m&amp#27;[39m
&amp#27;[35m[HTTP]&amp#27;[39m &amp#27;[37m-->&amp#27;[39m &amp#27;[37mPOST&amp#27;[39m &amp#27;[37m/wd/hub/session/1900ec2c-416d-476d-9ebe-0795afa97fa8/timeouts&amp#27;[39m
&amp#27;[35m[HTTP]&amp#27;[39m &amp#27;[90m{"implicit":5000}&amp#27;[39m
[debug] &amp#27;[35m[AndroidUiautomator2Driver@08d9 (1900ec2c)]&amp#27;[39m Calling AppiumDriver.timeouts() with args: [null,null,null,null,5000,"1900ec2c-416d-476d-9ebe-0795afa97fa8"]
[debug] &amp#27;[35m[AndroidUiautomator2Driver@08d9 (1900ec2c)]&amp#27;[39m W3C timeout argument: {"implicit":5000}}
[debug] &amp#27;[35m[AndroidUiautomator2Driver@08d9 (1900ec2c)]&amp#27;[39m Set implicit wait to 5000ms
[debug] &amp#27;[35m[AndroidUiautomator2Driver@08d9 (1900ec2c)]&amp#27;[39m Responding to client with driver.timeouts() result: null
&amp#27;[35m[HTTP]&amp#27;[39m &amp#27;[37m<-- POST /wd/hub/session/1900ec2c-416d-476d-9ebe-0795afa97fa8/timeouts &amp#27;[39m&amp#27;[32m200&amp#27;[39m &amp#27;[90m1 ms - 14&amp#27;[39m
&amp#27;[35m[HTTP]&amp#27;[39m &amp#27;[90m&amp#27;[39m
&amp#27;[35m[HTTP]&amp#27;[39m &amp#27;[37m-->&amp#27;[39m &amp#27;[37mGET&amp#27;[39m &amp#27;[37m/wd/hub/session/1900ec2c-416d-476d-9ebe-0795afa97fa8/context&amp#27;[39m
&amp#27;[35m[HTTP]&amp#27;[39m &amp#27;[90m{}&amp#27;[39m
[debug] &amp#27;[35m[AndroidUiautomator2Driver@08d9 (1900ec2c)]&amp#27;[39m Calling AppiumDriver.getCurrentContext() with args: ["1900ec2c-416d-476d-9ebe-0795afa97fa8"]
[debug] &amp#27;[35m[AndroidUiautomator2Driver@08d9 (1900ec2c)]&amp#27;[39m Responding to client with driver.getCurrentContext() result: "NATIVE_APP"
&amp#27;[35m[HTTP]&amp#27;[39m &amp#27;[37m<-- GET /wd/hub/session/1900ec2c-416d-476d-9ebe-0795afa97fa8/context &amp#27;[39m&amp#27;[32m200&amp#27;[39m &amp#27;[90m1 ms - 22&amp#27;[39m
&amp#27;[35m[HTTP]&amp#27;[39m &amp#27;[90m&amp#27;[39m
&amp#27;[35m[HTTP]&amp#27;[39m &amp#27;[37m-->&amp#27;[39m &amp#27;[37mPOST&amp#27;[39m &amp#27;[37m/wd/hub/session/1900ec2c-416d-476d-9ebe-0795afa97fa8/element&amp#27;[39m
&amp#27;[35m[HTTP]&amp#27;[39m &amp#27;[90m{"using":"xpath","value":"//android.webkit.WebView/android.widget.TextView"}&amp#27;[39m
[debug] &amp#27;[35m[AndroidUiautomator2Driver@08d9 (1900ec2c)]&amp#27;[39m Calling AppiumDriver.findElement() with args: ["xpath","//android.webkit.WebView/android.widget.TextView","1900ec2c-416d-476d-9ebe-0795afa97fa8"]
[debug] &amp#27;[35m[AndroidUiautomator2Driver@08d9 (1900ec2c)]&amp#27;[39m Valid locator strategies for this request: xpath, id, class name, accessibility id, css selector, -android uiautomator
[debug] &amp#27;[35m[AndroidUiautomator2Driver@08d9 (1900ec2c)]&amp#27;[39m Waiting up to 5000 ms for condition
[debug] &amp#27;[35m[AndroidUiautomator2Driver@08d9 (1900ec2c)]&amp#27;[39m Matched '/element' to command name 'findElement'
[debug] &amp#27;[35m[AndroidUiautomator2Driver@08d9 (1900ec2c)]&amp#27;[39m Proxying [POST /element] to [POST http://127.0.0.1:8200/session/db22a7c0-2320-4369-8011-1dc9eb44d7d6/element] with body: {"strategy":"xpath","selector":"//android.webkit.WebView/android.widget.TextView","context":"","multiple":false}
[debug] &amp#27;[35m[AndroidUiautomator2Driver@08d9 (1900ec2c)]&amp#27;[39m Got response with status 200: {"sessionId":"db22a7c0-2320-4369-8011-1dc9eb44d7d6","value":{"ELEMENT":"00000000-0000-00ac-0000-00050000002d","element-6066-11e4-a52e-4f735466cecf":"00000000-0000-00ac-0000-00050000002d"}}
[debug] &amp#27;[35m[AndroidUiautomator2Driver@08d9 (1900ec2c)]&amp#27;[39m Responding to client with driver.findElement() result: {"element-6066-11e4-a52e-4f735466cecf":"00000000-0000-00ac-0000-00050000002d","ELEMENT":"00000000-0000-00ac-0000-00050000002d"}
&amp#27;[35m[HTTP]&amp#27;[39m &amp#27;[37m<-- POST /wd/hub/session/1900ec2c-416d-476d-9ebe-0795afa97fa8/element &amp#27;[39m&amp#27;[32m200&amp#27;[39m &amp#27;[90m50 ms - 137&amp#27;[39m
&amp#27;[35m[HTTP]&amp#27;[39m &amp#27;[90m&amp#27;[39m
&amp#27;[35m[HTTP]&amp#27;[39m &amp#27;[37m-->&amp#27;[39m &amp#27;[37mGET&amp#27;[39m &amp#27;[37m/wd/hub/session/1900ec2c-416d-476d-9ebe-0795afa97fa8/element/00000000-0000-00ac-0000-00050000002d/text&amp#27;[39m
&amp#27;[35m[HTTP]&amp#27;[39m &amp#27;[90m{}&amp#27;[39m
&amp#27;[35m[AndroidUiautomator2Driver@08d9 (1900ec2c)]&amp#27;[39m Driver proxy active, passing request on via HTTP proxy
[debug] &amp#27;[35m[AndroidUiautomator2Driver@08d9 (1900ec2c)]&amp#27;[39m Matched '/wd/hub/session/1900ec2c-416d-476d-9ebe-0795afa97fa8/element/00000000-0000-00ac-0000-00050000002d/text' to command name 'getText'
[debug] &amp#27;[35m[AndroidUiautomator2Driver@08d9 (1900ec2c)]&amp#27;[39m Proxying [GET /wd/hub/session/1900ec2c-416d-476d-9ebe-0795afa97fa8/element/00000000-0000-00ac-0000-00050000002d/text] to [GET http://127.0.0.1:8200/session/db22a7c0-2320-4369-8011-1dc9eb44d7d6/element/00000000-0000-00ac-0000-00050000002d/text] with no body
[debug] &amp#27;[35m[AndroidUiautomator2Driver@08d9 (1900ec2c)]&amp#27;[39m Got response with status 200: {"sessionId":"db22a7c0-2320-4369-8011-1dc9eb44d7d6","value":"Hello, can you please tell me your name?"}
&amp#27;[35m[AndroidUiautomator2Driver@08d9 (1900ec2c)]&amp#27;[39m Replacing sessionId db22a7c0-2320-4369-8011-1dc9eb44d7d6 with 1900ec2c-416d-476d-9ebe-0795afa97fa8
&amp#27;[35m[HTTP]&amp#27;[39m &amp#27;[37m<-- GET /wd/hub/session/1900ec2c-416d-476d-9ebe-0795afa97fa8/element/00000000-0000-00ac-0000-00050000002d/text &amp#27;[39m&amp#27;[32m200&amp#27;[39m &amp#27;[90m12 ms - 103&amp#27;[39m
&amp#27;[35m[HTTP]&amp#27;[39m &amp#27;[90m&amp#27;[39m
&amp#27;[35m[HTTP]&amp#27;[39m &amp#27;[37m-->&amp#27;[39m &amp#27;[37mGET&amp#27;[39m &amp#27;[37m/wd/hub/session/1900ec2c-416d-476d-9ebe-0795afa97fa8/context&amp#27;[39m
&amp#27;[35m[HTTP]&amp#27;[39m &amp#27;[90m{}&amp#27;[39m
[debug] &amp#27;[35m[AndroidUiautomator2Driver@08d9 (1900ec2c)]&amp#27;[39m Calling AppiumDriver.getCurrentContext() with args: ["1900ec2c-416d-476d-9ebe-0795afa97fa8"]
[debug] &amp#27;[35m[AndroidUiautomator2Driver@08d9 (1900ec2c)]&amp#27;[39m Responding to client with driver.getCurrentContext() result: "NATIVE_APP"
&amp#27;[35m[HTTP]&amp#27;[39m &amp#27;[37m<-- GET /wd/hub/session/1900ec2c-416d-476d-9ebe-0795afa97fa8/context &amp#27;[39m&amp#27;[32m200&amp#27;[39m &amp#27;[90m1 ms - 22&amp#27;[39m
&amp#27;[35m[HTTP]&amp#27;[39m &amp#27;[90m&amp#27;[39m
&amp#27;[35m[HTTP]&amp#27;[39m &amp#27;[37m-->&amp#27;[39m &amp#27;[37mPOST&amp#27;[39m &amp#27;[37m/wd/hub/session/1900ec2c-416d-476d-9ebe-0795afa97fa8/element&amp#27;[39m
&amp#27;[35m[HTTP]&amp#27;[39m &amp#27;[90m{"using":"xpath","value":"//android.widget.EditText[@resource-id='name_input']"}&amp#27;[39m
[debug] &amp#27;[35m[AndroidUiautomator2Driver@08d9 (1900ec2c)]&amp#27;[39m Calling AppiumDriver.findElement() with args: ["xpath","//android.widget.EditText[@resource-id='name_input']","1900ec2c-416d-476d-9ebe-0795afa97fa8"]
[debug] &amp#27;[35m[AndroidUiautomator2Driver@08d9 (1900ec2c)]&amp#27;[39m Valid locator strategies for this request: xpath, id, class name, accessibility id, css selector, -android uiautomator
[debug] &amp#27;[35m[AndroidUiautomator2Driver@08d9 (1900ec2c)]&amp#27;[39m Waiting up to 5000 ms for condition
[debug] &amp#27;[35m[AndroidUiautomator2Driver@08d9 (1900ec2c)]&amp#27;[39m Matched '/element' to command name 'findElement'
[debug] &amp#27;[35m[AndroidUiautomator2Driver@08d9 (1900ec2c)]&amp#27;[39m Proxying [POST /element] to [POST http://127.0.0.1:8200/session/db22a7c0-2320-4369-8011-1dc9eb44d7d6/element] with body: {"strategy":"xpath","selector":"//android.widget.EditText[@resource-id='name_input']","context":"","multiple":false}
[debug] &amp#27;[35m[AndroidUiautomator2Driver@08d9 (1900ec2c)]&amp#27;[39m Got response with status 200: {"sessionId":"db22a7c0-2320-4369-8011-1dc9eb44d7d6","value":{"ELEMENT":"00000000-0000-00ac-0000-000a0000002d","element-6066-11e4-a52e-4f735466cecf":"00000000-0000-00ac-0000-000a0000002d"}}
[debug] &amp#27;[35m[AndroidUiautomator2Driver@08d9 (1900ec2c)]&amp#27;[39m Responding to client with driver.findElement() result: {"element-6066-11e4-a52e-4f735466cecf":"00000000-0000-00ac-0000-000a0000002d","ELEMENT":"00000000-0000-00ac-0000-000a0000002d"}
&amp#27;[35m[HTTP]&amp#27;[39m &amp#27;[37m<-- POST /wd/hub/session/1900ec2c-416d-476d-9ebe-0795afa97fa8/element &amp#27;[39m&amp#27;[32m200&amp#27;[39m &amp#27;[90m47 ms - 137&amp#27;[39m
&amp#27;[35m[HTTP]&amp#27;[39m &amp#27;[90m&amp#27;[39m
&amp#27;[35m[HTTP]&amp#27;[39m &amp#27;[37m-->&amp#27;[39m &amp#27;[37mPOST&amp#27;[39m &amp#27;[37m/wd/hub/session/1900ec2c-416d-476d-9ebe-0795afa97fa8/element/00000000-0000-00ac-0000-000a0000002d/clear&amp#27;[39m
&amp#27;[35m[HTTP]&amp#27;[39m &amp#27;[90m{"id":"00000000-0000-00ac-0000-000a0000002d"}&amp#27;[39m
[debug] &amp#27;[35m[AndroidUiautomator2Driver@08d9 (1900ec2c)]&amp#27;[39m Calling AppiumDriver.clear() with args: ["00000000-0000-00ac-0000-000a0000002d","1900ec2c-416d-476d-9ebe-0795afa97fa8"]
[debug] &amp#27;[35m[AndroidUiautomator2Driver@08d9 (1900ec2c)]&amp#27;[39m Matched '/element/00000000-0000-00ac-0000-000a0000002d/clear' to command name 'clear'
[debug] &amp#27;[35m[AndroidUiautomator2Driver@08d9 (1900ec2c)]&amp#27;[39m Proxying [POST /element/00000000-0000-00ac-0000-000a0000002d/clear] to [POST http://127.0.0.1:8200/session/db22a7c0-2320-4369-8011-1dc9eb44d7d6/element/00000000-0000-00ac-0000-000a0000002d/clear] with body: {"elementId":"00000000-0000-00ac-0000-000a0000002d"}
[debug] &amp#27;[35m[AndroidUiautomator2Driver@08d9 (1900ec2c)]&amp#27;[39m Got response with status 200: {"sessionId":"db22a7c0-2320-4369-8011-1dc9eb44d7d6","value":null}
[debug] &amp#27;[35m[AndroidUiautomator2Driver@08d9 (1900ec2c)]&amp#27;[39m Responding to client with driver.clear() result: null
&amp#27;[35m[HTTP]&amp#27;[39m &amp#27;[37m<-- POST /wd/hub/session/1900ec2c-416d-476d-9ebe-0795afa97fa8/element/00000000-0000-00ac-0000-000a0000002d/clear &amp#27;[39m&amp#27;[32m200&amp#27;[39m &amp#27;[90m17 ms - 14&amp#27;[39m
&amp#27;[35m[HTTP]&amp#27;[39m &amp#27;[90m&amp#27;[39m
&amp#27;[35m[HTTP]&amp#27;[39m &amp#27;[37m-->&amp#27;[39m &amp#27;[37mGET&amp#27;[39m &amp#27;[37m/wd/hub/session/1900ec2c-416d-476d-9ebe-0795afa97fa8/context&amp#27;[39m
&amp#27;[35m[HTTP]&amp#27;[39m &amp#27;[90m{}&amp#27;[39m
[debug] &amp#27;[35m[AndroidUiautomator2Driver@08d9 (1900ec2c)]&amp#27;[39m Calling AppiumDriver.getCurrentContext() with args: ["1900ec2c-416d-476d-9ebe-0795afa97fa8"]
[debug] &amp#27;[35m[AndroidUiautomator2Driver@08d9 (1900ec2c)]&amp#27;[39m Responding to client with driver.getCurrentContext() result: "NATIVE_APP"
&amp#27;[35m[HTTP]&amp#27;[39m &amp#27;[37m<-- GET /wd/hub/session/1900ec2c-416d-476d-9ebe-0795afa97fa8/context &amp#27;[39m&amp#27;[32m200&amp#27;[39m &amp#27;[90m1 ms - 22&amp#27;[39m
&amp#27;[35m[HTTP]&amp#27;[39m &amp#27;[90m&amp#27;[39m
&amp#27;[35m[HTTP]&amp#27;[39m &amp#27;[37m-->&amp#27;[39m &amp#27;[37mPOST&amp#27;[39m &amp#27;[37m/wd/hub/session/1900ec2c-416d-476d-9ebe-0795afa97fa8/element&amp#27;[39m
&amp#27;[35m[HTTP]&amp#27;[39m &amp#27;[90m{"using":"xpath","value":"//android.widget.EditText[@resource-id='name_input']"}&amp#27;[39m
[debug] &amp#27;[35m[AndroidUiautomator2Driver@08d9 (1900ec2c)]&amp#27;[39m Calling AppiumDriver.findElement() with args: ["xpath","//android.widget.EditText[@resource-id='name_input']","1900ec2c-416d-476d-9ebe-0795afa97fa8"]
[debug] &amp#27;[35m[AndroidUiautomator2Driver@08d9 (1900ec2c)]&amp#27;[39m Valid locator strategies for this request: xpath, id, class name, accessibility id, css selector, -android uiautomator
[debug] &amp#27;[35m[AndroidUiautomator2Driver@08d9 (1900ec2c)]&amp#27;[39m Waiting up to 5000 ms for condition
[debug] &amp#27;[35m[AndroidUiautomator2Driver@08d9 (1900ec2c)]&amp#27;[39m Matched '/element' to command name 'findElement'
[debug] &amp#27;[35m[AndroidUiautomator2Driver@08d9 (1900ec2c)]&amp#27;[39m Proxying [POST /element] to [POST http://127.0.0.1:8200/session/db22a7c0-2320-4369-8011-1dc9eb44d7d6/element] with body: {"strategy":"xpath","selector":"//android.widget.EditText[@resource-id='name_input']","context":"","multiple":false}
[debug] &amp#27;[35m[AndroidUiautomator2Driver@08d9 (1900ec2c)]&amp#27;[39m Got response with status 200: {"sessionId":"db22a7c0-2320-4369-8011-1dc9eb44d7d6","value":{"ELEMENT":"00000000-0000-00ac-0000-000a0000002d","element-6066-11e4-a52e-4f735466cecf":"00000000-0000-00ac-0000-000a0000002d"}}
[debug] &amp#27;[35m[AndroidUiautomator2Driver@08d9 (1900ec2c)]&amp#27;[39m Responding to client with driver.findElement() result: {"element-6066-11e4-a52e-4f735466cecf":"00000000-0000-00ac-0000-000a0000002d","ELEMENT":"00000000-0000-00ac-0000-000a0000002d"}
&amp#27;[35m[HTTP]&amp#27;[39m &amp#27;[37m<-- POST /wd/hub/session/1900ec2c-416d-476d-9ebe-0795afa97fa8/element &amp#27;[39m&amp#27;[32m200&amp#27;[39m &amp#27;[90m118 ms - 137&amp#27;[39m
&amp#27;[35m[HTTP]&amp#27;[39m &amp#27;[90m&amp#27;[39m
&amp#27;[35m[HTTP]&amp#27;[39m &amp#27;[37m-->&amp#27;[39m &amp#27;[37mPOST&amp#27;[39m &amp#27;[37m/wd/hub/session/1900ec2c-416d-476d-9ebe-0795afa97fa8/element/00000000-0000-00ac-0000-000a0000002d/value&amp#27;[39m
&amp#27;[35m[HTTP]&amp#27;[39m &amp#27;[90m{"id":"00000000-0000-00ac-0000-000a0000002d","text":"Ashish Srivastava","value":["A","s","h","i","s","h"," ","S","r","i","v","a","s","t","a","v","a"]}&amp#27;[39m
[debug] &amp#27;[35m[AndroidUiautomator2Driver@08d9 (1900ec2c)]&amp#27;[39m Calling AppiumDriver.setValue() with args: [["A","s","h","i","s","h"," ","S","r","i","v","a","s","t","a","v","a"],"00000000-0000-00ac-0000-000a0000002d","1900ec2c-416d-476d-9ebe-0795afa97fa8"]
[debug] &amp#27;[35m[AndroidUiautomator2Driver@08d9 (1900ec2c)]&amp#27;[39m Matched '/element/00000000-0000-00ac-0000-000a0000002d/value' to command name 'setValue'
[debug] &amp#27;[35m[AndroidUiautomator2Driver@08d9 (1900ec2c)]&amp#27;[39m Added 'value' property ["A","s","h","i","s","h"," ","S","r","i","v","a","s","t","a","v","a"] to 'setValue' request body
[debug] &amp#27;[35m[AndroidUiautomator2Driver@08d9 (1900ec2c)]&amp#27;[39m Proxying [POST /element/00000000-0000-00ac-0000-000a0000002d/value] to [POST http://127.0.0.1:8200/session/db22a7c0-2320-4369-8011-1dc9eb44d7d6/element/00000000-0000-00ac-0000-000a0000002d/value] with body: {"elementId":"00000000-0000-00ac-0000-000a0000002d","text":"Ashish Srivastava","replace":false,"value":["A","s","h","i","s","h"," ","S","r","i","v","a","s","t","a","v","a"]}
[debug] &amp#27;[35m[AndroidUiautomator2Driver@08d9 (1900ec2c)]&amp#27;[39m Got response with status 200: {"sessionId":"db22a7c0-2320-4369-8011-1dc9eb44d7d6","value":null}
[debug] &amp#27;[35m[AndroidUiautomator2Driver@08d9 (1900ec2c)]&amp#27;[39m Responding to client with driver.setValue() result: null
&amp#27;[35m[HTTP]&amp#27;[39m &amp#27;[37m<-- POST /wd/hub/session/1900ec2c-416d-476d-9ebe-0795afa97fa8/element/00000000-0000-00ac-0000-000a0000002d/value &amp#27;[39m&amp#27;[32m200&amp#27;[39m &amp#27;[90m393 ms - 14&amp#27;[39m
&amp#27;[35m[HTTP]&amp#27;[39m &amp#27;[90m&amp#27;[39m
&amp#27;[35m[HTTP]&amp#27;[39m &amp#27;[37m-->&amp#27;[39m &amp#27;[37mGET&amp#27;[39m &amp#27;[37m/wd/hub/session/1900ec2c-416d-476d-9ebe-0795afa97fa8/context&amp#27;[39m
&amp#27;[35m[HTTP]&amp#27;[39m &amp#27;[90m{}&amp#27;[39m
[debug] &amp#27;[35m[AndroidUiautomator2Driver@08d9 (1900ec2c)]&amp#27;[39m Calling AppiumDriver.getCurrentContext() with args: ["1900ec2c-416d-476d-9ebe-0795afa97fa8"]
[debug] &amp#27;[35m[AndroidUiautomator2Driver@08d9 (1900ec2c)]&amp#27;[39m Responding to client with driver.getCurrentContext() result: "NATIVE_APP"
&amp#27;[35m[HTTP]&amp#27;[39m &amp#27;[37m<-- GET /wd/hub/session/1900ec2c-416d-476d-9ebe-0795afa97fa8/context &amp#27;[39m&amp#27;[32m200&amp#27;[39m &amp#27;[90m1 ms - 22&amp#27;[39m
&amp#27;[35m[HTTP]&amp#27;[39m &amp#27;[90m&amp#27;[39m
&amp#27;[35m[HTTP]&amp#27;[39m &amp#27;[37m-->&amp#27;[39m &amp#27;[37mPOST&amp#27;[39m &amp#27;[37m/wd/hub/session/1900ec2c-416d-476d-9ebe-0795afa97fa8/element&amp#27;[39m
&amp#27;[35m[HTTP]&amp#27;[39m &amp#27;[90m{"using":"xpath","value":"//android.webkit.WebView/android.view.View/android.view.View/android.view.View"}&amp#27;[39m
[debug] &amp#27;[35m[AndroidUiautomator2Driver@08d9 (1900ec2c)]&amp#27;[39m Calling AppiumDriver.findElement() with args: ["xpath","//android.webkit.WebView/android.view.View/android.view.View/android.view.View","1900ec2c-416d-476d-9ebe-0795afa97fa8"]
[debug] &amp#27;[35m[AndroidUiautomator2Driver@08d9 (1900ec2c)]&amp#27;[39m Valid locator strategies for this request: xpath, id, class name, accessibility id, css selector, -android uiautomator
[debug] &amp#27;[35m[AndroidUiautomator2Driver@08d9 (1900ec2c)]&amp#27;[39m Waiting up to 5000 ms for condition
[debug] &amp#27;[35m[AndroidUiautomator2Driver@08d9 (1900ec2c)]&amp#27;[39m Matched '/element' to command name 'findElement'
[debug] &amp#27;[35m[AndroidUiautomator2Driver@08d9 (1900ec2c)]&amp#27;[39m Proxying [POST /element] to [POST http://127.0.0.1:8200/session/db22a7c0-2320-4369-8011-1dc9eb44d7d6/element] with body: {"strategy":"xpath","selector":"//android.webkit.WebView/android.view.View/android.view.View/android.view.View","context":"","multiple":false}
[debug] &amp#27;[35m[AndroidUiautomator2Driver@08d9 (1900ec2c)]&amp#27;[39m Got response with status 200: {"sessionId":"db22a7c0-2320-4369-8011-1dc9eb44d7d6","value":{"ELEMENT":"00000000-0000-00ac-0000-00130000002d","element-6066-11e4-a52e-4f735466cecf":"00000000-0000-00ac-0000-00130000002d"}}
[debug] &amp#27;[35m[AndroidUiautomator2Driver@08d9 (1900ec2c)]&amp#27;[39m Responding to client with driver.findElement() result: {"element-6066-11e4-a52e-4f735466cecf":"00000000-0000-00ac-0000-00130000002d","ELEMENT":"00000000-0000-00ac-0000-00130000002d"}
&amp#27;[35m[HTTP]&amp#27;[39m &amp#27;[37m<-- POST /wd/hub/session/1900ec2c-416d-476d-9ebe-0795afa97fa8/element &amp#27;[39m&amp#27;[32m200&amp#27;[39m &amp#27;[90m48 ms - 137&amp#27;[39m
&amp#27;[35m[HTTP]&amp#27;[39m &amp#27;[90m&amp#27;[39m
&amp#27;[35m[HTTP]&amp#27;[39m &amp#27;[37m-->&amp#27;[39m &amp#27;[37mPOST&amp#27;[39m &amp#27;[37m/wd/hub/session/1900ec2c-416d-476d-9ebe-0795afa97fa8/element/00000000-0000-00ac-0000-00130000002d/click&amp#27;[39m
&amp#27;[35m[HTTP]&amp#27;[39m &amp#27;[90m{"id":"00000000-0000-00ac-0000-00130000002d"}&amp#27;[39m
[debug] &amp#27;[35m[AndroidUiautomator2Driver@08d9 (1900ec2c)]&amp#27;[39m Calling AppiumDriver.click() with args: ["00000000-0000-00ac-0000-00130000002d","1900ec2c-416d-476d-9ebe-0795afa97fa8"]
[debug] &amp#27;[35m[AndroidUiautomator2Driver@08d9 (1900ec2c)]&amp#27;[39m Matched '/element/00000000-0000-00ac-0000-00130000002d/click' to command name 'click'
[debug] &amp#27;[35m[AndroidUiautomator2Driver@08d9 (1900ec2c)]&amp#27;[39m Proxying [POST /element/00000000-0000-00ac-0000-00130000002d/click] to [POST http://127.0.0.1:8200/session/db22a7c0-2320-4369-8011-1dc9eb44d7d6/element/00000000-0000-00ac-0000-00130000002d/click] with body: {"element":"00000000-0000-00ac-0000-00130000002d"}
[debug] &amp#27;[35m[AndroidUiautomator2Driver@08d9 (1900ec2c)]&amp#27;[39m Got response with status 200: {"sessionId":"db22a7c0-2320-4369-8011-1dc9eb44d7d6","value":null}
[debug] &amp#27;[35m[AndroidUiautomator2Driver@08d9 (1900ec2c)]&amp#27;[39m Responding to client with driver.click() result: null
&amp#27;[35m[HTTP]&amp#27;[39m &amp#27;[37m<-- POST /wd/hub/session/1900ec2c-416d-476d-9ebe-0795afa97fa8/element/00000000-0000-00ac-0000-00130000002d/click &amp#27;[39m&amp#27;[32m200&amp#27;[39m &amp#27;[90m507 ms - 14&amp#27;[39m
&amp#27;[35m[HTTP]&amp#27;[39m &amp#27;[90m&amp#27;[39m
&amp#27;[35m[HTTP]&amp#27;[39m &amp#27;[37m-->&amp#27;[39m &amp#27;[37mGET&amp#27;[39m &amp#27;[37m/wd/hub/session/1900ec2c-416d-476d-9ebe-0795afa97fa8/context&amp#27;[39m
&amp#27;[35m[HTTP]&amp#27;[39m &amp#27;[90m{}&amp#27;[39m
[debug] &amp#27;[35m[AndroidUiautomator2Driver@08d9 (1900ec2c)]&amp#27;[39m Calling AppiumDriver.getCurrentContext() with args: ["1900ec2c-416d-476d-9ebe-0795afa97fa8"]
[debug] &amp#27;[35m[AndroidUiautomator2Driver@08d9 (1900ec2c)]&amp#27;[39m Responding to client with driver.getCurrentContext() result: "NATIVE_APP"
&amp#27;[35m[HTTP]&amp#27;[39m &amp#27;[37m<-- GET /wd/hub/session/1900ec2c-416d-476d-9ebe-0795afa97fa8/context &amp#27;[39m&amp#27;[32m200&amp#27;[39m &amp#27;[90m2 ms - 22&amp#27;[39m
&amp#27;[35m[HTTP]&amp#27;[39m &amp#27;[90m&amp#27;[39m
&amp#27;[35m[HTTP]&amp#27;[39m &amp#27;[37m-->&amp#27;[39m &amp#27;[37mPOST&amp#27;[39m &amp#27;[37m/wd/hub/session/1900ec2c-416d-476d-9ebe-0795afa97fa8/elements&amp#27;[39m
&amp#27;[35m[HTTP]&amp#27;[39m &amp#27;[90m{"using":"id","value":"android:id/text1"}&amp#27;[39m
[debug] &amp#27;[35m[AndroidUiautomator2Driver@08d9 (1900ec2c)]&amp#27;[39m Calling AppiumDriver.findElements() with args: ["id","android:id/text1","1900ec2c-416d-476d-9ebe-0795afa97fa8"]
[debug] &amp#27;[35m[AndroidUiautomator2Driver@08d9 (1900ec2c)]&amp#27;[39m Valid locator strategies for this request: xpath, id, class name, accessibility id, css selector, -android uiautomator
[debug] &amp#27;[35m[AndroidUiautomator2Driver@08d9 (1900ec2c)]&amp#27;[39m Waiting up to 5000 ms for condition
[debug] &amp#27;[35m[AndroidUiautomator2Driver@08d9 (1900ec2c)]&amp#27;[39m Matched '/elements' to command name 'findElements'
[debug] &amp#27;[35m[AndroidUiautomator2Driver@08d9 (1900ec2c)]&amp#27;[39m Proxying [POST /elements] to [POST http://127.0.0.1:8200/session/db22a7c0-2320-4369-8011-1dc9eb44d7d6/elements] with body: {"strategy":"id","selector":"android:id/text1","context":"","multiple":true}
[debug] &amp#27;[35m[AndroidUiautomator2Driver@08d9 (1900ec2c)]&amp#27;[39m Got response with status 200: {"sessionId":"db22a7c0-2320-4369-8011-1dc9eb44d7d6","value":[{"ELEMENT":"00000000-0000-00ac-ffff-ffff0000002e","element-6066-11e4-a52e-4f735466cecf":"00000000-0000-00ac-ffff-ffff0000002e"}]}
[debug] &amp#27;[35m[AndroidUiautomator2Driver@08d9 (1900ec2c)]&amp#27;[39m Responding to client with driver.findElements() result: [{"element-6066-11e4-a52e-4f735466cecf":"00000000-0000-00ac-ffff-ffff0000002e","ELEMENT":"00000000-0000-00ac-ffff-ffff0000002e"}]
&amp#27;[35m[HTTP]&amp#27;[39m &amp#27;[37m<-- POST /wd/hub/session/1900ec2c-416d-476d-9ebe-0795afa97fa8/elements &amp#27;[39m&amp#27;[32m200&amp#27;[39m &amp#27;[90m294 ms - 139&amp#27;[39m
&amp#27;[35m[HTTP]&amp#27;[39m &amp#27;[90m&amp#27;[39m
&amp#27;[35m[HTTP]&amp#27;[39m &amp#27;[37m-->&amp#27;[39m &amp#27;[37mGET&amp#27;[39m &amp#27;[37m/wd/hub/session/1900ec2c-416d-476d-9ebe-0795afa97fa8/context&amp#27;[39m
&amp#27;[35m[HTTP]&amp#27;[39m &amp#27;[90m{}&amp#27;[39m
[debug] &amp#27;[35m[AndroidUiautomator2Driver@08d9 (1900ec2c)]&amp#27;[39m Calling AppiumDriver.getCurrentContext() with args: ["1900ec2c-416d-476d-9ebe-0795afa97fa8"]
[debug] &amp#27;[35m[AndroidUiautomator2Driver@08d9 (1900ec2c)]&amp#27;[39m Responding to client with driver.getCurrentContext() result: "NATIVE_APP"
&amp#27;[35m[HTTP]&amp#27;[39m &amp#27;[37m<-- GET /wd/hub/session/1900ec2c-416d-476d-9ebe-0795afa97fa8/context &amp#27;[39m&amp#27;[32m200&amp#27;[39m &amp#27;[90m1 ms - 22&amp#27;[39m
&amp#27;[35m[HTTP]&amp#27;[39m &amp#27;[90m&amp#27;[39m
&amp#27;[35m[HTTP]&amp#27;[39m &amp#27;[37m-->&amp#27;[39m &amp#27;[37mPOST&amp#27;[39m &amp#27;[37m/wd/hub/session/1900ec2c-416d-476d-9ebe-0795afa97fa8/elements&amp#27;[39m
&amp#27;[35m[HTTP]&amp#27;[39m &amp#27;[90m{"using":"id","value":"android:id/text1"}&amp#27;[39m
[debug] &amp#27;[35m[AndroidUiautomator2Driver@08d9 (1900ec2c)]&amp#27;[39m Calling AppiumDriver.findElements() with args: ["id","android:id/text1","1900ec2c-416d-476d-9ebe-0795afa97fa8"]
[debug] &amp#27;[35m[AndroidUiautomator2Driver@08d9 (1900ec2c)]&amp#27;[39m Valid locator strategies for this request: xpath, id, class name, accessibility id, css selector, -android uiautomator
[debug] &amp#27;[35m[AndroidUiautomator2Driver@08d9 (1900ec2c)]&amp#27;[39m Waiting up to 5000 ms for condition
[debug] &amp#27;[35m[AndroidUiautomator2Driver@08d9 (1900ec2c)]&amp#27;[39m Matched '/elements' to command name 'findElements'
[debug] &amp#27;[35m[AndroidUiautomator2Driver@08d9 (1900ec2c)]&amp#27;[39m Proxying [POST /elements] to [POST http://127.0.0.1:8200/session/db22a7c0-2320-4369-8011-1dc9eb44d7d6/elements] with body: {"strategy":"id","selector":"android:id/text1","context":"","multiple":true}
[debug] &amp#27;[35m[AndroidUiautomator2Driver@08d9 (1900ec2c)]&amp#27;[39m Got response with status 200: {"sessionId":"db22a7c0-2320-4369-8011-1dc9eb44d7d6","value":[{"ELEMENT":"00000000-0000-00ad-ffff-ffff00000045","element-6066-11e4-a52e-4f735466cecf":"00000000-0000-00ad-ffff-ffff00000045"},{"ELEMENT":"00000000-0000-00ad-ffff-ffff00000046","element-6066-11e4-a52e-4f735466cecf":"00000000-0000-00ad-ffff-ffff00000046"},{"ELEMENT":"00000000-0000-00ad-ffff-ffff00000047","element-6066-11e4-a52e-4f735466cecf":"00000000-0000-00ad-ffff-ffff00000047"}]}
[debug] &amp#27;[35m[AndroidUiautomator2Driver@08d9 (1900ec2c)]&amp#27;[39m Responding to client with driver.findElements() result: [{"element-6066-11e4-a52e-4f735466cecf":"00000000-0000-00ad-ffff-ffff00000045","ELEMENT":"00000000-0000-00ad-ffff-ffff00000045"},{"element-6066-11e4-a52e-4f735466cecf":"00000000-0000-00ad-ffff-ffff00000046","ELEMENT":"00000000-0000-00ad-ffff-ffff00000046"},{"element-6066-11e4-a52e-4f735466cecf":"00000000-0000-00ad-ffff-ffff00000047","ELEMENT":"00000000-0000-00ad-ffff-ffff00000047"}]
&amp#27;[35m[HTTP]&amp#27;[39m &amp#27;[37m<-- POST /wd/hub/session/1900ec2c-416d-476d-9ebe-0795afa97fa8/elements &amp#27;[39m&amp#27;[32m200&amp#27;[39m &amp#27;[90m722 ms - 395&amp#27;[39m
&amp#27;[35m[HTTP]&amp#27;[39m &amp#27;[90m&amp#27;[39m
&amp#27;[35m[HTTP]&amp#27;[39m &amp#27;[37m-->&amp#27;[39m &amp#27;[37mGET&amp#27;[39m &amp#27;[37m/wd/hub/session/1900ec2c-416d-476d-9ebe-0795afa97fa8/element/00000000-0000-00ad-ffff-ffff00000045/text&amp#27;[39m
&amp#27;[35m[HTTP]&amp#27;[39m &amp#27;[90m{}&amp#27;[39m
&amp#27;[35m[AndroidUiautomator2Driver@08d9 (1900ec2c)]&amp#27;[39m Driver proxy active, passing request on via HTTP proxy
[debug] &amp#27;[35m[AndroidUiautomator2Driver@08d9 (1900ec2c)]&amp#27;[39m Matched '/wd/hub/session/1900ec2c-416d-476d-9ebe-0795afa97fa8/element/00000000-0000-00ad-ffff-ffff00000045/text' to command name 'getText'
[debug] &amp#27;[35m[AndroidUiautomator2Driver@08d9 (1900ec2c)]&amp#27;[39m Proxying [GET /wd/hub/session/1900ec2c-416d-476d-9ebe-0795afa97fa8/element/00000000-0000-00ad-ffff-ffff00000045/text] to [GET http://127.0.0.1:8200/session/db22a7c0-2320-4369-8011-1dc9eb44d7d6/element/00000000-0000-00ad-ffff-ffff00000045/text] with no body
[debug] &amp#27;[35m[AndroidUiautomator2Driver@08d9 (1900ec2c)]&amp#27;[39m Got response with status 200: {"sessionId":"db22a7c0-2320-4369-8011-1dc9eb44d7d6","value":"Volvo"}
&amp#27;[35m[AndroidUiautomator2Driver@08d9 (1900ec2c)]&amp#27;[39m Replacing sessionId db22a7c0-2320-4369-8011-1dc9eb44d7d6 with 1900ec2c-416d-476d-9ebe-0795afa97fa8
&amp#27;[35m[HTTP]&amp#27;[39m &amp#27;[37m<-- GET /wd/hub/session/1900ec2c-416d-476d-9ebe-0795afa97fa8/element/00000000-0000-00ad-ffff-ffff00000045/text &amp#27;[39m&amp#27;[32m200&amp#27;[39m &amp#27;[90m25 ms - 68&amp#27;[39m
&amp#27;[35m[HTTP]&amp#27;[39m &amp#27;[90m&amp#27;[39m
&amp#27;[35m[HTTP]&amp#27;[39m &amp#27;[37m-->&amp#27;[39m &amp#27;[37mPOST&amp#27;[39m &amp#27;[37m/wd/hub/session/1900ec2c-416d-476d-9ebe-0795afa97fa8/element/00000000-0000-00ad-ffff-ffff00000045/click&amp#27;[39m
&amp#27;[35m[HTTP]&amp#27;[39m &amp#27;[90m{"id":"00000000-0000-00ad-ffff-ffff00000045"}&amp#27;[39m
[debug] &amp#27;[35m[AndroidUiautomator2Driver@08d9 (1900ec2c)]&amp#27;[39m Calling AppiumDriver.click() with args: ["00000000-0000-00ad-ffff-ffff00000045","1900ec2c-416d-476d-9ebe-0795afa97fa8"]
[debug] &amp#27;[35m[AndroidUiautomator2Driver@08d9 (1900ec2c)]&amp#27;[39m Matched '/element/00000000-0000-00ad-ffff-ffff00000045/click' to command name 'click'
[debug] &amp#27;[35m[AndroidUiautomator2Driver@08d9 (1900ec2c)]&amp#27;[39m Proxying [POST /element/00000000-0000-00ad-ffff-ffff00000045/click] to [POST http://127.0.0.1:8200/session/db22a7c0-2320-4369-8011-1dc9eb44d7d6/element/00000000-0000-00ad-ffff-ffff00000045/click] with body: {"element":"00000000-0000-00ad-ffff-ffff00000045"}
[debug] &amp#27;[35m[AndroidUiautomator2Driver@08d9 (1900ec2c)]&amp#27;[39m Got response with status 200: {"sessionId":"db22a7c0-2320-4369-8011-1dc9eb44d7d6","value":null}
[debug] &amp#27;[35m[AndroidUiautomator2Driver@08d9 (1900ec2c)]&amp#27;[39m Responding to client with driver.click() result: null
&amp#27;[35m[HTTP]&amp#27;[39m &amp#27;[37m<-- POST /wd/hub/session/1900ec2c-416d-476d-9ebe-0795afa97fa8/element/00000000-0000-00ad-ffff-ffff00000045/click &amp#27;[39m&amp#27;[32m200&amp#27;[39m &amp#27;[90m806 ms - 14&amp#27;[39m
&amp#27;[35m[HTTP]&amp#27;[39m &amp#27;[90m&amp#27;[39m
&amp#27;[35m[HTTP]&amp#27;[39m &amp#27;[37m-->&amp#27;[39m &amp#27;[37mGET&amp#27;[39m &amp#27;[37m/wd/hub/session/1900ec2c-416d-476d-9ebe-0795afa97fa8/context&amp#27;[39m
&amp#27;[35m[HTTP]&amp#27;[39m &amp#27;[90m{}&amp#27;[39m
[debug] &amp#27;[35m[AndroidUiautomator2Driver@08d9 (1900ec2c)]&amp#27;[39m Calling AppiumDriver.getCurrentContext() with args: ["1900ec2c-416d-476d-9ebe-0795afa97fa8"]
[debug] &amp#27;[35m[AndroidUiautomator2Driver@08d9 (1900ec2c)]&amp#27;[39m Responding to client with driver.getCurrentContext() result: "NATIVE_APP"
&amp#27;[35m[HTTP]&amp#27;[39m &amp#27;[37m<-- GET /wd/hub/session/1900ec2c-416d-476d-9ebe-0795afa97fa8/context &amp#27;[39m&amp#27;[32m200&amp#27;[39m &amp#27;[90m1 ms - 22&amp#27;[39m
&amp#27;[35m[HTTP]&amp#27;[39m &amp#27;[90m&amp#27;[39m
&amp#27;[35m[HTTP]&amp#27;[39m &amp#27;[37m-->&amp#27;[39m &amp#27;[37mPOST&amp#27;[39m &amp#27;[37m/wd/hub/session/1900ec2c-416d-476d-9ebe-0795afa97fa8/element&amp#27;[39m
&amp#27;[35m[HTTP]&amp#27;[39m &amp#27;[90m{"using":"class name","value":"android.widget.Button"}&amp#27;[39m
[debug] &amp#27;[35m[AndroidUiautomator2Driver@08d9 (1900ec2c)]&amp#27;[39m Calling AppiumDriver.findElement() with args: ["class name","android.widget.Button","1900ec2c-416d-476d-9ebe-0795afa97fa8"]
[debug] &amp#27;[35m[AndroidUiautomator2Driver@08d9 (1900ec2c)]&amp#27;[39m Valid locator strategies for this request: xpath, id, class name, accessibility id, css selector, -android uiautomator
[debug] &amp#27;[35m[AndroidUiautomator2Driver@08d9 (1900ec2c)]&amp#27;[39m Waiting up to 5000 ms for condition
[debug] &amp#27;[35m[AndroidUiautomator2Driver@08d9 (1900ec2c)]&amp#27;[39m Matched '/element' to command name 'findElement'
[debug] &amp#27;[35m[AndroidUiautomator2Driver@08d9 (1900ec2c)]&amp#27;[39m Proxying [POST /element] to [POST http://127.0.0.1:8200/session/db22a7c0-2320-4369-8011-1dc9eb44d7d6/element] with body: {"strategy":"class name","selector":"android.widget.Button","context":"","multiple":false}
[debug] &amp#27;[35m[AndroidUiautomator2Driver@08d9 (1900ec2c)]&amp#27;[39m Got response with status 200: {"sessionId":"db22a7c0-2320-4369-8011-1dc9eb44d7d6","value":{"ELEMENT":"00000000-0000-00ac-ffff-ffff0000002b","element-6066-11e4-a52e-4f735466cecf":"00000000-0000-00ac-ffff-ffff0000002b"}}
[debug] &amp#27;[35m[AndroidUiautomator2Driver@08d9 (1900ec2c)]&amp#27;[39m Responding to client with driver.findElement() result: {"element-6066-11e4-a52e-4f735466cecf":"00000000-0000-00ac-ffff-ffff0000002b","ELEMENT":"00000000-0000-00ac-ffff-ffff0000002b"}
&amp#27;[35m[HTTP]&amp#27;[39m &amp#27;[37m<-- POST /wd/hub/session/1900ec2c-416d-476d-9ebe-0795afa97fa8/element &amp#27;[39m&amp#27;[32m200&amp#27;[39m &amp#27;[90m22 ms - 137&amp#27;[39m
&amp#27;[35m[HTTP]&amp#27;[39m &amp#27;[90m&amp#27;[39m
&amp#27;[35m[HTTP]&amp#27;[39m &amp#27;[37m-->&amp#27;[39m &amp#27;[37mPOST&amp#27;[39m &amp#27;[37m/wd/hub/session/1900ec2c-416d-476d-9ebe-0795afa97fa8/element/00000000-0000-00ac-ffff-ffff0000002b/click&amp#27;[39m
&amp#27;[35m[HTTP]&amp#27;[39m &amp#27;[90m{"id":"00000000-0000-00ac-ffff-ffff0000002b"}&amp#27;[39m
[debug] &amp#27;[35m[AndroidUiautomator2Driver@08d9 (1900ec2c)]&amp#27;[39m Calling AppiumDriver.click() with args: ["00000000-0000-00ac-ffff-ffff0000002b","1900ec2c-416d-476d-9ebe-0795afa97fa8"]
[debug] &amp#27;[35m[AndroidUiautomator2Driver@08d9 (1900ec2c)]&amp#27;[39m Matched '/element/00000000-0000-00ac-ffff-ffff0000002b/click' to command name 'click'
[debug] &amp#27;[35m[AndroidUiautomator2Driver@08d9 (1900ec2c)]&amp#27;[39m Proxying [POST /element/00000000-0000-00ac-ffff-ffff0000002b/click] to [POST http://127.0.0.1:8200/session/db22a7c0-2320-4369-8011-1dc9eb44d7d6/element/00000000-0000-00ac-ffff-ffff0000002b/click] with body: {"element":"00000000-0000-00ac-ffff-ffff0000002b"}
[debug] &amp#27;[35m[AndroidUiautomator2Driver@08d9 (1900ec2c)]&amp#27;[39m Got response with status 200: {"sessionId":"db22a7c0-2320-4369-8011-1dc9eb44d7d6","value":null}
[debug] &amp#27;[35m[AndroidUiautomator2Driver@08d9 (1900ec2c)]&amp#27;[39m Responding to client with driver.click() result: null
&amp#27;[35m[HTTP]&amp#27;[39m &amp#27;[37m<-- POST /wd/hub/session/1900ec2c-416d-476d-9ebe-0795afa97fa8/element/00000000-0000-00ac-ffff-ffff0000002b/click &amp#27;[39m&amp#27;[32m200&amp#27;[39m &amp#27;[90m47 ms - 14&amp#27;[39m
&amp#27;[35m[HTTP]&amp#27;[39m &amp#27;[90m&amp#27;[39m
]]></system-out>
  </testcase>
  <testcase name="registerForNewUser" classname="com.sample.testScript.Scripts" time="11.514">
    <system-out><![CDATA[&amp#27;[35m[HTTP]&amp#27;[39m &amp#27;[37m-->&amp#27;[39m &amp#27;[37mGET&amp#27;[39m &amp#27;[37m/wd/hub/session/1900ec2c-416d-476d-9ebe-0795afa97fa8/context&amp#27;[39m
&amp#27;[35m[HTTP]&amp#27;[39m &amp#27;[90m{}&amp#27;[39m
[debug] &amp#27;[35m[AndroidUiautomator2Driver@08d9 (1900ec2c)]&amp#27;[39m Calling AppiumDriver.getCurrentContext() with args: ["1900ec2c-416d-476d-9ebe-0795afa97fa8"]
[debug] &amp#27;[35m[AndroidUiautomator2Driver@08d9 (1900ec2c)]&amp#27;[39m Responding to client with driver.getCurrentContext() result: "NATIVE_APP"
&amp#27;[35m[HTTP]&amp#27;[39m &amp#27;[37m<-- GET /wd/hub/session/1900ec2c-416d-476d-9ebe-0795afa97fa8/context &amp#27;[39m&amp#27;[32m200&amp#27;[39m &amp#27;[90m1 ms - 22&amp#27;[39m
&amp#27;[35m[HTTP]&amp#27;[39m &amp#27;[90m&amp#27;[39m
&amp#27;[35m[HTTP]&amp#27;[39m &amp#27;[37m-->&amp#27;[39m &amp#27;[37mPOST&amp#27;[39m &amp#27;[37m/wd/hub/session/1900ec2c-416d-476d-9ebe-0795afa97fa8/element&amp#27;[39m
&amp#27;[35m[HTTP]&amp#27;[39m &amp#27;[90m{"using":"id","value":"startUserRegistration"}&amp#27;[39m
[debug] &amp#27;[35m[AndroidUiautomator2Driver@08d9 (1900ec2c)]&amp#27;[39m Calling AppiumDriver.findElement() with args: ["id","startUserRegistration","1900ec2c-416d-476d-9ebe-0795afa97fa8"]
[debug] &amp#27;[35m[AndroidUiautomator2Driver@08d9 (1900ec2c)]&amp#27;[39m Valid locator strategies for this request: xpath, id, class name, accessibility id, css selector, -android uiautomator
[debug] &amp#27;[35m[AndroidUiautomator2Driver@08d9 (1900ec2c)]&amp#27;[39m Waiting up to 5000 ms for condition
[debug] &amp#27;[35m[AndroidUiautomator2Driver@08d9 (1900ec2c)]&amp#27;[39m Matched '/element' to command name 'findElement'
[debug] &amp#27;[35m[AndroidUiautomator2Driver@08d9 (1900ec2c)]&amp#27;[39m Proxying [POST /element] to [POST http://127.0.0.1:8200/session/db22a7c0-2320-4369-8011-1dc9eb44d7d6/element] with body: {"strategy":"id","selector":"startUserRegistration","context":"","multiple":false}
&amp#27;[35m[AndroidUiautomator2Driver@08d9 (1900ec2c)]&amp#27;[39m Got response with status 404: {"sessionId":"db22a7c0-2320-4369-8011-1dc9eb44d7d6","value":{"error":"no such element","message":"An element could not be located on the page using the given search parameters","stacktrace":"io.appium.uiautomator2.common.exceptions.ElementNotFoundException: An element could not be located on the page using the given search parameters\n\tat io.appium.uiautomator2.handler.FindElement.safeHandle(FindElement.java:70)\n\tat io.appium.uiautomator2.handler.request.SafeRequestHandler.handle(SafeRequestHandler.java:59)\n\tat io.appium.uiautomator2.server.AppiumServlet.handleRequest(AppiumServlet.java:267)\n\tat io.appium.uiautomator2.server.AppiumServlet.handleHttpRequest(AppiumServlet.java:261)\n\tat io.appium.uiautomator2.http.ServerHandler.channelRead(ServerHandler.java:68)\n\tat io.netty.channel.AbstractChannelHandlerContext.invokeChannelRead(AbstractChannelHandlerContext.java:366)\n\tat io.netty.channel.AbstractChannelHandlerContext.invokeChannelRead(AbstractChannelHandlerContext.java:352)\n\tat io.netty.chann...
[debug] &amp#27;[35m[W3C]&amp#27;[39m Matched W3C error code 'no such element' to NoSuchElementError
[debug] &amp#27;[35m[AndroidUiautomator2Driver@08d9 (1900ec2c)]&amp#27;[39m Waited for 66 ms so far
[debug] &amp#27;[35m[AndroidUiautomator2Driver@08d9 (1900ec2c)]&amp#27;[39m Matched '/element' to command name 'findElement'
[debug] &amp#27;[35m[AndroidUiautomator2Driver@08d9 (1900ec2c)]&amp#27;[39m Proxying [POST /element] to [POST http://127.0.0.1:8200/session/db22a7c0-2320-4369-8011-1dc9eb44d7d6/element] with body: {"strategy":"id","selector":"startUserRegistration","context":"","multiple":false}
[debug] &amp#27;[35m[AndroidUiautomator2Driver@08d9 (1900ec2c)]&amp#27;[39m Got response with status 200: {"sessionId":"db22a7c0-2320-4369-8011-1dc9eb44d7d6","value":{"ELEMENT":"00000000-0000-00ae-ffff-ffff00000054","element-6066-11e4-a52e-4f735466cecf":"00000000-0000-00ae-ffff-ffff00000054"}}
[debug] &amp#27;[35m[AndroidUiautomator2Driver@08d9 (1900ec2c)]&amp#27;[39m Responding to client with driver.findElement() result: {"element-6066-11e4-a52e-4f735466cecf":"00000000-0000-00ae-ffff-ffff00000054","ELEMENT":"00000000-0000-00ae-ffff-ffff00000054"}
&amp#27;[35m[HTTP]&amp#27;[39m &amp#27;[37m<-- POST /wd/hub/session/1900ec2c-416d-476d-9ebe-0795afa97fa8/element &amp#27;[39m&amp#27;[32m200&amp#27;[39m &amp#27;[90m921 ms - 137&amp#27;[39m
&amp#27;[35m[HTTP]&amp#27;[39m &amp#27;[90m&amp#27;[39m
&amp#27;[35m[HTTP]&amp#27;[39m &amp#27;[37m-->&amp#27;[39m &amp#27;[37mPOST&amp#27;[39m &amp#27;[37m/wd/hub/session/1900ec2c-416d-476d-9ebe-0795afa97fa8/element/00000000-0000-00ae-ffff-ffff00000054/click&amp#27;[39m
&amp#27;[35m[HTTP]&amp#27;[39m &amp#27;[90m{"id":"00000000-0000-00ae-ffff-ffff00000054"}&amp#27;[39m
[debug] &amp#27;[35m[AndroidUiautomator2Driver@08d9 (1900ec2c)]&amp#27;[39m Calling AppiumDriver.click() with args: ["00000000-0000-00ae-ffff-ffff00000054","1900ec2c-416d-476d-9ebe-0795afa97fa8"]
[debug] &amp#27;[35m[AndroidUiautomator2Driver@08d9 (1900ec2c)]&amp#27;[39m Matched '/element/00000000-0000-00ae-ffff-ffff00000054/click' to command name 'click'
[debug] &amp#27;[35m[AndroidUiautomator2Driver@08d9 (1900ec2c)]&amp#27;[39m Proxying [POST /element/00000000-0000-00ae-ffff-ffff00000054/click] to [POST http://127.0.0.1:8200/session/db22a7c0-2320-4369-8011-1dc9eb44d7d6/element/00000000-0000-00ae-ffff-ffff00000054/click] with body: {"element":"00000000-0000-00ae-ffff-ffff00000054"}
[debug] &amp#27;[35m[AndroidUiautomator2Driver@08d9 (1900ec2c)]&amp#27;[39m Got response with status 200: {"sessionId":"db22a7c0-2320-4369-8011-1dc9eb44d7d6","value":null}
[debug] &amp#27;[35m[AndroidUiautomator2Driver@08d9 (1900ec2c)]&amp#27;[39m Responding to client with driver.click() result: null
&amp#27;[35m[HTTP]&amp#27;[39m &amp#27;[37m<-- POST /wd/hub/session/1900ec2c-416d-476d-9ebe-0795afa97fa8/element/00000000-0000-00ae-ffff-ffff00000054/click &amp#27;[39m&amp#27;[32m200&amp#27;[39m &amp#27;[90m50 ms - 14&amp#27;[39m
&amp#27;[35m[HTTP]&amp#27;[39m &amp#27;[90m&amp#27;[39m
&amp#27;[35m[HTTP]&amp#27;[39m &amp#27;[37m-->&amp#27;[39m &amp#27;[37mGET&amp#27;[39m &amp#27;[37m/wd/hub/session/1900ec2c-416d-476d-9ebe-0795afa97fa8/context&amp#27;[39m
&amp#27;[35m[HTTP]&amp#27;[39m &amp#27;[90m{}&amp#27;[39m
[debug] &amp#27;[35m[AndroidUiautomator2Driver@08d9 (1900ec2c)]&amp#27;[39m Calling AppiumDriver.getCurrentContext() with args: ["1900ec2c-416d-476d-9ebe-0795afa97fa8"]
[debug] &amp#27;[35m[AndroidUiautomator2Driver@08d9 (1900ec2c)]&amp#27;[39m Responding to client with driver.getCurrentContext() result: "NATIVE_APP"
&amp#27;[35m[HTTP]&amp#27;[39m &amp#27;[37m<-- GET /wd/hub/session/1900ec2c-416d-476d-9ebe-0795afa97fa8/context &amp#27;[39m&amp#27;[32m200&amp#27;[39m &amp#27;[90m1 ms - 22&amp#27;[39m
&amp#27;[35m[HTTP]&amp#27;[39m &amp#27;[90m&amp#27;[39m
&amp#27;[35m[HTTP]&amp#27;[39m &amp#27;[37m-->&amp#27;[39m &amp#27;[37mPOST&amp#27;[39m &amp#27;[37m/wd/hub/session/1900ec2c-416d-476d-9ebe-0795afa97fa8/element&amp#27;[39m
&amp#27;[35m[HTTP]&amp#27;[39m &amp#27;[90m{"using":"xpath","value":"//android.widget.TextView[@text='Welcome to register a new User']"}&amp#27;[39m
[debug] &amp#27;[35m[AndroidUiautomator2Driver@08d9 (1900ec2c)]&amp#27;[39m Calling AppiumDriver.findElement() with args: ["xpath","//android.widget.TextView[@text='Welcome to register a new User']","1900ec2c-416d-476d-9ebe-0795afa97fa8"]
[debug] &amp#27;[35m[AndroidUiautomator2Driver@08d9 (1900ec2c)]&amp#27;[39m Valid locator strategies for this request: xpath, id, class name, accessibility id, css selector, -android uiautomator
[debug] &amp#27;[35m[AndroidUiautomator2Driver@08d9 (1900ec2c)]&amp#27;[39m Waiting up to 5000 ms for condition
[debug] &amp#27;[35m[AndroidUiautomator2Driver@08d9 (1900ec2c)]&amp#27;[39m Matched '/element' to command name 'findElement'
[debug] &amp#27;[35m[AndroidUiautomator2Driver@08d9 (1900ec2c)]&amp#27;[39m Proxying [POST /element] to [POST http://127.0.0.1:8200/session/db22a7c0-2320-4369-8011-1dc9eb44d7d6/element] with body: {"strategy":"xpath","selector":"//android.widget.TextView[@text='Welcome to register a new User']","context":"","multiple":false}
&amp#27;[35m[AndroidUiautomator2Driver@08d9 (1900ec2c)]&amp#27;[39m Got response with status 404: {"sessionId":"db22a7c0-2320-4369-8011-1dc9eb44d7d6","value":{"error":"no such element","message":"An element could not be located on the page using the given search parameters","stacktrace":"io.appium.uiautomator2.common.exceptions.ElementNotFoundException: An element could not be located on the page using the given search parameters\n\tat io.appium.uiautomator2.handler.FindElement.findElement(FindElement.java:90)\n\tat io.appium.uiautomator2.handler.FindElement.safeHandle(FindElement.java:67)\n\tat io.appium.uiautomator2.handler.request.SafeRequestHandler.handle(SafeRequestHandler.java:59)\n\tat io.appium.uiautomator2.server.AppiumServlet.handleRequest(AppiumServlet.java:267)\n\tat io.appium.uiautomator2.server.AppiumServlet.handleHttpRequest(AppiumServlet.java:261)\n\tat io.appium.uiautomator2.http.ServerHandler.channelRead(ServerHandler.java:68)\n\tat io.netty.channel.AbstractChannelHandlerContext.invokeChannelRead(AbstractChannelHandlerContext.java:366)\n\tat io.netty.channel.AbstractChannelHandlerCont...
[debug] &amp#27;[35m[W3C]&amp#27;[39m Matched W3C error code 'no such element' to NoSuchElementError
[debug] &amp#27;[35m[AndroidUiautomator2Driver@08d9 (1900ec2c)]&amp#27;[39m Waited for 94 ms so far
[debug] &amp#27;[35m[AndroidUiautomator2Driver@08d9 (1900ec2c)]&amp#27;[39m Matched '/element' to command name 'findElement'
[debug] &amp#27;[35m[AndroidUiautomator2Driver@08d9 (1900ec2c)]&amp#27;[39m Proxying [POST /element] to [POST http://127.0.0.1:8200/session/db22a7c0-2320-4369-8011-1dc9eb44d7d6/element] with body: {"strategy":"xpath","selector":"//android.widget.TextView[@text='Welcome to register a new User']","context":"","multiple":false}
[debug] &amp#27;[35m[AndroidUiautomator2Driver@08d9 (1900ec2c)]&amp#27;[39m Got response with status 200: {"sessionId":"db22a7c0-2320-4369-8011-1dc9eb44d7d6","value":{"ELEMENT":"00000000-0000-00af-ffff-ffff0000006e","element-6066-11e4-a52e-4f735466cecf":"00000000-0000-00af-ffff-ffff0000006e"}}
[debug] &amp#27;[35m[AndroidUiautomator2Driver@08d9 (1900ec2c)]&amp#27;[39m Responding to client with driver.findElement() result: {"element-6066-11e4-a52e-4f735466cecf":"00000000-0000-00af-ffff-ffff0000006e","ELEMENT":"00000000-0000-00af-ffff-ffff0000006e"}
&amp#27;[35m[HTTP]&amp#27;[39m &amp#27;[37m<-- POST /wd/hub/session/1900ec2c-416d-476d-9ebe-0795afa97fa8/element &amp#27;[39m&amp#27;[32m200&amp#27;[39m &amp#27;[90m1561 ms - 137&amp#27;[39m
&amp#27;[35m[HTTP]&amp#27;[39m &amp#27;[90m&amp#27;[39m
&amp#27;[35m[HTTP]&amp#27;[39m &amp#27;[37m-->&amp#27;[39m &amp#27;[37mGET&amp#27;[39m &amp#27;[37m/wd/hub/session/1900ec2c-416d-476d-9ebe-0795afa97fa8/element/00000000-0000-00af-ffff-ffff0000006e/displayed&amp#27;[39m
&amp#27;[35m[HTTP]&amp#27;[39m &amp#27;[90m{}&amp#27;[39m
[debug] &amp#27;[35m[AndroidUiautomator2Driver@08d9 (1900ec2c)]&amp#27;[39m Calling AppiumDriver.elementDisplayed() with args: ["00000000-0000-00af-ffff-ffff0000006e","1900ec2c-416d-476d-9ebe-0795afa97fa8"]
[debug] &amp#27;[35m[AndroidUiautomator2Driver@08d9 (1900ec2c)]&amp#27;[39m Matched '/element/00000000-0000-00af-ffff-ffff0000006e/attribute/displayed' to command name 'getAttribute'
[debug] &amp#27;[35m[AndroidUiautomator2Driver@08d9 (1900ec2c)]&amp#27;[39m Proxying [GET /element/00000000-0000-00af-ffff-ffff0000006e/attribute/displayed] to [GET http://127.0.0.1:8200/session/db22a7c0-2320-4369-8011-1dc9eb44d7d6/element/00000000-0000-00af-ffff-ffff0000006e/attribute/displayed] with no body
[debug] &amp#27;[35m[AndroidUiautomator2Driver@08d9 (1900ec2c)]&amp#27;[39m Got response with status 200: {"sessionId":"db22a7c0-2320-4369-8011-1dc9eb44d7d6","value":"true"}
[debug] &amp#27;[35m[AndroidUiautomator2Driver@08d9 (1900ec2c)]&amp#27;[39m Responding to client with driver.elementDisplayed() result: true
&amp#27;[35m[HTTP]&amp#27;[39m &amp#27;[37m<-- GET /wd/hub/session/1900ec2c-416d-476d-9ebe-0795afa97fa8/element/00000000-0000-00af-ffff-ffff0000006e/displayed &amp#27;[39m&amp#27;[32m200&amp#27;[39m &amp#27;[90m131 ms - 14&amp#27;[39m
&amp#27;[35m[HTTP]&amp#27;[39m &amp#27;[90m&amp#27;[39m
&amp#27;[35m[HTTP]&amp#27;[39m &amp#27;[37m-->&amp#27;[39m &amp#27;[37mPOST&amp#27;[39m &amp#27;[37m/wd/hub/session/1900ec2c-416d-476d-9ebe-0795afa97fa8/timeouts&amp#27;[39m
&amp#27;[35m[HTTP]&amp#27;[39m &amp#27;[90m{"implicit":5000}&amp#27;[39m
[debug] &amp#27;[35m[AndroidUiautomator2Driver@08d9 (1900ec2c)]&amp#27;[39m Calling AppiumDriver.timeouts() with args: [null,null,null,null,5000,"1900ec2c-416d-476d-9ebe-0795afa97fa8"]
[debug] &amp#27;[35m[AndroidUiautomator2Driver@08d9 (1900ec2c)]&amp#27;[39m W3C timeout argument: {"implicit":5000}}
[debug] &amp#27;[35m[AndroidUiautomator2Driver@08d9 (1900ec2c)]&amp#27;[39m Set implicit wait to 5000ms
[debug] &amp#27;[35m[AndroidUiautomator2Driver@08d9 (1900ec2c)]&amp#27;[39m Responding to client with driver.timeouts() result: null
&amp#27;[35m[HTTP]&amp#27;[39m &amp#27;[37m<-- POST /wd/hub/session/1900ec2c-416d-476d-9ebe-0795afa97fa8/timeouts &amp#27;[39m&amp#27;[32m200&amp#27;[39m &amp#27;[90m1 ms - 14&amp#27;[39m
&amp#27;[35m[HTTP]&amp#27;[39m &amp#27;[90m&amp#27;[39m
&amp#27;[35m[HTTP]&amp#27;[39m &amp#27;[37m-->&amp#27;[39m &amp#27;[37mGET&amp#27;[39m &amp#27;[37m/wd/hub/session/1900ec2c-416d-476d-9ebe-0795afa97fa8/context&amp#27;[39m
&amp#27;[35m[HTTP]&amp#27;[39m &amp#27;[90m{}&amp#27;[39m
[debug] &amp#27;[35m[AndroidUiautomator2Driver@08d9 (1900ec2c)]&amp#27;[39m Calling AppiumDriver.getCurrentContext() with args: ["1900ec2c-416d-476d-9ebe-0795afa97fa8"]
[debug] &amp#27;[35m[AndroidUiautomator2Driver@08d9 (1900ec2c)]&amp#27;[39m Responding to client with driver.getCurrentContext() result: "NATIVE_APP"
&amp#27;[35m[HTTP]&amp#27;[39m &amp#27;[37m<-- GET /wd/hub/session/1900ec2c-416d-476d-9ebe-0795afa97fa8/context &amp#27;[39m&amp#27;[32m200&amp#27;[39m &amp#27;[90m1 ms - 22&amp#27;[39m
&amp#27;[35m[HTTP]&amp#27;[39m &amp#27;[90m&amp#27;[39m
&amp#27;[35m[HTTP]&amp#27;[39m &amp#27;[37m-->&amp#27;[39m &amp#27;[37mPOST&amp#27;[39m &amp#27;[37m/wd/hub/session/1900ec2c-416d-476d-9ebe-0795afa97fa8/element&amp#27;[39m
&amp#27;[35m[HTTP]&amp#27;[39m &amp#27;[90m{"using":"id","value":"inputUsername"}&amp#27;[39m
[debug] &amp#27;[35m[AndroidUiautomator2Driver@08d9 (1900ec2c)]&amp#27;[39m Calling AppiumDriver.findElement() with args: ["id","inputUsername","1900ec2c-416d-476d-9ebe-0795afa97fa8"]
[debug] &amp#27;[35m[AndroidUiautomator2Driver@08d9 (1900ec2c)]&amp#27;[39m Valid locator strategies for this request: xpath, id, class name, accessibility id, css selector, -android uiautomator
[debug] &amp#27;[35m[AndroidUiautomator2Driver@08d9 (1900ec2c)]&amp#27;[39m Waiting up to 5000 ms for condition
[debug] &amp#27;[35m[AndroidUiautomator2Driver@08d9 (1900ec2c)]&amp#27;[39m Matched '/element' to command name 'findElement'
[debug] &amp#27;[35m[AndroidUiautomator2Driver@08d9 (1900ec2c)]&amp#27;[39m Proxying [POST /element] to [POST http://127.0.0.1:8200/session/db22a7c0-2320-4369-8011-1dc9eb44d7d6/element] with body: {"strategy":"id","selector":"inputUsername","context":"","multiple":false}
[debug] &amp#27;[35m[AndroidUiautomator2Driver@08d9 (1900ec2c)]&amp#27;[39m Got response with status 200: {"sessionId":"db22a7c0-2320-4369-8011-1dc9eb44d7d6","value":{"ELEMENT":"00000000-0000-00af-ffff-ffff00000070","element-6066-11e4-a52e-4f735466cecf":"00000000-0000-00af-ffff-ffff00000070"}}
[debug] &amp#27;[35m[AndroidUiautomator2Driver@08d9 (1900ec2c)]&amp#27;[39m Responding to client with driver.findElement() result: {"element-6066-11e4-a52e-4f735466cecf":"00000000-0000-00af-ffff-ffff00000070","ELEMENT":"00000000-0000-00af-ffff-ffff00000070"}
&amp#27;[35m[HTTP]&amp#27;[39m &amp#27;[37m<-- POST /wd/hub/session/1900ec2c-416d-476d-9ebe-0795afa97fa8/element &amp#27;[39m&amp#27;[32m200&amp#27;[39m &amp#27;[90m70 ms - 137&amp#27;[39m
&amp#27;[35m[HTTP]&amp#27;[39m &amp#27;[90m&amp#27;[39m
&amp#27;[35m[HTTP]&amp#27;[39m &amp#27;[37m-->&amp#27;[39m &amp#27;[37mPOST&amp#27;[39m &amp#27;[37m/wd/hub/session/1900ec2c-416d-476d-9ebe-0795afa97fa8/element/00000000-0000-00af-ffff-ffff00000070/value&amp#27;[39m
&amp#27;[35m[HTTP]&amp#27;[39m &amp#27;[90m{"id":"00000000-0000-00af-ffff-ffff00000070","text":"ashi.sri.18","value":["a","s","h","i",".","s","r","i",".","1","8"]}&amp#27;[39m
[debug] &amp#27;[35m[AndroidUiautomator2Driver@08d9 (1900ec2c)]&amp#27;[39m Calling AppiumDriver.setValue() with args: [["a","s","h","i",".","s","r","i",".","1","8"],"00000000-0000-00af-ffff-ffff00000070","1900ec2c-416d-476d-9ebe-0795afa97fa8"]
[debug] &amp#27;[35m[AndroidUiautomator2Driver@08d9 (1900ec2c)]&amp#27;[39m Matched '/element/00000000-0000-00af-ffff-ffff00000070/value' to command name 'setValue'
[debug] &amp#27;[35m[AndroidUiautomator2Driver@08d9 (1900ec2c)]&amp#27;[39m Added 'value' property ["a","s","h","i",".","s","r","i",".","1","8"] to 'setValue' request body
[debug] &amp#27;[35m[AndroidUiautomator2Driver@08d9 (1900ec2c)]&amp#27;[39m Proxying [POST /element/00000000-0000-00af-ffff-ffff00000070/value] to [POST http://127.0.0.1:8200/session/db22a7c0-2320-4369-8011-1dc9eb44d7d6/element/00000000-0000-00af-ffff-ffff00000070/value] with body: {"elementId":"00000000-0000-00af-ffff-ffff00000070","text":"ashi.sri.18","replace":false,"value":["a","s","h","i",".","s","r","i",".","1","8"]}
[debug] &amp#27;[35m[AndroidUiautomator2Driver@08d9 (1900ec2c)]&amp#27;[39m Got response with status 200: {"sessionId":"db22a7c0-2320-4369-8011-1dc9eb44d7d6","value":null}
[debug] &amp#27;[35m[AndroidUiautomator2Driver@08d9 (1900ec2c)]&amp#27;[39m Responding to client with driver.setValue() result: null
&amp#27;[35m[HTTP]&amp#27;[39m &amp#27;[37m<-- POST /wd/hub/session/1900ec2c-416d-476d-9ebe-0795afa97fa8/element/00000000-0000-00af-ffff-ffff00000070/value &amp#27;[39m&amp#27;[32m200&amp#27;[39m &amp#27;[90m37 ms - 14&amp#27;[39m
&amp#27;[35m[HTTP]&amp#27;[39m &amp#27;[90m&amp#27;[39m
&amp#27;[35m[HTTP]&amp#27;[39m &amp#27;[37m-->&amp#27;[39m &amp#27;[37mGET&amp#27;[39m &amp#27;[37m/wd/hub/session/1900ec2c-416d-476d-9ebe-0795afa97fa8/context&amp#27;[39m
&amp#27;[35m[HTTP]&amp#27;[39m &amp#27;[90m{}&amp#27;[39m
[debug] &amp#27;[35m[AndroidUiautomator2Driver@08d9 (1900ec2c)]&amp#27;[39m Calling AppiumDriver.getCurrentContext() with args: ["1900ec2c-416d-476d-9ebe-0795afa97fa8"]
[debug] &amp#27;[35m[AndroidUiautomator2Driver@08d9 (1900ec2c)]&amp#27;[39m Responding to client with driver.getCurrentContext() result: "NATIVE_APP"
&amp#27;[35m[HTTP]&amp#27;[39m &amp#27;[37m<-- GET /wd/hub/session/1900ec2c-416d-476d-9ebe-0795afa97fa8/context &amp#27;[39m&amp#27;[32m200&amp#27;[39m &amp#27;[90m1 ms - 22&amp#27;[39m
&amp#27;[35m[HTTP]&amp#27;[39m &amp#27;[90m&amp#27;[39m
&amp#27;[35m[HTTP]&amp#27;[39m &amp#27;[37m-->&amp#27;[39m &amp#27;[37mPOST&amp#27;[39m &amp#27;[37m/wd/hub/session/1900ec2c-416d-476d-9ebe-0795afa97fa8/element&amp#27;[39m
&amp#27;[35m[HTTP]&amp#27;[39m &amp#27;[90m{"using":"accessibility id","value":"email of the customer"}&amp#27;[39m
[debug] &amp#27;[35m[AndroidUiautomator2Driver@08d9 (1900ec2c)]&amp#27;[39m Calling AppiumDriver.findElement() with args: ["accessibility id","email of the customer","1900ec2c-416d-476d-9ebe-0795afa97fa8"]
[debug] &amp#27;[35m[AndroidUiautomator2Driver@08d9 (1900ec2c)]&amp#27;[39m Valid locator strategies for this request: xpath, id, class name, accessibility id, css selector, -android uiautomator
[debug] &amp#27;[35m[AndroidUiautomator2Driver@08d9 (1900ec2c)]&amp#27;[39m Waiting up to 5000 ms for condition
[debug] &amp#27;[35m[AndroidUiautomator2Driver@08d9 (1900ec2c)]&amp#27;[39m Matched '/element' to command name 'findElement'
[debug] &amp#27;[35m[AndroidUiautomator2Driver@08d9 (1900ec2c)]&amp#27;[39m Proxying [POST /element] to [POST http://127.0.0.1:8200/session/db22a7c0-2320-4369-8011-1dc9eb44d7d6/element] with body: {"strategy":"accessibility id","selector":"email of the customer","context":"","multiple":false}
[debug] &amp#27;[35m[AndroidUiautomator2Driver@08d9 (1900ec2c)]&amp#27;[39m Got response with status 200: {"sessionId":"db22a7c0-2320-4369-8011-1dc9eb44d7d6","value":{"ELEMENT":"00000000-0000-00af-ffff-ffff00000072","element-6066-11e4-a52e-4f735466cecf":"00000000-0000-00af-ffff-ffff00000072"}}
[debug] &amp#27;[35m[AndroidUiautomator2Driver@08d9 (1900ec2c)]&amp#27;[39m Responding to client with driver.findElement() result: {"element-6066-11e4-a52e-4f735466cecf":"00000000-0000-00af-ffff-ffff00000072","ELEMENT":"00000000-0000-00af-ffff-ffff00000072"}
&amp#27;[35m[HTTP]&amp#27;[39m &amp#27;[37m<-- POST /wd/hub/session/1900ec2c-416d-476d-9ebe-0795afa97fa8/element &amp#27;[39m&amp#27;[32m200&amp#27;[39m &amp#27;[90m86 ms - 137&amp#27;[39m
&amp#27;[35m[HTTP]&amp#27;[39m &amp#27;[90m&amp#27;[39m
&amp#27;[35m[HTTP]&amp#27;[39m &amp#27;[37m-->&amp#27;[39m &amp#27;[37mPOST&amp#27;[39m &amp#27;[37m/wd/hub/session/1900ec2c-416d-476d-9ebe-0795afa97fa8/element/00000000-0000-00af-ffff-ffff00000072/value&amp#27;[39m
&amp#27;[35m[HTTP]&amp#27;[39m &amp#27;[90m{"id":"00000000-0000-00af-ffff-ffff00000072","text":" ashi.sri.18@gmail.com","value":[" ","a","s","h","i",".","s","r","i",".","1","8","@","g","m","a","i","l",".","c","o","m"]}&amp#27;[39m
[debug] &amp#27;[35m[AndroidUiautomator2Driver@08d9 (1900ec2c)]&amp#27;[39m Calling AppiumDriver.setValue() with args: [[" ","a","s","h","i",".","s","r","i",".","1","8","@","g","m","a","i","l",".","c","o","m"],"00000000-0000-00af-ffff-ffff00000072","1900ec2c-416d-476d-9ebe-0795afa97fa8"]
[debug] &amp#27;[35m[AndroidUiautomator2Driver@08d9 (1900ec2c)]&amp#27;[39m Matched '/element/00000000-0000-00af-ffff-ffff00000072/value' to command name 'setValue'
[debug] &amp#27;[35m[AndroidUiautomator2Driver@08d9 (1900ec2c)]&amp#27;[39m Added 'value' property [" ","a","s","h","i",".","s","r","i",".","1","8","@","g","m","a","i","l",".","c","o","m"] to 'setValue' request body
[debug] &amp#27;[35m[AndroidUiautomator2Driver@08d9 (1900ec2c)]&amp#27;[39m Proxying [POST /element/00000000-0000-00af-ffff-ffff00000072/value] to [POST http://127.0.0.1:8200/session/db22a7c0-2320-4369-8011-1dc9eb44d7d6/element/00000000-0000-00af-ffff-ffff00000072/value] with body: {"elementId":"00000000-0000-00af-ffff-ffff00000072","text":" ashi.sri.18@gmail.com","replace":false,"value":[" ","a","s","h","i",".","s","r","i",".","1","8","@","g","m","a","i","l",".","c","o","m"]}
[debug] &amp#27;[35m[AndroidUiautomator2Driver@08d9 (1900ec2c)]&amp#27;[39m Got response with status 200: {"sessionId":"db22a7c0-2320-4369-8011-1dc9eb44d7d6","value":null}
[debug] &amp#27;[35m[AndroidUiautomator2Driver@08d9 (1900ec2c)]&amp#27;[39m Responding to client with driver.setValue() result: null
&amp#27;[35m[HTTP]&amp#27;[39m &amp#27;[37m<-- POST /wd/hub/session/1900ec2c-416d-476d-9ebe-0795afa97fa8/element/00000000-0000-00af-ffff-ffff00000072/value &amp#27;[39m&amp#27;[32m200&amp#27;[39m &amp#27;[90m626 ms - 14&amp#27;[39m
&amp#27;[35m[HTTP]&amp#27;[39m &amp#27;[90m&amp#27;[39m
&amp#27;[35m[HTTP]&amp#27;[39m &amp#27;[37m-->&amp#27;[39m &amp#27;[37mGET&amp#27;[39m &amp#27;[37m/wd/hub/session/1900ec2c-416d-476d-9ebe-0795afa97fa8/context&amp#27;[39m
&amp#27;[35m[HTTP]&amp#27;[39m &amp#27;[90m{}&amp#27;[39m
[debug] &amp#27;[35m[AndroidUiautomator2Driver@08d9 (1900ec2c)]&amp#27;[39m Calling AppiumDriver.getCurrentContext() with args: ["1900ec2c-416d-476d-9ebe-0795afa97fa8"]
[debug] &amp#27;[35m[AndroidUiautomator2Driver@08d9 (1900ec2c)]&amp#27;[39m Responding to client with driver.getCurrentContext() result: "NATIVE_APP"
&amp#27;[35m[HTTP]&amp#27;[39m &amp#27;[37m<-- GET /wd/hub/session/1900ec2c-416d-476d-9ebe-0795afa97fa8/context &amp#27;[39m&amp#27;[32m200&amp#27;[39m &amp#27;[90m1 ms - 22&amp#27;[39m
&amp#27;[35m[HTTP]&amp#27;[39m &amp#27;[90m&amp#27;[39m
&amp#27;[35m[HTTP]&amp#27;[39m &amp#27;[37m-->&amp#27;[39m &amp#27;[37mPOST&amp#27;[39m &amp#27;[37m/wd/hub/session/1900ec2c-416d-476d-9ebe-0795afa97fa8/element&amp#27;[39m
&amp#27;[35m[HTTP]&amp#27;[39m &amp#27;[90m{"using":"id","value":"inputPassword"}&amp#27;[39m
[debug] &amp#27;[35m[AndroidUiautomator2Driver@08d9 (1900ec2c)]&amp#27;[39m Calling AppiumDriver.findElement() with args: ["id","inputPassword","1900ec2c-416d-476d-9ebe-0795afa97fa8"]
[debug] &amp#27;[35m[AndroidUiautomator2Driver@08d9 (1900ec2c)]&amp#27;[39m Valid locator strategies for this request: xpath, id, class name, accessibility id, css selector, -android uiautomator
[debug] &amp#27;[35m[AndroidUiautomator2Driver@08d9 (1900ec2c)]&amp#27;[39m Waiting up to 5000 ms for condition
[debug] &amp#27;[35m[AndroidUiautomator2Driver@08d9 (1900ec2c)]&amp#27;[39m Matched '/element' to command name 'findElement'
[debug] &amp#27;[35m[AndroidUiautomator2Driver@08d9 (1900ec2c)]&amp#27;[39m Proxying [POST /element] to [POST http://127.0.0.1:8200/session/db22a7c0-2320-4369-8011-1dc9eb44d7d6/element] with body: {"strategy":"id","selector":"inputPassword","context":"","multiple":false}
[debug] &amp#27;[35m[AndroidUiautomator2Driver@08d9 (1900ec2c)]&amp#27;[39m Got response with status 200: {"sessionId":"db22a7c0-2320-4369-8011-1dc9eb44d7d6","value":{"ELEMENT":"00000000-0000-00af-ffff-ffff00000074","element-6066-11e4-a52e-4f735466cecf":"00000000-0000-00af-ffff-ffff00000074"}}
[debug] &amp#27;[35m[AndroidUiautomator2Driver@08d9 (1900ec2c)]&amp#27;[39m Responding to client with driver.findElement() result: {"element-6066-11e4-a52e-4f735466cecf":"00000000-0000-00af-ffff-ffff00000074","ELEMENT":"00000000-0000-00af-ffff-ffff00000074"}
&amp#27;[35m[HTTP]&amp#27;[39m &amp#27;[37m<-- POST /wd/hub/session/1900ec2c-416d-476d-9ebe-0795afa97fa8/element &amp#27;[39m&amp#27;[32m200&amp#27;[39m &amp#27;[90m65 ms - 137&amp#27;[39m
&amp#27;[35m[HTTP]&amp#27;[39m &amp#27;[90m&amp#27;[39m
&amp#27;[35m[HTTP]&amp#27;[39m &amp#27;[37m-->&amp#27;[39m &amp#27;[37mPOST&amp#27;[39m &amp#27;[37m/wd/hub/session/1900ec2c-416d-476d-9ebe-0795afa97fa8/element/00000000-0000-00af-ffff-ffff00000074/value&amp#27;[39m
&amp#27;[35m[HTTP]&amp#27;[39m &amp#27;[90m{"id":"00000000-0000-00af-ffff-ffff00000074","text":" 12345678","value":[" ","1","2","3","4","5","6","7","8"]}&amp#27;[39m
[debug] &amp#27;[35m[AndroidUiautomator2Driver@08d9 (1900ec2c)]&amp#27;[39m Calling AppiumDriver.setValue() with args: [[" ","1","2","3","4","5","6","7","8"],"00000000-0000-00af-ffff-ffff00000074","1900ec2c-416d-476d-9ebe-0795afa97fa8"]
[debug] &amp#27;[35m[AndroidUiautomator2Driver@08d9 (1900ec2c)]&amp#27;[39m Matched '/element/00000000-0000-00af-ffff-ffff00000074/value' to command name 'setValue'
[debug] &amp#27;[35m[AndroidUiautomator2Driver@08d9 (1900ec2c)]&amp#27;[39m Added 'value' property [" ","1","2","3","4","5","6","7","8"] to 'setValue' request body
[debug] &amp#27;[35m[AndroidUiautomator2Driver@08d9 (1900ec2c)]&amp#27;[39m Proxying [POST /element/00000000-0000-00af-ffff-ffff00000074/value] to [POST http://127.0.0.1:8200/session/db22a7c0-2320-4369-8011-1dc9eb44d7d6/element/00000000-0000-00af-ffff-ffff00000074/value] with body: {"elementId":"00000000-0000-00af-ffff-ffff00000074","text":" 12345678","replace":false,"value":[" ","1","2","3","4","5","6","7","8"]}
[debug] &amp#27;[35m[AndroidUiautomator2Driver@08d9 (1900ec2c)]&amp#27;[39m Got response with status 200: {"sessionId":"db22a7c0-2320-4369-8011-1dc9eb44d7d6","value":null}
[debug] &amp#27;[35m[AndroidUiautomator2Driver@08d9 (1900ec2c)]&amp#27;[39m Responding to client with driver.setValue() result: null
&amp#27;[35m[HTTP]&amp#27;[39m &amp#27;[37m<-- POST /wd/hub/session/1900ec2c-416d-476d-9ebe-0795afa97fa8/element/00000000-0000-00af-ffff-ffff00000074/value &amp#27;[39m&amp#27;[32m200&amp#27;[39m &amp#27;[90m442 ms - 14&amp#27;[39m
&amp#27;[35m[HTTP]&amp#27;[39m &amp#27;[90m&amp#27;[39m
&amp#27;[35m[HTTP]&amp#27;[39m &amp#27;[37m-->&amp#27;[39m &amp#27;[37mGET&amp#27;[39m &amp#27;[37m/wd/hub/session/1900ec2c-416d-476d-9ebe-0795afa97fa8/context&amp#27;[39m
&amp#27;[35m[HTTP]&amp#27;[39m &amp#27;[90m{}&amp#27;[39m
[debug] &amp#27;[35m[AndroidUiautomator2Driver@08d9 (1900ec2c)]&amp#27;[39m Calling AppiumDriver.getCurrentContext() with args: ["1900ec2c-416d-476d-9ebe-0795afa97fa8"]
[debug] &amp#27;[35m[AndroidUiautomator2Driver@08d9 (1900ec2c)]&amp#27;[39m Responding to client with driver.getCurrentContext() result: "NATIVE_APP"
&amp#27;[35m[HTTP]&amp#27;[39m &amp#27;[37m<-- GET /wd/hub/session/1900ec2c-416d-476d-9ebe-0795afa97fa8/context &amp#27;[39m&amp#27;[32m200&amp#27;[39m &amp#27;[90m1 ms - 22&amp#27;[39m
&amp#27;[35m[HTTP]&amp#27;[39m &amp#27;[90m&amp#27;[39m
&amp#27;[35m[HTTP]&amp#27;[39m &amp#27;[37m-->&amp#27;[39m &amp#27;[37mPOST&amp#27;[39m &amp#27;[37m/wd/hub/session/1900ec2c-416d-476d-9ebe-0795afa97fa8/element&amp#27;[39m
&amp#27;[35m[HTTP]&amp#27;[39m &amp#27;[90m{"using":"id","value":"inputName"}&amp#27;[39m
[debug] &amp#27;[35m[AndroidUiautomator2Driver@08d9 (1900ec2c)]&amp#27;[39m Calling AppiumDriver.findElement() with args: ["id","inputName","1900ec2c-416d-476d-9ebe-0795afa97fa8"]
[debug] &amp#27;[35m[AndroidUiautomator2Driver@08d9 (1900ec2c)]&amp#27;[39m Valid locator strategies for this request: xpath, id, class name, accessibility id, css selector, -android uiautomator
[debug] &amp#27;[35m[AndroidUiautomator2Driver@08d9 (1900ec2c)]&amp#27;[39m Waiting up to 5000 ms for condition
[debug] &amp#27;[35m[AndroidUiautomator2Driver@08d9 (1900ec2c)]&amp#27;[39m Matched '/element' to command name 'findElement'
[debug] &amp#27;[35m[AndroidUiautomator2Driver@08d9 (1900ec2c)]&amp#27;[39m Proxying [POST /element] to [POST http://127.0.0.1:8200/session/db22a7c0-2320-4369-8011-1dc9eb44d7d6/element] with body: {"strategy":"id","selector":"inputName","context":"","multiple":false}
[debug] &amp#27;[35m[AndroidUiautomator2Driver@08d9 (1900ec2c)]&amp#27;[39m Got response with status 200: {"sessionId":"db22a7c0-2320-4369-8011-1dc9eb44d7d6","value":{"ELEMENT":"00000000-0000-00af-ffff-ffff00000076","element-6066-11e4-a52e-4f735466cecf":"00000000-0000-00af-ffff-ffff00000076"}}
[debug] &amp#27;[35m[AndroidUiautomator2Driver@08d9 (1900ec2c)]&amp#27;[39m Responding to client with driver.findElement() result: {"element-6066-11e4-a52e-4f735466cecf":"00000000-0000-00af-ffff-ffff00000076","ELEMENT":"00000000-0000-00af-ffff-ffff00000076"}
&amp#27;[35m[HTTP]&amp#27;[39m &amp#27;[37m<-- POST /wd/hub/session/1900ec2c-416d-476d-9ebe-0795afa97fa8/element &amp#27;[39m&amp#27;[32m200&amp#27;[39m &amp#27;[90m65 ms - 137&amp#27;[39m
&amp#27;[35m[HTTP]&amp#27;[39m &amp#27;[90m&amp#27;[39m
&amp#27;[35m[HTTP]&amp#27;[39m &amp#27;[37m-->&amp#27;[39m &amp#27;[37mPOST&amp#27;[39m &amp#27;[37m/wd/hub/session/1900ec2c-416d-476d-9ebe-0795afa97fa8/element/00000000-0000-00af-ffff-ffff00000076/clear&amp#27;[39m
&amp#27;[35m[HTTP]&amp#27;[39m &amp#27;[90m{"id":"00000000-0000-00af-ffff-ffff00000076"}&amp#27;[39m
[debug] &amp#27;[35m[AndroidUiautomator2Driver@08d9 (1900ec2c)]&amp#27;[39m Calling AppiumDriver.clear() with args: ["00000000-0000-00af-ffff-ffff00000076","1900ec2c-416d-476d-9ebe-0795afa97fa8"]
[debug] &amp#27;[35m[AndroidUiautomator2Driver@08d9 (1900ec2c)]&amp#27;[39m Matched '/element/00000000-0000-00af-ffff-ffff00000076/clear' to command name 'clear'
[debug] &amp#27;[35m[AndroidUiautomator2Driver@08d9 (1900ec2c)]&amp#27;[39m Proxying [POST /element/00000000-0000-00af-ffff-ffff00000076/clear] to [POST http://127.0.0.1:8200/session/db22a7c0-2320-4369-8011-1dc9eb44d7d6/element/00000000-0000-00af-ffff-ffff00000076/clear] with body: {"elementId":"00000000-0000-00af-ffff-ffff00000076"}
[debug] &amp#27;[35m[AndroidUiautomator2Driver@08d9 (1900ec2c)]&amp#27;[39m Got response with status 200: {"sessionId":"db22a7c0-2320-4369-8011-1dc9eb44d7d6","value":null}
[debug] &amp#27;[35m[AndroidUiautomator2Driver@08d9 (1900ec2c)]&amp#27;[39m Responding to client with driver.clear() result: null
&amp#27;[35m[HTTP]&amp#27;[39m &amp#27;[37m<-- POST /wd/hub/session/1900ec2c-416d-476d-9ebe-0795afa97fa8/element/00000000-0000-00af-ffff-ffff00000076/clear &amp#27;[39m&amp#27;[32m200&amp#27;[39m &amp#27;[90m439 ms - 14&amp#27;[39m
&amp#27;[35m[HTTP]&amp#27;[39m &amp#27;[90m&amp#27;[39m
&amp#27;[35m[HTTP]&amp#27;[39m &amp#27;[37m-->&amp#27;[39m &amp#27;[37mGET&amp#27;[39m &amp#27;[37m/wd/hub/session/1900ec2c-416d-476d-9ebe-0795afa97fa8/context&amp#27;[39m
&amp#27;[35m[HTTP]&amp#27;[39m &amp#27;[90m{}&amp#27;[39m
[debug] &amp#27;[35m[AndroidUiautomator2Driver@08d9 (1900ec2c)]&amp#27;[39m Calling AppiumDriver.getCurrentContext() with args: ["1900ec2c-416d-476d-9ebe-0795afa97fa8"]
[debug] &amp#27;[35m[AndroidUiautomator2Driver@08d9 (1900ec2c)]&amp#27;[39m Responding to client with driver.getCurrentContext() result: "NATIVE_APP"
&amp#27;[35m[HTTP]&amp#27;[39m &amp#27;[37m<-- GET /wd/hub/session/1900ec2c-416d-476d-9ebe-0795afa97fa8/context &amp#27;[39m&amp#27;[32m200&amp#27;[39m &amp#27;[90m1 ms - 22&amp#27;[39m
&amp#27;[35m[HTTP]&amp#27;[39m &amp#27;[90m&amp#27;[39m
&amp#27;[35m[HTTP]&amp#27;[39m &amp#27;[37m-->&amp#27;[39m &amp#27;[37mPOST&amp#27;[39m &amp#27;[37m/wd/hub/session/1900ec2c-416d-476d-9ebe-0795afa97fa8/element&amp#27;[39m
&amp#27;[35m[HTTP]&amp#27;[39m &amp#27;[90m{"using":"id","value":"inputName"}&amp#27;[39m
[debug] &amp#27;[35m[AndroidUiautomator2Driver@08d9 (1900ec2c)]&amp#27;[39m Calling AppiumDriver.findElement() with args: ["id","inputName","1900ec2c-416d-476d-9ebe-0795afa97fa8"]
[debug] &amp#27;[35m[AndroidUiautomator2Driver@08d9 (1900ec2c)]&amp#27;[39m Valid locator strategies for this request: xpath, id, class name, accessibility id, css selector, -android uiautomator
[debug] &amp#27;[35m[AndroidUiautomator2Driver@08d9 (1900ec2c)]&amp#27;[39m Waiting up to 5000 ms for condition
[debug] &amp#27;[35m[AndroidUiautomator2Driver@08d9 (1900ec2c)]&amp#27;[39m Matched '/element' to command name 'findElement'
[debug] &amp#27;[35m[AndroidUiautomator2Driver@08d9 (1900ec2c)]&amp#27;[39m Proxying [POST /element] to [POST http://127.0.0.1:8200/session/db22a7c0-2320-4369-8011-1dc9eb44d7d6/element] with body: {"strategy":"id","selector":"inputName","context":"","multiple":false}
[debug] &amp#27;[35m[AndroidUiautomator2Driver@08d9 (1900ec2c)]&amp#27;[39m Got response with status 200: {"sessionId":"db22a7c0-2320-4369-8011-1dc9eb44d7d6","value":{"ELEMENT":"00000000-0000-00af-ffff-ffff00000076","element-6066-11e4-a52e-4f735466cecf":"00000000-0000-00af-ffff-ffff00000076"}}
[debug] &amp#27;[35m[AndroidUiautomator2Driver@08d9 (1900ec2c)]&amp#27;[39m Responding to client with driver.findElement() result: {"element-6066-11e4-a52e-4f735466cecf":"00000000-0000-00af-ffff-ffff00000076","ELEMENT":"00000000-0000-00af-ffff-ffff00000076"}
&amp#27;[35m[HTTP]&amp#27;[39m &amp#27;[37m<-- POST /wd/hub/session/1900ec2c-416d-476d-9ebe-0795afa97fa8/element &amp#27;[39m&amp#27;[32m200&amp#27;[39m &amp#27;[90m64 ms - 137&amp#27;[39m
&amp#27;[35m[HTTP]&amp#27;[39m &amp#27;[90m&amp#27;[39m
&amp#27;[35m[HTTP]&amp#27;[39m &amp#27;[37m-->&amp#27;[39m &amp#27;[37mPOST&amp#27;[39m &amp#27;[37m/wd/hub/session/1900ec2c-416d-476d-9ebe-0795afa97fa8/element/00000000-0000-00af-ffff-ffff00000076/value&amp#27;[39m
&amp#27;[35m[HTTP]&amp#27;[39m &amp#27;[90m{"id":"00000000-0000-00af-ffff-ffff00000076","text":" Ashish Srivastava","value":[" ","A","s","h","i","s","h"," ","S","r","i","v","a","s","t","a","v","a"]}&amp#27;[39m
[debug] &amp#27;[35m[AndroidUiautomator2Driver@08d9 (1900ec2c)]&amp#27;[39m Calling AppiumDriver.setValue() with args: [[" ","A","s","h","i","s","h"," ","S","r","i","v","a","s","t","a","v","a"],"00000000-0000-00af-ffff-ffff00000076","1900ec2c-416d-476d-9ebe-0795afa97fa8"]
[debug] &amp#27;[35m[AndroidUiautomator2Driver@08d9 (1900ec2c)]&amp#27;[39m Matched '/element/00000000-0000-00af-ffff-ffff00000076/value' to command name 'setValue'
[debug] &amp#27;[35m[AndroidUiautomator2Driver@08d9 (1900ec2c)]&amp#27;[39m Added 'value' property [" ","A","s","h","i","s","h"," ","S","r","i","v","a","s","t","a","v","a"] to 'setValue' request body
[debug] &amp#27;[35m[AndroidUiautomator2Driver@08d9 (1900ec2c)]&amp#27;[39m Proxying [POST /element/00000000-0000-00af-ffff-ffff00000076/value] to [POST http://127.0.0.1:8200/session/db22a7c0-2320-4369-8011-1dc9eb44d7d6/element/00000000-0000-00af-ffff-ffff00000076/value] with body: {"elementId":"00000000-0000-00af-ffff-ffff00000076","text":" Ashish Srivastava","replace":false,"value":[" ","A","s","h","i","s","h"," ","S","r","i","v","a","s","t","a","v","a"]}
[debug] &amp#27;[35m[AndroidUiautomator2Driver@08d9 (1900ec2c)]&amp#27;[39m Got response with status 200: {"sessionId":"db22a7c0-2320-4369-8011-1dc9eb44d7d6","value":null}
[debug] &amp#27;[35m[AndroidUiautomator2Driver@08d9 (1900ec2c)]&amp#27;[39m Responding to client with driver.setValue() result: null
&amp#27;[35m[HTTP]&amp#27;[39m &amp#27;[37m<-- POST /wd/hub/session/1900ec2c-416d-476d-9ebe-0795afa97fa8/element/00000000-0000-00af-ffff-ffff00000076/value &amp#27;[39m&amp#27;[32m200&amp#27;[39m &amp#27;[90m445 ms - 14&amp#27;[39m
&amp#27;[35m[HTTP]&amp#27;[39m &amp#27;[90m&amp#27;[39m
&amp#27;[35m[HTTP]&amp#27;[39m &amp#27;[37m-->&amp#27;[39m &amp#27;[37mPOST&amp#27;[39m &amp#27;[37m/wd/hub/session/1900ec2c-416d-476d-9ebe-0795afa97fa8/appium/device/hide_keyboard&amp#27;[39m
&amp#27;[35m[HTTP]&amp#27;[39m &amp#27;[90m{}&amp#27;[39m
[debug] &amp#27;[35m[AndroidUiautomator2Driver@08d9 (1900ec2c)]&amp#27;[39m Calling AppiumDriver.hideKeyboard() with args: [null,null,null,null,"1900ec2c-416d-476d-9ebe-0795afa97fa8"]
[debug] &amp#27;[35m[ADB]&amp#27;[39m Running '/Users/AshishSrivastava/Library/Android/sdk/platform-tools/adb -P 5037 -s emulator-5554 shell dumpsys input_method'
[debug] &amp#27;[35m[ADB]&amp#27;[39m Running '/Users/AshishSrivastava/Library/Android/sdk/platform-tools/adb -P 5037 -s emulator-5554 shell input keyevent 111'
[debug] &amp#27;[35m[ADB]&amp#27;[39m Running '/Users/AshishSrivastava/Library/Android/sdk/platform-tools/adb -P 5037 -s emulator-5554 shell dumpsys input_method'
[debug] &amp#27;[35m[ADB]&amp#27;[39m Running '/Users/AshishSrivastava/Library/Android/sdk/platform-tools/adb -P 5037 -s emulator-5554 shell dumpsys input_method'
[debug] &amp#27;[35m[ADB]&amp#27;[39m Running '/Users/AshishSrivastava/Library/Android/sdk/platform-tools/adb -P 5037 -s emulator-5554 shell dumpsys input_method'
[debug] &amp#27;[35m[ADB]&amp#27;[39m Running '/Users/AshishSrivastava/Library/Android/sdk/platform-tools/adb -P 5037 -s emulator-5554 shell input keyevent 4'
[debug] &amp#27;[35m[ADB]&amp#27;[39m Running '/Users/AshishSrivastava/Library/Android/sdk/platform-tools/adb -P 5037 -s emulator-5554 shell dumpsys input_method'
[debug] &amp#27;[35m[AndroidUiautomator2Driver@08d9 (1900ec2c)]&amp#27;[39m Responding to client with driver.hideKeyboard() result: true
&amp#27;[35m[HTTP]&amp#27;[39m &amp#27;[37m<-- POST /wd/hub/session/1900ec2c-416d-476d-9ebe-0795afa97fa8/appium/device/hide_keyboard &amp#27;[39m&amp#27;[32m200&amp#27;[39m &amp#27;[90m2545 ms - 14&amp#27;[39m
&amp#27;[35m[HTTP]&amp#27;[39m &amp#27;[90m&amp#27;[39m
&amp#27;[35m[HTTP]&amp#27;[39m &amp#27;[37m-->&amp#27;[39m &amp#27;[37mGET&amp#27;[39m &amp#27;[37m/wd/hub/session/1900ec2c-416d-476d-9ebe-0795afa97fa8/context&amp#27;[39m
&amp#27;[35m[HTTP]&amp#27;[39m &amp#27;[90m{}&amp#27;[39m
[debug] &amp#27;[35m[AndroidUiautomator2Driver@08d9 (1900ec2c)]&amp#27;[39m Calling AppiumDriver.getCurrentContext() with args: ["1900ec2c-416d-476d-9ebe-0795afa97fa8"]
[debug] &amp#27;[35m[AndroidUiautomator2Driver@08d9 (1900ec2c)]&amp#27;[39m Responding to client with driver.getCurrentContext() result: "NATIVE_APP"
&amp#27;[35m[HTTP]&amp#27;[39m &amp#27;[37m<-- GET /wd/hub/session/1900ec2c-416d-476d-9ebe-0795afa97fa8/context &amp#27;[39m&amp#27;[32m200&amp#27;[39m &amp#27;[90m1 ms - 22&amp#27;[39m
&amp#27;[35m[HTTP]&amp#27;[39m &amp#27;[90m&amp#27;[39m
&amp#27;[35m[HTTP]&amp#27;[39m &amp#27;[37m-->&amp#27;[39m &amp#27;[37mPOST&amp#27;[39m &amp#27;[37m/wd/hub/session/1900ec2c-416d-476d-9ebe-0795afa97fa8/element&amp#27;[39m
&amp#27;[35m[HTTP]&amp#27;[39m &amp#27;[90m{"using":"id","value":"input_preferedProgrammingLanguage"}&amp#27;[39m
[debug] &amp#27;[35m[AndroidUiautomator2Driver@08d9 (1900ec2c)]&amp#27;[39m Calling AppiumDriver.findElement() with args: ["id","input_preferedProgrammingLanguage","1900ec2c-416d-476d-9ebe-0795afa97fa8"]
[debug] &amp#27;[35m[AndroidUiautomator2Driver@08d9 (1900ec2c)]&amp#27;[39m Valid locator strategies for this request: xpath, id, class name, accessibility id, css selector, -android uiautomator
[debug] &amp#27;[35m[AndroidUiautomator2Driver@08d9 (1900ec2c)]&amp#27;[39m Waiting up to 5000 ms for condition
[debug] &amp#27;[35m[AndroidUiautomator2Driver@08d9 (1900ec2c)]&amp#27;[39m Matched '/element' to command name 'findElement'
[debug] &amp#27;[35m[AndroidUiautomator2Driver@08d9 (1900ec2c)]&amp#27;[39m Proxying [POST /element] to [POST http://127.0.0.1:8200/session/db22a7c0-2320-4369-8011-1dc9eb44d7d6/element] with body: {"strategy":"id","selector":"input_preferedProgrammingLanguage","context":"","multiple":false}
[debug] &amp#27;[35m[AndroidUiautomator2Driver@08d9 (1900ec2c)]&amp#27;[39m Got response with status 200: {"sessionId":"db22a7c0-2320-4369-8011-1dc9eb44d7d6","value":{"ELEMENT":"00000000-0000-00af-ffff-ffff00000078","element-6066-11e4-a52e-4f735466cecf":"00000000-0000-00af-ffff-ffff00000078"}}
[debug] &amp#27;[35m[AndroidUiautomator2Driver@08d9 (1900ec2c)]&amp#27;[39m Responding to client with driver.findElement() result: {"element-6066-11e4-a52e-4f735466cecf":"00000000-0000-00af-ffff-ffff00000078","ELEMENT":"00000000-0000-00af-ffff-ffff00000078"}
&amp#27;[35m[HTTP]&amp#27;[39m &amp#27;[37m<-- POST /wd/hub/session/1900ec2c-416d-476d-9ebe-0795afa97fa8/element &amp#27;[39m&amp#27;[32m200&amp#27;[39m &amp#27;[90m283 ms - 137&amp#27;[39m
&amp#27;[35m[HTTP]&amp#27;[39m &amp#27;[90m&amp#27;[39m
&amp#27;[35m[HTTP]&amp#27;[39m &amp#27;[37m-->&amp#27;[39m &amp#27;[37mPOST&amp#27;[39m &amp#27;[37m/wd/hub/session/1900ec2c-416d-476d-9ebe-0795afa97fa8/element/00000000-0000-00af-ffff-ffff00000078/click&amp#27;[39m
&amp#27;[35m[HTTP]&amp#27;[39m &amp#27;[90m{"id":"00000000-0000-00af-ffff-ffff00000078"}&amp#27;[39m
[debug] &amp#27;[35m[AndroidUiautomator2Driver@08d9 (1900ec2c)]&amp#27;[39m Calling AppiumDriver.click() with args: ["00000000-0000-00af-ffff-ffff00000078","1900ec2c-416d-476d-9ebe-0795afa97fa8"]
[debug] &amp#27;[35m[AndroidUiautomator2Driver@08d9 (1900ec2c)]&amp#27;[39m Matched '/element/00000000-0000-00af-ffff-ffff00000078/click' to command name 'click'
[debug] &amp#27;[35m[AndroidUiautomator2Driver@08d9 (1900ec2c)]&amp#27;[39m Proxying [POST /element/00000000-0000-00af-ffff-ffff00000078/click] to [POST http://127.0.0.1:8200/session/db22a7c0-2320-4369-8011-1dc9eb44d7d6/element/00000000-0000-00af-ffff-ffff00000078/click] with body: {"element":"00000000-0000-00af-ffff-ffff00000078"}
[debug] &amp#27;[35m[AndroidUiautomator2Driver@08d9 (1900ec2c)]&amp#27;[39m Got response with status 200: {"sessionId":"db22a7c0-2320-4369-8011-1dc9eb44d7d6","value":null}
[debug] &amp#27;[35m[AndroidUiautomator2Driver@08d9 (1900ec2c)]&amp#27;[39m Responding to client with driver.click() result: null
&amp#27;[35m[HTTP]&amp#27;[39m &amp#27;[37m<-- POST /wd/hub/session/1900ec2c-416d-476d-9ebe-0795afa97fa8/element/00000000-0000-00af-ffff-ffff00000078/click &amp#27;[39m&amp#27;[32m200&amp#27;[39m &amp#27;[90m51 ms - 14&amp#27;[39m
&amp#27;[35m[HTTP]&amp#27;[39m &amp#27;[90m&amp#27;[39m
&amp#27;[35m[HTTP]&amp#27;[39m &amp#27;[37m-->&amp#27;[39m &amp#27;[37mGET&amp#27;[39m &amp#27;[37m/wd/hub/session/1900ec2c-416d-476d-9ebe-0795afa97fa8/context&amp#27;[39m
&amp#27;[35m[HTTP]&amp#27;[39m &amp#27;[90m{}&amp#27;[39m
[debug] &amp#27;[35m[AndroidUiautomator2Driver@08d9 (1900ec2c)]&amp#27;[39m Calling AppiumDriver.getCurrentContext() with args: ["1900ec2c-416d-476d-9ebe-0795afa97fa8"]
[debug] &amp#27;[35m[AndroidUiautomator2Driver@08d9 (1900ec2c)]&amp#27;[39m Responding to client with driver.getCurrentContext() result: "NATIVE_APP"
&amp#27;[35m[HTTP]&amp#27;[39m &amp#27;[37m<-- GET /wd/hub/session/1900ec2c-416d-476d-9ebe-0795afa97fa8/context &amp#27;[39m&amp#27;[32m200&amp#27;[39m &amp#27;[90m1 ms - 22&amp#27;[39m
&amp#27;[35m[HTTP]&amp#27;[39m &amp#27;[90m&amp#27;[39m
&amp#27;[35m[HTTP]&amp#27;[39m &amp#27;[37m-->&amp#27;[39m &amp#27;[37mPOST&amp#27;[39m &amp#27;[37m/wd/hub/session/1900ec2c-416d-476d-9ebe-0795afa97fa8/elements&amp#27;[39m
&amp#27;[35m[HTTP]&amp#27;[39m &amp#27;[90m{"using":"xpath","value":"//android.widget.CheckedTextView[contains(@resource-id,'text1')]"}&amp#27;[39m
[debug] &amp#27;[35m[AndroidUiautomator2Driver@08d9 (1900ec2c)]&amp#27;[39m Calling AppiumDriver.findElements() with args: ["xpath","//android.widget.CheckedTextView[contains(@resource-id,'text1')]","1900ec2c-416d-476d-9ebe-0795afa97fa8"]
[debug] &amp#27;[35m[AndroidUiautomator2Driver@08d9 (1900ec2c)]&amp#27;[39m Valid locator strategies for this request: xpath, id, class name, accessibility id, css selector, -android uiautomator
[debug] &amp#27;[35m[AndroidUiautomator2Driver@08d9 (1900ec2c)]&amp#27;[39m Waiting up to 5000 ms for condition
[debug] &amp#27;[35m[AndroidUiautomator2Driver@08d9 (1900ec2c)]&amp#27;[39m Matched '/elements' to command name 'findElements'
[debug] &amp#27;[35m[AndroidUiautomator2Driver@08d9 (1900ec2c)]&amp#27;[39m Proxying [POST /elements] to [POST http://127.0.0.1:8200/session/db22a7c0-2320-4369-8011-1dc9eb44d7d6/elements] with body: {"strategy":"xpath","selector":"//android.widget.CheckedTextView[contains(@resource-id,'text1')]","context":"","multiple":true}
[debug] &amp#27;[35m[AndroidUiautomator2Driver@08d9 (1900ec2c)]&amp#27;[39m Got response with status 200: {"sessionId":"db22a7c0-2320-4369-8011-1dc9eb44d7d6","value":[]}
[debug] &amp#27;[35m[AndroidUiautomator2Driver@08d9 (1900ec2c)]&amp#27;[39m Waited for 90 ms so far
[debug] &amp#27;[35m[AndroidUiautomator2Driver@08d9 (1900ec2c)]&amp#27;[39m Matched '/elements' to command name 'findElements'
[debug] &amp#27;[35m[AndroidUiautomator2Driver@08d9 (1900ec2c)]&amp#27;[39m Proxying [POST /elements] to [POST http://127.0.0.1:8200/session/db22a7c0-2320-4369-8011-1dc9eb44d7d6/elements] with body: {"strategy":"xpath","selector":"//android.widget.CheckedTextView[contains(@resource-id,'text1')]","context":"","multiple":true}
[debug] &amp#27;[35m[AndroidUiautomator2Driver@08d9 (1900ec2c)]&amp#27;[39m Got response with status 200: {"sessionId":"db22a7c0-2320-4369-8011-1dc9eb44d7d6","value":[{"ELEMENT":"00000000-0000-00b0-ffff-ffff00000091","element-6066-11e4-a52e-4f735466cecf":"00000000-0000-00b0-ffff-ffff00000091"},{"ELEMENT":"00000000-0000-00b0-ffff-ffff00000092","element-6066-11e4-a52e-4f735466cecf":"00000000-0000-00b0-ffff-ffff00000092"},{"ELEMENT":"00000000-0000-00b0-ffff-ffff00000093","element-6066-11e4-a52e-4f735466cecf":"00000000-0000-00b0-ffff-ffff00000093"},{"ELEMENT":"00000000-0000-00b0-ffff-ffff00000094","element-6066-11e4-a52e-4f735466cecf":"00000000-0000-00b0-ffff-ffff00000094"},{"ELEMENT":"00000000-0000-00b0-ffff-ffff00000095","element-6066-11e4-a52e-4f735466cecf":"00000000-0000-00b0-ffff-ffff00000095"},{"ELEMENT":"00000000-0000-00b0-ffff-ffff00000096","element-6066-11e4-a52e-4f735466cecf":"00000000-0000-00b0-ffff-ffff00000096"},{"ELEMENT":"00000000-0000-00b0-ffff-ffff00000097","element-6066-11e4-a52e-4f735466cecf":"00000000-0000-00b0-ffff-ffff00000097"},{"ELEMENT":"00000000-0000-00b0-ffff-ffff00000098","element-6066-...
[debug] &amp#27;[35m[AndroidUiautomator2Driver@08d9 (1900ec2c)]&amp#27;[39m Responding to client with driver.findElements() result: [{"element-6066-11e4-a52e-4f735466cecf":"00000000-0000-00b0-ffff-ffff00000091","ELEMENT":"00000000-0000-00b0-ffff-ffff00000091"},{"element-6066-11e4-a52e-4f735466cecf":"00000000-0000-00b0-ffff-ffff00000092","ELEMENT":"00000000-0000-00b0-ffff-ffff00000092"},{"element-6066-11e4-a52e-4f735466cecf":"00000000-0000-00b0-ffff-ffff00000093","ELEMENT":"00000000-0000-00b0-ffff-ffff00000093"},{"element-6066-11e4-a52e-4f735466cecf":"00000000-0000-00b0-ffff-ffff00000094","ELEMENT":"00000000-0000-00b0-ffff-ffff00000094"},{"element-6066-11e4-a52e-4f735466cecf":"00000000-0000-00b0-ffff-ffff00000095","ELEMENT":"00000000-0000-00b0-ffff-ffff00000095"},{"element-6066-11e4-a52e-4f735466cecf":"00000000-0000-00b0-ffff-ffff00000096","ELEMENT":"00000000-0000-00b0-ffff-ffff00000096"},{"element-6066-11e4-a52e-4f735466cecf":"00000000-0000-00b0-ffff-ffff00000097","ELEMENT":"00000000-0000-00b0-ffff-ffff00000097"},{"element-6066-11e4-a52e-4f735466cecf":"00000000-0000-00b0-ffff-ffff00000098","ELEMENT":"00000000-0000-00b0-ffff-ffff0000009...
&amp#27;[35m[HTTP]&amp#27;[39m &amp#27;[37m<-- POST /wd/hub/session/1900ec2c-416d-476d-9ebe-0795afa97fa8/elements &amp#27;[39m&amp#27;[32m200&amp#27;[39m &amp#27;[90m1020 ms - 1035&amp#27;[39m
&amp#27;[35m[HTTP]&amp#27;[39m &amp#27;[90m&amp#27;[39m
&amp#27;[35m[HTTP]&amp#27;[39m &amp#27;[37m-->&amp#27;[39m &amp#27;[37mGET&amp#27;[39m &amp#27;[37m/wd/hub/session/1900ec2c-416d-476d-9ebe-0795afa97fa8/context&amp#27;[39m
&amp#27;[35m[HTTP]&amp#27;[39m &amp#27;[90m{}&amp#27;[39m
[debug] &amp#27;[35m[AndroidUiautomator2Driver@08d9 (1900ec2c)]&amp#27;[39m Calling AppiumDriver.getCurrentContext() with args: ["1900ec2c-416d-476d-9ebe-0795afa97fa8"]
[debug] &amp#27;[35m[AndroidUiautomator2Driver@08d9 (1900ec2c)]&amp#27;[39m Responding to client with driver.getCurrentContext() result: "NATIVE_APP"
&amp#27;[35m[HTTP]&amp#27;[39m &amp#27;[37m<-- GET /wd/hub/session/1900ec2c-416d-476d-9ebe-0795afa97fa8/context &amp#27;[39m&amp#27;[32m200&amp#27;[39m &amp#27;[90m1 ms - 22&amp#27;[39m
&amp#27;[35m[HTTP]&amp#27;[39m &amp#27;[90m&amp#27;[39m
&amp#27;[35m[HTTP]&amp#27;[39m &amp#27;[37m-->&amp#27;[39m &amp#27;[37mPOST&amp#27;[39m &amp#27;[37m/wd/hub/session/1900ec2c-416d-476d-9ebe-0795afa97fa8/elements&amp#27;[39m
&amp#27;[35m[HTTP]&amp#27;[39m &amp#27;[90m{"using":"xpath","value":"//android.widget.CheckedTextView[contains(@resource-id,'text1')]"}&amp#27;[39m
[debug] &amp#27;[35m[AndroidUiautomator2Driver@08d9 (1900ec2c)]&amp#27;[39m Calling AppiumDriver.findElements() with args: ["xpath","//android.widget.CheckedTextView[contains(@resource-id,'text1')]","1900ec2c-416d-476d-9ebe-0795afa97fa8"]
[debug] &amp#27;[35m[AndroidUiautomator2Driver@08d9 (1900ec2c)]&amp#27;[39m Valid locator strategies for this request: xpath, id, class name, accessibility id, css selector, -android uiautomator
[debug] &amp#27;[35m[AndroidUiautomator2Driver@08d9 (1900ec2c)]&amp#27;[39m Waiting up to 5000 ms for condition
[debug] &amp#27;[35m[AndroidUiautomator2Driver@08d9 (1900ec2c)]&amp#27;[39m Matched '/elements' to command name 'findElements'
[debug] &amp#27;[35m[AndroidUiautomator2Driver@08d9 (1900ec2c)]&amp#27;[39m Proxying [POST /elements] to [POST http://127.0.0.1:8200/session/db22a7c0-2320-4369-8011-1dc9eb44d7d6/elements] with body: {"strategy":"xpath","selector":"//android.widget.CheckedTextView[contains(@resource-id,'text1')]","context":"","multiple":true}
[debug] &amp#27;[35m[AndroidUiautomator2Driver@08d9 (1900ec2c)]&amp#27;[39m Got response with status 200: {"sessionId":"db22a7c0-2320-4369-8011-1dc9eb44d7d6","value":[{"ELEMENT":"00000000-0000-00b0-ffff-ffff00000091","element-6066-11e4-a52e-4f735466cecf":"00000000-0000-00b0-ffff-ffff00000091"},{"ELEMENT":"00000000-0000-00b0-ffff-ffff00000092","element-6066-11e4-a52e-4f735466cecf":"00000000-0000-00b0-ffff-ffff00000092"},{"ELEMENT":"00000000-0000-00b0-ffff-ffff00000093","element-6066-11e4-a52e-4f735466cecf":"00000000-0000-00b0-ffff-ffff00000093"},{"ELEMENT":"00000000-0000-00b0-ffff-ffff00000094","element-6066-11e4-a52e-4f735466cecf":"00000000-0000-00b0-ffff-ffff00000094"},{"ELEMENT":"00000000-0000-00b0-ffff-ffff00000095","element-6066-11e4-a52e-4f735466cecf":"00000000-0000-00b0-ffff-ffff00000095"},{"ELEMENT":"00000000-0000-00b0-ffff-ffff00000096","element-6066-11e4-a52e-4f735466cecf":"00000000-0000-00b0-ffff-ffff00000096"},{"ELEMENT":"00000000-0000-00b0-ffff-ffff00000097","element-6066-11e4-a52e-4f735466cecf":"00000000-0000-00b0-ffff-ffff00000097"},{"ELEMENT":"00000000-0000-00b0-ffff-ffff00000098","element-6066-...
[debug] &amp#27;[35m[AndroidUiautomator2Driver@08d9 (1900ec2c)]&amp#27;[39m Responding to client with driver.findElements() result: [{"element-6066-11e4-a52e-4f735466cecf":"00000000-0000-00b0-ffff-ffff00000091","ELEMENT":"00000000-0000-00b0-ffff-ffff00000091"},{"element-6066-11e4-a52e-4f735466cecf":"00000000-0000-00b0-ffff-ffff00000092","ELEMENT":"00000000-0000-00b0-ffff-ffff00000092"},{"element-6066-11e4-a52e-4f735466cecf":"00000000-0000-00b0-ffff-ffff00000093","ELEMENT":"00000000-0000-00b0-ffff-ffff00000093"},{"element-6066-11e4-a52e-4f735466cecf":"00000000-0000-00b0-ffff-ffff00000094","ELEMENT":"00000000-0000-00b0-ffff-ffff00000094"},{"element-6066-11e4-a52e-4f735466cecf":"00000000-0000-00b0-ffff-ffff00000095","ELEMENT":"00000000-0000-00b0-ffff-ffff00000095"},{"element-6066-11e4-a52e-4f735466cecf":"00000000-0000-00b0-ffff-ffff00000096","ELEMENT":"00000000-0000-00b0-ffff-ffff00000096"},{"element-6066-11e4-a52e-4f735466cecf":"00000000-0000-00b0-ffff-ffff00000097","ELEMENT":"00000000-0000-00b0-ffff-ffff00000097"},{"element-6066-11e4-a52e-4f735466cecf":"00000000-0000-00b0-ffff-ffff00000098","ELEMENT":"00000000-0000-00b0-ffff-ffff0000009...
&amp#27;[35m[HTTP]&amp#27;[39m &amp#27;[37m<-- POST /wd/hub/session/1900ec2c-416d-476d-9ebe-0795afa97fa8/elements &amp#27;[39m&amp#27;[32m200&amp#27;[39m &amp#27;[90m36 ms - 1035&amp#27;[39m
&amp#27;[35m[HTTP]&amp#27;[39m &amp#27;[90m&amp#27;[39m
&amp#27;[35m[HTTP]&amp#27;[39m &amp#27;[37m-->&amp#27;[39m &amp#27;[37mGET&amp#27;[39m &amp#27;[37m/wd/hub/session/1900ec2c-416d-476d-9ebe-0795afa97fa8/element/00000000-0000-00b0-ffff-ffff00000098/text&amp#27;[39m
&amp#27;[35m[HTTP]&amp#27;[39m &amp#27;[90m{}&amp#27;[39m
&amp#27;[35m[AndroidUiautomator2Driver@08d9 (1900ec2c)]&amp#27;[39m Driver proxy active, passing request on via HTTP proxy
[debug] &amp#27;[35m[AndroidUiautomator2Driver@08d9 (1900ec2c)]&amp#27;[39m Matched '/wd/hub/session/1900ec2c-416d-476d-9ebe-0795afa97fa8/element/00000000-0000-00b0-ffff-ffff00000098/text' to command name 'getText'
[debug] &amp#27;[35m[AndroidUiautomator2Driver@08d9 (1900ec2c)]&amp#27;[39m Proxying [GET /wd/hub/session/1900ec2c-416d-476d-9ebe-0795afa97fa8/element/00000000-0000-00b0-ffff-ffff00000098/text] to [GET http://127.0.0.1:8200/session/db22a7c0-2320-4369-8011-1dc9eb44d7d6/element/00000000-0000-00b0-ffff-ffff00000098/text] with no body
[debug] &amp#27;[35m[AndroidUiautomator2Driver@08d9 (1900ec2c)]&amp#27;[39m Got response with status 200: {"sessionId":"db22a7c0-2320-4369-8011-1dc9eb44d7d6","value":"C#"}
&amp#27;[35m[AndroidUiautomator2Driver@08d9 (1900ec2c)]&amp#27;[39m Replacing sessionId db22a7c0-2320-4369-8011-1dc9eb44d7d6 with 1900ec2c-416d-476d-9ebe-0795afa97fa8
&amp#27;[35m[HTTP]&amp#27;[39m &amp#27;[37m<-- GET /wd/hub/session/1900ec2c-416d-476d-9ebe-0795afa97fa8/element/00000000-0000-00b0-ffff-ffff00000098/text &amp#27;[39m&amp#27;[32m200&amp#27;[39m &amp#27;[90m14 ms - 65&amp#27;[39m
&amp#27;[35m[HTTP]&amp#27;[39m &amp#27;[90m&amp#27;[39m
&amp#27;[35m[HTTP]&amp#27;[39m &amp#27;[37m-->&amp#27;[39m &amp#27;[37mPOST&amp#27;[39m &amp#27;[37m/wd/hub/session/1900ec2c-416d-476d-9ebe-0795afa97fa8/element/00000000-0000-00b0-ffff-ffff00000098/click&amp#27;[39m
&amp#27;[35m[HTTP]&amp#27;[39m &amp#27;[90m{"id":"00000000-0000-00b0-ffff-ffff00000098"}&amp#27;[39m
[debug] &amp#27;[35m[AndroidUiautomator2Driver@08d9 (1900ec2c)]&amp#27;[39m Calling AppiumDriver.click() with args: ["00000000-0000-00b0-ffff-ffff00000098","1900ec2c-416d-476d-9ebe-0795afa97fa8"]
[debug] &amp#27;[35m[AndroidUiautomator2Driver@08d9 (1900ec2c)]&amp#27;[39m Matched '/element/00000000-0000-00b0-ffff-ffff00000098/click' to command name 'click'
[debug] &amp#27;[35m[AndroidUiautomator2Driver@08d9 (1900ec2c)]&amp#27;[39m Proxying [POST /element/00000000-0000-00b0-ffff-ffff00000098/click] to [POST http://127.0.0.1:8200/session/db22a7c0-2320-4369-8011-1dc9eb44d7d6/element/00000000-0000-00b0-ffff-ffff00000098/click] with body: {"element":"00000000-0000-00b0-ffff-ffff00000098"}
[debug] &amp#27;[35m[AndroidUiautomator2Driver@08d9 (1900ec2c)]&amp#27;[39m Got response with status 200: {"sessionId":"db22a7c0-2320-4369-8011-1dc9eb44d7d6","value":null}
[debug] &amp#27;[35m[AndroidUiautomator2Driver@08d9 (1900ec2c)]&amp#27;[39m Responding to client with driver.click() result: null
&amp#27;[35m[HTTP]&amp#27;[39m &amp#27;[37m<-- POST /wd/hub/session/1900ec2c-416d-476d-9ebe-0795afa97fa8/element/00000000-0000-00b0-ffff-ffff00000098/click &amp#27;[39m&amp#27;[32m200&amp#27;[39m &amp#27;[90m687 ms - 14&amp#27;[39m
&amp#27;[35m[HTTP]&amp#27;[39m &amp#27;[90m&amp#27;[39m
&amp#27;[35m[HTTP]&amp#27;[39m &amp#27;[37m-->&amp#27;[39m &amp#27;[37mGET&amp#27;[39m &amp#27;[37m/wd/hub/session/1900ec2c-416d-476d-9ebe-0795afa97fa8/context&amp#27;[39m
&amp#27;[35m[HTTP]&amp#27;[39m &amp#27;[90m{}&amp#27;[39m
[debug] &amp#27;[35m[AndroidUiautomator2Driver@08d9 (1900ec2c)]&amp#27;[39m Calling AppiumDriver.getCurrentContext() with args: ["1900ec2c-416d-476d-9ebe-0795afa97fa8"]
[debug] &amp#27;[35m[AndroidUiautomator2Driver@08d9 (1900ec2c)]&amp#27;[39m Responding to client with driver.getCurrentContext() result: "NATIVE_APP"
&amp#27;[35m[HTTP]&amp#27;[39m &amp#27;[37m<-- GET /wd/hub/session/1900ec2c-416d-476d-9ebe-0795afa97fa8/context &amp#27;[39m&amp#27;[32m200&amp#27;[39m &amp#27;[90m1 ms - 22&amp#27;[39m
&amp#27;[35m[HTTP]&amp#27;[39m &amp#27;[90m&amp#27;[39m
&amp#27;[35m[HTTP]&amp#27;[39m &amp#27;[37m-->&amp#27;[39m &amp#27;[37mPOST&amp#27;[39m &amp#27;[37m/wd/hub/session/1900ec2c-416d-476d-9ebe-0795afa97fa8/element&amp#27;[39m
&amp#27;[35m[HTTP]&amp#27;[39m &amp#27;[90m{"using":"id","value":"input_adds"}&amp#27;[39m
[debug] &amp#27;[35m[AndroidUiautomator2Driver@08d9 (1900ec2c)]&amp#27;[39m Calling AppiumDriver.findElement() with args: ["id","input_adds","1900ec2c-416d-476d-9ebe-0795afa97fa8"]
[debug] &amp#27;[35m[AndroidUiautomator2Driver@08d9 (1900ec2c)]&amp#27;[39m Valid locator strategies for this request: xpath, id, class name, accessibility id, css selector, -android uiautomator
[debug] &amp#27;[35m[AndroidUiautomator2Driver@08d9 (1900ec2c)]&amp#27;[39m Waiting up to 5000 ms for condition
[debug] &amp#27;[35m[AndroidUiautomator2Driver@08d9 (1900ec2c)]&amp#27;[39m Matched '/element' to command name 'findElement'
[debug] &amp#27;[35m[AndroidUiautomator2Driver@08d9 (1900ec2c)]&amp#27;[39m Proxying [POST /element] to [POST http://127.0.0.1:8200/session/db22a7c0-2320-4369-8011-1dc9eb44d7d6/element] with body: {"strategy":"id","selector":"input_adds","context":"","multiple":false}
[debug] &amp#27;[35m[AndroidUiautomator2Driver@08d9 (1900ec2c)]&amp#27;[39m Got response with status 200: {"sessionId":"db22a7c0-2320-4369-8011-1dc9eb44d7d6","value":{"ELEMENT":"00000000-0000-00af-ffff-ffff0000007a","element-6066-11e4-a52e-4f735466cecf":"00000000-0000-00af-ffff-ffff0000007a"}}
[debug] &amp#27;[35m[AndroidUiautomator2Driver@08d9 (1900ec2c)]&amp#27;[39m Responding to client with driver.findElement() result: {"element-6066-11e4-a52e-4f735466cecf":"00000000-0000-00af-ffff-ffff0000007a","ELEMENT":"00000000-0000-00af-ffff-ffff0000007a"}
&amp#27;[35m[HTTP]&amp#27;[39m &amp#27;[37m<-- POST /wd/hub/session/1900ec2c-416d-476d-9ebe-0795afa97fa8/element &amp#27;[39m&amp#27;[32m200&amp#27;[39m &amp#27;[90m51 ms - 137&amp#27;[39m
&amp#27;[35m[HTTP]&amp#27;[39m &amp#27;[90m&amp#27;[39m
&amp#27;[35m[HTTP]&amp#27;[39m &amp#27;[37m-->&amp#27;[39m &amp#27;[37mPOST&amp#27;[39m &amp#27;[37m/wd/hub/session/1900ec2c-416d-476d-9ebe-0795afa97fa8/element/00000000-0000-00af-ffff-ffff0000007a/click&amp#27;[39m
&amp#27;[35m[HTTP]&amp#27;[39m &amp#27;[90m{"id":"00000000-0000-00af-ffff-ffff0000007a"}&amp#27;[39m
[debug] &amp#27;[35m[AndroidUiautomator2Driver@08d9 (1900ec2c)]&amp#27;[39m Calling AppiumDriver.click() with args: ["00000000-0000-00af-ffff-ffff0000007a","1900ec2c-416d-476d-9ebe-0795afa97fa8"]
[debug] &amp#27;[35m[AndroidUiautomator2Driver@08d9 (1900ec2c)]&amp#27;[39m Matched '/element/00000000-0000-00af-ffff-ffff0000007a/click' to command name 'click'
[debug] &amp#27;[35m[AndroidUiautomator2Driver@08d9 (1900ec2c)]&amp#27;[39m Proxying [POST /element/00000000-0000-00af-ffff-ffff0000007a/click] to [POST http://127.0.0.1:8200/session/db22a7c0-2320-4369-8011-1dc9eb44d7d6/element/00000000-0000-00af-ffff-ffff0000007a/click] with body: {"element":"00000000-0000-00af-ffff-ffff0000007a"}
[debug] &amp#27;[35m[AndroidUiautomator2Driver@08d9 (1900ec2c)]&amp#27;[39m Got response with status 200: {"sessionId":"db22a7c0-2320-4369-8011-1dc9eb44d7d6","value":null}
[debug] &amp#27;[35m[AndroidUiautomator2Driver@08d9 (1900ec2c)]&amp#27;[39m Responding to client with driver.click() result: null
&amp#27;[35m[HTTP]&amp#27;[39m &amp#27;[37m<-- POST /wd/hub/session/1900ec2c-416d-476d-9ebe-0795afa97fa8/element/00000000-0000-00af-ffff-ffff0000007a/click &amp#27;[39m&amp#27;[32m200&amp#27;[39m &amp#27;[90m43 ms - 14&amp#27;[39m
&amp#27;[35m[HTTP]&amp#27;[39m &amp#27;[90m&amp#27;[39m
&amp#27;[35m[HTTP]&amp#27;[39m &amp#27;[37m-->&amp#27;[39m &amp#27;[37mGET&amp#27;[39m &amp#27;[37m/wd/hub/session/1900ec2c-416d-476d-9ebe-0795afa97fa8/context&amp#27;[39m
&amp#27;[35m[HTTP]&amp#27;[39m &amp#27;[90m{}&amp#27;[39m
[debug] &amp#27;[35m[AndroidUiautomator2Driver@08d9 (1900ec2c)]&amp#27;[39m Calling AppiumDriver.getCurrentContext() with args: ["1900ec2c-416d-476d-9ebe-0795afa97fa8"]
[debug] &amp#27;[35m[AndroidUiautomator2Driver@08d9 (1900ec2c)]&amp#27;[39m Responding to client with driver.getCurrentContext() result: "NATIVE_APP"
&amp#27;[35m[HTTP]&amp#27;[39m &amp#27;[37m<-- GET /wd/hub/session/1900ec2c-416d-476d-9ebe-0795afa97fa8/context &amp#27;[39m&amp#27;[32m200&amp#27;[39m &amp#27;[90m2 ms - 22&amp#27;[39m
&amp#27;[35m[HTTP]&amp#27;[39m &amp#27;[90m&amp#27;[39m
&amp#27;[35m[HTTP]&amp#27;[39m &amp#27;[37m-->&amp#27;[39m &amp#27;[37mPOST&amp#27;[39m &amp#27;[37m/wd/hub/session/1900ec2c-416d-476d-9ebe-0795afa97fa8/element&amp#27;[39m
&amp#27;[35m[HTTP]&amp#27;[39m &amp#27;[90m{"using":"id","value":"btnRegisterUser"}&amp#27;[39m
[debug] &amp#27;[35m[AndroidUiautomator2Driver@08d9 (1900ec2c)]&amp#27;[39m Calling AppiumDriver.findElement() with args: ["id","btnRegisterUser","1900ec2c-416d-476d-9ebe-0795afa97fa8"]
[debug] &amp#27;[35m[AndroidUiautomator2Driver@08d9 (1900ec2c)]&amp#27;[39m Valid locator strategies for this request: xpath, id, class name, accessibility id, css selector, -android uiautomator
[debug] &amp#27;[35m[AndroidUiautomator2Driver@08d9 (1900ec2c)]&amp#27;[39m Waiting up to 5000 ms for condition
[debug] &amp#27;[35m[AndroidUiautomator2Driver@08d9 (1900ec2c)]&amp#27;[39m Matched '/element' to command name 'findElement'
[debug] &amp#27;[35m[AndroidUiautomator2Driver@08d9 (1900ec2c)]&amp#27;[39m Proxying [POST /element] to [POST http://127.0.0.1:8200/session/db22a7c0-2320-4369-8011-1dc9eb44d7d6/element] with body: {"strategy":"id","selector":"btnRegisterUser","context":"","multiple":false}
[debug] &amp#27;[35m[AndroidUiautomator2Driver@08d9 (1900ec2c)]&amp#27;[39m Got response with status 200: {"sessionId":"db22a7c0-2320-4369-8011-1dc9eb44d7d6","value":{"ELEMENT":"00000000-0000-00af-ffff-ffff0000007b","element-6066-11e4-a52e-4f735466cecf":"00000000-0000-00af-ffff-ffff0000007b"}}
[debug] &amp#27;[35m[AndroidUiautomator2Driver@08d9 (1900ec2c)]&amp#27;[39m Responding to client with driver.findElement() result: {"element-6066-11e4-a52e-4f735466cecf":"00000000-0000-00af-ffff-ffff0000007b","ELEMENT":"00000000-0000-00af-ffff-ffff0000007b"}
&amp#27;[35m[HTTP]&amp#27;[39m &amp#27;[37m<-- POST /wd/hub/session/1900ec2c-416d-476d-9ebe-0795afa97fa8/element &amp#27;[39m&amp#27;[32m200&amp#27;[39m &amp#27;[90m78 ms - 137&amp#27;[39m
&amp#27;[35m[HTTP]&amp#27;[39m &amp#27;[90m&amp#27;[39m
&amp#27;[35m[HTTP]&amp#27;[39m &amp#27;[37m-->&amp#27;[39m &amp#27;[37mPOST&amp#27;[39m &amp#27;[37m/wd/hub/session/1900ec2c-416d-476d-9ebe-0795afa97fa8/element/00000000-0000-00af-ffff-ffff0000007b/click&amp#27;[39m
&amp#27;[35m[HTTP]&amp#27;[39m &amp#27;[90m{"id":"00000000-0000-00af-ffff-ffff0000007b"}&amp#27;[39m
[debug] &amp#27;[35m[AndroidUiautomator2Driver@08d9 (1900ec2c)]&amp#27;[39m Calling AppiumDriver.click() with args: ["00000000-0000-00af-ffff-ffff0000007b","1900ec2c-416d-476d-9ebe-0795afa97fa8"]
[debug] &amp#27;[35m[AndroidUiautomator2Driver@08d9 (1900ec2c)]&amp#27;[39m Matched '/element/00000000-0000-00af-ffff-ffff0000007b/click' to command name 'click'
[debug] &amp#27;[35m[AndroidUiautomator2Driver@08d9 (1900ec2c)]&amp#27;[39m Proxying [POST /element/00000000-0000-00af-ffff-ffff0000007b/click] to [POST http://127.0.0.1:8200/session/db22a7c0-2320-4369-8011-1dc9eb44d7d6/element/00000000-0000-00af-ffff-ffff0000007b/click] with body: {"element":"00000000-0000-00af-ffff-ffff0000007b"}
[debug] &amp#27;[35m[AndroidUiautomator2Driver@08d9 (1900ec2c)]&amp#27;[39m Got response with status 200: {"sessionId":"db22a7c0-2320-4369-8011-1dc9eb44d7d6","value":null}
[debug] &amp#27;[35m[AndroidUiautomator2Driver@08d9 (1900ec2c)]&amp#27;[39m Responding to client with driver.click() result: null
&amp#27;[35m[HTTP]&amp#27;[39m &amp#27;[37m<-- POST /wd/hub/session/1900ec2c-416d-476d-9ebe-0795afa97fa8/element/00000000-0000-00af-ffff-ffff0000007b/click &amp#27;[39m&amp#27;[32m200&amp#27;[39m &amp#27;[90m607 ms - 14&amp#27;[39m
&amp#27;[35m[HTTP]&amp#27;[39m &amp#27;[90m&amp#27;[39m
&amp#27;[35m[HTTP]&amp#27;[39m &amp#27;[37m-->&amp#27;[39m &amp#27;[37mGET&amp#27;[39m &amp#27;[37m/wd/hub/session/1900ec2c-416d-476d-9ebe-0795afa97fa8/context&amp#27;[39m
&amp#27;[35m[HTTP]&amp#27;[39m &amp#27;[90m{}&amp#27;[39m
[debug] &amp#27;[35m[AndroidUiautomator2Driver@08d9 (1900ec2c)]&amp#27;[39m Calling AppiumDriver.getCurrentContext() with args: ["1900ec2c-416d-476d-9ebe-0795afa97fa8"]
[debug] &amp#27;[35m[AndroidUiautomator2Driver@08d9 (1900ec2c)]&amp#27;[39m Responding to client with driver.getCurrentContext() result: "NATIVE_APP"
&amp#27;[35m[HTTP]&amp#27;[39m &amp#27;[37m<-- GET /wd/hub/session/1900ec2c-416d-476d-9ebe-0795afa97fa8/context &amp#27;[39m&amp#27;[32m200&amp#27;[39m &amp#27;[90m1 ms - 22&amp#27;[39m
&amp#27;[35m[HTTP]&amp#27;[39m &amp#27;[90m&amp#27;[39m
&amp#27;[35m[HTTP]&amp#27;[39m &amp#27;[37m-->&amp#27;[39m &amp#27;[37mPOST&amp#27;[39m &amp#27;[37m/wd/hub/session/1900ec2c-416d-476d-9ebe-0795afa97fa8/element&amp#27;[39m
&amp#27;[35m[HTTP]&amp#27;[39m &amp#27;[90m{"using":"id","value":"buttonRegisterUser"}&amp#27;[39m
[debug] &amp#27;[35m[AndroidUiautomator2Driver@08d9 (1900ec2c)]&amp#27;[39m Calling AppiumDriver.findElement() with args: ["id","buttonRegisterUser","1900ec2c-416d-476d-9ebe-0795afa97fa8"]
[debug] &amp#27;[35m[AndroidUiautomator2Driver@08d9 (1900ec2c)]&amp#27;[39m Valid locator strategies for this request: xpath, id, class name, accessibility id, css selector, -android uiautomator
[debug] &amp#27;[35m[AndroidUiautomator2Driver@08d9 (1900ec2c)]&amp#27;[39m Waiting up to 5000 ms for condition
[debug] &amp#27;[35m[AndroidUiautomator2Driver@08d9 (1900ec2c)]&amp#27;[39m Matched '/element' to command name 'findElement'
[debug] &amp#27;[35m[AndroidUiautomator2Driver@08d9 (1900ec2c)]&amp#27;[39m Proxying [POST /element] to [POST http://127.0.0.1:8200/session/db22a7c0-2320-4369-8011-1dc9eb44d7d6/element] with body: {"strategy":"id","selector":"buttonRegisterUser","context":"","multiple":false}
&amp#27;[35m[AndroidUiautomator2Driver@08d9 (1900ec2c)]&amp#27;[39m Got response with status 404: {"sessionId":"db22a7c0-2320-4369-8011-1dc9eb44d7d6","value":{"error":"no such element","message":"An element could not be located on the page using the given search parameters","stacktrace":"io.appium.uiautomator2.common.exceptions.ElementNotFoundException: An element could not be located on the page using the given search parameters\n\tat io.appium.uiautomator2.handler.FindElement.safeHandle(FindElement.java:70)\n\tat io.appium.uiautomator2.handler.request.SafeRequestHandler.handle(SafeRequestHandler.java:59)\n\tat io.appium.uiautomator2.server.AppiumServlet.handleRequest(AppiumServlet.java:267)\n\tat io.appium.uiautomator2.server.AppiumServlet.handleHttpRequest(AppiumServlet.java:261)\n\tat io.appium.uiautomator2.http.ServerHandler.channelRead(ServerHandler.java:68)\n\tat io.netty.channel.AbstractChannelHandlerContext.invokeChannelRead(AbstractChannelHandlerContext.java:366)\n\tat io.netty.channel.AbstractChannelHandlerContext.invokeChannelRead(AbstractChannelHandlerContext.java:352)\n\tat io.netty.chann...
[debug] &amp#27;[35m[W3C]&amp#27;[39m Matched W3C error code 'no such element' to NoSuchElementError
[debug] &amp#27;[35m[AndroidUiautomator2Driver@08d9 (1900ec2c)]&amp#27;[39m Waited for 72 ms so far
[debug] &amp#27;[35m[AndroidUiautomator2Driver@08d9 (1900ec2c)]&amp#27;[39m Matched '/element' to command name 'findElement'
[debug] &amp#27;[35m[AndroidUiautomator2Driver@08d9 (1900ec2c)]&amp#27;[39m Proxying [POST /element] to [POST http://127.0.0.1:8200/session/db22a7c0-2320-4369-8011-1dc9eb44d7d6/element] with body: {"strategy":"id","selector":"buttonRegisterUser","context":"","multiple":false}
[debug] &amp#27;[35m[AndroidUiautomator2Driver@08d9 (1900ec2c)]&amp#27;[39m Got response with status 200: {"sessionId":"db22a7c0-2320-4369-8011-1dc9eb44d7d6","value":{"ELEMENT":"00000000-0000-00b1-ffff-ffff000000b5","element-6066-11e4-a52e-4f735466cecf":"00000000-0000-00b1-ffff-ffff000000b5"}}
[debug] &amp#27;[35m[AndroidUiautomator2Driver@08d9 (1900ec2c)]&amp#27;[39m Responding to client with driver.findElement() result: {"element-6066-11e4-a52e-4f735466cecf":"00000000-0000-00b1-ffff-ffff000000b5","ELEMENT":"00000000-0000-00b1-ffff-ffff000000b5"}
&amp#27;[35m[HTTP]&amp#27;[39m &amp#27;[37m<-- POST /wd/hub/session/1900ec2c-416d-476d-9ebe-0795afa97fa8/element &amp#27;[39m&amp#27;[32m200&amp#27;[39m &amp#27;[90m898 ms - 137&amp#27;[39m
&amp#27;[35m[HTTP]&amp#27;[39m &amp#27;[90m&amp#27;[39m
&amp#27;[35m[HTTP]&amp#27;[39m &amp#27;[37m-->&amp#27;[39m &amp#27;[37mPOST&amp#27;[39m &amp#27;[37m/wd/hub/session/1900ec2c-416d-476d-9ebe-0795afa97fa8/element/00000000-0000-00b1-ffff-ffff000000b5/click&amp#27;[39m
&amp#27;[35m[HTTP]&amp#27;[39m &amp#27;[90m{"id":"00000000-0000-00b1-ffff-ffff000000b5"}&amp#27;[39m
[debug] &amp#27;[35m[AndroidUiautomator2Driver@08d9 (1900ec2c)]&amp#27;[39m Calling AppiumDriver.click() with args: ["00000000-0000-00b1-ffff-ffff000000b5","1900ec2c-416d-476d-9ebe-0795afa97fa8"]
[debug] &amp#27;[35m[AndroidUiautomator2Driver@08d9 (1900ec2c)]&amp#27;[39m Matched '/element/00000000-0000-00b1-ffff-ffff000000b5/click' to command name 'click'
[debug] &amp#27;[35m[AndroidUiautomator2Driver@08d9 (1900ec2c)]&amp#27;[39m Proxying [POST /element/00000000-0000-00b1-ffff-ffff000000b5/click] to [POST http://127.0.0.1:8200/session/db22a7c0-2320-4369-8011-1dc9eb44d7d6/element/00000000-0000-00b1-ffff-ffff000000b5/click] with body: {"element":"00000000-0000-00b1-ffff-ffff000000b5"}
[debug] &amp#27;[35m[AndroidUiautomator2Driver@08d9 (1900ec2c)]&amp#27;[39m Got response with status 200: {"sessionId":"db22a7c0-2320-4369-8011-1dc9eb44d7d6","value":null}
[debug] &amp#27;[35m[AndroidUiautomator2Driver@08d9 (1900ec2c)]&amp#27;[39m Responding to client with driver.click() result: null
&amp#27;[35m[HTTP]&amp#27;[39m &amp#27;[37m<-- POST /wd/hub/session/1900ec2c-416d-476d-9ebe-0795afa97fa8/element/00000000-0000-00b1-ffff-ffff000000b5/click &amp#27;[39m&amp#27;[32m200&amp#27;[39m &amp#27;[90m44 ms - 14&amp#27;[39m
&amp#27;[35m[HTTP]&amp#27;[39m &amp#27;[90m&amp#27;[39m
]]></system-out>
  </testcase>
</testsuite>