<?xml version="1.0" encoding="UTF-8"?>
<!-- Generated by org.testng.reporters.JUnitReportReporter -->
<testsuite hostname="HME348-MAC.local" failures="0" tests="4" name="com.sample.testScript.Scripts" time="55.380" errors="0" timestamp="2023-01-12T02:11:49 IST" skipped="0">
  <testcase classname="com.sample.testScript.Scripts" name="verifyAllElementsOnHomePage" time="1.631"/>
  <system-out/>
  <testcase classname="com.sample.testScript.Scripts" name="validateAllActionsOnHomePage" time="36.146"/>
  <system-out/>
  <testcase classname="com.sample.testScript.Scripts" name="verifyAndFillWebViewPage" time="6.091"/>
  <system-out/>
  <testcase classname="com.sample.testScript.Scripts" name="registerForNewUser" time="11.512"/>
  <system-out/>
</testsuite> <!-- com.sample.testScript.Scripts -->
